ARM GAS  C:\Users\yvesk\AppData\Local\Temp\ccRZC87X.s 			page 1


   1              		.cpu cortex-m4
   2              		.eabi_attribute 27, 1
   3              		.eabi_attribute 28, 1
   4              		.eabi_attribute 20, 1
   5              		.eabi_attribute 21, 1
   6              		.eabi_attribute 23, 3
   7              		.eabi_attribute 24, 1
   8              		.eabi_attribute 25, 1
   9              		.eabi_attribute 26, 1
  10              		.eabi_attribute 30, 1
  11              		.eabi_attribute 34, 1
  12              		.eabi_attribute 18, 4
  13              		.file	"hello-world.c"
  14              		.text
  15              	.Ltext0:
  16              		.cfi_sections	.debug_frame
  17              		.section	.text.StartDefaultTask,"ax",%progbits
  18              		.align	1
  19              		.global	StartDefaultTask
  20              		.arch armv7e-m
  21              		.syntax unified
  22              		.thumb
  23              		.thumb_func
  24              		.fpu fpv4-sp-d16
  26              	StartDefaultTask:
  27              	.LFB130:
  28              		.file 1 "../../applications/hello-world/src/hello-world.c"
   1:../../applications/hello-world/src/hello-world.c **** /* USER CODE BEGIN Header */
   2:../../applications/hello-world/src/hello-world.c **** /**
   3:../../applications/hello-world/src/hello-world.c ****   ******************************************************************************
   4:../../applications/hello-world/src/hello-world.c ****   * @file           : main.c
   5:../../applications/hello-world/src/hello-world.c ****   * @brief          : Main program body
   6:../../applications/hello-world/src/hello-world.c ****   ******************************************************************************
   7:../../applications/hello-world/src/hello-world.c ****   * This notice applies to any and all portions of this file
   8:../../applications/hello-world/src/hello-world.c ****   * that are not between comment pairs USER CODE BEGIN and
   9:../../applications/hello-world/src/hello-world.c ****   * USER CODE END. Other portions of this file, whether 
  10:../../applications/hello-world/src/hello-world.c ****   * inserted by the user or by software development tools
  11:../../applications/hello-world/src/hello-world.c ****   * are owned by their respective copyright owners.
  12:../../applications/hello-world/src/hello-world.c ****   *
  13:../../applications/hello-world/src/hello-world.c ****   * Copyright (c) 2019 STMicroelectronics International N.V. 
  14:../../applications/hello-world/src/hello-world.c ****   * All rights reserved.
  15:../../applications/hello-world/src/hello-world.c ****   *
  16:../../applications/hello-world/src/hello-world.c ****   * Redistribution and use in source and binary forms, with or without 
  17:../../applications/hello-world/src/hello-world.c ****   * modification, are permitted, provided that the following conditions are met:
  18:../../applications/hello-world/src/hello-world.c ****   *
  19:../../applications/hello-world/src/hello-world.c ****   * 1. Redistribution of source code must retain the above copyright notice, 
  20:../../applications/hello-world/src/hello-world.c ****   *    this list of conditions and the following disclaimer.
  21:../../applications/hello-world/src/hello-world.c ****   * 2. Redistributions in binary form must reproduce the above copyright notice,
  22:../../applications/hello-world/src/hello-world.c ****   *    this list of conditions and the following disclaimer in the documentation
  23:../../applications/hello-world/src/hello-world.c ****   *    and/or other materials provided with the distribution.
  24:../../applications/hello-world/src/hello-world.c ****   * 3. Neither the name of STMicroelectronics nor the names of other 
  25:../../applications/hello-world/src/hello-world.c ****   *    contributors to this software may be used to endorse or promote products 
  26:../../applications/hello-world/src/hello-world.c ****   *    derived from this software without specific written permission.
  27:../../applications/hello-world/src/hello-world.c ****   * 4. This software, including modifications and/or derivative works of this 
  28:../../applications/hello-world/src/hello-world.c ****   *    software, must execute solely and exclusively on microcontroller or
  29:../../applications/hello-world/src/hello-world.c ****   *    microprocessor devices manufactured by or for STMicroelectronics.
  30:../../applications/hello-world/src/hello-world.c ****   * 5. Redistribution and use of this software other than as permitted under 
ARM GAS  C:\Users\yvesk\AppData\Local\Temp\ccRZC87X.s 			page 2


  31:../../applications/hello-world/src/hello-world.c ****   *    this license is void and will automatically terminate your rights under 
  32:../../applications/hello-world/src/hello-world.c ****   *    this license. 
  33:../../applications/hello-world/src/hello-world.c ****   *
  34:../../applications/hello-world/src/hello-world.c ****   * THIS SOFTWARE IS PROVIDED BY STMICROELECTRONICS AND CONTRIBUTORS "AS IS" 
  35:../../applications/hello-world/src/hello-world.c ****   * AND ANY EXPRESS, IMPLIED OR STATUTORY WARRANTIES, INCLUDING, BUT NOT 
  36:../../applications/hello-world/src/hello-world.c ****   * LIMITED TO, THE IMPLIED WARRANTIES OF MERCHANTABILITY, FITNESS FOR A 
  37:../../applications/hello-world/src/hello-world.c ****   * PARTICULAR PURPOSE AND NON-INFRINGEMENT OF THIRD PARTY INTELLECTUAL PROPERTY
  38:../../applications/hello-world/src/hello-world.c ****   * RIGHTS ARE DISCLAIMED TO THE FULLEST EXTENT PERMITTED BY LAW. IN NO EVENT 
  39:../../applications/hello-world/src/hello-world.c ****   * SHALL STMICROELECTRONICS OR CONTRIBUTORS BE LIABLE FOR ANY DIRECT, INDIRECT,
  40:../../applications/hello-world/src/hello-world.c ****   * INCIDENTAL, SPECIAL, EXEMPLARY, OR CONSEQUENTIAL DAMAGES (INCLUDING, BUT NOT
  41:../../applications/hello-world/src/hello-world.c ****   * LIMITED TO, PROCUREMENT OF SUBSTITUTE GOODS OR SERVICES; LOSS OF USE, DATA, 
  42:../../applications/hello-world/src/hello-world.c ****   * OR PROFITS; OR BUSINESS INTERRUPTION) HOWEVER CAUSED AND ON ANY THEORY OF 
  43:../../applications/hello-world/src/hello-world.c ****   * LIABILITY, WHETHER IN CONTRACT, STRICT LIABILITY, OR TORT (INCLUDING 
  44:../../applications/hello-world/src/hello-world.c ****   * NEGLIGENCE OR OTHERWISE) ARISING IN ANY WAY OUT OF THE USE OF THIS SOFTWARE,
  45:../../applications/hello-world/src/hello-world.c ****   * EVEN IF ADVISED OF THE POSSIBILITY OF SUCH DAMAGE.
  46:../../applications/hello-world/src/hello-world.c ****   *
  47:../../applications/hello-world/src/hello-world.c ****   ******************************************************************************
  48:../../applications/hello-world/src/hello-world.c ****   */
  49:../../applications/hello-world/src/hello-world.c **** /* USER CODE END Header */
  50:../../applications/hello-world/src/hello-world.c **** 
  51:../../applications/hello-world/src/hello-world.c **** /* Includes ------------------------------------------------------------------*/
  52:../../applications/hello-world/src/hello-world.c **** #include "hello-world.h"
  53:../../applications/hello-world/src/hello-world.c **** /* Private includes ----------------------------------------------------------*/
  54:../../applications/hello-world/src/hello-world.c **** /* USER CODE BEGIN Includes */
  55:../../applications/hello-world/src/hello-world.c **** 
  56:../../applications/hello-world/src/hello-world.c **** 
  57:../../applications/hello-world/src/hello-world.c **** /* USER CODE END Includes */
  58:../../applications/hello-world/src/hello-world.c **** 
  59:../../applications/hello-world/src/hello-world.c **** /* Private typedef -----------------------------------------------------------*/
  60:../../applications/hello-world/src/hello-world.c **** /* USER CODE BEGIN PTD */
  61:../../applications/hello-world/src/hello-world.c **** 
  62:../../applications/hello-world/src/hello-world.c **** /* USER CODE END PTD */
  63:../../applications/hello-world/src/hello-world.c **** 
  64:../../applications/hello-world/src/hello-world.c **** /* Private define ------------------------------------------------------------*/
  65:../../applications/hello-world/src/hello-world.c **** /* USER CODE BEGIN PD */
  66:../../applications/hello-world/src/hello-world.c **** 
  67:../../applications/hello-world/src/hello-world.c **** /* USER CODE END PD */
  68:../../applications/hello-world/src/hello-world.c **** 
  69:../../applications/hello-world/src/hello-world.c **** /* Private macro -------------------------------------------------------------*/
  70:../../applications/hello-world/src/hello-world.c **** /* USER CODE BEGIN PM */
  71:../../applications/hello-world/src/hello-world.c **** 
  72:../../applications/hello-world/src/hello-world.c **** /* USER CODE END PM */
  73:../../applications/hello-world/src/hello-world.c **** 
  74:../../applications/hello-world/src/hello-world.c **** /* Private user code ---------------------------------------------------------*/
  75:../../applications/hello-world/src/hello-world.c **** /* USER CODE BEGIN 0 */
  76:../../applications/hello-world/src/hello-world.c **** /* USER CODE END 0 */
  77:../../applications/hello-world/src/hello-world.c **** 
  78:../../applications/hello-world/src/hello-world.c **** /**
  79:../../applications/hello-world/src/hello-world.c ****   * @brief  The application entry point.
  80:../../applications/hello-world/src/hello-world.c ****   * @retval int
  81:../../applications/hello-world/src/hello-world.c ****   */
  82:../../applications/hello-world/src/hello-world.c **** int main(void)
  83:../../applications/hello-world/src/hello-world.c **** {
  84:../../applications/hello-world/src/hello-world.c ****   /* USER CODE BEGIN 1 */
  85:../../applications/hello-world/src/hello-world.c **** #if USE_BOOTLOADER
  86:../../applications/hello-world/src/hello-world.c ****   bootloader_SetVTOR();
  87:../../applications/hello-world/src/hello-world.c **** #endif
ARM GAS  C:\Users\yvesk\AppData\Local\Temp\ccRZC87X.s 			page 3


  88:../../applications/hello-world/src/hello-world.c **** 
  89:../../applications/hello-world/src/hello-world.c ****   /* USER CODE END 1 */
  90:../../applications/hello-world/src/hello-world.c **** 
  91:../../applications/hello-world/src/hello-world.c ****   /* MCU Configuration--------------------------------------------------------*/
  92:../../applications/hello-world/src/hello-world.c **** 
  93:../../applications/hello-world/src/hello-world.c ****   /* Reset of all peripherals, Initializes the Flash interface and the Systick. */
  94:../../applications/hello-world/src/hello-world.c ****   HAL_Init();
  95:../../applications/hello-world/src/hello-world.c **** 
  96:../../applications/hello-world/src/hello-world.c ****   /* USER CODE BEGIN Init */
  97:../../applications/hello-world/src/hello-world.c **** 
  98:../../applications/hello-world/src/hello-world.c ****   /* USER CODE END Init */
  99:../../applications/hello-world/src/hello-world.c **** 
 100:../../applications/hello-world/src/hello-world.c ****   /* Configure the system clock */
 101:../../applications/hello-world/src/hello-world.c ****   SystemClock_Config();
 102:../../applications/hello-world/src/hello-world.c **** 
 103:../../applications/hello-world/src/hello-world.c ****   /* USER CODE BEGIN SysInit */
 104:../../applications/hello-world/src/hello-world.c **** 
 105:../../applications/hello-world/src/hello-world.c ****   /* USER CODE END SysInit */
 106:../../applications/hello-world/src/hello-world.c **** 
 107:../../applications/hello-world/src/hello-world.c ****   /* Initialize theplatform */
 108:../../applications/hello-world/src/hello-world.c ****   Initialize_Platform();
 109:../../applications/hello-world/src/hello-world.c ****   /* USER CODE BEGIN 2 */
 110:../../applications/hello-world/src/hello-world.c **** 
 111:../../applications/hello-world/src/hello-world.c ****   printWelcome();
 112:../../applications/hello-world/src/hello-world.c **** 
 113:../../applications/hello-world/src/hello-world.c ****   /* USER CODE END 2 */
 114:../../applications/hello-world/src/hello-world.c **** 
 115:../../applications/hello-world/src/hello-world.c ****   /* USER CODE BEGIN RTOS_MUTEX */
 116:../../applications/hello-world/src/hello-world.c ****   /* add mutexes, ... */
 117:../../applications/hello-world/src/hello-world.c ****   printf("Initializing RTOS timers, threads and mutex\r\n");
 118:../../applications/hello-world/src/hello-world.c **** 
 119:../../applications/hello-world/src/hello-world.c **** 
 120:../../applications/hello-world/src/hello-world.c ****   /* USER CODE END RTOS_MUTEX */
 121:../../applications/hello-world/src/hello-world.c **** 
 122:../../applications/hello-world/src/hello-world.c ****   /* USER CODE BEGIN RTOS_SEMAPHORES */
 123:../../applications/hello-world/src/hello-world.c ****   /* add semaphores, ... */
 124:../../applications/hello-world/src/hello-world.c ****   /* USER CODE END RTOS_SEMAPHORES */
 125:../../applications/hello-world/src/hello-world.c **** 
 126:../../applications/hello-world/src/hello-world.c ****   /* Create the thread(s) */
 127:../../applications/hello-world/src/hello-world.c ****   /* definition and creation of defaultTask */
 128:../../applications/hello-world/src/hello-world.c ****   osThreadDef(defaultTask, StartDefaultTask, osPriorityLow, 0, 128);
 129:../../applications/hello-world/src/hello-world.c ****   defaultTaskHandle = osThreadCreate(osThread(defaultTask), NULL);
 130:../../applications/hello-world/src/hello-world.c **** 
 131:../../applications/hello-world/src/hello-world.c ****   /* USER CODE BEGIN RTOS_TIMERS */
 132:../../applications/hello-world/src/hello-world.c ****   /* start timers, add new ones, ... */
 133:../../applications/hello-world/src/hello-world.c **** 
 134:../../applications/hello-world/src/hello-world.c ****   //feed IWDG every 5 seconds
 135:../../applications/hello-world/src/hello-world.c ****   IWDG_feed(NULL);
 136:../../applications/hello-world/src/hello-world.c ****   osTimerDef(iwdgTim, IWDG_feed);
 137:../../applications/hello-world/src/hello-world.c ****   iwdgTimId = osTimerCreate(osTimer(iwdgTim), osTimerPeriodic, NULL);
 138:../../applications/hello-world/src/hello-world.c ****   osTimerStart(iwdgTimId, 5 * 1000);
 139:../../applications/hello-world/src/hello-world.c **** 
 140:../../applications/hello-world/src/hello-world.c ****   /* USER CODE END RTOS_TIMERS */
 141:../../applications/hello-world/src/hello-world.c **** 
 142:../../applications/hello-world/src/hello-world.c ****   /* USER CODE BEGIN RTOS_THREADS */
 143:../../applications/hello-world/src/hello-world.c ****   /* add threads, ... */
 144:../../applications/hello-world/src/hello-world.c **** 
ARM GAS  C:\Users\yvesk\AppData\Local\Temp\ccRZC87X.s 			page 4


 145:../../applications/hello-world/src/hello-world.c ****   /* USER CODE END RTOS_THREADS */
 146:../../applications/hello-world/src/hello-world.c **** 
 147:../../applications/hello-world/src/hello-world.c ****   /* USER CODE BEGIN RTOS_QUEUES */
 148:../../applications/hello-world/src/hello-world.c ****   /* add queues, ... */
 149:../../applications/hello-world/src/hello-world.c ****   /* USER CODE END RTOS_QUEUES */
 150:../../applications/hello-world/src/hello-world.c **** 
 151:../../applications/hello-world/src/hello-world.c ****   /* Start scheduler */
 152:../../applications/hello-world/src/hello-world.c ****   osKernelStart();
 153:../../applications/hello-world/src/hello-world.c **** 
 154:../../applications/hello-world/src/hello-world.c ****   /* We should never get here as control is now taken by the scheduler */
 155:../../applications/hello-world/src/hello-world.c **** 
 156:../../applications/hello-world/src/hello-world.c ****   /* Infinite loop */
 157:../../applications/hello-world/src/hello-world.c ****   /* USER CODE BEGIN WHILE */
 158:../../applications/hello-world/src/hello-world.c ****   while (1)
 159:../../applications/hello-world/src/hello-world.c ****   {
 160:../../applications/hello-world/src/hello-world.c ****     /* USER CODE END WHILE */
 161:../../applications/hello-world/src/hello-world.c **** 
 162:../../applications/hello-world/src/hello-world.c ****     /* USER CODE BEGIN 3 */
 163:../../applications/hello-world/src/hello-world.c ****   }
 164:../../applications/hello-world/src/hello-world.c ****   /* USER CODE END 3 */
 165:../../applications/hello-world/src/hello-world.c **** }
 166:../../applications/hello-world/src/hello-world.c **** 
 167:../../applications/hello-world/src/hello-world.c **** void printWelcome(void)
 168:../../applications/hello-world/src/hello-world.c **** {
 169:../../applications/hello-world/src/hello-world.c ****   printf("\r\n");
 170:../../applications/hello-world/src/hello-world.c ****   printf("*****************************************\r\n");
 171:../../applications/hello-world/src/hello-world.c ****   printf("hello-world\r\n");
 172:../../applications/hello-world/src/hello-world.c ****   printf("*****************************************\r\n");
 173:../../applications/hello-world/src/hello-world.c ****   printf("\r\n");
 174:../../applications/hello-world/src/hello-world.c ****   HAL_GPIO_TogglePin(OCTA_BLED_GPIO_Port, OCTA_BLED_Pin);
 175:../../applications/hello-world/src/hello-world.c ****   HAL_Delay(2000);
 176:../../applications/hello-world/src/hello-world.c ****   HAL_GPIO_TogglePin(OCTA_BLED_GPIO_Port, OCTA_BLED_Pin);
 177:../../applications/hello-world/src/hello-world.c **** }
 178:../../applications/hello-world/src/hello-world.c **** 
 179:../../applications/hello-world/src/hello-world.c **** /* USER CODE END 4 */
 180:../../applications/hello-world/src/hello-world.c **** 
 181:../../applications/hello-world/src/hello-world.c **** /* USER CODE BEGIN Header_StartDefaultTask */
 182:../../applications/hello-world/src/hello-world.c **** /**
 183:../../applications/hello-world/src/hello-world.c ****   * @brief  Function implementing the defaultTask thread.
 184:../../applications/hello-world/src/hello-world.c ****   * @param  argument: Not used 
 185:../../applications/hello-world/src/hello-world.c ****   * @retval None
 186:../../applications/hello-world/src/hello-world.c ****   */
 187:../../applications/hello-world/src/hello-world.c **** /* USER CODE END Header_StartDefaultTask */
 188:../../applications/hello-world/src/hello-world.c **** void StartDefaultTask(void const *argument)
 189:../../applications/hello-world/src/hello-world.c **** {
  29              		.loc 1 189 1 view -0
  30              		.cfi_startproc
  31              		@ Volatile: function does not return.
  32              		@ args = 0, pretend = 0, frame = 0
  33              		@ frame_needed = 0, uses_anonymous_args = 0
  34              	.LVL0:
  35              		.loc 1 189 1 is_stmt 0 view .LVU1
  36 0000 08B5     		push	{r3, lr}
  37              	.LCFI0:
  38              		.cfi_def_cfa_offset 8
  39              		.cfi_offset 3, -8
  40              		.cfi_offset 14, -4
ARM GAS  C:\Users\yvesk\AppData\Local\Temp\ccRZC87X.s 			page 5


  41              	.LVL1:
  42              	.L2:
 190:../../applications/hello-world/src/hello-world.c **** 
 191:../../applications/hello-world/src/hello-world.c ****   /* USER CODE BEGIN 5 */
 192:../../applications/hello-world/src/hello-world.c ****   /* Infinite loop */
 193:../../applications/hello-world/src/hello-world.c ****   for (;;)
  43              		.loc 1 193 3 is_stmt 1 discriminator 1 view .LVU2
 194:../../applications/hello-world/src/hello-world.c ****   {
 195:../../applications/hello-world/src/hello-world.c ****     osDelay(1);
  44              		.loc 1 195 5 discriminator 1 view .LVU3
  45 0002 0120     		movs	r0, #1
  46 0004 FFF7FEFF 		bl	osDelay
  47              	.LVL2:
  48 0008 FBE7     		b	.L2
  49              		.cfi_endproc
  50              	.LFE130:
  52              		.section	.text.printWelcome,"ax",%progbits
  53              		.align	1
  54              		.global	printWelcome
  55              		.syntax unified
  56              		.thumb
  57              		.thumb_func
  58              		.fpu fpv4-sp-d16
  60              	printWelcome:
  61              	.LFB129:
 168:../../applications/hello-world/src/hello-world.c ****   printf("\r\n");
  62              		.loc 1 168 1 view -0
  63              		.cfi_startproc
  64              		@ args = 0, pretend = 0, frame = 0
  65              		@ frame_needed = 0, uses_anonymous_args = 0
  66 0000 38B5     		push	{r3, r4, r5, lr}
  67              	.LCFI1:
  68              		.cfi_def_cfa_offset 16
  69              		.cfi_offset 3, -16
  70              		.cfi_offset 4, -12
  71              		.cfi_offset 5, -8
  72              		.cfi_offset 14, -4
 169:../../applications/hello-world/src/hello-world.c ****   printf("*****************************************\r\n");
  73              		.loc 1 169 3 view .LVU5
  74 0002 104C     		ldr	r4, .L6
  75 0004 2046     		mov	r0, r4
  76 0006 FFF7FEFF 		bl	puts
  77              	.LVL3:
 170:../../applications/hello-world/src/hello-world.c ****   printf("hello-world\r\n");
  78              		.loc 1 170 3 view .LVU6
  79 000a 0F4D     		ldr	r5, .L6+4
  80 000c 2846     		mov	r0, r5
  81 000e FFF7FEFF 		bl	puts
  82              	.LVL4:
 171:../../applications/hello-world/src/hello-world.c ****   printf("*****************************************\r\n");
  83              		.loc 1 171 3 view .LVU7
  84 0012 0E48     		ldr	r0, .L6+8
  85 0014 FFF7FEFF 		bl	puts
  86              	.LVL5:
 172:../../applications/hello-world/src/hello-world.c ****   printf("\r\n");
  87              		.loc 1 172 3 view .LVU8
  88 0018 2846     		mov	r0, r5
ARM GAS  C:\Users\yvesk\AppData\Local\Temp\ccRZC87X.s 			page 6


  89 001a FFF7FEFF 		bl	puts
  90              	.LVL6:
 173:../../applications/hello-world/src/hello-world.c ****   HAL_GPIO_TogglePin(OCTA_BLED_GPIO_Port, OCTA_BLED_Pin);
  91              		.loc 1 173 3 view .LVU9
  92 001e 2046     		mov	r0, r4
  93 0020 FFF7FEFF 		bl	puts
  94              	.LVL7:
 174:../../applications/hello-world/src/hello-world.c ****   HAL_Delay(2000);
  95              		.loc 1 174 3 view .LVU10
  96 0024 0A4C     		ldr	r4, .L6+12
  97 0026 4FF40041 		mov	r1, #32768
  98 002a 2046     		mov	r0, r4
  99 002c FFF7FEFF 		bl	HAL_GPIO_TogglePin
 100              	.LVL8:
 175:../../applications/hello-world/src/hello-world.c ****   HAL_GPIO_TogglePin(OCTA_BLED_GPIO_Port, OCTA_BLED_Pin);
 101              		.loc 1 175 3 view .LVU11
 102 0030 4FF4FA60 		mov	r0, #2000
 103 0034 FFF7FEFF 		bl	HAL_Delay
 104              	.LVL9:
 176:../../applications/hello-world/src/hello-world.c **** }
 105              		.loc 1 176 3 view .LVU12
 106 0038 4FF40041 		mov	r1, #32768
 107 003c 2046     		mov	r0, r4
 108 003e FFF7FEFF 		bl	HAL_GPIO_TogglePin
 109              	.LVL10:
 177:../../applications/hello-world/src/hello-world.c **** 
 110              		.loc 1 177 1 is_stmt 0 view .LVU13
 111 0042 38BD     		pop	{r3, r4, r5, pc}
 112              	.L7:
 113              		.align	2
 114              	.L6:
 115 0044 00000000 		.word	.LC2
 116 0048 04000000 		.word	.LC3
 117 004c 30000000 		.word	.LC4
 118 0050 000C0048 		.word	1207962624
 119              		.cfi_endproc
 120              	.LFE129:
 122              		.section	.text.main,"ax",%progbits
 123              		.align	1
 124              		.global	main
 125              		.syntax unified
 126              		.thumb
 127              		.thumb_func
 128              		.fpu fpv4-sp-d16
 130              	main:
 131              	.LFB128:
  83:../../applications/hello-world/src/hello-world.c ****   /* USER CODE BEGIN 1 */
 132              		.loc 1 83 1 is_stmt 1 view -0
 133              		.cfi_startproc
 134              		@ Volatile: function does not return.
 135              		@ args = 0, pretend = 0, frame = 24
 136              		@ frame_needed = 0, uses_anonymous_args = 0
 137 0000 00B5     		push	{lr}
 138              	.LCFI2:
 139              		.cfi_def_cfa_offset 4
 140              		.cfi_offset 14, -4
 141 0002 87B0     		sub	sp, sp, #28
ARM GAS  C:\Users\yvesk\AppData\Local\Temp\ccRZC87X.s 			page 7


 142              	.LCFI3:
 143              		.cfi_def_cfa_offset 32
  94:../../applications/hello-world/src/hello-world.c **** 
 144              		.loc 1 94 3 view .LVU15
 145 0004 FFF7FEFF 		bl	HAL_Init
 146              	.LVL11:
 101:../../applications/hello-world/src/hello-world.c **** 
 147              		.loc 1 101 3 view .LVU16
 148 0008 FFF7FEFF 		bl	SystemClock_Config
 149              	.LVL12:
 108:../../applications/hello-world/src/hello-world.c ****   /* USER CODE BEGIN 2 */
 150              		.loc 1 108 3 view .LVU17
 151 000c FFF7FEFF 		bl	Initialize_Platform
 152              	.LVL13:
 111:../../applications/hello-world/src/hello-world.c **** 
 153              		.loc 1 111 3 view .LVU18
 154 0010 FFF7FEFF 		bl	printWelcome
 155              	.LVL14:
 117:../../applications/hello-world/src/hello-world.c **** 
 156              		.loc 1 117 3 view .LVU19
 157 0014 1048     		ldr	r0, .L11
 158 0016 FFF7FEFF 		bl	puts
 159              	.LVL15:
 128:../../applications/hello-world/src/hello-world.c ****   defaultTaskHandle = osThreadCreate(osThread(defaultTask), NULL);
 160              		.loc 1 128 3 view .LVU20
 161 001a 01AC     		add	r4, sp, #4
 162 001c 0F4D     		ldr	r5, .L11+4
 163 001e 0FCD     		ldmia	r5!, {r0, r1, r2, r3}
 164 0020 0FC4     		stmia	r4!, {r0, r1, r2, r3}
 165 0022 2B68     		ldr	r3, [r5]
 166 0024 2360     		str	r3, [r4]
 129:../../applications/hello-world/src/hello-world.c **** 
 167              		.loc 1 129 3 view .LVU21
 129:../../applications/hello-world/src/hello-world.c **** 
 168              		.loc 1 129 23 is_stmt 0 view .LVU22
 169 0026 0021     		movs	r1, #0
 170 0028 01A8     		add	r0, sp, #4
 171 002a FFF7FEFF 		bl	osThreadCreate
 172              	.LVL16:
 129:../../applications/hello-world/src/hello-world.c **** 
 173              		.loc 1 129 21 view .LVU23
 174 002e 0C4B     		ldr	r3, .L11+8
 175 0030 1860     		str	r0, [r3]
 135:../../applications/hello-world/src/hello-world.c ****   osTimerDef(iwdgTim, IWDG_feed);
 176              		.loc 1 135 3 is_stmt 1 view .LVU24
 177 0032 0020     		movs	r0, #0
 178 0034 FFF7FEFF 		bl	IWDG_feed
 179              	.LVL17:
 136:../../applications/hello-world/src/hello-world.c ****   iwdgTimId = osTimerCreate(osTimer(iwdgTim), osTimerPeriodic, NULL);
 180              		.loc 1 136 3 view .LVU25
 181 0038 0A4B     		ldr	r3, .L11+12
 182 003a 0093     		str	r3, [sp]
 137:../../applications/hello-world/src/hello-world.c ****   osTimerStart(iwdgTimId, 5 * 1000);
 183              		.loc 1 137 3 view .LVU26
 137:../../applications/hello-world/src/hello-world.c ****   osTimerStart(iwdgTimId, 5 * 1000);
 184              		.loc 1 137 15 is_stmt 0 view .LVU27
 185 003c 0022     		movs	r2, #0
ARM GAS  C:\Users\yvesk\AppData\Local\Temp\ccRZC87X.s 			page 8


 186 003e 0121     		movs	r1, #1
 187 0040 6846     		mov	r0, sp
 188 0042 FFF7FEFF 		bl	osTimerCreate
 189              	.LVL18:
 137:../../applications/hello-world/src/hello-world.c ****   osTimerStart(iwdgTimId, 5 * 1000);
 190              		.loc 1 137 13 view .LVU28
 191 0046 084B     		ldr	r3, .L11+16
 192 0048 1860     		str	r0, [r3]
 138:../../applications/hello-world/src/hello-world.c **** 
 193              		.loc 1 138 3 is_stmt 1 view .LVU29
 194 004a 41F28831 		movw	r1, #5000
 195 004e FFF7FEFF 		bl	osTimerStart
 196              	.LVL19:
 152:../../applications/hello-world/src/hello-world.c **** 
 197              		.loc 1 152 3 view .LVU30
 198 0052 FFF7FEFF 		bl	osKernelStart
 199              	.LVL20:
 200              	.L9:
 158:../../applications/hello-world/src/hello-world.c ****   {
 201              		.loc 1 158 3 discriminator 1 view .LVU31
 163:../../applications/hello-world/src/hello-world.c ****   /* USER CODE END 3 */
 202              		.loc 1 163 3 discriminator 1 view .LVU32
 203 0056 FEE7     		b	.L9
 204              	.L12:
 205              		.align	2
 206              	.L11:
 207 0058 00000000 		.word	.LC5
 208 005c 00000000 		.word	.LANCHOR0
 209 0060 00000000 		.word	defaultTaskHandle
 210 0064 00000000 		.word	IWDG_feed
 211 0068 00000000 		.word	iwdgTimId
 212              		.cfi_endproc
 213              	.LFE128:
 215              		.section	.text.HAL_TIM_PeriodElapsedCallback,"ax",%progbits
 216              		.align	1
 217              		.global	HAL_TIM_PeriodElapsedCallback
 218              		.syntax unified
 219              		.thumb
 220              		.thumb_func
 221              		.fpu fpv4-sp-d16
 223              	HAL_TIM_PeriodElapsedCallback:
 224              	.LVL21:
 225              	.LFB131:
 196:../../applications/hello-world/src/hello-world.c ****   }
 197:../../applications/hello-world/src/hello-world.c ****   /* USER CODE END 5 */
 198:../../applications/hello-world/src/hello-world.c **** }
 199:../../applications/hello-world/src/hello-world.c **** 
 200:../../applications/hello-world/src/hello-world.c **** /**
 201:../../applications/hello-world/src/hello-world.c ****   * @brief  Period elapsed callback in non blocking mode
 202:../../applications/hello-world/src/hello-world.c ****   * @note   This function is called  when TIM1 interrupt took place, inside
 203:../../applications/hello-world/src/hello-world.c ****   * HAL_TIM_IRQHandler(). It makes a direct call to HAL_IncTick() to increment
 204:../../applications/hello-world/src/hello-world.c ****   * a global variable "uwTick" used as application time base.
 205:../../applications/hello-world/src/hello-world.c ****   * @param  htim : TIM handle
 206:../../applications/hello-world/src/hello-world.c ****   * @retval None
 207:../../applications/hello-world/src/hello-world.c ****   */
 208:../../applications/hello-world/src/hello-world.c **** void HAL_TIM_PeriodElapsedCallback(TIM_HandleTypeDef *htim)
 209:../../applications/hello-world/src/hello-world.c **** {
ARM GAS  C:\Users\yvesk\AppData\Local\Temp\ccRZC87X.s 			page 9


 226              		.loc 1 209 1 view -0
 227              		.cfi_startproc
 228              		@ args = 0, pretend = 0, frame = 0
 229              		@ frame_needed = 0, uses_anonymous_args = 0
 230              		.loc 1 209 1 is_stmt 0 view .LVU34
 231 0000 08B5     		push	{r3, lr}
 232              	.LCFI4:
 233              		.cfi_def_cfa_offset 8
 234              		.cfi_offset 3, -8
 235              		.cfi_offset 14, -4
 210:../../applications/hello-world/src/hello-world.c ****   /* USER CODE BEGIN Callback 0 */
 211:../../applications/hello-world/src/hello-world.c **** 
 212:../../applications/hello-world/src/hello-world.c ****   /* USER CODE END Callback 0 */
 213:../../applications/hello-world/src/hello-world.c ****   if (htim->Instance == TIM1)
 236              		.loc 1 213 3 is_stmt 1 view .LVU35
 237              		.loc 1 213 11 is_stmt 0 view .LVU36
 238 0002 0268     		ldr	r2, [r0]
 239              		.loc 1 213 6 view .LVU37
 240 0004 034B     		ldr	r3, .L17
 241 0006 9A42     		cmp	r2, r3
 242 0008 00D0     		beq	.L16
 243              	.LVL22:
 244              	.L13:
 214:../../applications/hello-world/src/hello-world.c ****   {
 215:../../applications/hello-world/src/hello-world.c ****     HAL_IncTick();
 216:../../applications/hello-world/src/hello-world.c ****   }
 217:../../applications/hello-world/src/hello-world.c ****   /* USER CODE BEGIN Callback 1 */
 218:../../applications/hello-world/src/hello-world.c **** 
 219:../../applications/hello-world/src/hello-world.c ****   /* USER CODE END Callback 1 */
 220:../../applications/hello-world/src/hello-world.c **** }
 245              		.loc 1 220 1 view .LVU38
 246 000a 08BD     		pop	{r3, pc}
 247              	.LVL23:
 248              	.L16:
 215:../../applications/hello-world/src/hello-world.c ****   }
 249              		.loc 1 215 5 is_stmt 1 view .LVU39
 250 000c FFF7FEFF 		bl	HAL_IncTick
 251              	.LVL24:
 252              		.loc 1 220 1 is_stmt 0 view .LVU40
 253 0010 FBE7     		b	.L13
 254              	.L18:
 255 0012 00BF     		.align	2
 256              	.L17:
 257 0014 002C0140 		.word	1073818624
 258              		.cfi_endproc
 259              	.LFE131:
 261              		.section	.text.HAL_UART_RxCpltCallback,"ax",%progbits
 262              		.align	1
 263              		.global	HAL_UART_RxCpltCallback
 264              		.syntax unified
 265              		.thumb
 266              		.thumb_func
 267              		.fpu fpv4-sp-d16
 269              	HAL_UART_RxCpltCallback:
 270              	.LVL25:
 271              	.LFB132:
 221:../../applications/hello-world/src/hello-world.c **** 
ARM GAS  C:\Users\yvesk\AppData\Local\Temp\ccRZC87X.s 			page 10


 222:../../applications/hello-world/src/hello-world.c **** void HAL_UART_RxCpltCallback(UART_HandleTypeDef *huart)
 223:../../applications/hello-world/src/hello-world.c **** {
 272              		.loc 1 223 1 is_stmt 1 view -0
 273              		.cfi_startproc
 274              		@ args = 0, pretend = 0, frame = 0
 275              		@ frame_needed = 0, uses_anonymous_args = 0
 276              		@ link register save eliminated.
 224:../../applications/hello-world/src/hello-world.c **** 	#if USE_BOOTLOADER
 225:../../applications/hello-world/src/hello-world.c ****     if(huart == &BLE_UART);
 226:../../applications/hello-world/src/hello-world.c ****     {
 227:../../applications/hello-world/src/hello-world.c ****           printf("BLE UART INTERRUPT\r\n");
 228:../../applications/hello-world/src/hello-world.c ****           bootloader_parse_data();        
 229:../../applications/hello-world/src/hello-world.c ****     }
 230:../../applications/hello-world/src/hello-world.c ****   #endif
 231:../../applications/hello-world/src/hello-world.c **** }
 277              		.loc 1 231 1 view .LVU42
 278 0000 7047     		bx	lr
 279              		.cfi_endproc
 280              	.LFE132:
 282              		.section	.text.Error_Handler,"ax",%progbits
 283              		.align	1
 284              		.global	Error_Handler
 285              		.syntax unified
 286              		.thumb
 287              		.thumb_func
 288              		.fpu fpv4-sp-d16
 290              	Error_Handler:
 291              	.LFB133:
 232:../../applications/hello-world/src/hello-world.c **** 
 233:../../applications/hello-world/src/hello-world.c **** /**
 234:../../applications/hello-world/src/hello-world.c ****   * @brief  This function is executed in case of error occurrence.
 235:../../applications/hello-world/src/hello-world.c ****   * @retval None
 236:../../applications/hello-world/src/hello-world.c ****   */
 237:../../applications/hello-world/src/hello-world.c **** void Error_Handler(void)
 238:../../applications/hello-world/src/hello-world.c **** {
 292              		.loc 1 238 1 view -0
 293              		.cfi_startproc
 294              		@ args = 0, pretend = 0, frame = 0
 295              		@ frame_needed = 0, uses_anonymous_args = 0
 296              		@ link register save eliminated.
 239:../../applications/hello-world/src/hello-world.c ****   /* USER CODE BEGIN Error_Handler_Debug */
 240:../../applications/hello-world/src/hello-world.c ****   /* User can add his own implementation to report the HAL error return state */
 241:../../applications/hello-world/src/hello-world.c **** 
 242:../../applications/hello-world/src/hello-world.c ****   /* USER CODE END Error_Handler_Debug */
 243:../../applications/hello-world/src/hello-world.c **** }
 297              		.loc 1 243 1 view .LVU44
 298 0000 7047     		bx	lr
 299              		.cfi_endproc
 300              	.LFE133:
 302              		.comm	iwdgTimId,4,4
 303              		.comm	defaultTaskHandle,4,4
 304              		.comm	P3_header,44,4
 305              		.comm	P2_header,44,4
 306              		.comm	P1_header,44,4
 307              		.comm	FLASH_SPI,100,4
 308              		.comm	P3_SPI,100,4
 309              		.comm	P2_SPI,100,4
ARM GAS  C:\Users\yvesk\AppData\Local\Temp\ccRZC87X.s 			page 11


 310              		.comm	P1_SPI,100,4
 311              		.comm	P3_I2C,76,4
 312              		.comm	P2_I2C,76,4
 313              		.comm	P1_I2C,76,4
 314              		.comm	common_I2C,76,4
 315              		.comm	P3_UART,120,4
 316              		.comm	P2_UART,120,4
 317              		.comm	P1_UART,120,4
 318              		.comm	BLE_UART,120,4
 319              		.comm	USB_UART,120,4
 320              		.comm	hiwdg,16,4
 321              		.comm	P3_DIO6,8,4
 322              		.comm	P3_DIO5,8,4
 323              		.comm	P3_DIO4,8,4
 324              		.comm	P3_DIO3,8,4
 325              		.comm	P3_DIO2,8,4
 326              		.comm	P3_DIO1,8,4
 327              		.comm	P2_DIO6,8,4
 328              		.comm	P2_DIO5,8,4
 329              		.comm	P2_DIO4,8,4
 330              		.comm	P2_DIO3,8,4
 331              		.comm	P2_DIO2,8,4
 332              		.comm	P2_DIO1,8,4
 333              		.comm	P1_DIO6,8,4
 334              		.comm	P1_DIO5,8,4
 335              		.comm	P1_DIO4,8,4
 336              		.comm	P1_DIO3,8,4
 337              		.comm	P1_DIO2,8,4
 338              		.comm	P1_DIO1,8,4
 339              		.section	.rodata
 340              		.align	2
 341              		.set	.LANCHOR0,. + 0
 342              	.LC6:
 343 0000 00000000 		.word	.LC0
 344 0004 00000000 		.word	StartDefaultTask
 345 0008 FEFF     		.short	-2
 346 000a 0000     		.space	2
 347 000c 00000000 		.word	0
 348 0010 80000000 		.word	128
 349              		.section	.rodata.main.str1.4,"aMS",%progbits,1
 350              		.align	2
 351              	.LC5:
 352 0000 496E6974 		.ascii	"Initializing RTOS timers, threads and mutex\015\000"
 352      69616C69 
 352      7A696E67 
 352      2052544F 
 352      53207469 
 353              		.section	.rodata.printWelcome.str1.4,"aMS",%progbits,1
 354              		.align	2
 355              	.LC2:
 356 0000 0D00     		.ascii	"\015\000"
 357 0002 0000     		.space	2
 358              	.LC3:
 359 0004 2A2A2A2A 		.ascii	"*****************************************\015\000"
 359      2A2A2A2A 
 359      2A2A2A2A 
 359      2A2A2A2A 
ARM GAS  C:\Users\yvesk\AppData\Local\Temp\ccRZC87X.s 			page 12


 359      2A2A2A2A 
 360 002f 00       		.space	1
 361              	.LC4:
 362 0030 68656C6C 		.ascii	"hello-world\015\000"
 362      6F2D776F 
 362      726C640D 
 362      00
 363              		.section	.rodata.str1.4,"aMS",%progbits,1
 364              		.align	2
 365              	.LC0:
 366 0000 64656661 		.ascii	"defaultTask\000"
 366      756C7454 
 366      61736B00 
 367              		.weak	SystemClock_Config
 368              		.text
 369              	.Letext0:
 370              		.file 2 "c:\\program files (x86)\\gnu tools arm embedded\\8 2019-q3-update\\arm-none-eabi\\include
 371              		.file 3 "c:\\program files (x86)\\gnu tools arm embedded\\8 2019-q3-update\\arm-none-eabi\\include
 372              		.file 4 "../../core/ST/CMSIS/Include/core_cm4.h"
 373              		.file 5 "../../core/ST/CMSIS/Device/ST/STM32L4xx/Include/system_stm32l4xx.h"
 374              		.file 6 "../../core/ST/CMSIS/Device/ST/STM32L4xx/Include/stm32l496xx.h"
 375              		.file 7 "../../core/ST/STM32L4xx_HAL_Driver/Inc/stm32l4xx_hal_def.h"
 376              		.file 8 "../../core/ST/STM32L4xx_HAL_Driver/Inc/stm32l4xx_hal_dma.h"
 377              		.file 9 "../../core/ST/STM32L4xx_HAL_Driver/Inc/stm32l4xx_hal_i2c.h"
 378              		.file 10 "../../core/ST/STM32L4xx_HAL_Driver/Inc/stm32l4xx_hal_iwdg.h"
 379              		.file 11 "../../core/ST/STM32L4xx_HAL_Driver/Inc/stm32l4xx_hal_spi.h"
 380              		.file 12 "../../core/ST/STM32L4xx_HAL_Driver/Inc/stm32l4xx_hal_tim.h"
 381              		.file 13 "../../core/ST/STM32L4xx_HAL_Driver/Inc/stm32l4xx_hal_uart.h"
 382              		.file 14 "../../core/ST/STM32L4xx_HAL_Driver/Inc/stm32l4xx_hal.h"
 383              		.file 15 "../../core/ST/Middlewares/Third_Party/FreeRTOS/Source/include/task.h"
 384              		.file 16 "../../core/ST/Middlewares/Third_Party/FreeRTOS/Source/include/timers.h"
 385              		.file 17 "../../core/ST/Middlewares/Third_Party/FreeRTOS/Source/CMSIS_RTOS/cmsis_os.h"
 386              		.file 18 "../../core/platform/octa/inc/gpio.h"
 387              		.file 19 "../../core/platform/octa/inc/iwdg.h"
 388              		.file 20 "../../core/platform/octa/inc/uart.h"
 389              		.file 21 "../../core/platform/octa/inc/i2c.h"
 390              		.file 22 "../../core/platform/octa/inc/spi.h"
 391              		.file 23 "../../core/platform/octa/inc/octa.h"
 392              		.file 24 "../../applications/hello-world/inc/hello-world.h"
 393              		.file 25 "<built-in>"
 394              		.file 26 "../../core/ST/STM32L4xx_HAL_Driver/Inc/stm32l4xx_hal_gpio.h"
 395              		.file 27 "../../core/platform/octa/inc/sysclock.h"
 396              		.file 28 "../../core/platform/common/inc/platform.h"
ARM GAS  C:\Users\yvesk\AppData\Local\Temp\ccRZC87X.s 			page 13


DEFINED SYMBOLS
                            *ABS*:00000000 hello-world.c
C:\Users\yvesk\AppData\Local\Temp\ccRZC87X.s:18     .text.StartDefaultTask:00000000 $t
C:\Users\yvesk\AppData\Local\Temp\ccRZC87X.s:26     .text.StartDefaultTask:00000000 StartDefaultTask
C:\Users\yvesk\AppData\Local\Temp\ccRZC87X.s:53     .text.printWelcome:00000000 $t
C:\Users\yvesk\AppData\Local\Temp\ccRZC87X.s:60     .text.printWelcome:00000000 printWelcome
C:\Users\yvesk\AppData\Local\Temp\ccRZC87X.s:115    .text.printWelcome:00000044 $d
C:\Users\yvesk\AppData\Local\Temp\ccRZC87X.s:123    .text.main:00000000 $t
C:\Users\yvesk\AppData\Local\Temp\ccRZC87X.s:130    .text.main:00000000 main
C:\Users\yvesk\AppData\Local\Temp\ccRZC87X.s:207    .text.main:00000058 $d
                            *COM*:00000004 defaultTaskHandle
                            *COM*:00000004 iwdgTimId
C:\Users\yvesk\AppData\Local\Temp\ccRZC87X.s:216    .text.HAL_TIM_PeriodElapsedCallback:00000000 $t
C:\Users\yvesk\AppData\Local\Temp\ccRZC87X.s:223    .text.HAL_TIM_PeriodElapsedCallback:00000000 HAL_TIM_PeriodElapsedCallback
C:\Users\yvesk\AppData\Local\Temp\ccRZC87X.s:257    .text.HAL_TIM_PeriodElapsedCallback:00000014 $d
C:\Users\yvesk\AppData\Local\Temp\ccRZC87X.s:262    .text.HAL_UART_RxCpltCallback:00000000 $t
C:\Users\yvesk\AppData\Local\Temp\ccRZC87X.s:269    .text.HAL_UART_RxCpltCallback:00000000 HAL_UART_RxCpltCallback
C:\Users\yvesk\AppData\Local\Temp\ccRZC87X.s:283    .text.Error_Handler:00000000 $t
C:\Users\yvesk\AppData\Local\Temp\ccRZC87X.s:290    .text.Error_Handler:00000000 Error_Handler
                            *COM*:0000002c P3_header
                            *COM*:0000002c P2_header
                            *COM*:0000002c P1_header
                            *COM*:00000064 FLASH_SPI
                            *COM*:00000064 P3_SPI
                            *COM*:00000064 P2_SPI
                            *COM*:00000064 P1_SPI
                            *COM*:0000004c P3_I2C
                            *COM*:0000004c P2_I2C
                            *COM*:0000004c P1_I2C
                            *COM*:0000004c common_I2C
                            *COM*:00000078 P3_UART
                            *COM*:00000078 P2_UART
                            *COM*:00000078 P1_UART
                            *COM*:00000078 BLE_UART
                            *COM*:00000078 USB_UART
                            *COM*:00000010 hiwdg
                            *COM*:00000008 P3_DIO6
                            *COM*:00000008 P3_DIO5
                            *COM*:00000008 P3_DIO4
                            *COM*:00000008 P3_DIO3
                            *COM*:00000008 P3_DIO2
                            *COM*:00000008 P3_DIO1
                            *COM*:00000008 P2_DIO6
                            *COM*:00000008 P2_DIO5
                            *COM*:00000008 P2_DIO4
                            *COM*:00000008 P2_DIO3
                            *COM*:00000008 P2_DIO2
                            *COM*:00000008 P2_DIO1
                            *COM*:00000008 P1_DIO6
                            *COM*:00000008 P1_DIO5
                            *COM*:00000008 P1_DIO4
                            *COM*:00000008 P1_DIO3
                            *COM*:00000008 P1_DIO2
                            *COM*:00000008 P1_DIO1
C:\Users\yvesk\AppData\Local\Temp\ccRZC87X.s:340    .rodata:00000000 $d
C:\Users\yvesk\AppData\Local\Temp\ccRZC87X.s:350    .rodata.main.str1.4:00000000 $d
C:\Users\yvesk\AppData\Local\Temp\ccRZC87X.s:354    .rodata.printWelcome.str1.4:00000000 $d
ARM GAS  C:\Users\yvesk\AppData\Local\Temp\ccRZC87X.s 			page 14


C:\Users\yvesk\AppData\Local\Temp\ccRZC87X.s:364    .rodata.str1.4:00000000 $d

UNDEFINED SYMBOLS
osDelay
puts
HAL_GPIO_TogglePin
HAL_Delay
HAL_Init
SystemClock_Config
Initialize_Platform
osThreadCreate
IWDG_feed
osTimerCreate
osTimerStart
osKernelStart
HAL_IncTick
