ARM GAS  C:\Users\yvesk\AppData\Local\Temp\ccyX1sDh.s 			page 1


   1              		.cpu cortex-m4
   2              		.eabi_attribute 27, 1
   3              		.eabi_attribute 28, 1
   4              		.eabi_attribute 20, 1
   5              		.eabi_attribute 21, 1
   6              		.eabi_attribute 23, 3
   7              		.eabi_attribute 24, 1
   8              		.eabi_attribute 25, 1
   9              		.eabi_attribute 26, 1
  10              		.eabi_attribute 30, 1
  11              		.eabi_attribute 34, 1
  12              		.eabi_attribute 18, 4
  13              		.file	"spi.c"
  14              		.text
  15              	.Ltext0:
  16              		.cfi_sections	.debug_frame
  17              		.section	.text.P3_SPI_Init,"ax",%progbits
  18              		.align	1
  19              		.global	P3_SPI_Init
  20              		.arch armv7e-m
  21              		.syntax unified
  22              		.thumb
  23              		.thumb_func
  24              		.fpu fpv4-sp-d16
  26              	P3_SPI_Init:
  27              	.LFB123:
  28              		.file 1 "../../core/platform/octa/src/spi.c"
   1:../../core/platform/octa/src/spi.c **** #include "spi.h"
   2:../../core/platform/octa/src/spi.c **** 
   3:../../core/platform/octa/src/spi.c **** /**
   4:../../core/platform/octa/src/spi.c ****   * @brief SPI1 Initialization Function
   5:../../core/platform/octa/src/spi.c ****   * @param None
   6:../../core/platform/octa/src/spi.c ****   * @retval None
   7:../../core/platform/octa/src/spi.c ****   */
   8:../../core/platform/octa/src/spi.c ****  void P3_SPI_Init(void)
   9:../../core/platform/octa/src/spi.c **** {
  29              		.loc 1 9 1 view -0
  30              		.cfi_startproc
  31              		@ args = 0, pretend = 0, frame = 0
  32              		@ frame_needed = 0, uses_anonymous_args = 0
  33 0000 08B5     		push	{r3, lr}
  34              	.LCFI0:
  35              		.cfi_def_cfa_offset 8
  36              		.cfi_offset 3, -8
  37              		.cfi_offset 14, -4
  10:../../core/platform/octa/src/spi.c **** 
  11:../../core/platform/octa/src/spi.c ****   /* USER CODE BEGIN SPI1_Init 0 */
  12:../../core/platform/octa/src/spi.c **** 
  13:../../core/platform/octa/src/spi.c ****   /* USER CODE END SPI1_Init 0 */
  14:../../core/platform/octa/src/spi.c **** 
  15:../../core/platform/octa/src/spi.c ****   /* USER CODE BEGIN SPI1_Init 1 */
  16:../../core/platform/octa/src/spi.c **** 
  17:../../core/platform/octa/src/spi.c ****   /* USER CODE END SPI1_Init 1 */
  18:../../core/platform/octa/src/spi.c ****   /* SPI1 parameter configuration*/
  19:../../core/platform/octa/src/spi.c ****   P3_SPI.Instance = SPI1;
  38              		.loc 1 19 3 view .LVU1
  39              		.loc 1 19 19 is_stmt 0 view .LVU2
ARM GAS  C:\Users\yvesk\AppData\Local\Temp\ccyX1sDh.s 			page 2


  40 0002 1048     		ldr	r0, .L5
  41 0004 104B     		ldr	r3, .L5+4
  42 0006 0360     		str	r3, [r0]
  20:../../core/platform/octa/src/spi.c ****   P3_SPI.Init.Mode = SPI_MODE_MASTER;
  43              		.loc 1 20 3 is_stmt 1 view .LVU3
  44              		.loc 1 20 20 is_stmt 0 view .LVU4
  45 0008 4FF48273 		mov	r3, #260
  46 000c 4360     		str	r3, [r0, #4]
  21:../../core/platform/octa/src/spi.c ****   P3_SPI.Init.Direction = SPI_DIRECTION_2LINES;
  47              		.loc 1 21 3 is_stmt 1 view .LVU5
  48              		.loc 1 21 25 is_stmt 0 view .LVU6
  49 000e 0023     		movs	r3, #0
  50 0010 8360     		str	r3, [r0, #8]
  22:../../core/platform/octa/src/spi.c ****   P3_SPI.Init.DataSize = SPI_DATASIZE_4BIT;
  51              		.loc 1 22 3 is_stmt 1 view .LVU7
  52              		.loc 1 22 24 is_stmt 0 view .LVU8
  53 0012 4FF44072 		mov	r2, #768
  54 0016 C260     		str	r2, [r0, #12]
  23:../../core/platform/octa/src/spi.c ****   P3_SPI.Init.CLKPolarity = SPI_POLARITY_LOW;
  55              		.loc 1 23 3 is_stmt 1 view .LVU9
  56              		.loc 1 23 27 is_stmt 0 view .LVU10
  57 0018 0361     		str	r3, [r0, #16]
  24:../../core/platform/octa/src/spi.c ****   P3_SPI.Init.CLKPhase = SPI_PHASE_1EDGE;
  58              		.loc 1 24 3 is_stmt 1 view .LVU11
  59              		.loc 1 24 24 is_stmt 0 view .LVU12
  60 001a 4361     		str	r3, [r0, #20]
  25:../../core/platform/octa/src/spi.c ****   P3_SPI.Init.NSS = SPI_NSS_SOFT;
  61              		.loc 1 25 3 is_stmt 1 view .LVU13
  62              		.loc 1 25 19 is_stmt 0 view .LVU14
  63 001c 4FF40072 		mov	r2, #512
  64 0020 8261     		str	r2, [r0, #24]
  26:../../core/platform/octa/src/spi.c ****   P3_SPI.Init.BaudRatePrescaler = SPI_BAUDRATEPRESCALER_2;
  65              		.loc 1 26 3 is_stmt 1 view .LVU15
  66              		.loc 1 26 33 is_stmt 0 view .LVU16
  67 0022 C361     		str	r3, [r0, #28]
  27:../../core/platform/octa/src/spi.c ****   P3_SPI.Init.FirstBit = SPI_FIRSTBIT_MSB;
  68              		.loc 1 27 3 is_stmt 1 view .LVU17
  69              		.loc 1 27 24 is_stmt 0 view .LVU18
  70 0024 0362     		str	r3, [r0, #32]
  28:../../core/platform/octa/src/spi.c ****   P3_SPI.Init.TIMode = SPI_TIMODE_DISABLE;
  71              		.loc 1 28 3 is_stmt 1 view .LVU19
  72              		.loc 1 28 22 is_stmt 0 view .LVU20
  73 0026 4362     		str	r3, [r0, #36]
  29:../../core/platform/octa/src/spi.c ****   P3_SPI.Init.CRCCalculation = SPI_CRCCALCULATION_DISABLE;
  74              		.loc 1 29 3 is_stmt 1 view .LVU21
  75              		.loc 1 29 30 is_stmt 0 view .LVU22
  76 0028 8362     		str	r3, [r0, #40]
  30:../../core/platform/octa/src/spi.c ****   P3_SPI.Init.CRCPolynomial = 7;
  77              		.loc 1 30 3 is_stmt 1 view .LVU23
  78              		.loc 1 30 29 is_stmt 0 view .LVU24
  79 002a 0722     		movs	r2, #7
  80 002c C262     		str	r2, [r0, #44]
  31:../../core/platform/octa/src/spi.c ****   P3_SPI.Init.CRCLength = SPI_CRC_LENGTH_DATASIZE;
  81              		.loc 1 31 3 is_stmt 1 view .LVU25
  82              		.loc 1 31 25 is_stmt 0 view .LVU26
  83 002e 0363     		str	r3, [r0, #48]
  32:../../core/platform/octa/src/spi.c ****   P3_SPI.Init.NSSPMode = SPI_NSS_PULSE_ENABLE;
ARM GAS  C:\Users\yvesk\AppData\Local\Temp\ccyX1sDh.s 			page 3


  84              		.loc 1 32 3 is_stmt 1 view .LVU27
  85              		.loc 1 32 24 is_stmt 0 view .LVU28
  86 0030 0823     		movs	r3, #8
  87 0032 4363     		str	r3, [r0, #52]
  33:../../core/platform/octa/src/spi.c ****   if (HAL_SPI_Init(&P3_SPI) != HAL_OK)
  88              		.loc 1 33 3 is_stmt 1 view .LVU29
  89              		.loc 1 33 7 is_stmt 0 view .LVU30
  90 0034 FFF7FEFF 		bl	HAL_SPI_Init
  91              	.LVL0:
  92              		.loc 1 33 6 view .LVU31
  93 0038 00B9     		cbnz	r0, .L4
  94              	.L1:
  34:../../core/platform/octa/src/spi.c ****   {
  35:../../core/platform/octa/src/spi.c ****     Error_Handler();
  36:../../core/platform/octa/src/spi.c ****   }
  37:../../core/platform/octa/src/spi.c ****   /* USER CODE BEGIN SPI1_Init 2 */
  38:../../core/platform/octa/src/spi.c **** 
  39:../../core/platform/octa/src/spi.c ****   /* USER CODE END SPI1_Init 2 */
  40:../../core/platform/octa/src/spi.c **** 
  41:../../core/platform/octa/src/spi.c **** }
  95              		.loc 1 41 1 view .LVU32
  96 003a 08BD     		pop	{r3, pc}
  97              	.L4:
  98              	.LBB2:
  35:../../core/platform/octa/src/spi.c ****   }
  99              		.loc 1 35 5 is_stmt 1 view .LVU33
 100 003c FFF7FEFF 		bl	Error_Handler
 101              	.LVL1:
 102              	.LBE2:
 103              		.loc 1 41 1 is_stmt 0 view .LVU34
 104 0040 FBE7     		b	.L1
 105              	.L6:
 106 0042 00BF     		.align	2
 107              	.L5:
 108 0044 00000000 		.word	P3_SPI
 109 0048 00300140 		.word	1073819648
 110              		.cfi_endproc
 111              	.LFE123:
 113              		.section	.text.P2_SPI_Init,"ax",%progbits
 114              		.align	1
 115              		.global	P2_SPI_Init
 116              		.syntax unified
 117              		.thumb
 118              		.thumb_func
 119              		.fpu fpv4-sp-d16
 121              	P2_SPI_Init:
 122              	.LFB124:
  42:../../core/platform/octa/src/spi.c **** 
  43:../../core/platform/octa/src/spi.c **** /**
  44:../../core/platform/octa/src/spi.c ****   * @brief SPI2 Initialization Function
  45:../../core/platform/octa/src/spi.c ****   * @param None
  46:../../core/platform/octa/src/spi.c ****   * @retval None
  47:../../core/platform/octa/src/spi.c ****   */
  48:../../core/platform/octa/src/spi.c **** void P2_SPI_Init(void)
  49:../../core/platform/octa/src/spi.c **** {
 123              		.loc 1 49 1 is_stmt 1 view -0
 124              		.cfi_startproc
ARM GAS  C:\Users\yvesk\AppData\Local\Temp\ccyX1sDh.s 			page 4


 125              		@ args = 0, pretend = 0, frame = 0
 126              		@ frame_needed = 0, uses_anonymous_args = 0
 127 0000 08B5     		push	{r3, lr}
 128              	.LCFI1:
 129              		.cfi_def_cfa_offset 8
 130              		.cfi_offset 3, -8
 131              		.cfi_offset 14, -4
  50:../../core/platform/octa/src/spi.c **** 
  51:../../core/platform/octa/src/spi.c ****   /* USER CODE BEGIN SPI2_Init 0 */
  52:../../core/platform/octa/src/spi.c **** 
  53:../../core/platform/octa/src/spi.c ****   /* USER CODE END SPI2_Init 0 */
  54:../../core/platform/octa/src/spi.c **** 
  55:../../core/platform/octa/src/spi.c ****   /* USER CODE BEGIN SPI2_Init 1 */
  56:../../core/platform/octa/src/spi.c **** 
  57:../../core/platform/octa/src/spi.c ****   /* USER CODE END SPI2_Init 1 */
  58:../../core/platform/octa/src/spi.c ****   /* SPI2 parameter configuration*/
  59:../../core/platform/octa/src/spi.c ****   P2_SPI.Instance = SPI2;
 132              		.loc 1 59 3 view .LVU36
 133              		.loc 1 59 19 is_stmt 0 view .LVU37
 134 0002 1048     		ldr	r0, .L11
 135 0004 104B     		ldr	r3, .L11+4
 136 0006 0360     		str	r3, [r0]
  60:../../core/platform/octa/src/spi.c ****   P2_SPI.Init.Mode = SPI_MODE_MASTER;
 137              		.loc 1 60 3 is_stmt 1 view .LVU38
 138              		.loc 1 60 20 is_stmt 0 view .LVU39
 139 0008 4FF48273 		mov	r3, #260
 140 000c 4360     		str	r3, [r0, #4]
  61:../../core/platform/octa/src/spi.c ****   P2_SPI.Init.Direction = SPI_DIRECTION_2LINES;
 141              		.loc 1 61 3 is_stmt 1 view .LVU40
 142              		.loc 1 61 25 is_stmt 0 view .LVU41
 143 000e 0023     		movs	r3, #0
 144 0010 8360     		str	r3, [r0, #8]
  62:../../core/platform/octa/src/spi.c ****   P2_SPI.Init.DataSize = SPI_DATASIZE_4BIT;
 145              		.loc 1 62 3 is_stmt 1 view .LVU42
 146              		.loc 1 62 24 is_stmt 0 view .LVU43
 147 0012 4FF44072 		mov	r2, #768
 148 0016 C260     		str	r2, [r0, #12]
  63:../../core/platform/octa/src/spi.c ****   P2_SPI.Init.CLKPolarity = SPI_POLARITY_LOW;
 149              		.loc 1 63 3 is_stmt 1 view .LVU44
 150              		.loc 1 63 27 is_stmt 0 view .LVU45
 151 0018 0361     		str	r3, [r0, #16]
  64:../../core/platform/octa/src/spi.c ****   P2_SPI.Init.CLKPhase = SPI_PHASE_1EDGE;
 152              		.loc 1 64 3 is_stmt 1 view .LVU46
 153              		.loc 1 64 24 is_stmt 0 view .LVU47
 154 001a 4361     		str	r3, [r0, #20]
  65:../../core/platform/octa/src/spi.c ****   P2_SPI.Init.NSS = SPI_NSS_SOFT;
 155              		.loc 1 65 3 is_stmt 1 view .LVU48
 156              		.loc 1 65 19 is_stmt 0 view .LVU49
 157 001c 4FF40072 		mov	r2, #512
 158 0020 8261     		str	r2, [r0, #24]
  66:../../core/platform/octa/src/spi.c ****   P2_SPI.Init.BaudRatePrescaler = SPI_BAUDRATEPRESCALER_2;
 159              		.loc 1 66 3 is_stmt 1 view .LVU50
 160              		.loc 1 66 33 is_stmt 0 view .LVU51
 161 0022 C361     		str	r3, [r0, #28]
  67:../../core/platform/octa/src/spi.c ****   P2_SPI.Init.FirstBit = SPI_FIRSTBIT_MSB;
 162              		.loc 1 67 3 is_stmt 1 view .LVU52
 163              		.loc 1 67 24 is_stmt 0 view .LVU53
ARM GAS  C:\Users\yvesk\AppData\Local\Temp\ccyX1sDh.s 			page 5


 164 0024 0362     		str	r3, [r0, #32]
  68:../../core/platform/octa/src/spi.c ****   P2_SPI.Init.TIMode = SPI_TIMODE_DISABLE;
 165              		.loc 1 68 3 is_stmt 1 view .LVU54
 166              		.loc 1 68 22 is_stmt 0 view .LVU55
 167 0026 4362     		str	r3, [r0, #36]
  69:../../core/platform/octa/src/spi.c ****   P2_SPI.Init.CRCCalculation = SPI_CRCCALCULATION_DISABLE;
 168              		.loc 1 69 3 is_stmt 1 view .LVU56
 169              		.loc 1 69 30 is_stmt 0 view .LVU57
 170 0028 8362     		str	r3, [r0, #40]
  70:../../core/platform/octa/src/spi.c ****   P2_SPI.Init.CRCPolynomial = 7;
 171              		.loc 1 70 3 is_stmt 1 view .LVU58
 172              		.loc 1 70 29 is_stmt 0 view .LVU59
 173 002a 0722     		movs	r2, #7
 174 002c C262     		str	r2, [r0, #44]
  71:../../core/platform/octa/src/spi.c ****   P2_SPI.Init.CRCLength = SPI_CRC_LENGTH_DATASIZE;
 175              		.loc 1 71 3 is_stmt 1 view .LVU60
 176              		.loc 1 71 25 is_stmt 0 view .LVU61
 177 002e 0363     		str	r3, [r0, #48]
  72:../../core/platform/octa/src/spi.c ****   P2_SPI.Init.NSSPMode = SPI_NSS_PULSE_ENABLE;
 178              		.loc 1 72 3 is_stmt 1 view .LVU62
 179              		.loc 1 72 24 is_stmt 0 view .LVU63
 180 0030 0823     		movs	r3, #8
 181 0032 4363     		str	r3, [r0, #52]
  73:../../core/platform/octa/src/spi.c ****   if (HAL_SPI_Init(&P2_SPI) != HAL_OK)
 182              		.loc 1 73 3 is_stmt 1 view .LVU64
 183              		.loc 1 73 7 is_stmt 0 view .LVU65
 184 0034 FFF7FEFF 		bl	HAL_SPI_Init
 185              	.LVL2:
 186              		.loc 1 73 6 view .LVU66
 187 0038 00B9     		cbnz	r0, .L10
 188              	.L7:
  74:../../core/platform/octa/src/spi.c ****   {
  75:../../core/platform/octa/src/spi.c ****     Error_Handler();
  76:../../core/platform/octa/src/spi.c ****   }
  77:../../core/platform/octa/src/spi.c ****   /* USER CODE BEGIN SPI2_Init 2 */
  78:../../core/platform/octa/src/spi.c **** 
  79:../../core/platform/octa/src/spi.c ****   /* USER CODE END SPI2_Init 2 */
  80:../../core/platform/octa/src/spi.c **** 
  81:../../core/platform/octa/src/spi.c **** }
 189              		.loc 1 81 1 view .LVU67
 190 003a 08BD     		pop	{r3, pc}
 191              	.L10:
 192              	.LBB3:
  75:../../core/platform/octa/src/spi.c ****   }
 193              		.loc 1 75 5 is_stmt 1 view .LVU68
 194 003c FFF7FEFF 		bl	Error_Handler
 195              	.LVL3:
 196              	.LBE3:
 197              		.loc 1 81 1 is_stmt 0 view .LVU69
 198 0040 FBE7     		b	.L7
 199              	.L12:
 200 0042 00BF     		.align	2
 201              	.L11:
 202 0044 00000000 		.word	P2_SPI
 203 0048 00380040 		.word	1073756160
 204              		.cfi_endproc
 205              	.LFE124:
ARM GAS  C:\Users\yvesk\AppData\Local\Temp\ccyX1sDh.s 			page 6


 207              		.section	.text.P1_SPI_Init,"ax",%progbits
 208              		.align	1
 209              		.global	P1_SPI_Init
 210              		.syntax unified
 211              		.thumb
 212              		.thumb_func
 213              		.fpu fpv4-sp-d16
 215              	P1_SPI_Init:
 216              	.LFB125:
  82:../../core/platform/octa/src/spi.c **** 
  83:../../core/platform/octa/src/spi.c **** /**
  84:../../core/platform/octa/src/spi.c ****   * @brief SPI3 Initialization Function
  85:../../core/platform/octa/src/spi.c ****   * @param None
  86:../../core/platform/octa/src/spi.c ****   * @retval None
  87:../../core/platform/octa/src/spi.c ****   */
  88:../../core/platform/octa/src/spi.c **** void P1_SPI_Init(void)
  89:../../core/platform/octa/src/spi.c **** {
 217              		.loc 1 89 1 is_stmt 1 view -0
 218              		.cfi_startproc
 219              		@ args = 0, pretend = 0, frame = 0
 220              		@ frame_needed = 0, uses_anonymous_args = 0
 221 0000 08B5     		push	{r3, lr}
 222              	.LCFI2:
 223              		.cfi_def_cfa_offset 8
 224              		.cfi_offset 3, -8
 225              		.cfi_offset 14, -4
  90:../../core/platform/octa/src/spi.c **** 
  91:../../core/platform/octa/src/spi.c ****   /* USER CODE BEGIN SPI3_Init 0 */
  92:../../core/platform/octa/src/spi.c **** 
  93:../../core/platform/octa/src/spi.c ****   /* USER CODE END SPI3_Init 0 */
  94:../../core/platform/octa/src/spi.c **** 
  95:../../core/platform/octa/src/spi.c ****   /* USER CODE BEGIN SPI3_Init 1 */
  96:../../core/platform/octa/src/spi.c **** 
  97:../../core/platform/octa/src/spi.c ****   /* USER CODE END SPI3_Init 1 */
  98:../../core/platform/octa/src/spi.c ****   /* SPI3 parameter configuration*/
  99:../../core/platform/octa/src/spi.c ****   P1_SPI.Instance = SPI3;
 226              		.loc 1 99 3 view .LVU71
 227              		.loc 1 99 19 is_stmt 0 view .LVU72
 228 0002 1048     		ldr	r0, .L17
 229 0004 104B     		ldr	r3, .L17+4
 230 0006 0360     		str	r3, [r0]
 100:../../core/platform/octa/src/spi.c ****   P1_SPI.Init.Mode = SPI_MODE_MASTER;
 231              		.loc 1 100 3 is_stmt 1 view .LVU73
 232              		.loc 1 100 20 is_stmt 0 view .LVU74
 233 0008 4FF48273 		mov	r3, #260
 234 000c 4360     		str	r3, [r0, #4]
 101:../../core/platform/octa/src/spi.c ****   P1_SPI.Init.Direction = SPI_DIRECTION_2LINES;
 235              		.loc 1 101 3 is_stmt 1 view .LVU75
 236              		.loc 1 101 25 is_stmt 0 view .LVU76
 237 000e 0023     		movs	r3, #0
 238 0010 8360     		str	r3, [r0, #8]
 102:../../core/platform/octa/src/spi.c ****   P1_SPI.Init.DataSize = SPI_DATASIZE_4BIT;
 239              		.loc 1 102 3 is_stmt 1 view .LVU77
 240              		.loc 1 102 24 is_stmt 0 view .LVU78
 241 0012 4FF44072 		mov	r2, #768
 242 0016 C260     		str	r2, [r0, #12]
 103:../../core/platform/octa/src/spi.c ****   P1_SPI.Init.CLKPolarity = SPI_POLARITY_LOW;
ARM GAS  C:\Users\yvesk\AppData\Local\Temp\ccyX1sDh.s 			page 7


 243              		.loc 1 103 3 is_stmt 1 view .LVU79
 244              		.loc 1 103 27 is_stmt 0 view .LVU80
 245 0018 0361     		str	r3, [r0, #16]
 104:../../core/platform/octa/src/spi.c ****   P1_SPI.Init.CLKPhase = SPI_PHASE_1EDGE;
 246              		.loc 1 104 3 is_stmt 1 view .LVU81
 247              		.loc 1 104 24 is_stmt 0 view .LVU82
 248 001a 4361     		str	r3, [r0, #20]
 105:../../core/platform/octa/src/spi.c ****   P1_SPI.Init.NSS = SPI_NSS_SOFT;
 249              		.loc 1 105 3 is_stmt 1 view .LVU83
 250              		.loc 1 105 19 is_stmt 0 view .LVU84
 251 001c 4FF40072 		mov	r2, #512
 252 0020 8261     		str	r2, [r0, #24]
 106:../../core/platform/octa/src/spi.c ****   P1_SPI.Init.BaudRatePrescaler = SPI_BAUDRATEPRESCALER_2;
 253              		.loc 1 106 3 is_stmt 1 view .LVU85
 254              		.loc 1 106 33 is_stmt 0 view .LVU86
 255 0022 C361     		str	r3, [r0, #28]
 107:../../core/platform/octa/src/spi.c ****   P1_SPI.Init.FirstBit = SPI_FIRSTBIT_MSB;
 256              		.loc 1 107 3 is_stmt 1 view .LVU87
 257              		.loc 1 107 24 is_stmt 0 view .LVU88
 258 0024 0362     		str	r3, [r0, #32]
 108:../../core/platform/octa/src/spi.c ****   P1_SPI.Init.TIMode = SPI_TIMODE_DISABLE;
 259              		.loc 1 108 3 is_stmt 1 view .LVU89
 260              		.loc 1 108 22 is_stmt 0 view .LVU90
 261 0026 4362     		str	r3, [r0, #36]
 109:../../core/platform/octa/src/spi.c ****   P1_SPI.Init.CRCCalculation = SPI_CRCCALCULATION_DISABLE;
 262              		.loc 1 109 3 is_stmt 1 view .LVU91
 263              		.loc 1 109 30 is_stmt 0 view .LVU92
 264 0028 8362     		str	r3, [r0, #40]
 110:../../core/platform/octa/src/spi.c ****   P1_SPI.Init.CRCPolynomial = 7;
 265              		.loc 1 110 3 is_stmt 1 view .LVU93
 266              		.loc 1 110 29 is_stmt 0 view .LVU94
 267 002a 0722     		movs	r2, #7
 268 002c C262     		str	r2, [r0, #44]
 111:../../core/platform/octa/src/spi.c ****   P1_SPI.Init.CRCLength = SPI_CRC_LENGTH_DATASIZE;
 269              		.loc 1 111 3 is_stmt 1 view .LVU95
 270              		.loc 1 111 25 is_stmt 0 view .LVU96
 271 002e 0363     		str	r3, [r0, #48]
 112:../../core/platform/octa/src/spi.c ****   P1_SPI.Init.NSSPMode = SPI_NSS_PULSE_ENABLE;
 272              		.loc 1 112 3 is_stmt 1 view .LVU97
 273              		.loc 1 112 24 is_stmt 0 view .LVU98
 274 0030 0823     		movs	r3, #8
 275 0032 4363     		str	r3, [r0, #52]
 113:../../core/platform/octa/src/spi.c ****   if (HAL_SPI_Init(&P1_SPI) != HAL_OK)
 276              		.loc 1 113 3 is_stmt 1 view .LVU99
 277              		.loc 1 113 7 is_stmt 0 view .LVU100
 278 0034 FFF7FEFF 		bl	HAL_SPI_Init
 279              	.LVL4:
 280              		.loc 1 113 6 view .LVU101
 281 0038 00B9     		cbnz	r0, .L16
 282              	.L13:
 114:../../core/platform/octa/src/spi.c ****   {
 115:../../core/platform/octa/src/spi.c ****     Error_Handler();
 116:../../core/platform/octa/src/spi.c ****   }
 117:../../core/platform/octa/src/spi.c ****   /* USER CODE BEGIN SPI3_Init 2 */
 118:../../core/platform/octa/src/spi.c **** 
 119:../../core/platform/octa/src/spi.c ****   /* USER CODE END SPI3_Init 2 */
 120:../../core/platform/octa/src/spi.c **** 
ARM GAS  C:\Users\yvesk\AppData\Local\Temp\ccyX1sDh.s 			page 8


 121:../../core/platform/octa/src/spi.c **** }
 283              		.loc 1 121 1 view .LVU102
 284 003a 08BD     		pop	{r3, pc}
 285              	.L16:
 286              	.LBB4:
 115:../../core/platform/octa/src/spi.c ****   }
 287              		.loc 1 115 5 is_stmt 1 view .LVU103
 288 003c FFF7FEFF 		bl	Error_Handler
 289              	.LVL5:
 290              	.LBE4:
 291              		.loc 1 121 1 is_stmt 0 view .LVU104
 292 0040 FBE7     		b	.L13
 293              	.L18:
 294 0042 00BF     		.align	2
 295              	.L17:
 296 0044 00000000 		.word	P1_SPI
 297 0048 003C0040 		.word	1073757184
 298              		.cfi_endproc
 299              	.LFE125:
 301              		.section	.text.FLASH_SPI_Init,"ax",%progbits
 302              		.align	1
 303              		.global	FLASH_SPI_Init
 304              		.syntax unified
 305              		.thumb
 306              		.thumb_func
 307              		.fpu fpv4-sp-d16
 309              	FLASH_SPI_Init:
 310              	.LFB126:
 122:../../core/platform/octa/src/spi.c **** 
 123:../../core/platform/octa/src/spi.c **** void FLASH_SPI_Init(void)
 124:../../core/platform/octa/src/spi.c **** {
 311              		.loc 1 124 1 is_stmt 1 view -0
 312              		.cfi_startproc
 313              		@ args = 0, pretend = 0, frame = 0
 314              		@ frame_needed = 0, uses_anonymous_args = 0
 315 0000 08B5     		push	{r3, lr}
 316              	.LCFI3:
 317              		.cfi_def_cfa_offset 8
 318              		.cfi_offset 3, -8
 319              		.cfi_offset 14, -4
 125:../../core/platform/octa/src/spi.c **** 
 126:../../core/platform/octa/src/spi.c ****   /* SPI1 parameter configuration*/
 127:../../core/platform/octa/src/spi.c ****   FLASH_SPI.Instance = SPI1;
 320              		.loc 1 127 3 view .LVU106
 321              		.loc 1 127 22 is_stmt 0 view .LVU107
 322 0002 1048     		ldr	r0, .L23
 323 0004 104B     		ldr	r3, .L23+4
 324 0006 0360     		str	r3, [r0]
 128:../../core/platform/octa/src/spi.c ****   FLASH_SPI.Init.Mode = SPI_MODE_MASTER;
 325              		.loc 1 128 3 is_stmt 1 view .LVU108
 326              		.loc 1 128 23 is_stmt 0 view .LVU109
 327 0008 4FF48273 		mov	r3, #260
 328 000c 4360     		str	r3, [r0, #4]
 129:../../core/platform/octa/src/spi.c ****   FLASH_SPI.Init.Direction = SPI_DIRECTION_2LINES;
 329              		.loc 1 129 3 is_stmt 1 view .LVU110
 330              		.loc 1 129 28 is_stmt 0 view .LVU111
 331 000e 0023     		movs	r3, #0
ARM GAS  C:\Users\yvesk\AppData\Local\Temp\ccyX1sDh.s 			page 9


 332 0010 8360     		str	r3, [r0, #8]
 130:../../core/platform/octa/src/spi.c ****   FLASH_SPI.Init.DataSize = SPI_DATASIZE_8BIT;
 333              		.loc 1 130 3 is_stmt 1 view .LVU112
 334              		.loc 1 130 27 is_stmt 0 view .LVU113
 335 0012 4FF4E062 		mov	r2, #1792
 336 0016 C260     		str	r2, [r0, #12]
 131:../../core/platform/octa/src/spi.c ****   FLASH_SPI.Init.CLKPolarity = SPI_POLARITY_LOW;
 337              		.loc 1 131 3 is_stmt 1 view .LVU114
 338              		.loc 1 131 30 is_stmt 0 view .LVU115
 339 0018 0361     		str	r3, [r0, #16]
 132:../../core/platform/octa/src/spi.c ****   FLASH_SPI.Init.CLKPhase = SPI_PHASE_1EDGE;
 340              		.loc 1 132 3 is_stmt 1 view .LVU116
 341              		.loc 1 132 27 is_stmt 0 view .LVU117
 342 001a 4361     		str	r3, [r0, #20]
 133:../../core/platform/octa/src/spi.c ****   FLASH_SPI.Init.NSS = SPI_NSS_SOFT;
 343              		.loc 1 133 3 is_stmt 1 view .LVU118
 344              		.loc 1 133 22 is_stmt 0 view .LVU119
 345 001c 4FF40072 		mov	r2, #512
 346 0020 8261     		str	r2, [r0, #24]
 134:../../core/platform/octa/src/spi.c ****   FLASH_SPI.Init.BaudRatePrescaler = SPI_BAUDRATEPRESCALER_2;
 347              		.loc 1 134 3 is_stmt 1 view .LVU120
 348              		.loc 1 134 36 is_stmt 0 view .LVU121
 349 0022 C361     		str	r3, [r0, #28]
 135:../../core/platform/octa/src/spi.c ****   FLASH_SPI.Init.FirstBit = SPI_FIRSTBIT_MSB;
 350              		.loc 1 135 3 is_stmt 1 view .LVU122
 351              		.loc 1 135 27 is_stmt 0 view .LVU123
 352 0024 0362     		str	r3, [r0, #32]
 136:../../core/platform/octa/src/spi.c ****   FLASH_SPI.Init.TIMode = SPI_TIMODE_DISABLE;
 353              		.loc 1 136 3 is_stmt 1 view .LVU124
 354              		.loc 1 136 25 is_stmt 0 view .LVU125
 355 0026 4362     		str	r3, [r0, #36]
 137:../../core/platform/octa/src/spi.c ****   FLASH_SPI.Init.CRCCalculation = SPI_CRCCALCULATION_DISABLE;
 356              		.loc 1 137 3 is_stmt 1 view .LVU126
 357              		.loc 1 137 33 is_stmt 0 view .LVU127
 358 0028 8362     		str	r3, [r0, #40]
 138:../../core/platform/octa/src/spi.c ****   FLASH_SPI.Init.CRCPolynomial = 7;
 359              		.loc 1 138 3 is_stmt 1 view .LVU128
 360              		.loc 1 138 32 is_stmt 0 view .LVU129
 361 002a 0722     		movs	r2, #7
 362 002c C262     		str	r2, [r0, #44]
 139:../../core/platform/octa/src/spi.c ****   FLASH_SPI.Init.CRCLength = SPI_CRC_LENGTH_8BIT;//SPI_CRC_LENGTH_DATASIZE;
 363              		.loc 1 139 3 is_stmt 1 view .LVU130
 364              		.loc 1 139 28 is_stmt 0 view .LVU131
 365 002e 0122     		movs	r2, #1
 366 0030 0263     		str	r2, [r0, #48]
 140:../../core/platform/octa/src/spi.c ****   FLASH_SPI.Init.NSSPMode = SPI_NSS_PULSE_DISABLE;//SPI_NSS_PULSE_ENABLE;
 367              		.loc 1 140 3 is_stmt 1 view .LVU132
 368              		.loc 1 140 27 is_stmt 0 view .LVU133
 369 0032 4363     		str	r3, [r0, #52]
 141:../../core/platform/octa/src/spi.c ****   if (HAL_SPI_Init(&FLASH_SPI) != HAL_OK)
 370              		.loc 1 141 3 is_stmt 1 view .LVU134
 371              		.loc 1 141 7 is_stmt 0 view .LVU135
 372 0034 FFF7FEFF 		bl	HAL_SPI_Init
 373              	.LVL6:
 374              		.loc 1 141 6 view .LVU136
 375 0038 00B9     		cbnz	r0, .L22
 376              	.L19:
ARM GAS  C:\Users\yvesk\AppData\Local\Temp\ccyX1sDh.s 			page 10


 142:../../core/platform/octa/src/spi.c ****   {
 143:../../core/platform/octa/src/spi.c ****      Error_Handler();
 144:../../core/platform/octa/src/spi.c ****   }
 145:../../core/platform/octa/src/spi.c **** 
 146:../../core/platform/octa/src/spi.c **** }...
 377              		.loc 1 146 1 view .LVU137
 378 003a 08BD     		pop	{r3, pc}
 379              	.L22:
 380              	.LBB5:
 143:../../core/platform/octa/src/spi.c ****      Error_Handler();
 381              		.loc 1 143 6 is_stmt 1 view .LVU138
 382 003c FFF7FEFF 		bl	Error_Handler
 383              	.LVL7:
 384              	.LBE5:
 385              		.loc 1 146 1 is_stmt 0 view .LVU139
 386 0040 FBE7     		b	.L19
 387              	.L24:
 388 0042 00BF     		.align	2
 389              	.L23:
 390 0044 00000000 		.word	FLASH_SPI
 391 0048 00300140 		.word	1073819648
 392              		.cfi_endproc
 393              	.LFE126:
 395              		.comm	FLASH_SPI,100,4
 396              		.comm	P3_SPI,100,4
 397              		.comm	P2_SPI,100,4
 398              		.comm	P1_SPI,100,4
 399              		.text
 400              	.Letext0:
 401              		.file 2 "c:\\program files (x86)\\gnu tools arm embedded\\8 2019-q3-update\\arm-none-eabi\\include
 402              		.file 3 "c:\\program files (x86)\\gnu tools arm embedded\\8 2019-q3-update\\arm-none-eabi\\include
 403              		.file 4 "../../core/ST/CMSIS/Include/core_cm4.h"
 404              		.file 5 "../../core/ST/CMSIS/Device/ST/STM32L4xx/Include/system_stm32l4xx.h"
 405              		.file 6 "../../core/ST/CMSIS/Device/ST/STM32L4xx/Include/stm32l496xx.h"
 406              		.file 7 "../../core/ST/STM32L4xx_HAL_Driver/Inc/stm32l4xx_hal_def.h"
 407              		.file 8 "../../core/ST/STM32L4xx_HAL_Driver/Inc/stm32l4xx_hal_dma.h"
 408              		.file 9 "../../core/ST/STM32L4xx_HAL_Driver/Inc/stm32l4xx_hal_spi.h"
 409              		.file 10 "../../core/ST/STM32L4xx_HAL_Driver/Inc/stm32l4xx_hal.h"
 410              		.file 11 "../../core/platform/octa/inc/spi.h"
ARM GAS  C:\Users\yvesk\AppData\Local\Temp\ccyX1sDh.s 			page 11


DEFINED SYMBOLS
                            *ABS*:00000000 spi.c
C:\Users\yvesk\AppData\Local\Temp\ccyX1sDh.s:18     .text.P3_SPI_Init:00000000 $t
C:\Users\yvesk\AppData\Local\Temp\ccyX1sDh.s:26     .text.P3_SPI_Init:00000000 P3_SPI_Init
C:\Users\yvesk\AppData\Local\Temp\ccyX1sDh.s:108    .text.P3_SPI_Init:00000044 $d
                            *COM*:00000064 P3_SPI
C:\Users\yvesk\AppData\Local\Temp\ccyX1sDh.s:114    .text.P2_SPI_Init:00000000 $t
C:\Users\yvesk\AppData\Local\Temp\ccyX1sDh.s:121    .text.P2_SPI_Init:00000000 P2_SPI_Init
C:\Users\yvesk\AppData\Local\Temp\ccyX1sDh.s:202    .text.P2_SPI_Init:00000044 $d
                            *COM*:00000064 P2_SPI
C:\Users\yvesk\AppData\Local\Temp\ccyX1sDh.s:208    .text.P1_SPI_Init:00000000 $t
C:\Users\yvesk\AppData\Local\Temp\ccyX1sDh.s:215    .text.P1_SPI_Init:00000000 P1_SPI_Init
C:\Users\yvesk\AppData\Local\Temp\ccyX1sDh.s:296    .text.P1_SPI_Init:00000044 $d
                            *COM*:00000064 P1_SPI
C:\Users\yvesk\AppData\Local\Temp\ccyX1sDh.s:302    .text.FLASH_SPI_Init:00000000 $t
C:\Users\yvesk\AppData\Local\Temp\ccyX1sDh.s:309    .text.FLASH_SPI_Init:00000000 FLASH_SPI_Init
C:\Users\yvesk\AppData\Local\Temp\ccyX1sDh.s:390    .text.FLASH_SPI_Init:00000044 $d
                            *COM*:00000064 FLASH_SPI

UNDEFINED SYMBOLS
HAL_SPI_Init
Error_Handler
