ARM GAS  C:\Users\yvesk\AppData\Local\Temp\ccpXxRW7.s 			page 1


   1              		.cpu cortex-m4
   2              		.eabi_attribute 27, 1
   3              		.eabi_attribute 28, 1
   4              		.eabi_attribute 20, 1
   5              		.eabi_attribute 21, 1
   6              		.eabi_attribute 23, 3
   7              		.eabi_attribute 24, 1
   8              		.eabi_attribute 25, 1
   9              		.eabi_attribute 26, 1
  10              		.eabi_attribute 30, 1
  11              		.eabi_attribute 34, 1
  12              		.eabi_attribute 18, 4
  13              		.file	"stm32l4xx_hal_crc_ex.c"
  14              		.text
  15              	.Ltext0:
  16              		.cfi_sections	.debug_frame
  17              		.section	.text.HAL_CRCEx_Polynomial_Set,"ax",%progbits
  18              		.align	1
  19              		.global	HAL_CRCEx_Polynomial_Set
  20              		.arch armv7e-m
  21              		.syntax unified
  22              		.thumb
  23              		.thumb_func
  24              		.fpu fpv4-sp-d16
  26              	HAL_CRCEx_Polynomial_Set:
  27              	.LVL0:
  28              	.LFB123:
  29              		.file 1 "../../core/ST/STM32L4xx_HAL_Driver/Src/stm32l4xx_hal_crc_ex.c"
   1:../../core/ST/STM32L4xx_HAL_Driver/Src/stm32l4xx_hal_crc_ex.c **** /**
   2:../../core/ST/STM32L4xx_HAL_Driver/Src/stm32l4xx_hal_crc_ex.c ****   ******************************************************************************
   3:../../core/ST/STM32L4xx_HAL_Driver/Src/stm32l4xx_hal_crc_ex.c ****   * @file    stm32l4xx_hal_crc_ex.c
   4:../../core/ST/STM32L4xx_HAL_Driver/Src/stm32l4xx_hal_crc_ex.c ****   * @author  MCD Application Team
   5:../../core/ST/STM32L4xx_HAL_Driver/Src/stm32l4xx_hal_crc_ex.c ****   * @brief   Extended CRC HAL module driver.
   6:../../core/ST/STM32L4xx_HAL_Driver/Src/stm32l4xx_hal_crc_ex.c ****   *          This file provides firmware functions to manage the extended
   7:../../core/ST/STM32L4xx_HAL_Driver/Src/stm32l4xx_hal_crc_ex.c ****   *          functionalities of the CRC peripheral.
   8:../../core/ST/STM32L4xx_HAL_Driver/Src/stm32l4xx_hal_crc_ex.c ****   *
   9:../../core/ST/STM32L4xx_HAL_Driver/Src/stm32l4xx_hal_crc_ex.c ****   @verbatim
  10:../../core/ST/STM32L4xx_HAL_Driver/Src/stm32l4xx_hal_crc_ex.c **** ================================================================================
  11:../../core/ST/STM32L4xx_HAL_Driver/Src/stm32l4xx_hal_crc_ex.c ****             ##### How to use this driver #####
  12:../../core/ST/STM32L4xx_HAL_Driver/Src/stm32l4xx_hal_crc_ex.c **** ================================================================================
  13:../../core/ST/STM32L4xx_HAL_Driver/Src/stm32l4xx_hal_crc_ex.c ****     [..]
  14:../../core/ST/STM32L4xx_HAL_Driver/Src/stm32l4xx_hal_crc_ex.c ****          (+) Set user-defined generating polynomial thru HAL_CRCEx_Polynomial_Set()
  15:../../core/ST/STM32L4xx_HAL_Driver/Src/stm32l4xx_hal_crc_ex.c ****          (+) Configure Input or Output data inversion
  16:../../core/ST/STM32L4xx_HAL_Driver/Src/stm32l4xx_hal_crc_ex.c **** 
  17:../../core/ST/STM32L4xx_HAL_Driver/Src/stm32l4xx_hal_crc_ex.c ****   @endverbatim
  18:../../core/ST/STM32L4xx_HAL_Driver/Src/stm32l4xx_hal_crc_ex.c ****   ******************************************************************************
  19:../../core/ST/STM32L4xx_HAL_Driver/Src/stm32l4xx_hal_crc_ex.c ****   * @attention
  20:../../core/ST/STM32L4xx_HAL_Driver/Src/stm32l4xx_hal_crc_ex.c ****   *
  21:../../core/ST/STM32L4xx_HAL_Driver/Src/stm32l4xx_hal_crc_ex.c ****   * <h2><center>&copy; COPYRIGHT(c) 2017 STMicroelectronics</center></h2>
  22:../../core/ST/STM32L4xx_HAL_Driver/Src/stm32l4xx_hal_crc_ex.c ****   *
  23:../../core/ST/STM32L4xx_HAL_Driver/Src/stm32l4xx_hal_crc_ex.c ****   * Redistribution and use in source and binary forms, with or without modification,
  24:../../core/ST/STM32L4xx_HAL_Driver/Src/stm32l4xx_hal_crc_ex.c ****   * are permitted provided that the following conditions are met:
  25:../../core/ST/STM32L4xx_HAL_Driver/Src/stm32l4xx_hal_crc_ex.c ****   *   1. Redistributions of source code must retain the above copyright notice,
  26:../../core/ST/STM32L4xx_HAL_Driver/Src/stm32l4xx_hal_crc_ex.c ****   *      this list of conditions and the following disclaimer.
  27:../../core/ST/STM32L4xx_HAL_Driver/Src/stm32l4xx_hal_crc_ex.c ****   *   2. Redistributions in binary form must reproduce the above copyright notice,
  28:../../core/ST/STM32L4xx_HAL_Driver/Src/stm32l4xx_hal_crc_ex.c ****   *      this list of conditions and the following disclaimer in the documentation
  29:../../core/ST/STM32L4xx_HAL_Driver/Src/stm32l4xx_hal_crc_ex.c ****   *      and/or other materials provided with the distribution.
ARM GAS  C:\Users\yvesk\AppData\Local\Temp\ccpXxRW7.s 			page 2


  30:../../core/ST/STM32L4xx_HAL_Driver/Src/stm32l4xx_hal_crc_ex.c ****   *   3. Neither the name of STMicroelectronics nor the names of its contributors
  31:../../core/ST/STM32L4xx_HAL_Driver/Src/stm32l4xx_hal_crc_ex.c ****   *      may be used to endorse or promote products derived from this software
  32:../../core/ST/STM32L4xx_HAL_Driver/Src/stm32l4xx_hal_crc_ex.c ****   *      without specific prior written permission.
  33:../../core/ST/STM32L4xx_HAL_Driver/Src/stm32l4xx_hal_crc_ex.c ****   *
  34:../../core/ST/STM32L4xx_HAL_Driver/Src/stm32l4xx_hal_crc_ex.c ****   * THIS SOFTWARE IS PROVIDED BY THE COPYRIGHT HOLDERS AND CONTRIBUTORS "AS IS"
  35:../../core/ST/STM32L4xx_HAL_Driver/Src/stm32l4xx_hal_crc_ex.c ****   * AND ANY EXPRESS OR IMPLIED WARRANTIES, INCLUDING, BUT NOT LIMITED TO, THE
  36:../../core/ST/STM32L4xx_HAL_Driver/Src/stm32l4xx_hal_crc_ex.c ****   * IMPLIED WARRANTIES OF MERCHANTABILITY AND FITNESS FOR A PARTICULAR PURPOSE ARE
  37:../../core/ST/STM32L4xx_HAL_Driver/Src/stm32l4xx_hal_crc_ex.c ****   * DISCLAIMED. IN NO EVENT SHALL THE COPYRIGHT HOLDER OR CONTRIBUTORS BE LIABLE
  38:../../core/ST/STM32L4xx_HAL_Driver/Src/stm32l4xx_hal_crc_ex.c ****   * FOR ANY DIRECT, INDIRECT, INCIDENTAL, SPECIAL, EXEMPLARY, OR CONSEQUENTIAL
  39:../../core/ST/STM32L4xx_HAL_Driver/Src/stm32l4xx_hal_crc_ex.c ****   * DAMAGES (INCLUDING, BUT NOT LIMITED TO, PROCUREMENT OF SUBSTITUTE GOODS OR
  40:../../core/ST/STM32L4xx_HAL_Driver/Src/stm32l4xx_hal_crc_ex.c ****   * SERVICES; LOSS OF USE, DATA, OR PROFITS; OR BUSINESS INTERRUPTION) HOWEVER
  41:../../core/ST/STM32L4xx_HAL_Driver/Src/stm32l4xx_hal_crc_ex.c ****   * CAUSED AND ON ANY THEORY OF LIABILITY, WHETHER IN CONTRACT, STRICT LIABILITY,
  42:../../core/ST/STM32L4xx_HAL_Driver/Src/stm32l4xx_hal_crc_ex.c ****   * OR TORT (INCLUDING NEGLIGENCE OR OTHERWISE) ARISING IN ANY WAY OUT OF THE USE
  43:../../core/ST/STM32L4xx_HAL_Driver/Src/stm32l4xx_hal_crc_ex.c ****   * OF THIS SOFTWARE, EVEN IF ADVISED OF THE POSSIBILITY OF SUCH DAMAGE.
  44:../../core/ST/STM32L4xx_HAL_Driver/Src/stm32l4xx_hal_crc_ex.c ****   *
  45:../../core/ST/STM32L4xx_HAL_Driver/Src/stm32l4xx_hal_crc_ex.c ****   ******************************************************************************
  46:../../core/ST/STM32L4xx_HAL_Driver/Src/stm32l4xx_hal_crc_ex.c ****   */
  47:../../core/ST/STM32L4xx_HAL_Driver/Src/stm32l4xx_hal_crc_ex.c **** 
  48:../../core/ST/STM32L4xx_HAL_Driver/Src/stm32l4xx_hal_crc_ex.c **** /* Includes ------------------------------------------------------------------*/
  49:../../core/ST/STM32L4xx_HAL_Driver/Src/stm32l4xx_hal_crc_ex.c **** #include "stm32l4xx_hal.h"
  50:../../core/ST/STM32L4xx_HAL_Driver/Src/stm32l4xx_hal_crc_ex.c **** 
  51:../../core/ST/STM32L4xx_HAL_Driver/Src/stm32l4xx_hal_crc_ex.c **** /** @addtogroup STM32L4xx_HAL_Driver
  52:../../core/ST/STM32L4xx_HAL_Driver/Src/stm32l4xx_hal_crc_ex.c ****   * @{
  53:../../core/ST/STM32L4xx_HAL_Driver/Src/stm32l4xx_hal_crc_ex.c ****   */
  54:../../core/ST/STM32L4xx_HAL_Driver/Src/stm32l4xx_hal_crc_ex.c **** 
  55:../../core/ST/STM32L4xx_HAL_Driver/Src/stm32l4xx_hal_crc_ex.c **** /** @defgroup CRCEx CRCEx
  56:../../core/ST/STM32L4xx_HAL_Driver/Src/stm32l4xx_hal_crc_ex.c ****   * @brief CRC Extended HAL module driver
  57:../../core/ST/STM32L4xx_HAL_Driver/Src/stm32l4xx_hal_crc_ex.c ****   * @{
  58:../../core/ST/STM32L4xx_HAL_Driver/Src/stm32l4xx_hal_crc_ex.c ****   */
  59:../../core/ST/STM32L4xx_HAL_Driver/Src/stm32l4xx_hal_crc_ex.c **** 
  60:../../core/ST/STM32L4xx_HAL_Driver/Src/stm32l4xx_hal_crc_ex.c **** #ifdef HAL_CRC_MODULE_ENABLED
  61:../../core/ST/STM32L4xx_HAL_Driver/Src/stm32l4xx_hal_crc_ex.c **** 
  62:../../core/ST/STM32L4xx_HAL_Driver/Src/stm32l4xx_hal_crc_ex.c **** /* Private typedef -----------------------------------------------------------*/
  63:../../core/ST/STM32L4xx_HAL_Driver/Src/stm32l4xx_hal_crc_ex.c **** /* Private define ------------------------------------------------------------*/
  64:../../core/ST/STM32L4xx_HAL_Driver/Src/stm32l4xx_hal_crc_ex.c **** /* Private macro -------------------------------------------------------------*/
  65:../../core/ST/STM32L4xx_HAL_Driver/Src/stm32l4xx_hal_crc_ex.c **** /* Private variables ---------------------------------------------------------*/
  66:../../core/ST/STM32L4xx_HAL_Driver/Src/stm32l4xx_hal_crc_ex.c **** /* Private function prototypes -----------------------------------------------*/
  67:../../core/ST/STM32L4xx_HAL_Driver/Src/stm32l4xx_hal_crc_ex.c **** /* Exported functions --------------------------------------------------------*/
  68:../../core/ST/STM32L4xx_HAL_Driver/Src/stm32l4xx_hal_crc_ex.c **** 
  69:../../core/ST/STM32L4xx_HAL_Driver/Src/stm32l4xx_hal_crc_ex.c **** /** @defgroup CRCEx_Exported_Functions CRC Extended Exported Functions
  70:../../core/ST/STM32L4xx_HAL_Driver/Src/stm32l4xx_hal_crc_ex.c ****   * @{
  71:../../core/ST/STM32L4xx_HAL_Driver/Src/stm32l4xx_hal_crc_ex.c ****   */
  72:../../core/ST/STM32L4xx_HAL_Driver/Src/stm32l4xx_hal_crc_ex.c **** 
  73:../../core/ST/STM32L4xx_HAL_Driver/Src/stm32l4xx_hal_crc_ex.c **** /** @defgroup CRCEx_Exported_Functions_Group1 Extended Initialization/de-initialization functions
  74:../../core/ST/STM32L4xx_HAL_Driver/Src/stm32l4xx_hal_crc_ex.c ****   * @brief    Extended Initialization and Configuration functions.
  75:../../core/ST/STM32L4xx_HAL_Driver/Src/stm32l4xx_hal_crc_ex.c ****   *
  76:../../core/ST/STM32L4xx_HAL_Driver/Src/stm32l4xx_hal_crc_ex.c **** @verbatim
  77:../../core/ST/STM32L4xx_HAL_Driver/Src/stm32l4xx_hal_crc_ex.c ****  ===============================================================================
  78:../../core/ST/STM32L4xx_HAL_Driver/Src/stm32l4xx_hal_crc_ex.c ****             ##### Extended configuration functions #####
  79:../../core/ST/STM32L4xx_HAL_Driver/Src/stm32l4xx_hal_crc_ex.c ****  ===============================================================================
  80:../../core/ST/STM32L4xx_HAL_Driver/Src/stm32l4xx_hal_crc_ex.c ****     [..]  This section provides functions allowing to:
  81:../../core/ST/STM32L4xx_HAL_Driver/Src/stm32l4xx_hal_crc_ex.c ****       (+) Configure the generating polynomial
  82:../../core/ST/STM32L4xx_HAL_Driver/Src/stm32l4xx_hal_crc_ex.c ****       (+) Configure the input data inversion
  83:../../core/ST/STM32L4xx_HAL_Driver/Src/stm32l4xx_hal_crc_ex.c ****       (+) Configure the output data inversion
  84:../../core/ST/STM32L4xx_HAL_Driver/Src/stm32l4xx_hal_crc_ex.c **** 
  85:../../core/ST/STM32L4xx_HAL_Driver/Src/stm32l4xx_hal_crc_ex.c **** @endverbatim
  86:../../core/ST/STM32L4xx_HAL_Driver/Src/stm32l4xx_hal_crc_ex.c ****   * @{
ARM GAS  C:\Users\yvesk\AppData\Local\Temp\ccpXxRW7.s 			page 3


  87:../../core/ST/STM32L4xx_HAL_Driver/Src/stm32l4xx_hal_crc_ex.c ****   */
  88:../../core/ST/STM32L4xx_HAL_Driver/Src/stm32l4xx_hal_crc_ex.c **** 
  89:../../core/ST/STM32L4xx_HAL_Driver/Src/stm32l4xx_hal_crc_ex.c **** 
  90:../../core/ST/STM32L4xx_HAL_Driver/Src/stm32l4xx_hal_crc_ex.c **** /**
  91:../../core/ST/STM32L4xx_HAL_Driver/Src/stm32l4xx_hal_crc_ex.c ****   * @brief  Initialize the CRC polynomial if different from default one.
  92:../../core/ST/STM32L4xx_HAL_Driver/Src/stm32l4xx_hal_crc_ex.c ****   * @param  hcrc CRC handle
  93:../../core/ST/STM32L4xx_HAL_Driver/Src/stm32l4xx_hal_crc_ex.c ****   * @param  Pol CRC generating polynomial (7, 8, 16 or 32-bit long).
  94:../../core/ST/STM32L4xx_HAL_Driver/Src/stm32l4xx_hal_crc_ex.c ****   *         This parameter is written in normal representation, e.g.
  95:../../core/ST/STM32L4xx_HAL_Driver/Src/stm32l4xx_hal_crc_ex.c ****   *         @arg for a polynomial of degree 7, X^7 + X^6 + X^5 + X^2 + 1 is written 0x65
  96:../../core/ST/STM32L4xx_HAL_Driver/Src/stm32l4xx_hal_crc_ex.c ****   *         @arg for a polynomial of degree 16, X^16 + X^12 + X^5 + 1 is written 0x1021
  97:../../core/ST/STM32L4xx_HAL_Driver/Src/stm32l4xx_hal_crc_ex.c ****   * @param  PolyLength CRC polynomial length.
  98:../../core/ST/STM32L4xx_HAL_Driver/Src/stm32l4xx_hal_crc_ex.c ****   *         This parameter can be one of the following values:
  99:../../core/ST/STM32L4xx_HAL_Driver/Src/stm32l4xx_hal_crc_ex.c ****   *          @arg @ref CRC_POLYLENGTH_7B  7-bit long CRC (generating polynomial of degree 7)
 100:../../core/ST/STM32L4xx_HAL_Driver/Src/stm32l4xx_hal_crc_ex.c ****   *          @arg @ref CRC_POLYLENGTH_8B  8-bit long CRC (generating polynomial of degree 8)
 101:../../core/ST/STM32L4xx_HAL_Driver/Src/stm32l4xx_hal_crc_ex.c ****   *          @arg @ref CRC_POLYLENGTH_16B 16-bit long CRC (generating polynomial of degree 16)
 102:../../core/ST/STM32L4xx_HAL_Driver/Src/stm32l4xx_hal_crc_ex.c ****   *          @arg @ref CRC_POLYLENGTH_32B 32-bit long CRC (generating polynomial of degree 32)
 103:../../core/ST/STM32L4xx_HAL_Driver/Src/stm32l4xx_hal_crc_ex.c ****   * @retval HAL status
 104:../../core/ST/STM32L4xx_HAL_Driver/Src/stm32l4xx_hal_crc_ex.c ****   */
 105:../../core/ST/STM32L4xx_HAL_Driver/Src/stm32l4xx_hal_crc_ex.c **** HAL_StatusTypeDef HAL_CRCEx_Polynomial_Set(CRC_HandleTypeDef *hcrc, uint32_t Pol, uint32_t PolyLeng
 106:../../core/ST/STM32L4xx_HAL_Driver/Src/stm32l4xx_hal_crc_ex.c **** {
  30              		.loc 1 106 1 view -0
  31              		.cfi_startproc
  32              		@ args = 0, pretend = 0, frame = 0
  33              		@ frame_needed = 0, uses_anonymous_args = 0
  34              		@ link register save eliminated.
  35              		.loc 1 106 1 is_stmt 0 view .LVU1
  36 0000 30B4     		push	{r4, r5}
  37              	.LCFI0:
  38              		.cfi_def_cfa_offset 8
  39              		.cfi_offset 4, -8
  40              		.cfi_offset 5, -4
 107:../../core/ST/STM32L4xx_HAL_Driver/Src/stm32l4xx_hal_crc_ex.c ****   HAL_StatusTypeDef status = HAL_OK;
  41              		.loc 1 107 3 is_stmt 1 view .LVU2
  42              	.LVL1:
 108:../../core/ST/STM32L4xx_HAL_Driver/Src/stm32l4xx_hal_crc_ex.c ****   uint32_t msb = 31U; /* polynomial degree is 32 at most, so msb is initialized to max value */
  43              		.loc 1 108 3 view .LVU3
 109:../../core/ST/STM32L4xx_HAL_Driver/Src/stm32l4xx_hal_crc_ex.c **** 
 110:../../core/ST/STM32L4xx_HAL_Driver/Src/stm32l4xx_hal_crc_ex.c ****   /* Check the parameters */
 111:../../core/ST/STM32L4xx_HAL_Driver/Src/stm32l4xx_hal_crc_ex.c ****   assert_param(IS_CRC_POL_LENGTH(PolyLength));
  44              		.loc 1 111 3 view .LVU4
 112:../../core/ST/STM32L4xx_HAL_Driver/Src/stm32l4xx_hal_crc_ex.c **** 
 113:../../core/ST/STM32L4xx_HAL_Driver/Src/stm32l4xx_hal_crc_ex.c ****   /* check polynomial definition vs polynomial size:
 114:../../core/ST/STM32L4xx_HAL_Driver/Src/stm32l4xx_hal_crc_ex.c ****    * polynomial length must be aligned with polynomial
 115:../../core/ST/STM32L4xx_HAL_Driver/Src/stm32l4xx_hal_crc_ex.c ****    * definition. HAL_ERROR is reported if Pol degree is
 116:../../core/ST/STM32L4xx_HAL_Driver/Src/stm32l4xx_hal_crc_ex.c ****    * larger than that indicated by PolyLength.
 117:../../core/ST/STM32L4xx_HAL_Driver/Src/stm32l4xx_hal_crc_ex.c ****    * Look for MSB position: msb will contain the degree of
 118:../../core/ST/STM32L4xx_HAL_Driver/Src/stm32l4xx_hal_crc_ex.c ****    *  the second to the largest polynomial member. E.g., for
 119:../../core/ST/STM32L4xx_HAL_Driver/Src/stm32l4xx_hal_crc_ex.c ****    *  X^7 + X^6 + X^5 + X^2 + 1, msb = 6. */
 120:../../core/ST/STM32L4xx_HAL_Driver/Src/stm32l4xx_hal_crc_ex.c ****   while ((msb-- > 0U) && ((Pol & ((uint32_t)(0x1U) << (msb & 0x1FU))) == 0U))
  45              		.loc 1 120 3 view .LVU5
 108:../../core/ST/STM32L4xx_HAL_Driver/Src/stm32l4xx_hal_crc_ex.c **** 
  46              		.loc 1 108 12 is_stmt 0 view .LVU6
  47 0002 1F24     		movs	r4, #31
  48              	.LVL2:
  49              	.L3:
 121:../../core/ST/STM32L4xx_HAL_Driver/Src/stm32l4xx_hal_crc_ex.c ****   {
 122:../../core/ST/STM32L4xx_HAL_Driver/Src/stm32l4xx_hal_crc_ex.c ****   }
ARM GAS  C:\Users\yvesk\AppData\Local\Temp\ccpXxRW7.s 			page 4


  50              		.loc 1 122 3 is_stmt 1 discriminator 2 view .LVU7
 120:../../core/ST/STM32L4xx_HAL_Driver/Src/stm32l4xx_hal_crc_ex.c ****   {
  51              		.loc 1 120 14 is_stmt 0 discriminator 2 view .LVU8
  52 0004 651E     		subs	r5, r4, #1
  53              	.LVL3:
 120:../../core/ST/STM32L4xx_HAL_Driver/Src/stm32l4xx_hal_crc_ex.c ****   {
  54              		.loc 1 120 9 discriminator 2 view .LVU9
  55 0006 3CB1     		cbz	r4, .L2
 120:../../core/ST/STM32L4xx_HAL_Driver/Src/stm32l4xx_hal_crc_ex.c ****   {
  56              		.loc 1 120 60 discriminator 1 view .LVU10
  57 0008 05F01F03 		and	r3, r5, #31
 120:../../core/ST/STM32L4xx_HAL_Driver/Src/stm32l4xx_hal_crc_ex.c ****   {
  58              		.loc 1 120 71 discriminator 1 view .LVU11
  59 000c 21FA03F3 		lsr	r3, r1, r3
 120:../../core/ST/STM32L4xx_HAL_Driver/Src/stm32l4xx_hal_crc_ex.c ****   {
  60              		.loc 1 120 14 discriminator 1 view .LVU12
  61 0010 2C46     		mov	r4, r5
 120:../../core/ST/STM32L4xx_HAL_Driver/Src/stm32l4xx_hal_crc_ex.c ****   {
  62              		.loc 1 120 23 discriminator 1 view .LVU13
  63 0012 13F0010F 		tst	r3, #1
  64 0016 F5D0     		beq	.L3
  65              	.L2:
 123:../../core/ST/STM32L4xx_HAL_Driver/Src/stm32l4xx_hal_crc_ex.c **** 
 124:../../core/ST/STM32L4xx_HAL_Driver/Src/stm32l4xx_hal_crc_ex.c ****   switch (PolyLength)
  66              		.loc 1 124 3 is_stmt 1 view .LVU14
  67 0018 182A     		cmp	r2, #24
  68 001a 23D8     		bhi	.L10
  69 001c DFE802F0 		tbb	[pc, r2]
  70              	.L6:
  71 0020 0F       		.byte	(.L9-.L6)/2
  72 0021 22       		.byte	(.L10-.L6)/2
  73 0022 22       		.byte	(.L10-.L6)/2
  74 0023 22       		.byte	(.L10-.L6)/2
  75 0024 22       		.byte	(.L10-.L6)/2
  76 0025 22       		.byte	(.L10-.L6)/2
  77 0026 22       		.byte	(.L10-.L6)/2
  78 0027 22       		.byte	(.L10-.L6)/2
  79 0028 1E       		.byte	(.L8-.L6)/2
  80 0029 22       		.byte	(.L10-.L6)/2
  81 002a 22       		.byte	(.L10-.L6)/2
  82 002b 22       		.byte	(.L10-.L6)/2
  83 002c 22       		.byte	(.L10-.L6)/2
  84 002d 22       		.byte	(.L10-.L6)/2
  85 002e 22       		.byte	(.L10-.L6)/2
  86 002f 22       		.byte	(.L10-.L6)/2
  87 0030 1A       		.byte	(.L7-.L6)/2
  88 0031 22       		.byte	(.L10-.L6)/2
  89 0032 22       		.byte	(.L10-.L6)/2
  90 0033 22       		.byte	(.L10-.L6)/2
  91 0034 22       		.byte	(.L10-.L6)/2
  92 0035 22       		.byte	(.L10-.L6)/2
  93 0036 22       		.byte	(.L10-.L6)/2
  94 0037 22       		.byte	(.L10-.L6)/2
  95 0038 0D       		.byte	(.L5-.L6)/2
  96 0039 00       		.p2align 1
  97              	.L5:
 125:../../core/ST/STM32L4xx_HAL_Driver/Src/stm32l4xx_hal_crc_ex.c ****   {
ARM GAS  C:\Users\yvesk\AppData\Local\Temp\ccpXxRW7.s 			page 5


 126:../../core/ST/STM32L4xx_HAL_Driver/Src/stm32l4xx_hal_crc_ex.c ****     case CRC_POLYLENGTH_7B:
 127:../../core/ST/STM32L4xx_HAL_Driver/Src/stm32l4xx_hal_crc_ex.c ****       if (msb >= HAL_CRC_LENGTH_7B)
  98              		.loc 1 127 7 view .LVU15
  99              		.loc 1 127 10 is_stmt 0 view .LVU16
 100 003a 062D     		cmp	r5, #6
 101 003c 14D8     		bhi	.L11
 102              	.L9:
 128:../../core/ST/STM32L4xx_HAL_Driver/Src/stm32l4xx_hal_crc_ex.c ****       {
 129:../../core/ST/STM32L4xx_HAL_Driver/Src/stm32l4xx_hal_crc_ex.c ****         status =   HAL_ERROR;
 130:../../core/ST/STM32L4xx_HAL_Driver/Src/stm32l4xx_hal_crc_ex.c ****       }
 131:../../core/ST/STM32L4xx_HAL_Driver/Src/stm32l4xx_hal_crc_ex.c ****       break;
 132:../../core/ST/STM32L4xx_HAL_Driver/Src/stm32l4xx_hal_crc_ex.c ****     case CRC_POLYLENGTH_8B:
 133:../../core/ST/STM32L4xx_HAL_Driver/Src/stm32l4xx_hal_crc_ex.c ****       if (msb >= HAL_CRC_LENGTH_8B)
 134:../../core/ST/STM32L4xx_HAL_Driver/Src/stm32l4xx_hal_crc_ex.c ****       {
 135:../../core/ST/STM32L4xx_HAL_Driver/Src/stm32l4xx_hal_crc_ex.c ****         status =   HAL_ERROR;
 136:../../core/ST/STM32L4xx_HAL_Driver/Src/stm32l4xx_hal_crc_ex.c ****       }
 137:../../core/ST/STM32L4xx_HAL_Driver/Src/stm32l4xx_hal_crc_ex.c ****       break;
 138:../../core/ST/STM32L4xx_HAL_Driver/Src/stm32l4xx_hal_crc_ex.c ****     case CRC_POLYLENGTH_16B:
 139:../../core/ST/STM32L4xx_HAL_Driver/Src/stm32l4xx_hal_crc_ex.c ****       if (msb >= HAL_CRC_LENGTH_16B)
 140:../../core/ST/STM32L4xx_HAL_Driver/Src/stm32l4xx_hal_crc_ex.c ****       {
 141:../../core/ST/STM32L4xx_HAL_Driver/Src/stm32l4xx_hal_crc_ex.c ****         status =   HAL_ERROR;
 142:../../core/ST/STM32L4xx_HAL_Driver/Src/stm32l4xx_hal_crc_ex.c ****       }
 143:../../core/ST/STM32L4xx_HAL_Driver/Src/stm32l4xx_hal_crc_ex.c ****       break;
 144:../../core/ST/STM32L4xx_HAL_Driver/Src/stm32l4xx_hal_crc_ex.c **** 
 145:../../core/ST/STM32L4xx_HAL_Driver/Src/stm32l4xx_hal_crc_ex.c ****     case CRC_POLYLENGTH_32B:
 146:../../core/ST/STM32L4xx_HAL_Driver/Src/stm32l4xx_hal_crc_ex.c ****       /* no polynomial definition vs. polynomial length issue possible */
 147:../../core/ST/STM32L4xx_HAL_Driver/Src/stm32l4xx_hal_crc_ex.c ****       break;
 148:../../core/ST/STM32L4xx_HAL_Driver/Src/stm32l4xx_hal_crc_ex.c ****     default:
 149:../../core/ST/STM32L4xx_HAL_Driver/Src/stm32l4xx_hal_crc_ex.c ****       status =  HAL_ERROR;
 150:../../core/ST/STM32L4xx_HAL_Driver/Src/stm32l4xx_hal_crc_ex.c ****       break;
 151:../../core/ST/STM32L4xx_HAL_Driver/Src/stm32l4xx_hal_crc_ex.c ****   }
 152:../../core/ST/STM32L4xx_HAL_Driver/Src/stm32l4xx_hal_crc_ex.c ****   if (status == HAL_OK)
 153:../../core/ST/STM32L4xx_HAL_Driver/Src/stm32l4xx_hal_crc_ex.c ****   {
 154:../../core/ST/STM32L4xx_HAL_Driver/Src/stm32l4xx_hal_crc_ex.c ****     /* set generating polynomial */
 155:../../core/ST/STM32L4xx_HAL_Driver/Src/stm32l4xx_hal_crc_ex.c ****     WRITE_REG(hcrc->Instance->POL, Pol);
 103              		.loc 1 155 5 is_stmt 1 view .LVU17
 104 003e 0368     		ldr	r3, [r0]
 105 0040 5961     		str	r1, [r3, #20]
 156:../../core/ST/STM32L4xx_HAL_Driver/Src/stm32l4xx_hal_crc_ex.c **** 
 157:../../core/ST/STM32L4xx_HAL_Driver/Src/stm32l4xx_hal_crc_ex.c ****     /* set generating polynomial size */
 158:../../core/ST/STM32L4xx_HAL_Driver/Src/stm32l4xx_hal_crc_ex.c ****     MODIFY_REG(hcrc->Instance->CR, CRC_CR_POLYSIZE, PolyLength);
 106              		.loc 1 158 5 view .LVU18
 107 0042 0168     		ldr	r1, [r0]
 108              	.LVL4:
 109              		.loc 1 158 5 is_stmt 0 view .LVU19
 110 0044 8B68     		ldr	r3, [r1, #8]
 111              	.LVL5:
 112              		.loc 1 158 5 view .LVU20
 113 0046 23F01803 		bic	r3, r3, #24
 114 004a 1A43     		orrs	r2, r2, r3
 115              	.LVL6:
 116              		.loc 1 158 5 view .LVU21
 117 004c 8A60     		str	r2, [r1, #8]
 118 004e 0020     		movs	r0, #0
 119              	.LVL7:
 120              	.L4:
 159:../../core/ST/STM32L4xx_HAL_Driver/Src/stm32l4xx_hal_crc_ex.c ****   }
ARM GAS  C:\Users\yvesk\AppData\Local\Temp\ccpXxRW7.s 			page 6


 160:../../core/ST/STM32L4xx_HAL_Driver/Src/stm32l4xx_hal_crc_ex.c ****   /* Return function status */
 161:../../core/ST/STM32L4xx_HAL_Driver/Src/stm32l4xx_hal_crc_ex.c ****   return status;
 121              		.loc 1 161 3 is_stmt 1 view .LVU22
 162:../../core/ST/STM32L4xx_HAL_Driver/Src/stm32l4xx_hal_crc_ex.c **** }
 122              		.loc 1 162 1 is_stmt 0 view .LVU23
 123 0050 30BC     		pop	{r4, r5}
 124              	.LCFI1:
 125              		.cfi_remember_state
 126              		.cfi_restore 5
 127              		.cfi_restore 4
 128              		.cfi_def_cfa_offset 0
 129              	.LVL8:
 130              		.loc 1 162 1 view .LVU24
 131 0052 7047     		bx	lr
 132              	.LVL9:
 133              	.L7:
 134              	.LCFI2:
 135              		.cfi_restore_state
 133:../../core/ST/STM32L4xx_HAL_Driver/Src/stm32l4xx_hal_crc_ex.c ****       {
 136              		.loc 1 133 7 is_stmt 1 view .LVU25
 133:../../core/ST/STM32L4xx_HAL_Driver/Src/stm32l4xx_hal_crc_ex.c ****       {
 137              		.loc 1 133 10 is_stmt 0 view .LVU26
 138 0054 072D     		cmp	r5, #7
 139 0056 F2D9     		bls	.L9
 135:../../core/ST/STM32L4xx_HAL_Driver/Src/stm32l4xx_hal_crc_ex.c ****       }
 140              		.loc 1 135 16 view .LVU27
 141 0058 0120     		movs	r0, #1
 142              	.LVL10:
 135:../../core/ST/STM32L4xx_HAL_Driver/Src/stm32l4xx_hal_crc_ex.c ****       }
 143              		.loc 1 135 16 view .LVU28
 144 005a F9E7     		b	.L4
 145              	.LVL11:
 146              	.L8:
 139:../../core/ST/STM32L4xx_HAL_Driver/Src/stm32l4xx_hal_crc_ex.c ****       {
 147              		.loc 1 139 7 is_stmt 1 view .LVU29
 139:../../core/ST/STM32L4xx_HAL_Driver/Src/stm32l4xx_hal_crc_ex.c ****       {
 148              		.loc 1 139 10 is_stmt 0 view .LVU30
 149 005c 0F2D     		cmp	r5, #15
 150 005e EED9     		bls	.L9
 141:../../core/ST/STM32L4xx_HAL_Driver/Src/stm32l4xx_hal_crc_ex.c ****       }
 151              		.loc 1 141 16 view .LVU31
 152 0060 0120     		movs	r0, #1
 153              	.LVL12:
 141:../../core/ST/STM32L4xx_HAL_Driver/Src/stm32l4xx_hal_crc_ex.c ****       }
 154              		.loc 1 141 16 view .LVU32
 155 0062 F5E7     		b	.L4
 156              	.LVL13:
 157              	.L10:
 149:../../core/ST/STM32L4xx_HAL_Driver/Src/stm32l4xx_hal_crc_ex.c ****       break;
 158              		.loc 1 149 14 view .LVU33
 159 0064 0120     		movs	r0, #1
 160              	.LVL14:
 149:../../core/ST/STM32L4xx_HAL_Driver/Src/stm32l4xx_hal_crc_ex.c ****       break;
 161              		.loc 1 149 14 view .LVU34
 162 0066 F3E7     		b	.L4
 163              	.LVL15:
 164              	.L11:
ARM GAS  C:\Users\yvesk\AppData\Local\Temp\ccpXxRW7.s 			page 7


 129:../../core/ST/STM32L4xx_HAL_Driver/Src/stm32l4xx_hal_crc_ex.c ****       }
 165              		.loc 1 129 16 view .LVU35
 166 0068 0120     		movs	r0, #1
 167              	.LVL16:
 129:../../core/ST/STM32L4xx_HAL_Driver/Src/stm32l4xx_hal_crc_ex.c ****       }
 168              		.loc 1 129 16 view .LVU36
 169 006a F1E7     		b	.L4
 170              		.cfi_endproc
 171              	.LFE123:
 173              		.section	.text.HAL_CRCEx_Input_Data_Reverse,"ax",%progbits
 174              		.align	1
 175              		.global	HAL_CRCEx_Input_Data_Reverse
 176              		.syntax unified
 177              		.thumb
 178              		.thumb_func
 179              		.fpu fpv4-sp-d16
 181              	HAL_CRCEx_Input_Data_Reverse:
 182              	.LVL17:
 183              	.LFB124:
 163:../../core/ST/STM32L4xx_HAL_Driver/Src/stm32l4xx_hal_crc_ex.c **** 
 164:../../core/ST/STM32L4xx_HAL_Driver/Src/stm32l4xx_hal_crc_ex.c **** /**
 165:../../core/ST/STM32L4xx_HAL_Driver/Src/stm32l4xx_hal_crc_ex.c ****   * @brief  Set the Reverse Input data mode.
 166:../../core/ST/STM32L4xx_HAL_Driver/Src/stm32l4xx_hal_crc_ex.c ****   * @param  hcrc CRC handle
 167:../../core/ST/STM32L4xx_HAL_Driver/Src/stm32l4xx_hal_crc_ex.c ****   * @param  InputReverseMode Input Data inversion mode.
 168:../../core/ST/STM32L4xx_HAL_Driver/Src/stm32l4xx_hal_crc_ex.c ****   *         This parameter can be one of the following values:
 169:../../core/ST/STM32L4xx_HAL_Driver/Src/stm32l4xx_hal_crc_ex.c ****   *          @arg @ref CRC_INPUTDATA_INVERSION_NONE     no change in bit order (default value)
 170:../../core/ST/STM32L4xx_HAL_Driver/Src/stm32l4xx_hal_crc_ex.c ****   *          @arg @ref CRC_INPUTDATA_INVERSION_BYTE     Byte-wise bit reversal
 171:../../core/ST/STM32L4xx_HAL_Driver/Src/stm32l4xx_hal_crc_ex.c ****   *          @arg @ref CRC_INPUTDATA_INVERSION_HALFWORD HalfWord-wise bit reversal
 172:../../core/ST/STM32L4xx_HAL_Driver/Src/stm32l4xx_hal_crc_ex.c ****   *          @arg @ref CRC_INPUTDATA_INVERSION_WORD     Word-wise bit reversal
 173:../../core/ST/STM32L4xx_HAL_Driver/Src/stm32l4xx_hal_crc_ex.c ****   * @retval HAL status
 174:../../core/ST/STM32L4xx_HAL_Driver/Src/stm32l4xx_hal_crc_ex.c ****   */
 175:../../core/ST/STM32L4xx_HAL_Driver/Src/stm32l4xx_hal_crc_ex.c **** HAL_StatusTypeDef HAL_CRCEx_Input_Data_Reverse(CRC_HandleTypeDef *hcrc, uint32_t InputReverseMode)
 176:../../core/ST/STM32L4xx_HAL_Driver/Src/stm32l4xx_hal_crc_ex.c **** {
 184              		.loc 1 176 1 is_stmt 1 view -0
 185              		.cfi_startproc
 186              		@ args = 0, pretend = 0, frame = 0
 187              		@ frame_needed = 0, uses_anonymous_args = 0
 188              		@ link register save eliminated.
 177:../../core/ST/STM32L4xx_HAL_Driver/Src/stm32l4xx_hal_crc_ex.c ****   /* Check the parameters */
 178:../../core/ST/STM32L4xx_HAL_Driver/Src/stm32l4xx_hal_crc_ex.c ****   assert_param(IS_CRC_INPUTDATA_INVERSION_MODE(InputReverseMode));
 189              		.loc 1 178 3 view .LVU38
 179:../../core/ST/STM32L4xx_HAL_Driver/Src/stm32l4xx_hal_crc_ex.c **** 
 180:../../core/ST/STM32L4xx_HAL_Driver/Src/stm32l4xx_hal_crc_ex.c ****   /* Change CRC peripheral state */
 181:../../core/ST/STM32L4xx_HAL_Driver/Src/stm32l4xx_hal_crc_ex.c ****   hcrc->State = HAL_CRC_STATE_BUSY;
 190              		.loc 1 181 3 view .LVU39
 191              		.loc 1 181 15 is_stmt 0 view .LVU40
 192 0000 0223     		movs	r3, #2
 193 0002 4377     		strb	r3, [r0, #29]
 182:../../core/ST/STM32L4xx_HAL_Driver/Src/stm32l4xx_hal_crc_ex.c **** 
 183:../../core/ST/STM32L4xx_HAL_Driver/Src/stm32l4xx_hal_crc_ex.c ****   /* set input data inversion mode */
 184:../../core/ST/STM32L4xx_HAL_Driver/Src/stm32l4xx_hal_crc_ex.c ****   MODIFY_REG(hcrc->Instance->CR, CRC_CR_REV_IN, InputReverseMode);
 194              		.loc 1 184 3 is_stmt 1 view .LVU41
 195 0004 0268     		ldr	r2, [r0]
 196 0006 9368     		ldr	r3, [r2, #8]
 197 0008 23F06003 		bic	r3, r3, #96
 198 000c 1943     		orrs	r1, r1, r3
 199              	.LVL18:
ARM GAS  C:\Users\yvesk\AppData\Local\Temp\ccpXxRW7.s 			page 8


 200              		.loc 1 184 3 is_stmt 0 view .LVU42
 201 000e 9160     		str	r1, [r2, #8]
 185:../../core/ST/STM32L4xx_HAL_Driver/Src/stm32l4xx_hal_crc_ex.c ****   /* Change CRC peripheral state */
 186:../../core/ST/STM32L4xx_HAL_Driver/Src/stm32l4xx_hal_crc_ex.c ****   hcrc->State = HAL_CRC_STATE_READY;
 202              		.loc 1 186 3 is_stmt 1 view .LVU43
 203              		.loc 1 186 15 is_stmt 0 view .LVU44
 204 0010 0123     		movs	r3, #1
 205 0012 4377     		strb	r3, [r0, #29]
 187:../../core/ST/STM32L4xx_HAL_Driver/Src/stm32l4xx_hal_crc_ex.c **** 
 188:../../core/ST/STM32L4xx_HAL_Driver/Src/stm32l4xx_hal_crc_ex.c ****   /* Return function status */
 189:../../core/ST/STM32L4xx_HAL_Driver/Src/stm32l4xx_hal_crc_ex.c ****   return HAL_OK;
 206              		.loc 1 189 3 is_stmt 1 view .LVU45
 190:../../core/ST/STM32L4xx_HAL_Driver/Src/stm32l4xx_hal_crc_ex.c **** }
 207              		.loc 1 190 1 is_stmt 0 view .LVU46
 208 0014 0020     		movs	r0, #0
 209              	.LVL19:
 210              		.loc 1 190 1 view .LVU47
 211 0016 7047     		bx	lr
 212              		.cfi_endproc
 213              	.LFE124:
 215              		.section	.text.HAL_CRCEx_Output_Data_Reverse,"ax",%progbits
 216              		.align	1
 217              		.global	HAL_CRCEx_Output_Data_Reverse
 218              		.syntax unified
 219              		.thumb
 220              		.thumb_func
 221              		.fpu fpv4-sp-d16
 223              	HAL_CRCEx_Output_Data_Reverse:
 224              	.LVL20:
 225              	.LFB125:
 191:../../core/ST/STM32L4xx_HAL_Driver/Src/stm32l4xx_hal_crc_ex.c **** 
 192:../../core/ST/STM32L4xx_HAL_Driver/Src/stm32l4xx_hal_crc_ex.c **** /**
 193:../../core/ST/STM32L4xx_HAL_Driver/Src/stm32l4xx_hal_crc_ex.c ****   * @brief  Set the Reverse Output data mode.
 194:../../core/ST/STM32L4xx_HAL_Driver/Src/stm32l4xx_hal_crc_ex.c ****   * @param  hcrc CRC handle
 195:../../core/ST/STM32L4xx_HAL_Driver/Src/stm32l4xx_hal_crc_ex.c ****   * @param  OutputReverseMode Output Data inversion mode.
 196:../../core/ST/STM32L4xx_HAL_Driver/Src/stm32l4xx_hal_crc_ex.c ****   *         This parameter can be one of the following values:
 197:../../core/ST/STM32L4xx_HAL_Driver/Src/stm32l4xx_hal_crc_ex.c ****   *          @arg @ref CRC_OUTPUTDATA_INVERSION_DISABLE no CRC inversion (default value)
 198:../../core/ST/STM32L4xx_HAL_Driver/Src/stm32l4xx_hal_crc_ex.c ****   *          @arg @ref CRC_OUTPUTDATA_INVERSION_ENABLE  bit-level inversion (e.g. for a 8-bit CRC: 
 199:../../core/ST/STM32L4xx_HAL_Driver/Src/stm32l4xx_hal_crc_ex.c ****   * @retval HAL status
 200:../../core/ST/STM32L4xx_HAL_Driver/Src/stm32l4xx_hal_crc_ex.c ****   */
 201:../../core/ST/STM32L4xx_HAL_Driver/Src/stm32l4xx_hal_crc_ex.c **** HAL_StatusTypeDef HAL_CRCEx_Output_Data_Reverse(CRC_HandleTypeDef *hcrc, uint32_t OutputReverseMode
 202:../../core/ST/STM32L4xx_HAL_Driver/Src/stm32l4xx_hal_crc_ex.c **** {
 226              		.loc 1 202 1 is_stmt 1 view -0
 227              		.cfi_startproc
 228              		@ args = 0, pretend = 0, frame = 0
 229              		@ frame_needed = 0, uses_anonymous_args = 0
 230              		@ link register save eliminated.
 203:../../core/ST/STM32L4xx_HAL_Driver/Src/stm32l4xx_hal_crc_ex.c ****   /* Check the parameters */
 204:../../core/ST/STM32L4xx_HAL_Driver/Src/stm32l4xx_hal_crc_ex.c ****   assert_param(IS_CRC_OUTPUTDATA_INVERSION_MODE(OutputReverseMode));
 231              		.loc 1 204 3 view .LVU49
 205:../../core/ST/STM32L4xx_HAL_Driver/Src/stm32l4xx_hal_crc_ex.c **** 
 206:../../core/ST/STM32L4xx_HAL_Driver/Src/stm32l4xx_hal_crc_ex.c ****   /* Change CRC peripheral state */
 207:../../core/ST/STM32L4xx_HAL_Driver/Src/stm32l4xx_hal_crc_ex.c ****   hcrc->State = HAL_CRC_STATE_BUSY;
 232              		.loc 1 207 3 view .LVU50
 233              		.loc 1 207 15 is_stmt 0 view .LVU51
 234 0000 0223     		movs	r3, #2
 235 0002 4377     		strb	r3, [r0, #29]
ARM GAS  C:\Users\yvesk\AppData\Local\Temp\ccpXxRW7.s 			page 9


 208:../../core/ST/STM32L4xx_HAL_Driver/Src/stm32l4xx_hal_crc_ex.c **** 
 209:../../core/ST/STM32L4xx_HAL_Driver/Src/stm32l4xx_hal_crc_ex.c ****   /* set output data inversion mode */
 210:../../core/ST/STM32L4xx_HAL_Driver/Src/stm32l4xx_hal_crc_ex.c ****   MODIFY_REG(hcrc->Instance->CR, CRC_CR_REV_OUT, OutputReverseMode);
 236              		.loc 1 210 3 is_stmt 1 view .LVU52
 237 0004 0268     		ldr	r2, [r0]
 238 0006 9368     		ldr	r3, [r2, #8]
 239 0008 23F08003 		bic	r3, r3, #128
 240 000c 1943     		orrs	r1, r1, r3
 241              	.LVL21:
 242              		.loc 1 210 3 is_stmt 0 view .LVU53
 243 000e 9160     		str	r1, [r2, #8]
 211:../../core/ST/STM32L4xx_HAL_Driver/Src/stm32l4xx_hal_crc_ex.c **** 
 212:../../core/ST/STM32L4xx_HAL_Driver/Src/stm32l4xx_hal_crc_ex.c ****   /* Change CRC peripheral state */
 213:../../core/ST/STM32L4xx_HAL_Driver/Src/stm32l4xx_hal_crc_ex.c ****   hcrc->State = HAL_CRC_STATE_READY;
 244              		.loc 1 213 3 is_stmt 1 view .LVU54
 245              		.loc 1 213 15 is_stmt 0 view .LVU55
 246 0010 0123     		movs	r3, #1
 247 0012 4377     		strb	r3, [r0, #29]
 214:../../core/ST/STM32L4xx_HAL_Driver/Src/stm32l4xx_hal_crc_ex.c **** 
 215:../../core/ST/STM32L4xx_HAL_Driver/Src/stm32l4xx_hal_crc_ex.c ****   /* Return function status */
 216:../../core/ST/STM32L4xx_HAL_Driver/Src/stm32l4xx_hal_crc_ex.c ****   return HAL_OK;
 248              		.loc 1 216 3 is_stmt 1 view .LVU56
 217:../../core/ST/STM32L4xx_HAL_Driver/Src/stm32l4xx_hal_crc_ex.c **** }
 249              		.loc 1 217 1 is_stmt 0 view .LVU57
 250 0014 0020     		movs	r0, #0
 251              	.LVL22:
 252              		.loc 1 217 1 view .LVU58
 253 0016 7047     		bx	lr
 254              		.cfi_endproc
 255              	.LFE125:
 257              		.text
 258              	.Letext0:
 259              		.file 2 "c:\\program files (x86)\\gnu tools arm embedded\\8 2019-q3-update\\arm-none-eabi\\include
 260              		.file 3 "c:\\program files (x86)\\gnu tools arm embedded\\8 2019-q3-update\\arm-none-eabi\\include
 261              		.file 4 "../../core/ST/CMSIS/Include/core_cm4.h"
 262              		.file 5 "../../core/ST/CMSIS/Device/ST/STM32L4xx/Include/system_stm32l4xx.h"
 263              		.file 6 "../../core/ST/CMSIS/Device/ST/STM32L4xx/Include/stm32l496xx.h"
 264              		.file 7 "../../core/ST/STM32L4xx_HAL_Driver/Inc/stm32l4xx_hal_def.h"
 265              		.file 8 "../../core/ST/STM32L4xx_HAL_Driver/Inc/stm32l4xx_hal_crc.h"
 266              		.file 9 "../../core/ST/STM32L4xx_HAL_Driver/Inc/stm32l4xx_hal.h"
ARM GAS  C:\Users\yvesk\AppData\Local\Temp\ccpXxRW7.s 			page 10


DEFINED SYMBOLS
                            *ABS*:00000000 stm32l4xx_hal_crc_ex.c
C:\Users\yvesk\AppData\Local\Temp\ccpXxRW7.s:18     .text.HAL_CRCEx_Polynomial_Set:00000000 $t
C:\Users\yvesk\AppData\Local\Temp\ccpXxRW7.s:26     .text.HAL_CRCEx_Polynomial_Set:00000000 HAL_CRCEx_Polynomial_Set
C:\Users\yvesk\AppData\Local\Temp\ccpXxRW7.s:71     .text.HAL_CRCEx_Polynomial_Set:00000020 $d
C:\Users\yvesk\AppData\Local\Temp\ccpXxRW7.s:174    .text.HAL_CRCEx_Input_Data_Reverse:00000000 $t
C:\Users\yvesk\AppData\Local\Temp\ccpXxRW7.s:181    .text.HAL_CRCEx_Input_Data_Reverse:00000000 HAL_CRCEx_Input_Data_Reverse
C:\Users\yvesk\AppData\Local\Temp\ccpXxRW7.s:216    .text.HAL_CRCEx_Output_Data_Reverse:00000000 $t
C:\Users\yvesk\AppData\Local\Temp\ccpXxRW7.s:223    .text.HAL_CRCEx_Output_Data_Reverse:00000000 HAL_CRCEx_Output_Data_Reverse
C:\Users\yvesk\AppData\Local\Temp\ccpXxRW7.s:96     .text.HAL_CRCEx_Polynomial_Set:00000039 $d
C:\Users\yvesk\AppData\Local\Temp\ccpXxRW7.s:96     .text.HAL_CRCEx_Polynomial_Set:0000003a $t

NO UNDEFINED SYMBOLS
