ARM GAS  C:\Users\yvesk\AppData\Local\Temp\ccg1WVt9.s 			page 1


   1              		.cpu cortex-m4
   2              		.eabi_attribute 27, 1
   3              		.eabi_attribute 28, 1
   4              		.eabi_attribute 20, 1
   5              		.eabi_attribute 21, 1
   6              		.eabi_attribute 23, 3
   7              		.eabi_attribute 24, 1
   8              		.eabi_attribute 25, 1
   9              		.eabi_attribute 26, 1
  10              		.eabi_attribute 30, 1
  11              		.eabi_attribute 34, 1
  12              		.eabi_attribute 18, 4
  13              		.file	"stm32l4xx_it.c"
  14              		.text
  15              	.Ltext0:
  16              		.cfi_sections	.debug_frame
  17              		.section	.text.NMI_Handler,"ax",%progbits
  18              		.align	1
  19              		.global	NMI_Handler
  20              		.arch armv7e-m
  21              		.syntax unified
  22              		.thumb
  23              		.thumb_func
  24              		.fpu fpv4-sp-d16
  26              	NMI_Handler:
  27              	.LFB128:
  28              		.file 1 "../../core/platform/octa/src/stm32l4xx_it.c"
   1:../../core/platform/octa/src/stm32l4xx_it.c **** /* USER CODE BEGIN Header */
   2:../../core/platform/octa/src/stm32l4xx_it.c **** /**
   3:../../core/platform/octa/src/stm32l4xx_it.c ****   ******************************************************************************
   4:../../core/platform/octa/src/stm32l4xx_it.c ****   * @file    stm32l4xx_it.c
   5:../../core/platform/octa/src/stm32l4xx_it.c ****   * @brief   Interrupt Service Routines.
   6:../../core/platform/octa/src/stm32l4xx_it.c ****   ******************************************************************************
   7:../../core/platform/octa/src/stm32l4xx_it.c ****   *
   8:../../core/platform/octa/src/stm32l4xx_it.c ****   * COPYRIGHT(c) 2019 STMicroelectronics
   9:../../core/platform/octa/src/stm32l4xx_it.c ****   *
  10:../../core/platform/octa/src/stm32l4xx_it.c ****   * Redistribution and use in source and binary forms, with or without modification,
  11:../../core/platform/octa/src/stm32l4xx_it.c ****   * are permitted provided that the following conditions are met:
  12:../../core/platform/octa/src/stm32l4xx_it.c ****   *   1. Redistributions of source code must retain the above copyright notice,
  13:../../core/platform/octa/src/stm32l4xx_it.c ****   *      this list of conditions and the following disclaimer.
  14:../../core/platform/octa/src/stm32l4xx_it.c ****   *   2. Redistributions in binary form must reproduce the above copyright notice,
  15:../../core/platform/octa/src/stm32l4xx_it.c ****   *      this list of conditions and the following disclaimer in the documentation
  16:../../core/platform/octa/src/stm32l4xx_it.c ****   *      and/or other materials provided with the distribution.
  17:../../core/platform/octa/src/stm32l4xx_it.c ****   *   3. Neither the name of STMicroelectronics nor the names of its contributors
  18:../../core/platform/octa/src/stm32l4xx_it.c ****   *      may be used to endorse or promote products derived from this software
  19:../../core/platform/octa/src/stm32l4xx_it.c ****   *      without specific prior written permission.
  20:../../core/platform/octa/src/stm32l4xx_it.c ****   *
  21:../../core/platform/octa/src/stm32l4xx_it.c ****   * THIS SOFTWARE IS PROVIDED BY THE COPYRIGHT HOLDERS AND CONTRIBUTORS "AS IS"
  22:../../core/platform/octa/src/stm32l4xx_it.c ****   * AND ANY EXPRESS OR IMPLIED WARRANTIES, INCLUDING, BUT NOT LIMITED TO, THE
  23:../../core/platform/octa/src/stm32l4xx_it.c ****   * IMPLIED WARRANTIES OF MERCHANTABILITY AND FITNESS FOR A PARTICULAR PURPOSE ARE
  24:../../core/platform/octa/src/stm32l4xx_it.c ****   * DISCLAIMED. IN NO EVENT SHALL THE COPYRIGHT HOLDER OR CONTRIBUTORS BE LIABLE
  25:../../core/platform/octa/src/stm32l4xx_it.c ****   * FOR ANY DIRECT, INDIRECT, INCIDENTAL, SPECIAL, EXEMPLARY, OR CONSEQUENTIAL
  26:../../core/platform/octa/src/stm32l4xx_it.c ****   * DAMAGES (INCLUDING, BUT NOT LIMITED TO, PROCUREMENT OF SUBSTITUTE GOODS OR
  27:../../core/platform/octa/src/stm32l4xx_it.c ****   * SERVICES; LOSS OF USE, DATA, OR PROFITS; OR BUSINESS INTERRUPTION) HOWEVER
  28:../../core/platform/octa/src/stm32l4xx_it.c ****   * CAUSED AND ON ANY THEORY OF LIABILITY, WHETHER IN CONTRACT, STRICT LIABILITY,
  29:../../core/platform/octa/src/stm32l4xx_it.c ****   * OR TORT (INCLUDING NEGLIGENCE OR OTHERWISE) ARISING IN ANY WAY OUT OF THE USE
  30:../../core/platform/octa/src/stm32l4xx_it.c ****   * OF THIS SOFTWARE, EVEN IF ADVISED OF THE POSSIBILITY OF SUCH DAMAGE.
ARM GAS  C:\Users\yvesk\AppData\Local\Temp\ccg1WVt9.s 			page 2


  31:../../core/platform/octa/src/stm32l4xx_it.c ****   *
  32:../../core/platform/octa/src/stm32l4xx_it.c ****   ******************************************************************************
  33:../../core/platform/octa/src/stm32l4xx_it.c ****   */
  34:../../core/platform/octa/src/stm32l4xx_it.c **** /* USER CODE END Header */
  35:../../core/platform/octa/src/stm32l4xx_it.c **** 
  36:../../core/platform/octa/src/stm32l4xx_it.c **** /* Includes ------------------------------------------------------------------*/
  37:../../core/platform/octa/src/stm32l4xx_it.c **** #include "stm32l4xx_it.h"
  38:../../core/platform/octa/src/stm32l4xx_it.c **** #include "cmsis_os.h"
  39:../../core/platform/octa/src/stm32l4xx_it.c **** #include "uart.h"
  40:../../core/platform/octa/src/stm32l4xx_it.c **** #include "spi.h"
  41:../../core/platform/octa/src/stm32l4xx_it.c **** /* Private includes ----------------------------------------------------------*/
  42:../../core/platform/octa/src/stm32l4xx_it.c **** /* USER CODE BEGIN Includes */
  43:../../core/platform/octa/src/stm32l4xx_it.c **** /* USER CODE END Includes */
  44:../../core/platform/octa/src/stm32l4xx_it.c **** 
  45:../../core/platform/octa/src/stm32l4xx_it.c **** /* Private typedef -----------------------------------------------------------*/
  46:../../core/platform/octa/src/stm32l4xx_it.c **** /* USER CODE BEGIN TD */
  47:../../core/platform/octa/src/stm32l4xx_it.c **** 
  48:../../core/platform/octa/src/stm32l4xx_it.c **** /* USER CODE END TD */
  49:../../core/platform/octa/src/stm32l4xx_it.c **** 
  50:../../core/platform/octa/src/stm32l4xx_it.c **** /* Private define ------------------------------------------------------------*/
  51:../../core/platform/octa/src/stm32l4xx_it.c **** /* USER CODE BEGIN PD */
  52:../../core/platform/octa/src/stm32l4xx_it.c ****  
  53:../../core/platform/octa/src/stm32l4xx_it.c **** /* USER CODE END PD */
  54:../../core/platform/octa/src/stm32l4xx_it.c **** 
  55:../../core/platform/octa/src/stm32l4xx_it.c **** /* Private macro -------------------------------------------------------------*/
  56:../../core/platform/octa/src/stm32l4xx_it.c **** /* USER CODE BEGIN PM */
  57:../../core/platform/octa/src/stm32l4xx_it.c **** 
  58:../../core/platform/octa/src/stm32l4xx_it.c **** /* USER CODE END PM */
  59:../../core/platform/octa/src/stm32l4xx_it.c **** 
  60:../../core/platform/octa/src/stm32l4xx_it.c **** /* Private variables ---------------------------------------------------------*/
  61:../../core/platform/octa/src/stm32l4xx_it.c **** /* USER CODE BEGIN PV */
  62:../../core/platform/octa/src/stm32l4xx_it.c **** 
  63:../../core/platform/octa/src/stm32l4xx_it.c **** /* USER CODE END PV */
  64:../../core/platform/octa/src/stm32l4xx_it.c **** 
  65:../../core/platform/octa/src/stm32l4xx_it.c **** /* Private function prototypes -----------------------------------------------*/
  66:../../core/platform/octa/src/stm32l4xx_it.c **** /* USER CODE BEGIN PFP */
  67:../../core/platform/octa/src/stm32l4xx_it.c **** 
  68:../../core/platform/octa/src/stm32l4xx_it.c **** /* USER CODE END PFP */
  69:../../core/platform/octa/src/stm32l4xx_it.c **** 
  70:../../core/platform/octa/src/stm32l4xx_it.c **** /* Private user code ---------------------------------------------------------*/
  71:../../core/platform/octa/src/stm32l4xx_it.c **** /* USER CODE BEGIN 0 */
  72:../../core/platform/octa/src/stm32l4xx_it.c **** 
  73:../../core/platform/octa/src/stm32l4xx_it.c **** /* USER CODE END 0 */
  74:../../core/platform/octa/src/stm32l4xx_it.c **** 
  75:../../core/platform/octa/src/stm32l4xx_it.c **** /* External variables --------------------------------------------------------*/
  76:../../core/platform/octa/src/stm32l4xx_it.c **** extern TIM_HandleTypeDef htim1;
  77:../../core/platform/octa/src/stm32l4xx_it.c **** /* USER CODE BEGIN EV */
  78:../../core/platform/octa/src/stm32l4xx_it.c **** 
  79:../../core/platform/octa/src/stm32l4xx_it.c **** /* USER CODE END EV */
  80:../../core/platform/octa/src/stm32l4xx_it.c **** 
  81:../../core/platform/octa/src/stm32l4xx_it.c **** /******************************************************************************/
  82:../../core/platform/octa/src/stm32l4xx_it.c **** /*           Cortex-M4 Processor Interruption and Exception Handlers          */ 
  83:../../core/platform/octa/src/stm32l4xx_it.c **** /******************************************************************************/
  84:../../core/platform/octa/src/stm32l4xx_it.c **** /**
  85:../../core/platform/octa/src/stm32l4xx_it.c ****   * @brief This function handles Non maskable interrupt.
  86:../../core/platform/octa/src/stm32l4xx_it.c ****   */
  87:../../core/platform/octa/src/stm32l4xx_it.c **** void NMI_Handler(void)
ARM GAS  C:\Users\yvesk\AppData\Local\Temp\ccg1WVt9.s 			page 3


  88:../../core/platform/octa/src/stm32l4xx_it.c **** {
  29              		.loc 1 88 1 view -0
  30              		.cfi_startproc
  31              		@ args = 0, pretend = 0, frame = 0
  32              		@ frame_needed = 0, uses_anonymous_args = 0
  33              		@ link register save eliminated.
  89:../../core/platform/octa/src/stm32l4xx_it.c ****   /* USER CODE BEGIN NonMaskableInt_IRQn 0 */
  90:../../core/platform/octa/src/stm32l4xx_it.c **** 
  91:../../core/platform/octa/src/stm32l4xx_it.c ****   /* USER CODE END NonMaskableInt_IRQn 0 */
  92:../../core/platform/octa/src/stm32l4xx_it.c ****   /* USER CODE BEGIN NonMaskableInt_IRQn 1 */
  93:../../core/platform/octa/src/stm32l4xx_it.c **** 
  94:../../core/platform/octa/src/stm32l4xx_it.c ****   /* USER CODE END NonMaskableInt_IRQn 1 */
  95:../../core/platform/octa/src/stm32l4xx_it.c **** }
  34              		.loc 1 95 1 view .LVU1
  35 0000 7047     		bx	lr
  36              		.cfi_endproc
  37              	.LFE128:
  39              		.section	.text.HardFault_Handler,"ax",%progbits
  40              		.align	1
  41              		.global	HardFault_Handler
  42              		.syntax unified
  43              		.thumb
  44              		.thumb_func
  45              		.fpu fpv4-sp-d16
  47              	HardFault_Handler:
  48              	.LFB129:
  96:../../core/platform/octa/src/stm32l4xx_it.c **** 
  97:../../core/platform/octa/src/stm32l4xx_it.c **** /**
  98:../../core/platform/octa/src/stm32l4xx_it.c ****   * @brief This function handles Hard fault interrupt.
  99:../../core/platform/octa/src/stm32l4xx_it.c ****   */
 100:../../core/platform/octa/src/stm32l4xx_it.c **** void HardFault_Handler(void)
 101:../../core/platform/octa/src/stm32l4xx_it.c **** {
  49              		.loc 1 101 1 view -0
  50              		.cfi_startproc
  51              		@ Volatile: function does not return.
  52              		@ args = 0, pretend = 0, frame = 0
  53              		@ frame_needed = 0, uses_anonymous_args = 0
  54              		@ link register save eliminated.
  55              	.L3:
 102:../../core/platform/octa/src/stm32l4xx_it.c ****   /* USER CODE BEGIN HardFault_IRQn 0 */
 103:../../core/platform/octa/src/stm32l4xx_it.c **** 
 104:../../core/platform/octa/src/stm32l4xx_it.c ****   /* USER CODE END HardFault_IRQn 0 */
 105:../../core/platform/octa/src/stm32l4xx_it.c ****   while (1)
  56              		.loc 1 105 3 discriminator 1 view .LVU3
 106:../../core/platform/octa/src/stm32l4xx_it.c ****   {
 107:../../core/platform/octa/src/stm32l4xx_it.c ****     /* USER CODE BEGIN W1_HardFault_IRQn 0 */
 108:../../core/platform/octa/src/stm32l4xx_it.c ****     /* USER CODE END W1_HardFault_IRQn 0 */
 109:../../core/platform/octa/src/stm32l4xx_it.c ****   }
  57              		.loc 1 109 3 discriminator 1 view .LVU4
  58 0000 FEE7     		b	.L3
  59              		.cfi_endproc
  60              	.LFE129:
  62              		.section	.text.MemManage_Handler,"ax",%progbits
  63              		.align	1
  64              		.global	MemManage_Handler
  65              		.syntax unified
  66              		.thumb
ARM GAS  C:\Users\yvesk\AppData\Local\Temp\ccg1WVt9.s 			page 4


  67              		.thumb_func
  68              		.fpu fpv4-sp-d16
  70              	MemManage_Handler:
  71              	.LFB130:
 110:../../core/platform/octa/src/stm32l4xx_it.c **** }
 111:../../core/platform/octa/src/stm32l4xx_it.c **** 
 112:../../core/platform/octa/src/stm32l4xx_it.c **** /**
 113:../../core/platform/octa/src/stm32l4xx_it.c ****   * @brief This function handles Memory management fault.
 114:../../core/platform/octa/src/stm32l4xx_it.c ****   */
 115:../../core/platform/octa/src/stm32l4xx_it.c **** void MemManage_Handler(void)
 116:../../core/platform/octa/src/stm32l4xx_it.c **** {
  72              		.loc 1 116 1 view -0
  73              		.cfi_startproc
  74              		@ Volatile: function does not return.
  75              		@ args = 0, pretend = 0, frame = 0
  76              		@ frame_needed = 0, uses_anonymous_args = 0
  77              		@ link register save eliminated.
  78              	.L5:
 117:../../core/platform/octa/src/stm32l4xx_it.c ****   /* USER CODE BEGIN MemoryManagement_IRQn 0 */
 118:../../core/platform/octa/src/stm32l4xx_it.c **** 
 119:../../core/platform/octa/src/stm32l4xx_it.c ****   /* USER CODE END MemoryManagement_IRQn 0 */
 120:../../core/platform/octa/src/stm32l4xx_it.c ****   while (1)
  79              		.loc 1 120 3 discriminator 1 view .LVU6
 121:../../core/platform/octa/src/stm32l4xx_it.c ****   {
 122:../../core/platform/octa/src/stm32l4xx_it.c ****     /* USER CODE BEGIN W1_MemoryManagement_IRQn 0 */
 123:../../core/platform/octa/src/stm32l4xx_it.c ****     /* USER CODE END W1_MemoryManagement_IRQn 0 */
 124:../../core/platform/octa/src/stm32l4xx_it.c ****   }
  80              		.loc 1 124 3 discriminator 1 view .LVU7
  81 0000 FEE7     		b	.L5
  82              		.cfi_endproc
  83              	.LFE130:
  85              		.section	.text.BusFault_Handler,"ax",%progbits
  86              		.align	1
  87              		.global	BusFault_Handler
  88              		.syntax unified
  89              		.thumb
  90              		.thumb_func
  91              		.fpu fpv4-sp-d16
  93              	BusFault_Handler:
  94              	.LFB131:
 125:../../core/platform/octa/src/stm32l4xx_it.c **** }
 126:../../core/platform/octa/src/stm32l4xx_it.c **** 
 127:../../core/platform/octa/src/stm32l4xx_it.c **** /**
 128:../../core/platform/octa/src/stm32l4xx_it.c ****   * @brief This function handles Prefetch fault, memory access fault.
 129:../../core/platform/octa/src/stm32l4xx_it.c ****   */
 130:../../core/platform/octa/src/stm32l4xx_it.c **** void BusFault_Handler(void)
 131:../../core/platform/octa/src/stm32l4xx_it.c **** {
  95              		.loc 1 131 1 view -0
  96              		.cfi_startproc
  97              		@ Volatile: function does not return.
  98              		@ args = 0, pretend = 0, frame = 0
  99              		@ frame_needed = 0, uses_anonymous_args = 0
 100              		@ link register save eliminated.
 101              	.L7:
 132:../../core/platform/octa/src/stm32l4xx_it.c ****   /* USER CODE BEGIN BusFault_IRQn 0 */
 133:../../core/platform/octa/src/stm32l4xx_it.c **** 
 134:../../core/platform/octa/src/stm32l4xx_it.c ****   /* USER CODE END BusFault_IRQn 0 */
ARM GAS  C:\Users\yvesk\AppData\Local\Temp\ccg1WVt9.s 			page 5


 135:../../core/platform/octa/src/stm32l4xx_it.c ****   while (1)
 102              		.loc 1 135 3 discriminator 1 view .LVU9
 136:../../core/platform/octa/src/stm32l4xx_it.c ****   {
 137:../../core/platform/octa/src/stm32l4xx_it.c ****     /* USER CODE BEGIN W1_BusFault_IRQn 0 */
 138:../../core/platform/octa/src/stm32l4xx_it.c ****     /* USER CODE END W1_BusFault_IRQn 0 */
 139:../../core/platform/octa/src/stm32l4xx_it.c ****   }
 103              		.loc 1 139 3 discriminator 1 view .LVU10
 104 0000 FEE7     		b	.L7
 105              		.cfi_endproc
 106              	.LFE131:
 108              		.section	.text.UsageFault_Handler,"ax",%progbits
 109              		.align	1
 110              		.global	UsageFault_Handler
 111              		.syntax unified
 112              		.thumb
 113              		.thumb_func
 114              		.fpu fpv4-sp-d16
 116              	UsageFault_Handler:
 117              	.LFB132:
 140:../../core/platform/octa/src/stm32l4xx_it.c **** }
 141:../../core/platform/octa/src/stm32l4xx_it.c **** 
 142:../../core/platform/octa/src/stm32l4xx_it.c **** /**
 143:../../core/platform/octa/src/stm32l4xx_it.c ****   * @brief This function handles Undefined instruction or illegal state.
 144:../../core/platform/octa/src/stm32l4xx_it.c ****   */
 145:../../core/platform/octa/src/stm32l4xx_it.c **** void UsageFault_Handler(void)
 146:../../core/platform/octa/src/stm32l4xx_it.c **** {
 118              		.loc 1 146 1 view -0
 119              		.cfi_startproc
 120              		@ Volatile: function does not return.
 121              		@ args = 0, pretend = 0, frame = 0
 122              		@ frame_needed = 0, uses_anonymous_args = 0
 123              		@ link register save eliminated.
 124              	.L9:
 147:../../core/platform/octa/src/stm32l4xx_it.c ****   /* USER CODE BEGIN UsageFault_IRQn 0 */
 148:../../core/platform/octa/src/stm32l4xx_it.c **** 
 149:../../core/platform/octa/src/stm32l4xx_it.c ****   /* USER CODE END UsageFault_IRQn 0 */
 150:../../core/platform/octa/src/stm32l4xx_it.c ****   while (1)
 125              		.loc 1 150 3 discriminator 1 view .LVU12
 151:../../core/platform/octa/src/stm32l4xx_it.c ****   {
 152:../../core/platform/octa/src/stm32l4xx_it.c ****     /* USER CODE BEGIN W1_UsageFault_IRQn 0 */
 153:../../core/platform/octa/src/stm32l4xx_it.c ****     /* USER CODE END W1_UsageFault_IRQn 0 */
 154:../../core/platform/octa/src/stm32l4xx_it.c ****   }
 126              		.loc 1 154 3 discriminator 1 view .LVU13
 127 0000 FEE7     		b	.L9
 128              		.cfi_endproc
 129              	.LFE132:
 131              		.section	.text.DebugMon_Handler,"ax",%progbits
 132              		.align	1
 133              		.global	DebugMon_Handler
 134              		.syntax unified
 135              		.thumb
 136              		.thumb_func
 137              		.fpu fpv4-sp-d16
 139              	DebugMon_Handler:
 140              	.LFB133:
 155:../../core/platform/octa/src/stm32l4xx_it.c **** }
 156:../../core/platform/octa/src/stm32l4xx_it.c **** 
ARM GAS  C:\Users\yvesk\AppData\Local\Temp\ccg1WVt9.s 			page 6


 157:../../core/platform/octa/src/stm32l4xx_it.c **** /**
 158:../../core/platform/octa/src/stm32l4xx_it.c ****   * @brief This function handles Debug monitor.
 159:../../core/platform/octa/src/stm32l4xx_it.c ****   */
 160:../../core/platform/octa/src/stm32l4xx_it.c **** void DebugMon_Handler(void)
 161:../../core/platform/octa/src/stm32l4xx_it.c **** {
 141              		.loc 1 161 1 view -0
 142              		.cfi_startproc
 143              		@ args = 0, pretend = 0, frame = 0
 144              		@ frame_needed = 0, uses_anonymous_args = 0
 145              		@ link register save eliminated.
 162:../../core/platform/octa/src/stm32l4xx_it.c ****   /* USER CODE BEGIN DebugMonitor_IRQn 0 */
 163:../../core/platform/octa/src/stm32l4xx_it.c **** 
 164:../../core/platform/octa/src/stm32l4xx_it.c ****   /* USER CODE END DebugMonitor_IRQn 0 */
 165:../../core/platform/octa/src/stm32l4xx_it.c ****   /* USER CODE BEGIN DebugMonitor_IRQn 1 */
 166:../../core/platform/octa/src/stm32l4xx_it.c **** 
 167:../../core/platform/octa/src/stm32l4xx_it.c ****   /* USER CODE END DebugMonitor_IRQn 1 */
 168:../../core/platform/octa/src/stm32l4xx_it.c **** }
 146              		.loc 1 168 1 view .LVU15
 147 0000 7047     		bx	lr
 148              		.cfi_endproc
 149              	.LFE133:
 151              		.section	.text.TIM1_UP_TIM16_IRQHandler,"ax",%progbits
 152              		.align	1
 153              		.global	TIM1_UP_TIM16_IRQHandler
 154              		.syntax unified
 155              		.thumb
 156              		.thumb_func
 157              		.fpu fpv4-sp-d16
 159              	TIM1_UP_TIM16_IRQHandler:
 160              	.LFB134:
 169:../../core/platform/octa/src/stm32l4xx_it.c **** 
 170:../../core/platform/octa/src/stm32l4xx_it.c **** /******************************************************************************/
 171:../../core/platform/octa/src/stm32l4xx_it.c **** /* STM32L4xx Peripheral Interrupt Handlers                                    */
 172:../../core/platform/octa/src/stm32l4xx_it.c **** /* Add here the Interrupt Handlers for the used peripherals.                  */
 173:../../core/platform/octa/src/stm32l4xx_it.c **** /* For the available peripheral interrupt handler names,                      */
 174:../../core/platform/octa/src/stm32l4xx_it.c **** /* please refer to the startup file (startup_stm32l4xx.s).                    */
 175:../../core/platform/octa/src/stm32l4xx_it.c **** /******************************************************************************/
 176:../../core/platform/octa/src/stm32l4xx_it.c **** 
 177:../../core/platform/octa/src/stm32l4xx_it.c **** /**
 178:../../core/platform/octa/src/stm32l4xx_it.c ****   * @brief This function handles TIM1 update interrupt and TIM16 global interrupt.
 179:../../core/platform/octa/src/stm32l4xx_it.c ****   */
 180:../../core/platform/octa/src/stm32l4xx_it.c **** void TIM1_UP_TIM16_IRQHandler(void)
 181:../../core/platform/octa/src/stm32l4xx_it.c **** {
 161              		.loc 1 181 1 view -0
 162              		.cfi_startproc
 163              		@ args = 0, pretend = 0, frame = 0
 164              		@ frame_needed = 0, uses_anonymous_args = 0
 165 0000 08B5     		push	{r3, lr}
 166              	.LCFI0:
 167              		.cfi_def_cfa_offset 8
 168              		.cfi_offset 3, -8
 169              		.cfi_offset 14, -4
 182:../../core/platform/octa/src/stm32l4xx_it.c ****   /* USER CODE BEGIN TIM1_UP_TIM16_IRQn 0 */
 183:../../core/platform/octa/src/stm32l4xx_it.c **** 
 184:../../core/platform/octa/src/stm32l4xx_it.c ****   /* USER CODE END TIM1_UP_TIM16_IRQn 0 */
 185:../../core/platform/octa/src/stm32l4xx_it.c ****   HAL_TIM_IRQHandler(&htim1);
 170              		.loc 1 185 3 view .LVU17
ARM GAS  C:\Users\yvesk\AppData\Local\Temp\ccg1WVt9.s 			page 7


 171 0002 0248     		ldr	r0, .L13
 172 0004 FFF7FEFF 		bl	HAL_TIM_IRQHandler
 173              	.LVL0:
 186:../../core/platform/octa/src/stm32l4xx_it.c ****   /* USER CODE BEGIN TIM1_UP_TIM16_IRQn 1 */
 187:../../core/platform/octa/src/stm32l4xx_it.c **** 
 188:../../core/platform/octa/src/stm32l4xx_it.c ****   /* USER CODE END TIM1_UP_TIM16_IRQn 1 */
 189:../../core/platform/octa/src/stm32l4xx_it.c **** }
 174              		.loc 1 189 1 is_stmt 0 view .LVU18
 175 0008 08BD     		pop	{r3, pc}
 176              	.L14:
 177 000a 00BF     		.align	2
 178              	.L13:
 179 000c 00000000 		.word	htim1
 180              		.cfi_endproc
 181              	.LFE134:
 183              		.section	.text.USART2_IRQHandler,"ax",%progbits
 184              		.align	1
 185              		.global	USART2_IRQHandler
 186              		.syntax unified
 187              		.thumb
 188              		.thumb_func
 189              		.fpu fpv4-sp-d16
 191              	USART2_IRQHandler:
 192              	.LFB135:
 190:../../core/platform/octa/src/stm32l4xx_it.c **** 
 191:../../core/platform/octa/src/stm32l4xx_it.c **** /* USER CODE BEGIN 1 */
 192:../../core/platform/octa/src/stm32l4xx_it.c **** /**
 193:../../core/platform/octa/src/stm32l4xx_it.c **** * @brief This function handles USART2 global interrupt.
 194:../../core/platform/octa/src/stm32l4xx_it.c **** */
 195:../../core/platform/octa/src/stm32l4xx_it.c **** void USART2_IRQHandler(void)
 196:../../core/platform/octa/src/stm32l4xx_it.c **** {
 193              		.loc 1 196 1 is_stmt 1 view -0
 194              		.cfi_startproc
 195              		@ args = 0, pretend = 0, frame = 0
 196              		@ frame_needed = 0, uses_anonymous_args = 0
 197 0000 08B5     		push	{r3, lr}
 198              	.LCFI1:
 199              		.cfi_def_cfa_offset 8
 200              		.cfi_offset 3, -8
 201              		.cfi_offset 14, -4
 197:../../core/platform/octa/src/stm32l4xx_it.c ****   printf("iets");
 202              		.loc 1 197 3 view .LVU20
 203 0002 0348     		ldr	r0, .L17
 204 0004 FFF7FEFF 		bl	printf
 205              	.LVL1:
 198:../../core/platform/octa/src/stm32l4xx_it.c ****   /* USER CODE BEGIN USART2_IRQn 0 */
 199:../../core/platform/octa/src/stm32l4xx_it.c **** 
 200:../../core/platform/octa/src/stm32l4xx_it.c ****   /* USER CODE END USART2_IRQn 0 */
 201:../../core/platform/octa/src/stm32l4xx_it.c ****   //#if USE_BOOTLOADER
 202:../../core/platform/octa/src/stm32l4xx_it.c ****     HAL_UART_IRQHandler(&BLE_UART);
 206              		.loc 1 202 5 view .LVU21
 207 0008 0248     		ldr	r0, .L17+4
 208 000a FFF7FEFF 		bl	HAL_UART_IRQHandler
 209              	.LVL2:
 203:../../core/platform/octa/src/stm32l4xx_it.c ****   /* #else
 204:../../core/platform/octa/src/stm32l4xx_it.c ****     HAL_UART_IRQHandler(&P2_UART);
 205:../../core/platform/octa/src/stm32l4xx_it.c ****   #endif */
ARM GAS  C:\Users\yvesk\AppData\Local\Temp\ccg1WVt9.s 			page 8


 206:../../core/platform/octa/src/stm32l4xx_it.c ****   /* USER CODE BEGIN USART2_IRQn 1 */
 207:../../core/platform/octa/src/stm32l4xx_it.c **** 
 208:../../core/platform/octa/src/stm32l4xx_it.c ****   /* USER CODE END USART2_IRQn 1 */
 209:../../core/platform/octa/src/stm32l4xx_it.c **** }
 210              		.loc 1 209 1 is_stmt 0 view .LVU22
 211 000e 08BD     		pop	{r3, pc}
 212              	.L18:
 213              		.align	2
 214              	.L17:
 215 0010 00000000 		.word	.LC0
 216 0014 00000000 		.word	BLE_UART
 217              		.cfi_endproc
 218              	.LFE135:
 220              		.section	.text.USART3_IRQHandler,"ax",%progbits
 221              		.align	1
 222              		.global	USART3_IRQHandler
 223              		.syntax unified
 224              		.thumb
 225              		.thumb_func
 226              		.fpu fpv4-sp-d16
 228              	USART3_IRQHandler:
 229              	.LFB136:
 210:../../core/platform/octa/src/stm32l4xx_it.c **** 
 211:../../core/platform/octa/src/stm32l4xx_it.c **** /**
 212:../../core/platform/octa/src/stm32l4xx_it.c **** * @brief This function handles USART3 global interrupt.
 213:../../core/platform/octa/src/stm32l4xx_it.c **** */
 214:../../core/platform/octa/src/stm32l4xx_it.c **** void USART3_IRQHandler(void)
 215:../../core/platform/octa/src/stm32l4xx_it.c **** {
 230              		.loc 1 215 1 is_stmt 1 view -0
 231              		.cfi_startproc
 232              		@ args = 0, pretend = 0, frame = 0
 233              		@ frame_needed = 0, uses_anonymous_args = 0
 234 0000 08B5     		push	{r3, lr}
 235              	.LCFI2:
 236              		.cfi_def_cfa_offset 8
 237              		.cfi_offset 3, -8
 238              		.cfi_offset 14, -4
 216:../../core/platform/octa/src/stm32l4xx_it.c ****   /* USER CODE BEGIN USART2_IRQn 0 */
 217:../../core/platform/octa/src/stm32l4xx_it.c **** 
 218:../../core/platform/octa/src/stm32l4xx_it.c ****   /* USER CODE END USART2_IRQn 0 */
 219:../../core/platform/octa/src/stm32l4xx_it.c ****   HAL_UART_IRQHandler(&P3_UART);
 239              		.loc 1 219 3 view .LVU24
 240 0002 0248     		ldr	r0, .L21
 241 0004 FFF7FEFF 		bl	HAL_UART_IRQHandler
 242              	.LVL3:
 220:../../core/platform/octa/src/stm32l4xx_it.c ****   /* USER CODE BEGIN USART2_IRQn 1 */
 221:../../core/platform/octa/src/stm32l4xx_it.c **** 
 222:../../core/platform/octa/src/stm32l4xx_it.c ****   /* USER CODE END USART2_IRQn 1 */
 223:../../core/platform/octa/src/stm32l4xx_it.c **** }
 243              		.loc 1 223 1 is_stmt 0 view .LVU25
 244 0008 08BD     		pop	{r3, pc}
 245              	.L22:
 246 000a 00BF     		.align	2
 247              	.L21:
 248 000c 00000000 		.word	P3_UART
 249              		.cfi_endproc
 250              	.LFE136:
ARM GAS  C:\Users\yvesk\AppData\Local\Temp\ccg1WVt9.s 			page 9


 252              		.section	.text.UART5_IRQHandler,"ax",%progbits
 253              		.align	1
 254              		.global	UART5_IRQHandler
 255              		.syntax unified
 256              		.thumb
 257              		.thumb_func
 258              		.fpu fpv4-sp-d16
 260              	UART5_IRQHandler:
 261              	.LFB137:
 224:../../core/platform/octa/src/stm32l4xx_it.c **** 
 225:../../core/platform/octa/src/stm32l4xx_it.c **** /**
 226:../../core/platform/octa/src/stm32l4xx_it.c **** * @brief This function handles UART5 global interrupt.
 227:../../core/platform/octa/src/stm32l4xx_it.c **** */
 228:../../core/platform/octa/src/stm32l4xx_it.c **** void UART5_IRQHandler(void)
 229:../../core/platform/octa/src/stm32l4xx_it.c **** {
 262              		.loc 1 229 1 is_stmt 1 view -0
 263              		.cfi_startproc
 264              		@ args = 0, pretend = 0, frame = 0
 265              		@ frame_needed = 0, uses_anonymous_args = 0
 266 0000 08B5     		push	{r3, lr}
 267              	.LCFI3:
 268              		.cfi_def_cfa_offset 8
 269              		.cfi_offset 3, -8
 270              		.cfi_offset 14, -4
 230:../../core/platform/octa/src/stm32l4xx_it.c ****   /* USER CODE BEGIN UART5 0 */
 231:../../core/platform/octa/src/stm32l4xx_it.c **** 
 232:../../core/platform/octa/src/stm32l4xx_it.c ****   /* USER CODE END UART5 0 */
 233:../../core/platform/octa/src/stm32l4xx_it.c ****   HAL_UART_IRQHandler(&P1_UART);
 271              		.loc 1 233 3 view .LVU27
 272 0002 0248     		ldr	r0, .L25
 273 0004 FFF7FEFF 		bl	HAL_UART_IRQHandler
 274              	.LVL4:
 234:../../core/platform/octa/src/stm32l4xx_it.c ****   /* USER CODE BEGIN UART5 1 */
 235:../../core/platform/octa/src/stm32l4xx_it.c **** 
 236:../../core/platform/octa/src/stm32l4xx_it.c ****   /* USER CODE END UART5 1 */
 237:../../core/platform/octa/src/stm32l4xx_it.c **** }
 275              		.loc 1 237 1 is_stmt 0 view .LVU28
 276 0008 08BD     		pop	{r3, pc}
 277              	.L26:
 278 000a 00BF     		.align	2
 279              	.L25:
 280 000c 00000000 		.word	P1_UART
 281              		.cfi_endproc
 282              	.LFE137:
 284              		.section	.text.SPI1_IRQHandler,"ax",%progbits
 285              		.align	1
 286              		.global	SPI1_IRQHandler
 287              		.syntax unified
 288              		.thumb
 289              		.thumb_func
 290              		.fpu fpv4-sp-d16
 292              	SPI1_IRQHandler:
 293              	.LFB138:
 238:../../core/platform/octa/src/stm32l4xx_it.c **** 
 239:../../core/platform/octa/src/stm32l4xx_it.c **** /**
 240:../../core/platform/octa/src/stm32l4xx_it.c ****   * @brief This function handles SPI1 global interrupt.
 241:../../core/platform/octa/src/stm32l4xx_it.c ****   */
ARM GAS  C:\Users\yvesk\AppData\Local\Temp\ccg1WVt9.s 			page 10


 242:../../core/platform/octa/src/stm32l4xx_it.c **** void SPI1_IRQHandler(void)
 243:../../core/platform/octa/src/stm32l4xx_it.c **** {
 294              		.loc 1 243 1 is_stmt 1 view -0
 295              		.cfi_startproc
 296              		@ args = 0, pretend = 0, frame = 0
 297              		@ frame_needed = 0, uses_anonymous_args = 0
 298 0000 08B5     		push	{r3, lr}
 299              	.LCFI4:
 300              		.cfi_def_cfa_offset 8
 301              		.cfi_offset 3, -8
 302              		.cfi_offset 14, -4
 244:../../core/platform/octa/src/stm32l4xx_it.c ****   /* USER CODE BEGIN SPI1_IRQn 0 */
 245:../../core/platform/octa/src/stm32l4xx_it.c **** 
 246:../../core/platform/octa/src/stm32l4xx_it.c ****   /* USER CODE END SPI1_IRQn 0 */
 247:../../core/platform/octa/src/stm32l4xx_it.c ****   HAL_SPI_IRQHandler(&P3_SPI);
 303              		.loc 1 247 3 view .LVU30
 304 0002 0248     		ldr	r0, .L29
 305 0004 FFF7FEFF 		bl	HAL_SPI_IRQHandler
 306              	.LVL5:
 248:../../core/platform/octa/src/stm32l4xx_it.c ****   /* USER CODE BEGIN SPI1_IRQn 1 */
 249:../../core/platform/octa/src/stm32l4xx_it.c **** 
 250:../../core/platform/octa/src/stm32l4xx_it.c ****   /* USER CODE END SPI1_IRQn 1 */
 251:../../core/platform/octa/src/stm32l4xx_it.c **** }
 307              		.loc 1 251 1 is_stmt 0 view .LVU31
 308 0008 08BD     		pop	{r3, pc}
 309              	.L30:
 310 000a 00BF     		.align	2
 311              	.L29:
 312 000c 00000000 		.word	P3_SPI
 313              		.cfi_endproc
 314              	.LFE138:
 316              		.section	.text.SPI2_IRQHandler,"ax",%progbits
 317              		.align	1
 318              		.global	SPI2_IRQHandler
 319              		.syntax unified
 320              		.thumb
 321              		.thumb_func
 322              		.fpu fpv4-sp-d16
 324              	SPI2_IRQHandler:
 325              	.LFB139:
 252:../../core/platform/octa/src/stm32l4xx_it.c **** 
 253:../../core/platform/octa/src/stm32l4xx_it.c **** /**
 254:../../core/platform/octa/src/stm32l4xx_it.c ****   * @brief This function handles SPI2 global interrupt.
 255:../../core/platform/octa/src/stm32l4xx_it.c ****   */
 256:../../core/platform/octa/src/stm32l4xx_it.c **** void SPI2_IRQHandler(void)
 257:../../core/platform/octa/src/stm32l4xx_it.c **** {
 326              		.loc 1 257 1 is_stmt 1 view -0
 327              		.cfi_startproc
 328              		@ args = 0, pretend = 0, frame = 0
 329              		@ frame_needed = 0, uses_anonymous_args = 0
 330 0000 08B5     		push	{r3, lr}
 331              	.LCFI5:
 332              		.cfi_def_cfa_offset 8
 333              		.cfi_offset 3, -8
 334              		.cfi_offset 14, -4
 258:../../core/platform/octa/src/stm32l4xx_it.c ****   /* USER CODE BEGIN SPI2_IRQn 0 */
 259:../../core/platform/octa/src/stm32l4xx_it.c **** 
ARM GAS  C:\Users\yvesk\AppData\Local\Temp\ccg1WVt9.s 			page 11


 260:../../core/platform/octa/src/stm32l4xx_it.c ****   /* USER CODE END SPI2_IRQn 0 */
 261:../../core/platform/octa/src/stm32l4xx_it.c ****   HAL_SPI_IRQHandler(&P2_SPI);
 335              		.loc 1 261 3 view .LVU33
 336 0002 0248     		ldr	r0, .L33
 337 0004 FFF7FEFF 		bl	HAL_SPI_IRQHandler
 338              	.LVL6:
 262:../../core/platform/octa/src/stm32l4xx_it.c ****   /* USER CODE BEGIN SPI2_IRQn 1 */
 263:../../core/platform/octa/src/stm32l4xx_it.c **** 
 264:../../core/platform/octa/src/stm32l4xx_it.c ****   /* USER CODE END SPI2_IRQn 1 */
 265:../../core/platform/octa/src/stm32l4xx_it.c **** }
 339              		.loc 1 265 1 is_stmt 0 view .LVU34
 340 0008 08BD     		pop	{r3, pc}
 341              	.L34:
 342 000a 00BF     		.align	2
 343              	.L33:
 344 000c 00000000 		.word	P2_SPI
 345              		.cfi_endproc
 346              	.LFE139:
 348              		.section	.text.SPI3_IRQHandler,"ax",%progbits
 349              		.align	1
 350              		.global	SPI3_IRQHandler
 351              		.syntax unified
 352              		.thumb
 353              		.thumb_func
 354              		.fpu fpv4-sp-d16
 356              	SPI3_IRQHandler:
 357              	.LFB140:
 266:../../core/platform/octa/src/stm32l4xx_it.c **** 
 267:../../core/platform/octa/src/stm32l4xx_it.c **** /**
 268:../../core/platform/octa/src/stm32l4xx_it.c ****   * @brief This function handles SPI3 global interrupt.
 269:../../core/platform/octa/src/stm32l4xx_it.c ****   */
 270:../../core/platform/octa/src/stm32l4xx_it.c **** void SPI3_IRQHandler(void)
 271:../../core/platform/octa/src/stm32l4xx_it.c **** {
 358              		.loc 1 271 1 is_stmt 1 view -0
 359              		.cfi_startproc
 360              		@ args = 0, pretend = 0, frame = 0
 361              		@ frame_needed = 0, uses_anonymous_args = 0
 362 0000 08B5     		push	{r3, lr}
 363              	.LCFI6:
 364              		.cfi_def_cfa_offset 8
 365              		.cfi_offset 3, -8
 366              		.cfi_offset 14, -4
 272:../../core/platform/octa/src/stm32l4xx_it.c ****   /* USER CODE BEGIN SPI3_IRQn 0 */
 273:../../core/platform/octa/src/stm32l4xx_it.c **** 
 274:../../core/platform/octa/src/stm32l4xx_it.c ****   /* USER CODE END SPI3_IRQn 0 */
 275:../../core/platform/octa/src/stm32l4xx_it.c ****   HAL_SPI_IRQHandler(&P1_SPI);
 367              		.loc 1 275 3 view .LVU36
 368 0002 0248     		ldr	r0, .L37
 369 0004 FFF7FEFF 		bl	HAL_SPI_IRQHandler
 370              	.LVL7:
 276:../../core/platform/octa/src/stm32l4xx_it.c ****   /* USER CODE BEGIN SPI3_IRQn 1 */
 277:../../core/platform/octa/src/stm32l4xx_it.c **** 
 278:../../core/platform/octa/src/stm32l4xx_it.c ****   /* USER CODE END SPI3_IRQn 1 */
 279:../../core/platform/octa/src/stm32l4xx_it.c **** }
 371              		.loc 1 279 1 is_stmt 0 view .LVU37
 372 0008 08BD     		pop	{r3, pc}
 373              	.L38:
ARM GAS  C:\Users\yvesk\AppData\Local\Temp\ccg1WVt9.s 			page 12


 374 000a 00BF     		.align	2
 375              	.L37:
 376 000c 00000000 		.word	P1_SPI
 377              		.cfi_endproc
 378              	.LFE140:
 380              		.section	.text.EXTI15_10_IRQHandler,"ax",%progbits
 381              		.align	1
 382              		.global	EXTI15_10_IRQHandler
 383              		.syntax unified
 384              		.thumb
 385              		.thumb_func
 386              		.fpu fpv4-sp-d16
 388              	EXTI15_10_IRQHandler:
 389              	.LFB141:
 280:../../core/platform/octa/src/stm32l4xx_it.c **** 
 281:../../core/platform/octa/src/stm32l4xx_it.c **** //we gebruiken hier de vaste functie voor het opvangen van interrupts op pinnen 10 tot 15 op poorte
 282:../../core/platform/octa/src/stm32l4xx_it.c **** void EXTI15_10_IRQHandler(void) {
 390              		.loc 1 282 33 is_stmt 1 view -0
 391              		.cfi_startproc
 392              		@ args = 0, pretend = 0, frame = 0
 393              		@ frame_needed = 0, uses_anonymous_args = 0
 394 0000 08B5     		push	{r3, lr}
 395              	.LCFI7:
 396              		.cfi_def_cfa_offset 8
 397              		.cfi_offset 3, -8
 398              		.cfi_offset 14, -4
 283:../../core/platform/octa/src/stm32l4xx_it.c ****   HAL_GPIO_EXTI_IRQHandler(GPIO_PIN_13);
 399              		.loc 1 283 3 view .LVU39
 400 0002 4FF40050 		mov	r0, #8192
 401 0006 FFF7FEFF 		bl	HAL_GPIO_EXTI_IRQHandler
 402              	.LVL8:
 284:../../core/platform/octa/src/stm32l4xx_it.c ****   //we zeggen hier dat als interrupt zich op een van de pinnen voordoet, dan roepen we onze handler
 285:../../core/platform/octa/src/stm32l4xx_it.c **** }
 403              		.loc 1 285 1 is_stmt 0 view .LVU40
 404 000a 08BD     		pop	{r3, pc}
 405              		.cfi_endproc
 406              	.LFE141:
 408              		.comm	FLASH_SPI,100,4
 409              		.comm	P3_SPI,100,4
 410              		.comm	P2_SPI,100,4
 411              		.comm	P1_SPI,100,4
 412              		.comm	P3_UART,120,4
 413              		.comm	P2_UART,120,4
 414              		.comm	P1_UART,120,4
 415              		.comm	BLE_UART,120,4
 416              		.comm	USB_UART,120,4
 417              		.section	.rodata.USART2_IRQHandler.str1.4,"aMS",%progbits,1
 418              		.align	2
 419              	.LC0:
 420 0000 69657473 		.ascii	"iets\000"
 420      00
 421              		.text
 422              	.Letext0:
 423              		.file 2 "c:\\program files (x86)\\gnu tools arm embedded\\8 2019-q3-update\\arm-none-eabi\\include
 424              		.file 3 "c:\\program files (x86)\\gnu tools arm embedded\\8 2019-q3-update\\arm-none-eabi\\include
 425              		.file 4 "../../core/platform/octa/inc/FreeRTOSConfig.h"
 426              		.file 5 "../../core/ST/CMSIS/Include/core_cm4.h"
ARM GAS  C:\Users\yvesk\AppData\Local\Temp\ccg1WVt9.s 			page 13


 427              		.file 6 "../../core/ST/CMSIS/Device/ST/STM32L4xx/Include/system_stm32l4xx.h"
 428              		.file 7 "../../core/ST/CMSIS/Device/ST/STM32L4xx/Include/stm32l496xx.h"
 429              		.file 8 "../../core/ST/STM32L4xx_HAL_Driver/Inc/stm32l4xx_hal_def.h"
 430              		.file 9 "../../core/ST/STM32L4xx_HAL_Driver/Inc/stm32l4xx_hal_dma.h"
 431              		.file 10 "../../core/ST/STM32L4xx_HAL_Driver/Inc/stm32l4xx_hal_spi.h"
 432              		.file 11 "../../core/ST/STM32L4xx_HAL_Driver/Inc/stm32l4xx_hal_tim.h"
 433              		.file 12 "../../core/ST/STM32L4xx_HAL_Driver/Inc/stm32l4xx_hal_uart.h"
 434              		.file 13 "../../core/ST/STM32L4xx_HAL_Driver/Inc/stm32l4xx_hal.h"
 435              		.file 14 "../../core/platform/octa/inc/uart.h"
 436              		.file 15 "../../core/platform/octa/inc/spi.h"
 437              		.file 16 "../../core/ST/STM32L4xx_HAL_Driver/Inc/stm32l4xx_hal_gpio.h"
 438              		.file 17 "<built-in>"
ARM GAS  C:\Users\yvesk\AppData\Local\Temp\ccg1WVt9.s 			page 14


DEFINED SYMBOLS
                            *ABS*:00000000 stm32l4xx_it.c
C:\Users\yvesk\AppData\Local\Temp\ccg1WVt9.s:18     .text.NMI_Handler:00000000 $t
C:\Users\yvesk\AppData\Local\Temp\ccg1WVt9.s:26     .text.NMI_Handler:00000000 NMI_Handler
C:\Users\yvesk\AppData\Local\Temp\ccg1WVt9.s:40     .text.HardFault_Handler:00000000 $t
C:\Users\yvesk\AppData\Local\Temp\ccg1WVt9.s:47     .text.HardFault_Handler:00000000 HardFault_Handler
C:\Users\yvesk\AppData\Local\Temp\ccg1WVt9.s:63     .text.MemManage_Handler:00000000 $t
C:\Users\yvesk\AppData\Local\Temp\ccg1WVt9.s:70     .text.MemManage_Handler:00000000 MemManage_Handler
C:\Users\yvesk\AppData\Local\Temp\ccg1WVt9.s:86     .text.BusFault_Handler:00000000 $t
C:\Users\yvesk\AppData\Local\Temp\ccg1WVt9.s:93     .text.BusFault_Handler:00000000 BusFault_Handler
C:\Users\yvesk\AppData\Local\Temp\ccg1WVt9.s:109    .text.UsageFault_Handler:00000000 $t
C:\Users\yvesk\AppData\Local\Temp\ccg1WVt9.s:116    .text.UsageFault_Handler:00000000 UsageFault_Handler
C:\Users\yvesk\AppData\Local\Temp\ccg1WVt9.s:132    .text.DebugMon_Handler:00000000 $t
C:\Users\yvesk\AppData\Local\Temp\ccg1WVt9.s:139    .text.DebugMon_Handler:00000000 DebugMon_Handler
C:\Users\yvesk\AppData\Local\Temp\ccg1WVt9.s:152    .text.TIM1_UP_TIM16_IRQHandler:00000000 $t
C:\Users\yvesk\AppData\Local\Temp\ccg1WVt9.s:159    .text.TIM1_UP_TIM16_IRQHandler:00000000 TIM1_UP_TIM16_IRQHandler
C:\Users\yvesk\AppData\Local\Temp\ccg1WVt9.s:179    .text.TIM1_UP_TIM16_IRQHandler:0000000c $d
C:\Users\yvesk\AppData\Local\Temp\ccg1WVt9.s:184    .text.USART2_IRQHandler:00000000 $t
C:\Users\yvesk\AppData\Local\Temp\ccg1WVt9.s:191    .text.USART2_IRQHandler:00000000 USART2_IRQHandler
C:\Users\yvesk\AppData\Local\Temp\ccg1WVt9.s:215    .text.USART2_IRQHandler:00000010 $d
                            *COM*:00000078 BLE_UART
C:\Users\yvesk\AppData\Local\Temp\ccg1WVt9.s:221    .text.USART3_IRQHandler:00000000 $t
C:\Users\yvesk\AppData\Local\Temp\ccg1WVt9.s:228    .text.USART3_IRQHandler:00000000 USART3_IRQHandler
C:\Users\yvesk\AppData\Local\Temp\ccg1WVt9.s:248    .text.USART3_IRQHandler:0000000c $d
                            *COM*:00000078 P3_UART
C:\Users\yvesk\AppData\Local\Temp\ccg1WVt9.s:253    .text.UART5_IRQHandler:00000000 $t
C:\Users\yvesk\AppData\Local\Temp\ccg1WVt9.s:260    .text.UART5_IRQHandler:00000000 UART5_IRQHandler
C:\Users\yvesk\AppData\Local\Temp\ccg1WVt9.s:280    .text.UART5_IRQHandler:0000000c $d
                            *COM*:00000078 P1_UART
C:\Users\yvesk\AppData\Local\Temp\ccg1WVt9.s:285    .text.SPI1_IRQHandler:00000000 $t
C:\Users\yvesk\AppData\Local\Temp\ccg1WVt9.s:292    .text.SPI1_IRQHandler:00000000 SPI1_IRQHandler
C:\Users\yvesk\AppData\Local\Temp\ccg1WVt9.s:312    .text.SPI1_IRQHandler:0000000c $d
                            *COM*:00000064 P3_SPI
C:\Users\yvesk\AppData\Local\Temp\ccg1WVt9.s:317    .text.SPI2_IRQHandler:00000000 $t
C:\Users\yvesk\AppData\Local\Temp\ccg1WVt9.s:324    .text.SPI2_IRQHandler:00000000 SPI2_IRQHandler
C:\Users\yvesk\AppData\Local\Temp\ccg1WVt9.s:344    .text.SPI2_IRQHandler:0000000c $d
                            *COM*:00000064 P2_SPI
C:\Users\yvesk\AppData\Local\Temp\ccg1WVt9.s:349    .text.SPI3_IRQHandler:00000000 $t
C:\Users\yvesk\AppData\Local\Temp\ccg1WVt9.s:356    .text.SPI3_IRQHandler:00000000 SPI3_IRQHandler
C:\Users\yvesk\AppData\Local\Temp\ccg1WVt9.s:376    .text.SPI3_IRQHandler:0000000c $d
                            *COM*:00000064 P1_SPI
C:\Users\yvesk\AppData\Local\Temp\ccg1WVt9.s:381    .text.EXTI15_10_IRQHandler:00000000 $t
C:\Users\yvesk\AppData\Local\Temp\ccg1WVt9.s:388    .text.EXTI15_10_IRQHandler:00000000 EXTI15_10_IRQHandler
                            *COM*:00000064 FLASH_SPI
                            *COM*:00000078 P2_UART
                            *COM*:00000078 USB_UART
C:\Users\yvesk\AppData\Local\Temp\ccg1WVt9.s:418    .rodata.USART2_IRQHandler.str1.4:00000000 $d

UNDEFINED SYMBOLS
HAL_TIM_IRQHandler
htim1
printf
HAL_UART_IRQHandler
HAL_SPI_IRQHandler
HAL_GPIO_EXTI_IRQHandler
