<<<<<<< HEAD
ARM GAS  C:\Users\yvesk\AppData\Local\Temp\cc7c3jZV.s 			page 1
=======
ARM GAS  C:\Users\Wouter\AppData\Local\Temp\ccKZVd1f.s 			page 1
>>>>>>> 992f4d87b076945d2657026802705ee631aa9a40


   1              		.cpu cortex-m4
   2              		.eabi_attribute 27, 1
   3              		.eabi_attribute 28, 1
   4              		.eabi_attribute 20, 1
   5              		.eabi_attribute 21, 1
   6              		.eabi_attribute 23, 3
   7              		.eabi_attribute 24, 1
   8              		.eabi_attribute 25, 1
   9              		.eabi_attribute 26, 1
  10              		.eabi_attribute 30, 1
  11              		.eabi_attribute 34, 1
  12              		.eabi_attribute 18, 4
  13              		.file	"stm32l4xx_hal_dma_ex.c"
  14              		.text
  15              	.Ltext0:
  16              		.cfi_sections	.debug_frame
  17              	.Letext0:
  18              		.file 1 "c:\\program files (x86)\\gnu tools arm embedded\\8 2019-q3-update\\arm-none-eabi\\include
  19              		.file 2 "c:\\program files (x86)\\gnu tools arm embedded\\8 2019-q3-update\\arm-none-eabi\\include
  20              		.file 3 "../../core/ST/CMSIS/Include/core_cm4.h"
  21              		.file 4 "../../core/ST/CMSIS/Device/ST/STM32L4xx/Include/system_stm32l4xx.h"
  22              		.file 5 "../../core/ST/STM32L4xx_HAL_Driver/Inc/stm32l4xx_hal.h"
<<<<<<< HEAD
ARM GAS  C:\Users\yvesk\AppData\Local\Temp\cc7c3jZV.s 			page 2
=======
ARM GAS  C:\Users\Wouter\AppData\Local\Temp\ccKZVd1f.s 			page 2
>>>>>>> 992f4d87b076945d2657026802705ee631aa9a40


DEFINED SYMBOLS
                            *ABS*:00000000 stm32l4xx_hal_dma_ex.c

NO UNDEFINED SYMBOLS
