<<<<<<< HEAD
ARM GAS  C:\Users\yvesk\AppData\Local\Temp\ccqJqnLn.s 			page 1
=======
ARM GAS  C:\Users\Wouter\AppData\Local\Temp\ccNeF8Ls.s 			page 1
>>>>>>> 992f4d87b076945d2657026802705ee631aa9a40


   1              		.cpu cortex-m4
   2              		.eabi_attribute 27, 1
   3              		.eabi_attribute 28, 1
   4              		.eabi_attribute 20, 1
   5              		.eabi_attribute 21, 1
   6              		.eabi_attribute 23, 3
   7              		.eabi_attribute 24, 1
   8              		.eabi_attribute 25, 1
   9              		.eabi_attribute 26, 1
  10              		.eabi_attribute 30, 1
  11              		.eabi_attribute 34, 1
  12              		.eabi_attribute 18, 4
  13              		.file	"sysclock.c"
  14              		.text
  15              	.Ltext0:
  16              		.cfi_sections	.debug_frame
  17              		.section	.text.SystemClock_Config,"ax",%progbits
  18              		.align	1
  19              		.weak	SystemClock_Config
  20              		.arch armv7e-m
  21              		.syntax unified
  22              		.thumb
  23              		.thumb_func
  24              		.fpu fpv4-sp-d16
  26              	SystemClock_Config:
  27              	.LFB123:
  28              		.file 1 "../../core/platform/octa/src/sysclock.c"
   1:../../core/platform/octa/src/sysclock.c **** #include "sysclock.h"
   2:../../core/platform/octa/src/sysclock.c **** /**
   3:../../core/platform/octa/src/sysclock.c ****   * @brief System Clock Configuration
   4:../../core/platform/octa/src/sysclock.c ****   * @retval None
   5:../../core/platform/octa/src/sysclock.c ****   */
   6:../../core/platform/octa/src/sysclock.c **** __weak void SystemClock_Config(void)
   7:../../core/platform/octa/src/sysclock.c **** {
  29              		.loc 1 7 1 view -0
  30              		.cfi_startproc
  31              		@ args = 0, pretend = 0, frame = 232
  32              		@ frame_needed = 0, uses_anonymous_args = 0
  33 0000 00B5     		push	{lr}
  34              	.LCFI0:
  35              		.cfi_def_cfa_offset 4
  36              		.cfi_offset 14, -4
  37 0002 BBB0     		sub	sp, sp, #236
  38              	.LCFI1:
  39              		.cfi_def_cfa_offset 240
   8:../../core/platform/octa/src/sysclock.c ****   RCC_OscInitTypeDef RCC_OscInitStruct = {0};
  40              		.loc 1 8 3 view .LVU1
  41              		.loc 1 8 22 is_stmt 0 view .LVU2
  42 0004 2422     		movs	r2, #36
  43 0006 0021     		movs	r1, #0
  44 0008 2AA8     		add	r0, sp, #168
  45 000a FFF7FEFF 		bl	memset
  46              	.LVL0:
   9:../../core/platform/octa/src/sysclock.c ****   RCC_ClkInitTypeDef RCC_ClkInitStruct = {0};
  47              		.loc 1 9 3 is_stmt 1 view .LVU3
  48              		.loc 1 9 22 is_stmt 0 view .LVU4
  49 000e 0021     		movs	r1, #0
<<<<<<< HEAD
ARM GAS  C:\Users\yvesk\AppData\Local\Temp\ccqJqnLn.s 			page 2
=======
ARM GAS  C:\Users\Wouter\AppData\Local\Temp\ccNeF8Ls.s 			page 2
>>>>>>> 992f4d87b076945d2657026802705ee631aa9a40


  50 0010 2491     		str	r1, [sp, #144]
  51 0012 2591     		str	r1, [sp, #148]
  52 0014 2691     		str	r1, [sp, #152]
  53 0016 2791     		str	r1, [sp, #156]
  54 0018 2891     		str	r1, [sp, #160]
  10:../../core/platform/octa/src/sysclock.c ****   RCC_PeriphCLKInitTypeDef PeriphClkInit = {0};
  55              		.loc 1 10 3 is_stmt 1 view .LVU5
  56              		.loc 1 10 28 is_stmt 0 view .LVU6
  57 001a 8C22     		movs	r2, #140
  58 001c 01A8     		add	r0, sp, #4
  59 001e FFF7FEFF 		bl	memset
  60              	.LVL1:
  11:../../core/platform/octa/src/sysclock.c **** 
  12:../../core/platform/octa/src/sysclock.c ****   #if LOW_POWER
  13:../../core/platform/octa/src/sysclock.c ****     RCC_OscInitStruct.OscillatorType = RCC_OSCILLATORTYPE_LSI|RCC_OSCILLATORTYPE_MSI;
  14:../../core/platform/octa/src/sysclock.c ****     RCC_OscInitStruct.LSIState = RCC_LSI_ON;
  15:../../core/platform/octa/src/sysclock.c ****     RCC_OscInitStruct.MSIState = RCC_MSI_ON;
  16:../../core/platform/octa/src/sysclock.c ****     RCC_OscInitStruct.MSICalibrationValue = 0;
  17:../../core/platform/octa/src/sysclock.c ****     RCC_OscInitStruct.MSIClockRange = RCC_MSIRANGE_6;
  18:../../core/platform/octa/src/sysclock.c ****     RCC_OscInitStruct.PLL.PLLState = RCC_PLL_ON;
  19:../../core/platform/octa/src/sysclock.c ****     RCC_OscInitStruct.PLL.PLLSource = RCC_PLLSOURCE_MSI;
  20:../../core/platform/octa/src/sysclock.c ****     RCC_OscInitStruct.PLL.PLLM = 1;
  21:../../core/platform/octa/src/sysclock.c ****     RCC_OscInitStruct.PLL.PLLN = 18;
  22:../../core/platform/octa/src/sysclock.c ****     RCC_OscInitStruct.PLL.PLLP = RCC_PLLP_DIV2;
  23:../../core/platform/octa/src/sysclock.c ****     RCC_OscInitStruct.PLL.PLLQ = RCC_PLLQ_DIV2;
  24:../../core/platform/octa/src/sysclock.c ****     RCC_OscInitStruct.PLL.PLLR = RCC_PLLR_DIV6;
  25:../../core/platform/octa/src/sysclock.c ****     if (HAL_RCC_OscConfig(&RCC_OscInitStruct) != HAL_OK)
  26:../../core/platform/octa/src/sysclock.c ****     {
  27:../../core/platform/octa/src/sysclock.c ****       Error_Handler();
  28:../../core/platform/octa/src/sysclock.c ****     }
  29:../../core/platform/octa/src/sysclock.c ****     /**Initializes the CPU, AHB and APB busses clocks 
  30:../../core/platform/octa/src/sysclock.c ****     */
  31:../../core/platform/octa/src/sysclock.c ****     RCC_ClkInitStruct.ClockType = RCC_CLOCKTYPE_HCLK|RCC_CLOCKTYPE_SYSCLK
  32:../../core/platform/octa/src/sysclock.c ****                                 |RCC_CLOCKTYPE_PCLK1|RCC_CLOCKTYPE_PCLK2;
  33:../../core/platform/octa/src/sysclock.c ****     RCC_ClkInitStruct.SYSCLKSource = RCC_SYSCLKSOURCE_PLLCLK;
  34:../../core/platform/octa/src/sysclock.c ****     RCC_ClkInitStruct.AHBCLKDivider = RCC_SYSCLK_DIV2;
  35:../../core/platform/octa/src/sysclock.c ****     RCC_ClkInitStruct.APB1CLKDivider = RCC_HCLK_DIV2;
  36:../../core/platform/octa/src/sysclock.c ****     RCC_ClkInitStruct.APB2CLKDivider = RCC_HCLK_DIV1;
  37:../../core/platform/octa/src/sysclock.c ****   #else
  38:../../core/platform/octa/src/sysclock.c ****     /**Initializes the CPU, AHB and APB busses clocks 
  39:../../core/platform/octa/src/sysclock.c ****     */
  40:../../core/platform/octa/src/sysclock.c ****     RCC_OscInitStruct.OscillatorType = RCC_OSCILLATORTYPE_LSI|RCC_OSCILLATORTYPE_MSI;
  61              		.loc 1 40 5 is_stmt 1 view .LVU7
  62              		.loc 1 40 38 is_stmt 0 view .LVU8
  63 0022 1823     		movs	r3, #24
  64 0024 2993     		str	r3, [sp, #164]
  41:../../core/platform/octa/src/sysclock.c ****     RCC_OscInitStruct.LSIState = RCC_LSI_ON;
  65              		.loc 1 41 5 is_stmt 1 view .LVU9
  66              		.loc 1 41 32 is_stmt 0 view .LVU10
  67 0026 0122     		movs	r2, #1
  68 0028 2E92     		str	r2, [sp, #184]
  42:../../core/platform/octa/src/sysclock.c ****     RCC_OscInitStruct.MSIState = RCC_MSI_ON;
  69              		.loc 1 42 5 is_stmt 1 view .LVU11
  70              		.loc 1 42 32 is_stmt 0 view .LVU12
  71 002a 2F92     		str	r2, [sp, #188]
  43:../../core/platform/octa/src/sysclock.c ****     RCC_OscInitStruct.MSICalibrationValue = 0;
  72              		.loc 1 43 5 is_stmt 1 view .LVU13
<<<<<<< HEAD
ARM GAS  C:\Users\yvesk\AppData\Local\Temp\ccqJqnLn.s 			page 3
=======
ARM GAS  C:\Users\Wouter\AppData\Local\Temp\ccNeF8Ls.s 			page 3
>>>>>>> 992f4d87b076945d2657026802705ee631aa9a40


  44:../../core/platform/octa/src/sysclock.c ****     RCC_OscInitStruct.MSIClockRange = RCC_MSIRANGE_9;
  73              		.loc 1 44 5 view .LVU14
  74              		.loc 1 44 37 is_stmt 0 view .LVU15
  75 002c 9023     		movs	r3, #144
  76 002e 3193     		str	r3, [sp, #196]
  45:../../core/platform/octa/src/sysclock.c ****     RCC_OscInitStruct.PLL.PLLState = RCC_PLL_ON;
  77              		.loc 1 45 5 is_stmt 1 view .LVU16
  78              		.loc 1 45 36 is_stmt 0 view .LVU17
  79 0030 0223     		movs	r3, #2
  80 0032 3393     		str	r3, [sp, #204]
  46:../../core/platform/octa/src/sysclock.c ****     RCC_OscInitStruct.PLL.PLLSource = RCC_PLLSOURCE_MSI;
  81              		.loc 1 46 5 is_stmt 1 view .LVU18
  82              		.loc 1 46 37 is_stmt 0 view .LVU19
  83 0034 3492     		str	r2, [sp, #208]
  47:../../core/platform/octa/src/sysclock.c ****     RCC_OscInitStruct.PLL.PLLM = 5;
  84              		.loc 1 47 5 is_stmt 1 view .LVU20
  85              		.loc 1 47 32 is_stmt 0 view .LVU21
  86 0036 0522     		movs	r2, #5
  87 0038 3592     		str	r2, [sp, #212]
  48:../../core/platform/octa/src/sysclock.c ****     RCC_OscInitStruct.PLL.PLLN = 71;
  88              		.loc 1 48 5 is_stmt 1 view .LVU22
  89              		.loc 1 48 32 is_stmt 0 view .LVU23
  90 003a 4722     		movs	r2, #71
  91 003c 3692     		str	r2, [sp, #216]
  49:../../core/platform/octa/src/sysclock.c ****     RCC_OscInitStruct.PLL.PLLP = RCC_PLLP_DIV2;
  92              		.loc 1 49 5 is_stmt 1 view .LVU24
  93              		.loc 1 49 32 is_stmt 0 view .LVU25
  94 003e 3793     		str	r3, [sp, #220]
  50:../../core/platform/octa/src/sysclock.c ****     RCC_OscInitStruct.PLL.PLLQ = RCC_PLLQ_DIV2;
  95              		.loc 1 50 5 is_stmt 1 view .LVU26
  96              		.loc 1 50 32 is_stmt 0 view .LVU27
  97 0040 3893     		str	r3, [sp, #224]
  51:../../core/platform/octa/src/sysclock.c ****     RCC_OscInitStruct.PLL.PLLR = RCC_PLLR_DIV6;
  98              		.loc 1 51 5 is_stmt 1 view .LVU28
  99              		.loc 1 51 32 is_stmt 0 view .LVU29
 100 0042 0623     		movs	r3, #6
 101 0044 3993     		str	r3, [sp, #228]
  52:../../core/platform/octa/src/sysclock.c ****     if (HAL_RCC_OscConfig(&RCC_OscInitStruct) != HAL_OK)
 102              		.loc 1 52 5 is_stmt 1 view .LVU30
 103              		.loc 1 52 9 is_stmt 0 view .LVU31
 104 0046 29A8     		add	r0, sp, #164
 105 0048 FFF7FEFF 		bl	HAL_RCC_OscConfig
 106              	.LVL2:
 107              		.loc 1 52 8 view .LVU32
 108 004c 28BB     		cbnz	r0, .L7
 109              	.L2:
  53:../../core/platform/octa/src/sysclock.c ****     {
  54:../../core/platform/octa/src/sysclock.c ****       Error_Handler();
  55:../../core/platform/octa/src/sysclock.c ****     }
  56:../../core/platform/octa/src/sysclock.c ****     /**Initializes the CPU, AHB and APB busses clocks 
  57:../../core/platform/octa/src/sysclock.c ****     */
  58:../../core/platform/octa/src/sysclock.c ****     RCC_ClkInitStruct.ClockType = RCC_CLOCKTYPE_HCLK|RCC_CLOCKTYPE_SYSCLK
 110              		.loc 1 58 5 is_stmt 1 view .LVU33
 111              		.loc 1 58 33 is_stmt 0 view .LVU34
 112 004e 0F23     		movs	r3, #15
 113 0050 2493     		str	r3, [sp, #144]
  59:../../core/platform/octa/src/sysclock.c ****                                 |RCC_CLOCKTYPE_PCLK1|RCC_CLOCKTYPE_PCLK2;
<<<<<<< HEAD
ARM GAS  C:\Users\yvesk\AppData\Local\Temp\ccqJqnLn.s 			page 4
=======
ARM GAS  C:\Users\Wouter\AppData\Local\Temp\ccNeF8Ls.s 			page 4
>>>>>>> 992f4d87b076945d2657026802705ee631aa9a40


  60:../../core/platform/octa/src/sysclock.c ****     RCC_ClkInitStruct.SYSCLKSource = RCC_SYSCLKSOURCE_PLLCLK;
 114              		.loc 1 60 5 is_stmt 1 view .LVU35
 115              		.loc 1 60 36 is_stmt 0 view .LVU36
 116 0052 0323     		movs	r3, #3
 117 0054 2593     		str	r3, [sp, #148]
  61:../../core/platform/octa/src/sysclock.c ****     RCC_ClkInitStruct.AHBCLKDivider = RCC_SYSCLK_DIV4;
 118              		.loc 1 61 5 is_stmt 1 view .LVU37
 119              		.loc 1 61 37 is_stmt 0 view .LVU38
 120 0056 9023     		movs	r3, #144
 121 0058 2693     		str	r3, [sp, #152]
  62:../../core/platform/octa/src/sysclock.c ****     RCC_ClkInitStruct.APB1CLKDivider = RCC_HCLK_DIV2;
 122              		.loc 1 62 5 is_stmt 1 view .LVU39
 123              		.loc 1 62 38 is_stmt 0 view .LVU40
 124 005a 4FF48063 		mov	r3, #1024
 125 005e 2793     		str	r3, [sp, #156]
  63:../../core/platform/octa/src/sysclock.c ****     RCC_ClkInitStruct.APB2CLKDivider = RCC_HCLK_DIV1;
 126              		.loc 1 63 5 is_stmt 1 view .LVU41
 127              		.loc 1 63 38 is_stmt 0 view .LVU42
 128 0060 0021     		movs	r1, #0
 129 0062 2891     		str	r1, [sp, #160]
  64:../../core/platform/octa/src/sysclock.c ****   #endif
  65:../../core/platform/octa/src/sysclock.c **** 
  66:../../core/platform/octa/src/sysclock.c ****   if (HAL_RCC_ClockConfig(&RCC_ClkInitStruct, FLASH_LATENCY_0) != HAL_OK)
 130              		.loc 1 66 3 is_stmt 1 view .LVU43
 131              		.loc 1 66 7 is_stmt 0 view .LVU44
 132 0064 24A8     		add	r0, sp, #144
 133 0066 FFF7FEFF 		bl	HAL_RCC_ClockConfig
 134              	.LVL3:
 135              		.loc 1 66 6 view .LVU45
 136 006a C8B9     		cbnz	r0, .L8
 137              	.L3:
  67:../../core/platform/octa/src/sysclock.c ****   {
  68:../../core/platform/octa/src/sysclock.c ****     Error_Handler();
  69:../../core/platform/octa/src/sysclock.c ****   }
  70:../../core/platform/octa/src/sysclock.c ****   PeriphClkInit.PeriphClockSelection = RCC_PERIPHCLK_USART2|RCC_PERIPHCLK_USART3
 138              		.loc 1 70 3 is_stmt 1 view .LVU46
 139              		.loc 1 70 38 is_stmt 0 view .LVU47
 140 006c 114B     		ldr	r3, .L11
 141 006e 0193     		str	r3, [sp, #4]
  71:../../core/platform/octa/src/sysclock.c ****                               |RCC_PERIPHCLK_UART5|RCC_PERIPHCLK_LPUART1
  72:../../core/platform/octa/src/sysclock.c ****                               |RCC_PERIPHCLK_I2C1|RCC_PERIPHCLK_I2C2
  73:../../core/platform/octa/src/sysclock.c ****                               |RCC_PERIPHCLK_I2C3|RCC_PERIPHCLK_I2C4;
  74:../../core/platform/octa/src/sysclock.c ****   PeriphClkInit.Usart2ClockSelection = RCC_USART2CLKSOURCE_PCLK1;
 142              		.loc 1 74 3 is_stmt 1 view .LVU48
 143              		.loc 1 74 38 is_stmt 0 view .LVU49
 144 0070 0023     		movs	r3, #0
 145 0072 1093     		str	r3, [sp, #64]
  75:../../core/platform/octa/src/sysclock.c ****   PeriphClkInit.Usart3ClockSelection = RCC_USART3CLKSOURCE_PCLK1;
 146              		.loc 1 75 3 is_stmt 1 view .LVU50
 147              		.loc 1 75 38 is_stmt 0 view .LVU51
 148 0074 1193     		str	r3, [sp, #68]
  76:../../core/platform/octa/src/sysclock.c ****   PeriphClkInit.Uart5ClockSelection = RCC_UART5CLKSOURCE_PCLK1;
 149              		.loc 1 76 3 is_stmt 1 view .LVU52
 150              		.loc 1 76 37 is_stmt 0 view .LVU53
 151 0076 1393     		str	r3, [sp, #76]
  77:../../core/platform/octa/src/sysclock.c ****   PeriphClkInit.Lpuart1ClockSelection = RCC_LPUART1CLKSOURCE_PCLK1;
 152              		.loc 1 77 3 is_stmt 1 view .LVU54
<<<<<<< HEAD
ARM GAS  C:\Users\yvesk\AppData\Local\Temp\ccqJqnLn.s 			page 5
=======
ARM GAS  C:\Users\Wouter\AppData\Local\Temp\ccNeF8Ls.s 			page 5
>>>>>>> 992f4d87b076945d2657026802705ee631aa9a40


 153              		.loc 1 77 39 is_stmt 0 view .LVU55
 154 0078 1493     		str	r3, [sp, #80]
  78:../../core/platform/octa/src/sysclock.c ****   PeriphClkInit.I2c1ClockSelection = RCC_I2C1CLKSOURCE_PCLK1;
 155              		.loc 1 78 3 is_stmt 1 view .LVU56
 156              		.loc 1 78 36 is_stmt 0 view .LVU57
 157 007a 1593     		str	r3, [sp, #84]
  79:../../core/platform/octa/src/sysclock.c ****   PeriphClkInit.I2c2ClockSelection = RCC_I2C2CLKSOURCE_PCLK1;
 158              		.loc 1 79 3 is_stmt 1 view .LVU58
 159              		.loc 1 79 36 is_stmt 0 view .LVU59
 160 007c 1693     		str	r3, [sp, #88]
  80:../../core/platform/octa/src/sysclock.c ****   PeriphClkInit.I2c3ClockSelection = RCC_I2C3CLKSOURCE_PCLK1;
 161              		.loc 1 80 3 is_stmt 1 view .LVU60
 162              		.loc 1 80 36 is_stmt 0 view .LVU61
 163 007e 1793     		str	r3, [sp, #92]
  81:../../core/platform/octa/src/sysclock.c ****   PeriphClkInit.I2c4ClockSelection = RCC_I2C4CLKSOURCE_PCLK1;
 164              		.loc 1 81 3 is_stmt 1 view .LVU62
 165              		.loc 1 81 36 is_stmt 0 view .LVU63
 166 0080 1893     		str	r3, [sp, #96]
  82:../../core/platform/octa/src/sysclock.c ****   if (HAL_RCCEx_PeriphCLKConfig(&PeriphClkInit) != HAL_OK)
 167              		.loc 1 82 3 is_stmt 1 view .LVU64
 168              		.loc 1 82 7 is_stmt 0 view .LVU65
 169 0082 01A8     		add	r0, sp, #4
 170 0084 FFF7FEFF 		bl	HAL_RCCEx_PeriphCLKConfig
 171              	.LVL4:
 172              		.loc 1 82 6 view .LVU66
 173 0088 68B9     		cbnz	r0, .L9
 174              	.L4:
  83:../../core/platform/octa/src/sysclock.c ****   {
  84:../../core/platform/octa/src/sysclock.c ****     Error_Handler();
  85:../../core/platform/octa/src/sysclock.c ****   }
  86:../../core/platform/octa/src/sysclock.c ****   /**Configure the main internal regulator output voltage 
  87:../../core/platform/octa/src/sysclock.c ****   */
  88:../../core/platform/octa/src/sysclock.c ****   if (HAL_PWREx_ControlVoltageScaling(PWR_REGULATOR_VOLTAGE_SCALE1) != HAL_OK)
 175              		.loc 1 88 3 is_stmt 1 view .LVU67
 176              		.loc 1 88 7 is_stmt 0 view .LVU68
 177 008a 4FF40070 		mov	r0, #512
 178 008e FFF7FEFF 		bl	HAL_PWREx_ControlVoltageScaling
 179              	.LVL5:
 180              		.loc 1 88 6 view .LVU69
 181 0092 58B9     		cbnz	r0, .L10
 182              	.L1:
  89:../../core/platform/octa/src/sysclock.c ****   {
  90:../../core/platform/octa/src/sysclock.c ****     Error_Handler();
  91:../../core/platform/octa/src/sysclock.c ****   }
  92:../../core/platform/octa/src/sysclock.c **** }...
 183              		.loc 1 92 1 view .LVU70
 184 0094 3BB0     		add	sp, sp, #236
 185              	.LCFI2:
 186              		.cfi_remember_state
 187              		.cfi_def_cfa_offset 4
 188              		@ sp needed
 189 0096 5DF804FB 		ldr	pc, [sp], #4
 190              	.L7:
 191              	.LCFI3:
 192              		.cfi_restore_state
 193              	.LBB2:
  54:../../core/platform/octa/src/sysclock.c ****       Error_Handler();
<<<<<<< HEAD
ARM GAS  C:\Users\yvesk\AppData\Local\Temp\ccqJqnLn.s 			page 6
=======
ARM GAS  C:\Users\Wouter\AppData\Local\Temp\ccNeF8Ls.s 			page 6
>>>>>>> 992f4d87b076945d2657026802705ee631aa9a40


 194              		.loc 1 54 7 is_stmt 1 view .LVU71
 195 009a FFF7FEFF 		bl	Error_Handler
 196              	.LVL6:
 197 009e D6E7     		b	.L2
 198              	.L8:
 199              	.LBE2:
 200              	.LBB3:
  68:../../core/platform/octa/src/sysclock.c ****     Error_Handler();
 201              		.loc 1 68 5 view .LVU72
 202 00a0 FFF7FEFF 		bl	Error_Handler
 203              	.LVL7:
 204 00a4 E2E7     		b	.L3
 205              	.L9:
 206              	.LBE3:
 207              	.LBB4:
  84:../../core/platform/octa/src/sysclock.c ****     Error_Handler();
 208              		.loc 1 84 5 view .LVU73
 209 00a6 FFF7FEFF 		bl	Error_Handler
 210              	.LVL8:
 211 00aa EEE7     		b	.L4
 212              	.L10:
 213              	.LBE4:
 214              	.LBB5:
  90:../../core/platform/octa/src/sysclock.c ****     Error_Handler();
 215              		.loc 1 90 5 view .LVU74
 216 00ac FFF7FEFF 		bl	Error_Handler
 217              	.LVL9:
 218              	.LBE5:
 219              		.loc 1 92 1 is_stmt 0 view .LVU75
 220 00b0 F0E7     		b	.L1
 221              	.L12:
 222 00b2 00BF     		.align	2
 223              	.L11:
 224 00b4 F6011000 		.word	1049078
 225              		.cfi_endproc
 226              	.LFE123:
 228              		.text
 229              	.Letext0:
 230              		.file 2 "c:\\program files (x86)\\gnu tools arm embedded\\8 2019-q3-update\\arm-none-eabi\\include
 231              		.file 3 "c:\\program files (x86)\\gnu tools arm embedded\\8 2019-q3-update\\arm-none-eabi\\include
 232              		.file 4 "../../core/ST/CMSIS/Include/core_cm4.h"
 233              		.file 5 "../../core/ST/CMSIS/Device/ST/STM32L4xx/Include/system_stm32l4xx.h"
 234              		.file 6 "../../core/ST/STM32L4xx_HAL_Driver/Inc/stm32l4xx_hal_rcc.h"
 235              		.file 7 "../../core/ST/STM32L4xx_HAL_Driver/Inc/stm32l4xx_hal_rcc_ex.h"
 236              		.file 8 "../../core/ST/STM32L4xx_HAL_Driver/Inc/stm32l4xx_hal.h"
 237              		.file 9 "../../core/ST/STM32L4xx_HAL_Driver/Inc/stm32l4xx_hal_pwr_ex.h"
 238              		.file 10 "../../core/ST/STM32L4xx_HAL_Driver/Inc/stm32l4xx_hal_def.h"
 239              		.file 11 "<built-in>"
<<<<<<< HEAD
ARM GAS  C:\Users\yvesk\AppData\Local\Temp\ccqJqnLn.s 			page 7
=======
ARM GAS  C:\Users\Wouter\AppData\Local\Temp\ccNeF8Ls.s 			page 7
>>>>>>> 992f4d87b076945d2657026802705ee631aa9a40


DEFINED SYMBOLS
                            *ABS*:00000000 sysclock.c
<<<<<<< HEAD
C:\Users\yvesk\AppData\Local\Temp\ccqJqnLn.s:18     .text.SystemClock_Config:00000000 $t
C:\Users\yvesk\AppData\Local\Temp\ccqJqnLn.s:26     .text.SystemClock_Config:00000000 SystemClock_Config
C:\Users\yvesk\AppData\Local\Temp\ccqJqnLn.s:224    .text.SystemClock_Config:000000b4 $d
=======
C:\Users\Wouter\AppData\Local\Temp\ccNeF8Ls.s:18     .text.SystemClock_Config:00000000 $t
C:\Users\Wouter\AppData\Local\Temp\ccNeF8Ls.s:26     .text.SystemClock_Config:00000000 SystemClock_Config
C:\Users\Wouter\AppData\Local\Temp\ccNeF8Ls.s:224    .text.SystemClock_Config:000000b4 $d
>>>>>>> 992f4d87b076945d2657026802705ee631aa9a40

UNDEFINED SYMBOLS
memset
HAL_RCC_OscConfig
HAL_RCC_ClockConfig
HAL_RCCEx_PeriphCLKConfig
HAL_PWREx_ControlVoltageScaling
Error_Handler
