ARM GAS  C:\Users\yvesk\AppData\Local\Temp\ccgNElSU.s 			page 1


   1              		.cpu cortex-m4
   2              		.eabi_attribute 27, 1
   3              		.eabi_attribute 28, 1
   4              		.eabi_attribute 20, 1
   5              		.eabi_attribute 21, 1
   6              		.eabi_attribute 23, 3
   7              		.eabi_attribute 24, 1
   8              		.eabi_attribute 25, 1
   9              		.eabi_attribute 26, 1
  10              		.eabi_attribute 30, 1
  11              		.eabi_attribute 34, 1
  12              		.eabi_attribute 18, 4
  13              		.file	"gpio.c"
  14              		.text
  15              	.Ltext0:
  16              		.cfi_sections	.debug_frame
  17              		.section	.text.OCTA_GPIO_Init,"ax",%progbits
  18              		.align	1
  19              		.global	OCTA_GPIO_Init
  20              		.arch armv7e-m
  21              		.syntax unified
  22              		.thumb
  23              		.thumb_func
  24              		.fpu fpv4-sp-d16
  26              	OCTA_GPIO_Init:
  27              	.LFB123:
  28              		.file 1 "../../core/platform/octa/src/gpio.c"
   1:../../core/platform/octa/src/gpio.c **** #include "gpio.h"
   2:../../core/platform/octa/src/gpio.c **** 
   3:../../core/platform/octa/src/gpio.c **** /**
   4:../../core/platform/octa/src/gpio.c ****   * @brief GPIO Initialization Function
   5:../../core/platform/octa/src/gpio.c ****   * @param None
   6:../../core/platform/octa/src/gpio.c ****   * @retval None
   7:../../core/platform/octa/src/gpio.c ****   */
   8:../../core/platform/octa/src/gpio.c **** void OCTA_GPIO_Init(void)
   9:../../core/platform/octa/src/gpio.c **** {
  29              		.loc 1 9 1 view -0
  30              		.cfi_startproc
  31              		@ args = 0, pretend = 0, frame = 48
  32              		@ frame_needed = 0, uses_anonymous_args = 0
  33 0000 2DE9F04F 		push	{r4, r5, r6, r7, r8, r9, r10, fp, lr}
  34              	.LCFI0:
  35              		.cfi_def_cfa_offset 36
  36              		.cfi_offset 4, -36
  37              		.cfi_offset 5, -32
  38              		.cfi_offset 6, -28
  39              		.cfi_offset 7, -24
  40              		.cfi_offset 8, -20
  41              		.cfi_offset 9, -16
  42              		.cfi_offset 10, -12
  43              		.cfi_offset 11, -8
  44              		.cfi_offset 14, -4
  45 0004 8DB0     		sub	sp, sp, #52
  46              	.LCFI1:
  47              		.cfi_def_cfa_offset 88
  10:../../core/platform/octa/src/gpio.c ****   GPIO_InitTypeDef GPIO_InitStruct = {0};
  48              		.loc 1 10 3 view .LVU1
ARM GAS  C:\Users\yvesk\AppData\Local\Temp\ccgNElSU.s 			page 2


  49              		.loc 1 10 20 is_stmt 0 view .LVU2
  50 0006 0024     		movs	r4, #0
  51 0008 0794     		str	r4, [sp, #28]
  52 000a 0894     		str	r4, [sp, #32]
  53 000c 0994     		str	r4, [sp, #36]
  54 000e 0A94     		str	r4, [sp, #40]
  55 0010 0B94     		str	r4, [sp, #44]
  11:../../core/platform/octa/src/gpio.c **** 
  12:../../core/platform/octa/src/gpio.c ****   /* GPIO Ports Clock Enable */
  13:../../core/platform/octa/src/gpio.c ****   __HAL_RCC_GPIOE_CLK_ENABLE();
  56              		.loc 1 13 3 is_stmt 1 view .LVU3
  57              	.LBB2:
  58              		.loc 1 13 3 view .LVU4
  59              		.loc 1 13 3 view .LVU5
  60 0012 A04B     		ldr	r3, .L3
  61 0014 DA6C     		ldr	r2, [r3, #76]
  62 0016 42F01002 		orr	r2, r2, #16
  63 001a DA64     		str	r2, [r3, #76]
  64              		.loc 1 13 3 view .LVU6
  65 001c DA6C     		ldr	r2, [r3, #76]
  66 001e 02F01002 		and	r2, r2, #16
  67 0022 0092     		str	r2, [sp]
  68              		.loc 1 13 3 view .LVU7
  69 0024 009A     		ldr	r2, [sp]
  70              	.LBE2:
  14:../../core/platform/octa/src/gpio.c ****   __HAL_RCC_GPIOC_CLK_ENABLE();
  71              		.loc 1 14 3 view .LVU8
  72              	.LBB3:
  73              		.loc 1 14 3 view .LVU9
  74              		.loc 1 14 3 view .LVU10
  75 0026 DA6C     		ldr	r2, [r3, #76]
  76 0028 42F00402 		orr	r2, r2, #4
  77 002c DA64     		str	r2, [r3, #76]
  78              		.loc 1 14 3 view .LVU11
  79 002e DA6C     		ldr	r2, [r3, #76]
  80 0030 02F00402 		and	r2, r2, #4
  81 0034 0192     		str	r2, [sp, #4]
  82              		.loc 1 14 3 view .LVU12
  83 0036 019A     		ldr	r2, [sp, #4]
  84              	.LBE3:
  15:../../core/platform/octa/src/gpio.c ****   __HAL_RCC_GPIOF_CLK_ENABLE();
  85              		.loc 1 15 3 view .LVU13
  86              	.LBB4:
  87              		.loc 1 15 3 view .LVU14
  88              		.loc 1 15 3 view .LVU15
  89 0038 DA6C     		ldr	r2, [r3, #76]
  90 003a 42F02002 		orr	r2, r2, #32
  91 003e DA64     		str	r2, [r3, #76]
  92              		.loc 1 15 3 view .LVU16
  93 0040 DA6C     		ldr	r2, [r3, #76]
  94 0042 02F02002 		and	r2, r2, #32
  95 0046 0292     		str	r2, [sp, #8]
  96              		.loc 1 15 3 view .LVU17
  97 0048 029A     		ldr	r2, [sp, #8]
  98              	.LBE4:
  16:../../core/platform/octa/src/gpio.c ****   __HAL_RCC_GPIOA_CLK_ENABLE();
  99              		.loc 1 16 3 view .LVU18
ARM GAS  C:\Users\yvesk\AppData\Local\Temp\ccgNElSU.s 			page 3


 100              	.LBB5:
 101              		.loc 1 16 3 view .LVU19
 102              		.loc 1 16 3 view .LVU20
 103 004a DA6C     		ldr	r2, [r3, #76]
 104 004c 42F00102 		orr	r2, r2, #1
 105 0050 DA64     		str	r2, [r3, #76]
 106              		.loc 1 16 3 view .LVU21
 107 0052 DA6C     		ldr	r2, [r3, #76]
 108 0054 02F00102 		and	r2, r2, #1
 109 0058 0392     		str	r2, [sp, #12]
 110              		.loc 1 16 3 view .LVU22
 111 005a 039A     		ldr	r2, [sp, #12]
 112              	.LBE5:
  17:../../core/platform/octa/src/gpio.c ****   __HAL_RCC_GPIOB_CLK_ENABLE();
 113              		.loc 1 17 3 view .LVU23
 114              	.LBB6:
 115              		.loc 1 17 3 view .LVU24
 116              		.loc 1 17 3 view .LVU25
 117 005c DA6C     		ldr	r2, [r3, #76]
 118 005e 42F00202 		orr	r2, r2, #2
 119 0062 DA64     		str	r2, [r3, #76]
 120              		.loc 1 17 3 view .LVU26
 121 0064 DA6C     		ldr	r2, [r3, #76]
 122 0066 02F00202 		and	r2, r2, #2
 123 006a 0492     		str	r2, [sp, #16]
 124              		.loc 1 17 3 view .LVU27
 125 006c 049A     		ldr	r2, [sp, #16]
 126              	.LBE6:
  18:../../core/platform/octa/src/gpio.c ****   __HAL_RCC_GPIOG_CLK_ENABLE();
 127              		.loc 1 18 3 view .LVU28
 128              	.LBB7:
 129              		.loc 1 18 3 view .LVU29
 130              		.loc 1 18 3 view .LVU30
 131 006e DA6C     		ldr	r2, [r3, #76]
 132 0070 42F04002 		orr	r2, r2, #64
 133 0074 DA64     		str	r2, [r3, #76]
 134              		.loc 1 18 3 view .LVU31
 135 0076 DA6C     		ldr	r2, [r3, #76]
 136 0078 02F04002 		and	r2, r2, #64
 137 007c 0592     		str	r2, [sp, #20]
 138              		.loc 1 18 3 view .LVU32
 139 007e 059A     		ldr	r2, [sp, #20]
 140              	.LBE7:
  19:../../core/platform/octa/src/gpio.c ****   __HAL_RCC_GPIOD_CLK_ENABLE();
 141              		.loc 1 19 3 view .LVU33
 142              	.LBB8:
 143              		.loc 1 19 3 view .LVU34
 144              		.loc 1 19 3 view .LVU35
 145 0080 DA6C     		ldr	r2, [r3, #76]
 146 0082 42F00802 		orr	r2, r2, #8
 147 0086 DA64     		str	r2, [r3, #76]
 148              		.loc 1 19 3 view .LVU36
 149 0088 DB6C     		ldr	r3, [r3, #76]
 150 008a 03F00803 		and	r3, r3, #8
 151 008e 0693     		str	r3, [sp, #24]
 152              		.loc 1 19 3 view .LVU37
 153 0090 069B     		ldr	r3, [sp, #24]
ARM GAS  C:\Users\yvesk\AppData\Local\Temp\ccgNElSU.s 			page 4


 154              	.LBE8:
  20:../../core/platform/octa/src/gpio.c ****   HAL_PWREx_EnableVddIO2();
 155              		.loc 1 20 3 view .LVU38
 156 0092 FFF7FEFF 		bl	HAL_PWREx_EnableVddIO2
 157              	.LVL0:
  21:../../core/platform/octa/src/gpio.c **** 
  22:../../core/platform/octa/src/gpio.c ****   /*Configure GPIO pin Output Level */
  23:../../core/platform/octa/src/gpio.c ****   HAL_GPIO_WritePin(GPIOE, P2_DIO1_Pin|P2_DIO6_Pin|P2_DIO2_Pin|P2_DIO4_Pin 
 158              		.loc 1 23 3 view .LVU39
 159 0096 804D     		ldr	r5, .L3+4
 160 0098 0122     		movs	r2, #1
 161 009a 40F2FC71 		movw	r1, #2044
 162 009e 2846     		mov	r0, r5
 163 00a0 FFF7FEFF 		bl	HAL_GPIO_WritePin
 164              	.LVL1:
  24:../../core/platform/octa/src/gpio.c ****                           |P2_DIO3_Pin|P3_DIO1_Pin|P3_DIO4_Pin|P3_DIO5_Pin 
  25:../../core/platform/octa/src/gpio.c ****                           |P3_DIO2_Pin, GPIO_PIN_SET);
  26:../../core/platform/octa/src/gpio.c **** 
  27:../../core/platform/octa/src/gpio.c ****   /*Configure GPIO pin Output Level */
  28:../../core/platform/octa/src/gpio.c ****   HAL_GPIO_WritePin(GPIOF, P1_DIO3_Pin|P1_DIO5_Pin|P2_DIO5_Pin|P3_DIO3_Pin , GPIO_PIN_SET);
 165              		.loc 1 28 3 view .LVU40
 166 00a4 7D4E     		ldr	r6, .L3+8
 167 00a6 0122     		movs	r2, #1
 168 00a8 44F22811 		movw	r1, #16680
 169 00ac 3046     		mov	r0, r6
 170 00ae FFF7FEFF 		bl	HAL_GPIO_WritePin
 171              	.LVL2:
  29:../../core/platform/octa/src/gpio.c **** 
  30:../../core/platform/octa/src/gpio.c ****   #if ENABLE_STEPUP
  31:../../core/platform/octa/src/gpio.c ****     /*Configure GPIO pin Output Level */
  32:../../core/platform/octa/src/gpio.c ****     HAL_GPIO_WritePin(OCTA_STEPUP_GPIO_Port, OCTA_STEPUP_Pin, GPIO_PIN_SET);
  33:../../core/platform/octa/src/gpio.c ****   #else
  34:../../core/platform/octa/src/gpio.c ****     /*Configure GPIO pin Output Level */
  35:../../core/platform/octa/src/gpio.c ****     HAL_GPIO_WritePin(OCTA_STEPUP_GPIO_Port, OCTA_STEPUP_Pin, GPIO_PIN_RESET);
 172              		.loc 1 35 5 view .LVU41
 173 00b2 2246     		mov	r2, r4
 174 00b4 4FF40071 		mov	r1, #512
 175 00b8 3046     		mov	r0, r6
 176 00ba FFF7FEFF 		bl	HAL_GPIO_WritePin
 177              	.LVL3:
  36:../../core/platform/octa/src/gpio.c ****   #endif
  37:../../core/platform/octa/src/gpio.c ****   /*Configure GPIO pin Output Level */
  38:../../core/platform/octa/src/gpio.c ****   HAL_GPIO_WritePin(GPIOC, P1_DIO6_Pin|P1_DIO2_Pin|P1_DIO1_Pin, GPIO_PIN_SET);
 178              		.loc 1 38 3 view .LVU42
 179 00be DFF83082 		ldr	r8, .L3+92
 180 00c2 0122     		movs	r2, #1
 181 00c4 4FF44271 		mov	r1, #776
 182 00c8 4046     		mov	r0, r8
 183 00ca FFF7FEFF 		bl	HAL_GPIO_WritePin
 184              	.LVL4:
  39:../../core/platform/octa/src/gpio.c **** 
  40:../../core/platform/octa/src/gpio.c ****   /*Configure GPIO pin Output Level */
  41:../../core/platform/octa/src/gpio.c ****   HAL_GPIO_WritePin(BLE_Reset_GPIO_Port, BLE_Reset_Pin, GPIO_PIN_SET);
 185              		.loc 1 41 3 view .LVU43
 186 00ce 0122     		movs	r2, #1
 187 00d0 0221     		movs	r1, #2
 188 00d2 4FF09040 		mov	r0, #1207959552
ARM GAS  C:\Users\yvesk\AppData\Local\Temp\ccgNElSU.s 			page 5


 189 00d6 FFF7FEFF 		bl	HAL_GPIO_WritePin
 190              	.LVL5:
  42:../../core/platform/octa/src/gpio.c **** 
  43:../../core/platform/octa/src/gpio.c ****   /*Configure GPIO pin Output Level */
  44:../../core/platform/octa/src/gpio.c ****   HAL_GPIO_WritePin(P1_DIO4_GPIO_Port, P1_DIO4_Pin, GPIO_PIN_SET);
 191              		.loc 1 44 3 view .LVU44
 192 00da 0122     		movs	r2, #1
 193 00dc 8021     		movs	r1, #128
 194 00de 4FF09040 		mov	r0, #1207959552
 195 00e2 FFF7FEFF 		bl	HAL_GPIO_WritePin
 196              	.LVL6:
  45:../../core/platform/octa/src/gpio.c **** 
  46:../../core/platform/octa/src/gpio.c ****   /*Configure GPIO pin Output Level */
  47:../../core/platform/octa/src/gpio.c ****   HAL_GPIO_WritePin(GPIOB, OCTA_GLED_Pin|P3_DIO6_Pin, GPIO_PIN_SET);
 197              		.loc 1 47 3 view .LVU45
 198 00e6 DFF80C92 		ldr	r9, .L3+96
 199 00ea 0122     		movs	r2, #1
 200 00ec 0321     		movs	r1, #3
 201 00ee 4846     		mov	r0, r9
 202 00f0 FFF7FEFF 		bl	HAL_GPIO_WritePin
 203              	.LVL7:
  48:../../core/platform/octa/src/gpio.c **** 
  49:../../core/platform/octa/src/gpio.c ****   /*Configure GPIO pin Output Level */
  50:../../core/platform/octa/src/gpio.c ****   HAL_GPIO_WritePin(GPIOB, LD3_Pin|LD2_Pin, GPIO_PIN_RESET);
 204              		.loc 1 50 3 view .LVU46
 205 00f4 2246     		mov	r2, r4
 206 00f6 4FF48141 		mov	r1, #16512
 207 00fa 4846     		mov	r0, r9
 208 00fc FFF7FEFF 		bl	HAL_GPIO_WritePin
 209              	.LVL8:
  51:../../core/platform/octa/src/gpio.c **** 
  52:../../core/platform/octa/src/gpio.c ****   /*Configure GPIO pin Output Level */
  53:../../core/platform/octa/src/gpio.c ****   HAL_GPIO_WritePin(GPIOD, OCTA_RLED_Pin|OCTA_BLED_Pin, GPIO_PIN_SET);
 210              		.loc 1 53 3 view .LVU47
 211 0100 DFF8F4B1 		ldr	fp, .L3+100
 212 0104 0122     		movs	r2, #1
 213 0106 4FF44041 		mov	r1, #49152
 214 010a 5846     		mov	r0, fp
 215 010c FFF7FEFF 		bl	HAL_GPIO_WritePin
 216              	.LVL9:
  54:../../core/platform/octa/src/gpio.c **** 
  55:../../core/platform/octa/src/gpio.c ****   /*Configure GPIO pins : P2_DIO1_Pin P2_DIO6_Pin P2_DIO2_Pin P2_DIO4_Pin 
  56:../../core/platform/octa/src/gpio.c ****                            P2_DIO3_Pin P3_DIO1_Pin P3_DIO4_Pin P3_DIO5_Pin 
  57:../../core/platform/octa/src/gpio.c ****                            P3_DIO2_Pin */
  58:../../core/platform/octa/src/gpio.c ****   GPIO_InitStruct.Pin = P2_DIO1_Pin|P2_DIO6_Pin|P2_DIO2_Pin|P2_DIO4_Pin 
 217              		.loc 1 58 3 view .LVU48
 218              		.loc 1 58 23 is_stmt 0 view .LVU49
 219 0110 40F2FC73 		movw	r3, #2044
 220 0114 0793     		str	r3, [sp, #28]
  59:../../core/platform/octa/src/gpio.c ****                           |P2_DIO3_Pin|P3_DIO1_Pin|P3_DIO4_Pin|P3_DIO5_Pin 
  60:../../core/platform/octa/src/gpio.c ****                           |P3_DIO2_Pin;
  61:../../core/platform/octa/src/gpio.c ****   GPIO_InitStruct.Mode = GPIO_MODE_OUTPUT_PP;
 221              		.loc 1 61 3 is_stmt 1 view .LVU50
 222              		.loc 1 61 24 is_stmt 0 view .LVU51
 223 0116 0127     		movs	r7, #1
 224 0118 0897     		str	r7, [sp, #32]
  62:../../core/platform/octa/src/gpio.c ****   GPIO_InitStruct.Pull = GPIO_NOPULL;
ARM GAS  C:\Users\yvesk\AppData\Local\Temp\ccgNElSU.s 			page 6


 225              		.loc 1 62 3 is_stmt 1 view .LVU52
 226              		.loc 1 62 24 is_stmt 0 view .LVU53
 227 011a 0994     		str	r4, [sp, #36]
  63:../../core/platform/octa/src/gpio.c ****   GPIO_InitStruct.Speed = GPIO_SPEED_FREQ_LOW;
 228              		.loc 1 63 3 is_stmt 1 view .LVU54
 229              		.loc 1 63 25 is_stmt 0 view .LVU55
 230 011c 0A94     		str	r4, [sp, #40]
  64:../../core/platform/octa/src/gpio.c ****   HAL_GPIO_Init(GPIOE, &GPIO_InitStruct);
 231              		.loc 1 64 3 is_stmt 1 view .LVU56
 232 011e 07A9     		add	r1, sp, #28
 233 0120 2846     		mov	r0, r5
 234 0122 FFF7FEFF 		bl	HAL_GPIO_Init
 235              	.LVL10:
  65:../../core/platform/octa/src/gpio.c **** 
  66:../../core/platform/octa/src/gpio.c ****   /*Configure GPIO pin : B1_Pin */
  67:../../core/platform/octa/src/gpio.c ****   GPIO_InitStruct.Pin = B1_Pin;
 236              		.loc 1 67 3 view .LVU57
 237              		.loc 1 67 23 is_stmt 0 view .LVU58
 238 0126 4FF4005A 		mov	r10, #8192
 239 012a CDF81CA0 		str	r10, [sp, #28]
  68:../../core/platform/octa/src/gpio.c ****   GPIO_InitStruct.Mode = GPIO_MODE_IT_RISING;
 240              		.loc 1 68 3 is_stmt 1 view .LVU59
 241              		.loc 1 68 24 is_stmt 0 view .LVU60
 242 012e 5C4B     		ldr	r3, .L3+12
 243 0130 0893     		str	r3, [sp, #32]
  69:../../core/platform/octa/src/gpio.c ****   GPIO_InitStruct.Pull = GPIO_NOPULL;
 244              		.loc 1 69 3 is_stmt 1 view .LVU61
 245              		.loc 1 69 24 is_stmt 0 view .LVU62
 246 0132 0994     		str	r4, [sp, #36]
  70:../../core/platform/octa/src/gpio.c ****   HAL_GPIO_Init(B1_GPIO_Port, &GPIO_InitStruct);
 247              		.loc 1 70 3 is_stmt 1 view .LVU63
 248 0134 07A9     		add	r1, sp, #28
 249 0136 4046     		mov	r0, r8
 250 0138 FFF7FEFF 		bl	HAL_GPIO_Init
 251              	.LVL11:
  71:../../core/platform/octa/src/gpio.c **** 
  72:../../core/platform/octa/src/gpio.c ****   /*Configure GPIO pins : P1_DIO3_Pin P1_DIO5_Pin P2_DIO5_Pin OCTA_STEPUP_Pin 
  73:../../core/platform/octa/src/gpio.c ****                            P3_DIO3_Pin */
  74:../../core/platform/octa/src/gpio.c ****   GPIO_InitStruct.Pin = P1_DIO3_Pin|P1_DIO5_Pin|P2_DIO5_Pin|OCTA_STEPUP_Pin 
 252              		.loc 1 74 3 view .LVU64
 253              		.loc 1 74 23 is_stmt 0 view .LVU65
 254 013c 44F2A833 		movw	r3, #17320
 255 0140 0793     		str	r3, [sp, #28]
  75:../../core/platform/octa/src/gpio.c ****                           |P3_DIO3_Pin|OCTA_LIGHTSENSORLED_Pin;
  76:../../core/platform/octa/src/gpio.c ****   GPIO_InitStruct.Mode = GPIO_MODE_OUTPUT_PP;
 256              		.loc 1 76 3 is_stmt 1 view .LVU66
 257              		.loc 1 76 24 is_stmt 0 view .LVU67
 258 0142 0897     		str	r7, [sp, #32]
  77:../../core/platform/octa/src/gpio.c ****   GPIO_InitStruct.Pull = GPIO_NOPULL;
 259              		.loc 1 77 3 is_stmt 1 view .LVU68
 260              		.loc 1 77 24 is_stmt 0 view .LVU69
 261 0144 0994     		str	r4, [sp, #36]
  78:../../core/platform/octa/src/gpio.c ****   GPIO_InitStruct.Speed = GPIO_SPEED_FREQ_LOW;
 262              		.loc 1 78 3 is_stmt 1 view .LVU70
 263              		.loc 1 78 25 is_stmt 0 view .LVU71
 264 0146 0A94     		str	r4, [sp, #40]
  79:../../core/platform/octa/src/gpio.c ****   HAL_GPIO_Init(GPIOF, &GPIO_InitStruct);
ARM GAS  C:\Users\yvesk\AppData\Local\Temp\ccgNElSU.s 			page 7


 265              		.loc 1 79 3 is_stmt 1 view .LVU72
 266 0148 07A9     		add	r1, sp, #28
 267 014a 3046     		mov	r0, r6
 268 014c FFF7FEFF 		bl	HAL_GPIO_Init
 269              	.LVL12:
  80:../../core/platform/octa/src/gpio.c **** 
  81:../../core/platform/octa/src/gpio.c ****   /*Configure GPIO pins : P1_DIO6_Pin P1_DIO2_Pin P1_DIO1_Pin */
  82:../../core/platform/octa/src/gpio.c ****   GPIO_InitStruct.Pin = P1_DIO6_Pin|P1_DIO2_Pin|P1_DIO1_Pin;
 270              		.loc 1 82 3 view .LVU73
 271              		.loc 1 82 23 is_stmt 0 view .LVU74
 272 0150 4FF44273 		mov	r3, #776
 273 0154 0793     		str	r3, [sp, #28]
  83:../../core/platform/octa/src/gpio.c ****   GPIO_InitStruct.Mode = GPIO_MODE_OUTPUT_PP;
 274              		.loc 1 83 3 is_stmt 1 view .LVU75
 275              		.loc 1 83 24 is_stmt 0 view .LVU76
 276 0156 0897     		str	r7, [sp, #32]
  84:../../core/platform/octa/src/gpio.c ****   GPIO_InitStruct.Pull = GPIO_NOPULL;
 277              		.loc 1 84 3 is_stmt 1 view .LVU77
 278              		.loc 1 84 24 is_stmt 0 view .LVU78
 279 0158 0994     		str	r4, [sp, #36]
  85:../../core/platform/octa/src/gpio.c ****   GPIO_InitStruct.Speed = GPIO_SPEED_FREQ_LOW;
 280              		.loc 1 85 3 is_stmt 1 view .LVU79
 281              		.loc 1 85 25 is_stmt 0 view .LVU80
 282 015a 0A94     		str	r4, [sp, #40]
  86:../../core/platform/octa/src/gpio.c ****   HAL_GPIO_Init(GPIOC, &GPIO_InitStruct);
 283              		.loc 1 86 3 is_stmt 1 view .LVU81
 284 015c 07A9     		add	r1, sp, #28
 285 015e 4046     		mov	r0, r8
 286 0160 FFF7FEFF 		bl	HAL_GPIO_Init
 287              	.LVL13:
  87:../../core/platform/octa/src/gpio.c **** 
  88:../../core/platform/octa/src/gpio.c ****   /*Configure GPIO pins : BLE_Reset_Pin P1_DIO4_Pin */
  89:../../core/platform/octa/src/gpio.c ****   GPIO_InitStruct.Pin = BLE_Reset_Pin|P1_DIO4_Pin;
 288              		.loc 1 89 3 view .LVU82
 289              		.loc 1 89 23 is_stmt 0 view .LVU83
 290 0164 8223     		movs	r3, #130
 291 0166 0793     		str	r3, [sp, #28]
  90:../../core/platform/octa/src/gpio.c ****   GPIO_InitStruct.Mode = GPIO_MODE_OUTPUT_PP;
 292              		.loc 1 90 3 is_stmt 1 view .LVU84
 293              		.loc 1 90 24 is_stmt 0 view .LVU85
 294 0168 0897     		str	r7, [sp, #32]
  91:../../core/platform/octa/src/gpio.c ****   GPIO_InitStruct.Pull = GPIO_NOPULL;
 295              		.loc 1 91 3 is_stmt 1 view .LVU86
 296              		.loc 1 91 24 is_stmt 0 view .LVU87
 297 016a 0994     		str	r4, [sp, #36]
  92:../../core/platform/octa/src/gpio.c ****   GPIO_InitStruct.Speed = GPIO_SPEED_FREQ_LOW;
 298              		.loc 1 92 3 is_stmt 1 view .LVU88
 299              		.loc 1 92 25 is_stmt 0 view .LVU89
 300 016c 0A94     		str	r4, [sp, #40]
  93:../../core/platform/octa/src/gpio.c ****   HAL_GPIO_Init(GPIOA, &GPIO_InitStruct);
 301              		.loc 1 93 3 is_stmt 1 view .LVU90
 302 016e 07A9     		add	r1, sp, #28
 303 0170 4FF09040 		mov	r0, #1207959552
 304 0174 FFF7FEFF 		bl	HAL_GPIO_Init
 305              	.LVL14:
  94:../../core/platform/octa/src/gpio.c **** 
  95:../../core/platform/octa/src/gpio.c ****   /*Configure GPIO pins : OCTA_GLED_Pin P3_DIO6_Pin LD3_Pin LD2_Pin */
ARM GAS  C:\Users\yvesk\AppData\Local\Temp\ccgNElSU.s 			page 8


  96:../../core/platform/octa/src/gpio.c ****   GPIO_InitStruct.Pin = OCTA_GLED_Pin|P3_DIO6_Pin|LD3_Pin|LD2_Pin;
 306              		.loc 1 96 3 view .LVU91
 307              		.loc 1 96 23 is_stmt 0 view .LVU92
 308 0178 44F28303 		movw	r3, #16515
 309 017c 0793     		str	r3, [sp, #28]
  97:../../core/platform/octa/src/gpio.c ****   GPIO_InitStruct.Mode = GPIO_MODE_OUTPUT_PP;
 310              		.loc 1 97 3 is_stmt 1 view .LVU93
 311              		.loc 1 97 24 is_stmt 0 view .LVU94
 312 017e 0897     		str	r7, [sp, #32]
  98:../../core/platform/octa/src/gpio.c ****   GPIO_InitStruct.Pull = GPIO_NOPULL;
 313              		.loc 1 98 3 is_stmt 1 view .LVU95
 314              		.loc 1 98 24 is_stmt 0 view .LVU96
 315 0180 0994     		str	r4, [sp, #36]
  99:../../core/platform/octa/src/gpio.c ****   GPIO_InitStruct.Speed = GPIO_SPEED_FREQ_LOW;
 316              		.loc 1 99 3 is_stmt 1 view .LVU97
 317              		.loc 1 99 25 is_stmt 0 view .LVU98
 318 0182 0A94     		str	r4, [sp, #40]
 100:../../core/platform/octa/src/gpio.c ****   HAL_GPIO_Init(GPIOB, &GPIO_InitStruct);
 319              		.loc 1 100 3 is_stmt 1 view .LVU99
 320 0184 07A9     		add	r1, sp, #28
 321 0186 4846     		mov	r0, r9
 322 0188 FFF7FEFF 		bl	HAL_GPIO_Init
 323              	.LVL15:
 101:../../core/platform/octa/src/gpio.c **** 
 102:../../core/platform/octa/src/gpio.c ****   /*Configure GPIO pins : OCTA_BTN1_Pin OCTA_BTN2_Pin */
 103:../../core/platform/octa/src/gpio.c ****   GPIO_InitStruct.Pin = OCTA_BTN1_Pin|OCTA_BTN2_Pin;
 324              		.loc 1 103 3 view .LVU100
 325              		.loc 1 103 23 is_stmt 0 view .LVU101
 326 018c 0323     		movs	r3, #3
 327 018e 0793     		str	r3, [sp, #28]
 104:../../core/platform/octa/src/gpio.c ****   GPIO_InitStruct.Mode = GPIO_MODE_INPUT;
 328              		.loc 1 104 3 is_stmt 1 view .LVU102
 329              		.loc 1 104 24 is_stmt 0 view .LVU103
 330 0190 0894     		str	r4, [sp, #32]
 105:../../core/platform/octa/src/gpio.c ****   GPIO_InitStruct.Pull = GPIO_NOPULL;
 331              		.loc 1 105 3 is_stmt 1 view .LVU104
 332              		.loc 1 105 24 is_stmt 0 view .LVU105
 333 0192 0994     		str	r4, [sp, #36]
 106:../../core/platform/octa/src/gpio.c ****   HAL_GPIO_Init(GPIOG, &GPIO_InitStruct);
 334              		.loc 1 106 3 is_stmt 1 view .LVU106
 335 0194 07A9     		add	r1, sp, #28
 336 0196 4348     		ldr	r0, .L3+16
 337 0198 FFF7FEFF 		bl	HAL_GPIO_Init
 338              	.LVL16:
 107:../../core/platform/octa/src/gpio.c **** 
 108:../../core/platform/octa/src/gpio.c ****   /*Configure GPIO pins : OCTA_RLED_Pin OCTA_BLED_Pin */
 109:../../core/platform/octa/src/gpio.c ****   GPIO_InitStruct.Pin = OCTA_RLED_Pin|OCTA_BLED_Pin;
 339              		.loc 1 109 3 view .LVU107
 340              		.loc 1 109 23 is_stmt 0 view .LVU108
 341 019c 4FF44043 		mov	r3, #49152
 342 01a0 0793     		str	r3, [sp, #28]
 110:../../core/platform/octa/src/gpio.c ****   GPIO_InitStruct.Mode = GPIO_MODE_OUTPUT_PP;
 343              		.loc 1 110 3 is_stmt 1 view .LVU109
 344              		.loc 1 110 24 is_stmt 0 view .LVU110
 345 01a2 0897     		str	r7, [sp, #32]
 111:../../core/platform/octa/src/gpio.c ****   GPIO_InitStruct.Pull = GPIO_NOPULL;
 346              		.loc 1 111 3 is_stmt 1 view .LVU111
ARM GAS  C:\Users\yvesk\AppData\Local\Temp\ccgNElSU.s 			page 9


 347              		.loc 1 111 24 is_stmt 0 view .LVU112
 348 01a4 0994     		str	r4, [sp, #36]
 112:../../core/platform/octa/src/gpio.c ****   GPIO_InitStruct.Speed = GPIO_SPEED_FREQ_LOW;
 349              		.loc 1 112 3 is_stmt 1 view .LVU113
 350              		.loc 1 112 25 is_stmt 0 view .LVU114
 351 01a6 0A94     		str	r4, [sp, #40]
 113:../../core/platform/octa/src/gpio.c ****   HAL_GPIO_Init(GPIOD, &GPIO_InitStruct);
 352              		.loc 1 113 3 is_stmt 1 view .LVU115
 353 01a8 07A9     		add	r1, sp, #28
 354 01aa 5846     		mov	r0, fp
 355 01ac FFF7FEFF 		bl	HAL_GPIO_Init
 356              	.LVL17:
 114:../../core/platform/octa/src/gpio.c **** 
 115:../../core/platform/octa/src/gpio.c ****   /*Configure GPIO pin : PF13 (OCTA-FLASH CS)*/
 116:../../core/platform/octa/src/gpio.c ****   GPIO_InitStruct.Pin = OCTA_FLASH_CS_Pin;
 357              		.loc 1 116 3 view .LVU116
 358              		.loc 1 116 23 is_stmt 0 view .LVU117
 359 01b0 CDF81CA0 		str	r10, [sp, #28]
 117:../../core/platform/octa/src/gpio.c ****   GPIO_InitStruct.Mode = GPIO_MODE_OUTPUT_PP;
 360              		.loc 1 117 3 is_stmt 1 view .LVU118
 361              		.loc 1 117 24 is_stmt 0 view .LVU119
 362 01b4 0897     		str	r7, [sp, #32]
 118:../../core/platform/octa/src/gpio.c ****   GPIO_InitStruct.Pull = GPIO_NOPULL;
 363              		.loc 1 118 3 is_stmt 1 view .LVU120
 364              		.loc 1 118 24 is_stmt 0 view .LVU121
 365 01b6 0994     		str	r4, [sp, #36]
 119:../../core/platform/octa/src/gpio.c ****   GPIO_InitStruct.Speed = GPIO_SPEED_FREQ_LOW;
 366              		.loc 1 119 3 is_stmt 1 view .LVU122
 367              		.loc 1 119 25 is_stmt 0 view .LVU123
 368 01b8 0A94     		str	r4, [sp, #40]
 120:../../core/platform/octa/src/gpio.c ****   HAL_GPIO_Init(OCTA_FLASH_CS_Port, &GPIO_InitStruct);
 369              		.loc 1 120 3 is_stmt 1 view .LVU124
 370 01ba 07A9     		add	r1, sp, #28
 371 01bc 3046     		mov	r0, r6
 372 01be FFF7FEFF 		bl	HAL_GPIO_Init
 373              	.LVL18:
 121:../../core/platform/octa/src/gpio.c **** 
 122:../../core/platform/octa/src/gpio.c ****   /*Configure GPIO pins : PE11 (OCTA-FLASH WP) PE0 (OCTA-FLASH HOLD) */
 123:../../core/platform/octa/src/gpio.c ****   GPIO_InitStruct.Pin = OCTA_FLASH_WP_Pin|OCTA_FLASH_HOLD_Pin;
 374              		.loc 1 123 3 view .LVU125
 375              		.loc 1 123 23 is_stmt 0 view .LVU126
 376 01c2 40F6010B 		movw	fp, #2049
 377 01c6 CDF81CB0 		str	fp, [sp, #28]
 124:../../core/platform/octa/src/gpio.c ****   GPIO_InitStruct.Mode = GPIO_MODE_OUTPUT_PP;
 378              		.loc 1 124 3 is_stmt 1 view .LVU127
 379              		.loc 1 124 24 is_stmt 0 view .LVU128
 380 01ca 0897     		str	r7, [sp, #32]
 125:../../core/platform/octa/src/gpio.c ****   GPIO_InitStruct.Pull = GPIO_NOPULL;
 381              		.loc 1 125 3 is_stmt 1 view .LVU129
 382              		.loc 1 125 24 is_stmt 0 view .LVU130
 383 01cc 0994     		str	r4, [sp, #36]
 126:../../core/platform/octa/src/gpio.c ****   GPIO_InitStruct.Speed = GPIO_SPEED_FREQ_LOW;
 384              		.loc 1 126 3 is_stmt 1 view .LVU131
 385              		.loc 1 126 25 is_stmt 0 view .LVU132
 386 01ce 0A94     		str	r4, [sp, #40]
 127:../../core/platform/octa/src/gpio.c ****   HAL_GPIO_Init(GPIOE, &GPIO_InitStruct);
 387              		.loc 1 127 3 is_stmt 1 view .LVU133
ARM GAS  C:\Users\yvesk\AppData\Local\Temp\ccgNElSU.s 			page 10


 388 01d0 07A9     		add	r1, sp, #28
 389 01d2 2846     		mov	r0, r5
 390 01d4 FFF7FEFF 		bl	HAL_GPIO_Init
 391              	.LVL19:
 128:../../core/platform/octa/src/gpio.c **** 
 129:../../core/platform/octa/src/gpio.c ****   /*Configure GPIO pin Output Level */
 130:../../core/platform/octa/src/gpio.c ****   HAL_GPIO_WritePin(OCTA_FLASH_CS_Port, OCTA_FLASH_CS_Pin, GPIO_PIN_SET);
 392              		.loc 1 130 3 view .LVU134
 393 01d8 3A46     		mov	r2, r7
 394 01da 5146     		mov	r1, r10
 395 01dc 3046     		mov	r0, r6
 396 01de FFF7FEFF 		bl	HAL_GPIO_WritePin
 397              	.LVL20:
 131:../../core/platform/octa/src/gpio.c **** 
 132:../../core/platform/octa/src/gpio.c ****   /*Configure GPIO pin Output Level */
 133:../../core/platform/octa/src/gpio.c ****   HAL_GPIO_WritePin(GPIOE, OCTA_FLASH_WP_Pin|OCTA_FLASH_HOLD_Pin, GPIO_PIN_RESET);
 398              		.loc 1 133 3 view .LVU135
 399 01e2 2246     		mov	r2, r4
 400 01e4 5946     		mov	r1, fp
 401 01e6 2846     		mov	r0, r5
 402 01e8 FFF7FEFF 		bl	HAL_GPIO_WritePin
 403              	.LVL21:
 134:../../core/platform/octa/src/gpio.c **** 
 135:../../core/platform/octa/src/gpio.c ****   P1_DIO1.PORT = P1_DIO1_GPIO_Port;
 404              		.loc 1 135 3 view .LVU136
 405              		.loc 1 135 16 is_stmt 0 view .LVU137
 406 01ec 2E4B     		ldr	r3, .L3+20
 407 01ee C3F80080 		str	r8, [r3]
 136:../../core/platform/octa/src/gpio.c ****   P1_DIO1.PIN =  P1_DIO1_Pin;
 408              		.loc 1 136 3 is_stmt 1 view .LVU138
 409              		.loc 1 136 15 is_stmt 0 view .LVU139
 410 01f2 4FF40071 		mov	r1, #512
 411 01f6 9980     		strh	r1, [r3, #4]	@ movhi
 137:../../core/platform/octa/src/gpio.c ****   P1_DIO2.PORT = P1_DIO2_GPIO_Port;
 412              		.loc 1 137 3 is_stmt 1 view .LVU140
 413              		.loc 1 137 16 is_stmt 0 view .LVU141
 414 01f8 2C4A     		ldr	r2, .L3+24
 415 01fa C2F80080 		str	r8, [r2]
 138:../../core/platform/octa/src/gpio.c ****   P1_DIO2.PIN = P1_DIO2_Pin;
 416              		.loc 1 138 3 is_stmt 1 view .LVU142
 417              		.loc 1 138 15 is_stmt 0 view .LVU143
 418 01fe 4FF48073 		mov	r3, #256
 419 0202 9380     		strh	r3, [r2, #4]	@ movhi
 139:../../core/platform/octa/src/gpio.c ****   P1_DIO3.PORT = P1_DIO3_GPIO_Port;
 420              		.loc 1 139 3 is_stmt 1 view .LVU144
 421              		.loc 1 139 16 is_stmt 0 view .LVU145
 422 0204 2A48     		ldr	r0, .L3+28
 423 0206 0660     		str	r6, [r0]
 140:../../core/platform/octa/src/gpio.c ****   P1_DIO3.PIN = P1_DIO3_Pin;
 424              		.loc 1 140 3 is_stmt 1 view .LVU146
 425              		.loc 1 140 15 is_stmt 0 view .LVU147
 426 0208 0822     		movs	r2, #8
 427 020a 8280     		strh	r2, [r0, #4]	@ movhi
 141:../../core/platform/octa/src/gpio.c ****   P1_DIO4.PORT = P1_DIO4_GPIO_Port;
 428              		.loc 1 141 3 is_stmt 1 view .LVU148
 429              		.loc 1 141 16 is_stmt 0 view .LVU149
 430 020c 294C     		ldr	r4, .L3+32
ARM GAS  C:\Users\yvesk\AppData\Local\Temp\ccgNElSU.s 			page 11


 431 020e 4FF09040 		mov	r0, #1207959552
 432 0212 2060     		str	r0, [r4]
 142:../../core/platform/octa/src/gpio.c ****   P1_DIO4.PIN = P1_DIO4_Pin;
 433              		.loc 1 142 3 is_stmt 1 view .LVU150
 434              		.loc 1 142 15 is_stmt 0 view .LVU151
 435 0214 8020     		movs	r0, #128
 436 0216 A080     		strh	r0, [r4, #4]	@ movhi
 143:../../core/platform/octa/src/gpio.c ****   P1_DIO5.PORT = P1_DIO5_GPIO_Port;
 437              		.loc 1 143 3 is_stmt 1 view .LVU152
 438              		.loc 1 143 16 is_stmt 0 view .LVU153
 439 0218 274C     		ldr	r4, .L3+36
 440 021a 2660     		str	r6, [r4]
 144:../../core/platform/octa/src/gpio.c ****   P1_DIO5.PIN = P1_DIO5_Pin;
 441              		.loc 1 144 3 is_stmt 1 view .LVU154
 442              		.loc 1 144 15 is_stmt 0 view .LVU155
 443 021c 2027     		movs	r7, #32
 444 021e A780     		strh	r7, [r4, #4]	@ movhi
 145:../../core/platform/octa/src/gpio.c ****   P1_DIO6.PORT = P1_DIO6_GPIO_Port;
 445              		.loc 1 145 3 is_stmt 1 view .LVU156
 446              		.loc 1 145 16 is_stmt 0 view .LVU157
 447 0220 264C     		ldr	r4, .L3+40
 448 0222 C4F80080 		str	r8, [r4]
 146:../../core/platform/octa/src/gpio.c ****   P1_DIO6.PIN = P1_DIO6_Pin;
 449              		.loc 1 146 3 is_stmt 1 view .LVU158
 450              		.loc 1 146 15 is_stmt 0 view .LVU159
 451 0226 A280     		strh	r2, [r4, #4]	@ movhi
 147:../../core/platform/octa/src/gpio.c **** 
 148:../../core/platform/octa/src/gpio.c ****   P2_DIO1.PORT = P2_DIO1_GPIO_Port;
 452              		.loc 1 148 3 is_stmt 1 view .LVU160
 453              		.loc 1 148 16 is_stmt 0 view .LVU161
 454 0228 254C     		ldr	r4, .L3+44
 455 022a 2560     		str	r5, [r4]
 149:../../core/platform/octa/src/gpio.c ****   P2_DIO1.PIN =  P2_DIO1_Pin;
 456              		.loc 1 149 3 is_stmt 1 view .LVU162
 457              		.loc 1 149 15 is_stmt 0 view .LVU163
 458 022c 4FF0040C 		mov	ip, #4
 459 0230 A4F804C0 		strh	ip, [r4, #4]	@ movhi
 150:../../core/platform/octa/src/gpio.c ****   P2_DIO2.PORT = P2_DIO2_GPIO_Port;
 460              		.loc 1 150 3 is_stmt 1 view .LVU164
 461              		.loc 1 150 16 is_stmt 0 view .LVU165
 462 0234 234C     		ldr	r4, .L3+48
 463 0236 2560     		str	r5, [r4]
 151:../../core/platform/octa/src/gpio.c ****   P2_DIO2.PIN = P2_DIO2_Pin;
 464              		.loc 1 151 3 is_stmt 1 view .LVU166
 465              		.loc 1 151 15 is_stmt 0 view .LVU167
 466 0238 4FF0100C 		mov	ip, #16
 467 023c A4F804C0 		strh	ip, [r4, #4]	@ movhi
 152:../../core/platform/octa/src/gpio.c ****   P2_DIO3.PORT = P2_DIO3_GPIO_Port;
 468              		.loc 1 152 3 is_stmt 1 view .LVU168
 469              		.loc 1 152 16 is_stmt 0 view .LVU169
 470 0240 214C     		ldr	r4, .L3+52
 471 0242 2560     		str	r5, [r4]
 153:../../core/platform/octa/src/gpio.c ****   P2_DIO3.PIN = P2_DIO3_Pin;
 472              		.loc 1 153 3 is_stmt 1 view .LVU170
 473              		.loc 1 153 15 is_stmt 0 view .LVU171
 474 0244 4FF0400C 		mov	ip, #64
 475 0248 A4F804C0 		strh	ip, [r4, #4]	@ movhi
ARM GAS  C:\Users\yvesk\AppData\Local\Temp\ccgNElSU.s 			page 12


 154:../../core/platform/octa/src/gpio.c ****   P2_DIO4.PORT = P2_DIO4_GPIO_Port;
 476              		.loc 1 154 3 is_stmt 1 view .LVU172
 477              		.loc 1 154 16 is_stmt 0 view .LVU173
 478 024c 1F4C     		ldr	r4, .L3+56
 479 024e 2560     		str	r5, [r4]
 155:../../core/platform/octa/src/gpio.c ****   P2_DIO4.PIN = P2_DIO4_Pin;
 480              		.loc 1 155 3 is_stmt 1 view .LVU174
 481              		.loc 1 155 15 is_stmt 0 view .LVU175
 482 0250 A780     		strh	r7, [r4, #4]	@ movhi
 156:../../core/platform/octa/src/gpio.c ****   P2_DIO5.PORT = P2_DIO5_GPIO_Port;
 483              		.loc 1 156 3 is_stmt 1 view .LVU176
 484              		.loc 1 156 16 is_stmt 0 view .LVU177
 485 0252 1F4C     		ldr	r4, .L3+60
 486 0254 2660     		str	r6, [r4]
 157:../../core/platform/octa/src/gpio.c ****   P2_DIO5.PIN = P2_DIO5_Pin;
 487              		.loc 1 157 3 is_stmt 1 view .LVU178
 488              		.loc 1 157 15 is_stmt 0 view .LVU179
 489 0256 A380     		strh	r3, [r4, #4]	@ movhi
 158:../../core/platform/octa/src/gpio.c ****   P2_DIO6.PORT = P2_DIO6_GPIO_Port;
 490              		.loc 1 158 3 is_stmt 1 view .LVU180
 491              		.loc 1 158 16 is_stmt 0 view .LVU181
 492 0258 1E4C     		ldr	r4, .L3+64
 493 025a 2560     		str	r5, [r4]
 159:../../core/platform/octa/src/gpio.c ****   P2_DIO6.PIN = P2_DIO6_Pin;
 494              		.loc 1 159 3 is_stmt 1 view .LVU182
 495              		.loc 1 159 15 is_stmt 0 view .LVU183
 496 025c A280     		strh	r2, [r4, #4]	@ movhi
 160:../../core/platform/octa/src/gpio.c **** 
 161:../../core/platform/octa/src/gpio.c ****   P3_DIO1.PORT = P3_DIO1_GPIO_Port;
 497              		.loc 1 161 3 is_stmt 1 view .LVU184
 498              		.loc 1 161 16 is_stmt 0 view .LVU185
 499 025e 1E4A     		ldr	r2, .L3+68
 500 0260 1560     		str	r5, [r2]
 162:../../core/platform/octa/src/gpio.c ****   P3_DIO1.PIN =  P3_DIO1_Pin;
 501              		.loc 1 162 3 is_stmt 1 view .LVU186
 502              		.loc 1 162 15 is_stmt 0 view .LVU187
 503 0262 9080     		strh	r0, [r2, #4]	@ movhi
 163:../../core/platform/octa/src/gpio.c ****   P3_DIO2.PORT = P3_DIO2_GPIO_Port;
 504              		.loc 1 163 3 is_stmt 1 view .LVU188
 505              		.loc 1 163 16 is_stmt 0 view .LVU189
 506 0264 1D4A     		ldr	r2, .L3+72
 507 0266 1560     		str	r5, [r2]
 164:../../core/platform/octa/src/gpio.c ****   P3_DIO2.PIN = P3_DIO2_Pin;
 508              		.loc 1 164 3 is_stmt 1 view .LVU190
 509              		.loc 1 164 15 is_stmt 0 view .LVU191
 510 0268 4FF48060 		mov	r0, #1024
 511 026c 9080     		strh	r0, [r2, #4]	@ movhi
 165:../../core/platform/octa/src/gpio.c ****   P3_DIO3.PORT = P3_DIO3_GPIO_Port;
 512              		.loc 1 165 3 is_stmt 1 view .LVU192
 513              		.loc 1 165 16 is_stmt 0 view .LVU193
 514 026e 1C4A     		ldr	r2, .L3+76
 515 0270 1660     		str	r6, [r2]
 166:../../core/platform/octa/src/gpio.c ****   P3_DIO3.PIN = P3_DIO3_Pin;
 516              		.loc 1 166 3 is_stmt 1 view .LVU194
 517              		.loc 1 166 15 is_stmt 0 view .LVU195
 518 0272 4FF48040 		mov	r0, #16384
 519 0276 9080     		strh	r0, [r2, #4]	@ movhi
ARM GAS  C:\Users\yvesk\AppData\Local\Temp\ccgNElSU.s 			page 13


 167:../../core/platform/octa/src/gpio.c ****   P3_DIO4.PORT = P3_DIO4_GPIO_Port;
 520              		.loc 1 167 3 is_stmt 1 view .LVU196
 521              		.loc 1 167 16 is_stmt 0 view .LVU197
 522 0278 1A4A     		ldr	r2, .L3+80
 523 027a 1560     		str	r5, [r2]
 168:../../core/platform/octa/src/gpio.c ****   P3_DIO4.PIN = P3_DIO4_Pin;
 524              		.loc 1 168 3 is_stmt 1 view .LVU198
 525              		.loc 1 168 15 is_stmt 0 view .LVU199
 526 027c 9380     		strh	r3, [r2, #4]	@ movhi
 169:../../core/platform/octa/src/gpio.c ****   P3_DIO5.PORT = P3_DIO5_GPIO_Port;
 527              		.loc 1 169 3 is_stmt 1 view .LVU200
 528              		.loc 1 169 16 is_stmt 0 view .LVU201
 529 027e 1A4B     		ldr	r3, .L3+84
 530 0280 1D60     		str	r5, [r3]
 170:../../core/platform/octa/src/gpio.c ****   P3_DIO5.PIN = P3_DIO5_Pin;
 531              		.loc 1 170 3 is_stmt 1 view .LVU202
 532              		.loc 1 170 15 is_stmt 0 view .LVU203
 533 0282 9980     		strh	r1, [r3, #4]	@ movhi
 171:../../core/platform/octa/src/gpio.c ****   P3_DIO6.PORT = P3_DIO6_GPIO_Port;
 534              		.loc 1 171 3 is_stmt 1 view .LVU204
 535              		.loc 1 171 16 is_stmt 0 view .LVU205
 536 0284 194B     		ldr	r3, .L3+88
 537 0286 C3F80090 		str	r9, [r3]
 172:../../core/platform/octa/src/gpio.c ****   P3_DIO6.PIN = P3_DIO6_Pin;
 538              		.loc 1 172 3 is_stmt 1 view .LVU206
 539              		.loc 1 172 15 is_stmt 0 view .LVU207
 540 028a 0222     		movs	r2, #2
 541 028c 9A80     		strh	r2, [r3, #4]	@ movhi
 173:../../core/platform/octa/src/gpio.c **** 
 174:../../core/platform/octa/src/gpio.c **** }...
 542              		.loc 1 174 1 view .LVU208
 543 028e 0DB0     		add	sp, sp, #52
 544              	.LCFI2:
 545              		.cfi_def_cfa_offset 36
 546              		@ sp needed
 547 0290 BDE8F08F 		pop	{r4, r5, r6, r7, r8, r9, r10, fp, pc}
 548              	.L4:
 549              		.align	2
 550              	.L3:
 551 0294 00100240 		.word	1073876992
 552 0298 00100048 		.word	1207963648
 553 029c 00140048 		.word	1207964672
 554 02a0 00001110 		.word	269549568
 555 02a4 00180048 		.word	1207965696
 556 02a8 00000000 		.word	P1_DIO1
 557 02ac 00000000 		.word	P1_DIO2
 558 02b0 00000000 		.word	P1_DIO3
 559 02b4 00000000 		.word	P1_DIO4
 560 02b8 00000000 		.word	P1_DIO5
 561 02bc 00000000 		.word	P1_DIO6
 562 02c0 00000000 		.word	P2_DIO1
 563 02c4 00000000 		.word	P2_DIO2
 564 02c8 00000000 		.word	P2_DIO3
 565 02cc 00000000 		.word	P2_DIO4
 566 02d0 00000000 		.word	P2_DIO5
 567 02d4 00000000 		.word	P2_DIO6
 568 02d8 00000000 		.word	P3_DIO1
ARM GAS  C:\Users\yvesk\AppData\Local\Temp\ccgNElSU.s 			page 14


 569 02dc 00000000 		.word	P3_DIO2
 570 02e0 00000000 		.word	P3_DIO3
 571 02e4 00000000 		.word	P3_DIO4
 572 02e8 00000000 		.word	P3_DIO5
 573 02ec 00000000 		.word	P3_DIO6
 574 02f0 00080048 		.word	1207961600
 575 02f4 00040048 		.word	1207960576
 576 02f8 000C0048 		.word	1207962624
 577              		.cfi_endproc
 578              	.LFE123:
 580              		.comm	P3_DIO6,8,4
 581              		.comm	P3_DIO5,8,4
 582              		.comm	P3_DIO4,8,4
 583              		.comm	P3_DIO3,8,4
 584              		.comm	P3_DIO2,8,4
 585              		.comm	P3_DIO1,8,4
 586              		.comm	P2_DIO6,8,4
 587              		.comm	P2_DIO5,8,4
 588              		.comm	P2_DIO4,8,4
 589              		.comm	P2_DIO3,8,4
 590              		.comm	P2_DIO2,8,4
 591              		.comm	P2_DIO1,8,4
 592              		.comm	P1_DIO6,8,4
 593              		.comm	P1_DIO5,8,4
 594              		.comm	P1_DIO4,8,4
 595              		.comm	P1_DIO3,8,4
 596              		.comm	P1_DIO2,8,4
 597              		.comm	P1_DIO1,8,4
 598              		.text
 599              	.Letext0:
 600              		.file 2 "c:\\program files (x86)\\gnu tools arm embedded\\8 2019-q3-update\\arm-none-eabi\\include
 601              		.file 3 "c:\\program files (x86)\\gnu tools arm embedded\\8 2019-q3-update\\arm-none-eabi\\include
 602              		.file 4 "../../core/ST/CMSIS/Include/core_cm4.h"
 603              		.file 5 "../../core/ST/CMSIS/Device/ST/STM32L4xx/Include/system_stm32l4xx.h"
 604              		.file 6 "../../core/ST/CMSIS/Device/ST/STM32L4xx/Include/stm32l496xx.h"
 605              		.file 7 "../../core/ST/STM32L4xx_HAL_Driver/Inc/stm32l4xx_hal_gpio.h"
 606              		.file 8 "../../core/ST/STM32L4xx_HAL_Driver/Inc/stm32l4xx_hal.h"
 607              		.file 9 "../../core/platform/octa/inc/gpio.h"
 608              		.file 10 "../../core/ST/STM32L4xx_HAL_Driver/Inc/stm32l4xx_hal_pwr_ex.h"
ARM GAS  C:\Users\yvesk\AppData\Local\Temp\ccgNElSU.s 			page 15


DEFINED SYMBOLS
                            *ABS*:00000000 gpio.c
C:\Users\yvesk\AppData\Local\Temp\ccgNElSU.s:18     .text.OCTA_GPIO_Init:00000000 $t
C:\Users\yvesk\AppData\Local\Temp\ccgNElSU.s:26     .text.OCTA_GPIO_Init:00000000 OCTA_GPIO_Init
C:\Users\yvesk\AppData\Local\Temp\ccgNElSU.s:551    .text.OCTA_GPIO_Init:00000294 $d
                            *COM*:00000008 P1_DIO1
                            *COM*:00000008 P1_DIO2
                            *COM*:00000008 P1_DIO3
                            *COM*:00000008 P1_DIO4
                            *COM*:00000008 P1_DIO5
                            *COM*:00000008 P1_DIO6
                            *COM*:00000008 P2_DIO1
                            *COM*:00000008 P2_DIO2
                            *COM*:00000008 P2_DIO3
                            *COM*:00000008 P2_DIO4
                            *COM*:00000008 P2_DIO5
                            *COM*:00000008 P2_DIO6
                            *COM*:00000008 P3_DIO1
                            *COM*:00000008 P3_DIO2
                            *COM*:00000008 P3_DIO3
                            *COM*:00000008 P3_DIO4
                            *COM*:00000008 P3_DIO5
                            *COM*:00000008 P3_DIO6

UNDEFINED SYMBOLS
HAL_PWREx_EnableVddIO2
HAL_GPIO_WritePin
HAL_GPIO_Init
