ARM GAS  C:\Users\yvesk\AppData\Local\Temp\ccvS5mkS.s 			page 1


   1              		.cpu cortex-m4
   2              		.eabi_attribute 27, 1
   3              		.eabi_attribute 28, 1
   4              		.eabi_attribute 20, 1
   5              		.eabi_attribute 21, 1
   6              		.eabi_attribute 23, 3
   7              		.eabi_attribute 24, 1
   8              		.eabi_attribute 25, 1
   9              		.eabi_attribute 26, 1
  10              		.eabi_attribute 30, 1
  11              		.eabi_attribute 34, 1
  12              		.eabi_attribute 18, 4
  13              		.file	"no-scheduler-example.c"
  14              		.text
  15              	.Ltext0:
  16              		.cfi_sections	.debug_frame
  17              		.section	.text.printWelcome,"ax",%progbits
  18              		.align	1
  19              		.global	printWelcome
  20              		.arch armv7e-m
  21              		.syntax unified
  22              		.thumb
  23              		.thumb_func
  24              		.fpu fpv4-sp-d16
  26              	printWelcome:
  27              	.LFB133:
  28              		.file 1 "../../applications/no-scheduler-example/src/no-scheduler-example.c"
   1:../../applications/no-scheduler-example/src/no-scheduler-example.c **** /* USER CODE BEGIN Header */
   2:../../applications/no-scheduler-example/src/no-scheduler-example.c **** /**
   3:../../applications/no-scheduler-example/src/no-scheduler-example.c ****   ******************************************************************************
   4:../../applications/no-scheduler-example/src/no-scheduler-example.c ****   * @file           : main.c
   5:../../applications/no-scheduler-example/src/no-scheduler-example.c ****   * @brief          : Main program body
   6:../../applications/no-scheduler-example/src/no-scheduler-example.c ****   ******************************************************************************
   7:../../applications/no-scheduler-example/src/no-scheduler-example.c ****   * This notice applies to any and all portions of this file
   8:../../applications/no-scheduler-example/src/no-scheduler-example.c ****   * that are not between comment pairs USER CODE BEGIN and
   9:../../applications/no-scheduler-example/src/no-scheduler-example.c ****   * USER CODE END. Other portions of this file, whether 
  10:../../applications/no-scheduler-example/src/no-scheduler-example.c ****   * inserted by the user or by software development tools
  11:../../applications/no-scheduler-example/src/no-scheduler-example.c ****   * are owned by their respective copyright owners.
  12:../../applications/no-scheduler-example/src/no-scheduler-example.c ****   *
  13:../../applications/no-scheduler-example/src/no-scheduler-example.c ****   * Copyright (c) 2019 STMicroelectronics International N.V. 
  14:../../applications/no-scheduler-example/src/no-scheduler-example.c ****   * All rights reserved.
  15:../../applications/no-scheduler-example/src/no-scheduler-example.c ****   *
  16:../../applications/no-scheduler-example/src/no-scheduler-example.c ****   * Redistribution and use in source and binary forms, with or without 
  17:../../applications/no-scheduler-example/src/no-scheduler-example.c ****   * modification, are permitted, provided that the following conditions are met:
  18:../../applications/no-scheduler-example/src/no-scheduler-example.c ****   *
  19:../../applications/no-scheduler-example/src/no-scheduler-example.c ****   * 1. Redistribution of source code must retain the above copyright notice, 
  20:../../applications/no-scheduler-example/src/no-scheduler-example.c ****   *    this list of conditions and the following disclaimer.
  21:../../applications/no-scheduler-example/src/no-scheduler-example.c ****   * 2. Redistributions in binary form must reproduce the above copyright notice,
  22:../../applications/no-scheduler-example/src/no-scheduler-example.c ****   *    this list of conditions and the following disclaimer in the documentation
  23:../../applications/no-scheduler-example/src/no-scheduler-example.c ****   *    and/or other materials provided with the distribution.
  24:../../applications/no-scheduler-example/src/no-scheduler-example.c ****   * 3. Neither the name of STMicroelectronics nor the names of other 
  25:../../applications/no-scheduler-example/src/no-scheduler-example.c ****   *    contributors to this software may be used to endorse or promote products 
  26:../../applications/no-scheduler-example/src/no-scheduler-example.c ****   *    derived from this software without specific written permission.
  27:../../applications/no-scheduler-example/src/no-scheduler-example.c ****   * 4. This software, including modifications and/or derivative works of this 
  28:../../applications/no-scheduler-example/src/no-scheduler-example.c ****   *    software, must execute solely and exclusively on microcontroller or
  29:../../applications/no-scheduler-example/src/no-scheduler-example.c ****   *    microprocessor devices manufactured by or for STMicroelectronics.
  30:../../applications/no-scheduler-example/src/no-scheduler-example.c ****   * 5. Redistribution and use of this software other than as permitted under 
ARM GAS  C:\Users\yvesk\AppData\Local\Temp\ccvS5mkS.s 			page 2


  31:../../applications/no-scheduler-example/src/no-scheduler-example.c ****   *    this license is void and will automatically terminate your rights under 
  32:../../applications/no-scheduler-example/src/no-scheduler-example.c ****   *    this license. 
  33:../../applications/no-scheduler-example/src/no-scheduler-example.c ****   *
  34:../../applications/no-scheduler-example/src/no-scheduler-example.c ****   * THIS SOFTWARE IS PROVIDED BY STMICROELECTRONICS AND CONTRIBUTORS "AS IS" 
  35:../../applications/no-scheduler-example/src/no-scheduler-example.c ****   * AND ANY EXPRESS, IMPLIED OR STATUTORY WARRANTIES, INCLUDING, BUT NOT 
  36:../../applications/no-scheduler-example/src/no-scheduler-example.c ****   * LIMITED TO, THE IMPLIED WARRANTIES OF MERCHANTABILITY, FITNESS FOR A 
  37:../../applications/no-scheduler-example/src/no-scheduler-example.c ****   * PARTICULAR PURPOSE AND NON-INFRINGEMENT OF THIRD PARTY INTELLECTUAL PROPERTY
  38:../../applications/no-scheduler-example/src/no-scheduler-example.c ****   * RIGHTS ARE DISCLAIMED TO THE FULLEST EXTENT PERMITTED BY LAW. IN NO EVENT 
  39:../../applications/no-scheduler-example/src/no-scheduler-example.c ****   * SHALL STMICROELECTRONICS OR CONTRIBUTORS BE LIABLE FOR ANY DIRECT, INDIRECT,
  40:../../applications/no-scheduler-example/src/no-scheduler-example.c ****   * INCIDENTAL, SPECIAL, EXEMPLARY, OR CONSEQUENTIAL DAMAGES (INCLUDING, BUT NOT
  41:../../applications/no-scheduler-example/src/no-scheduler-example.c ****   * LIMITED TO, PROCUREMENT OF SUBSTITUTE GOODS OR SERVICES; LOSS OF USE, DATA, 
  42:../../applications/no-scheduler-example/src/no-scheduler-example.c ****   * OR PROFITS; OR BUSINESS INTERRUPTION) HOWEVER CAUSED AND ON ANY THEORY OF 
  43:../../applications/no-scheduler-example/src/no-scheduler-example.c ****   * LIABILITY, WHETHER IN CONTRACT, STRICT LIABILITY, OR TORT (INCLUDING 
  44:../../applications/no-scheduler-example/src/no-scheduler-example.c ****   * NEGLIGENCE OR OTHERWISE) ARISING IN ANY WAY OUT OF THE USE OF THIS SOFTWARE,
  45:../../applications/no-scheduler-example/src/no-scheduler-example.c ****   * EVEN IF ADVISED OF THE POSSIBILITY OF SUCH DAMAGE.
  46:../../applications/no-scheduler-example/src/no-scheduler-example.c ****   *
  47:../../applications/no-scheduler-example/src/no-scheduler-example.c ****   ******************************************************************************
  48:../../applications/no-scheduler-example/src/no-scheduler-example.c ****   */
  49:../../applications/no-scheduler-example/src/no-scheduler-example.c **** /* USER CODE END Header */
  50:../../applications/no-scheduler-example/src/no-scheduler-example.c **** 
  51:../../applications/no-scheduler-example/src/no-scheduler-example.c **** /* Includes ------------------------------------------------------------------*/
  52:../../applications/no-scheduler-example/src/no-scheduler-example.c **** #include "no-scheduler-example.h"
  53:../../applications/no-scheduler-example/src/no-scheduler-example.c **** #include "C:\Users\yvesk\Documents\Academiejaar 2019-2020\IOT\Practicum\octa-stack-students-master\
  54:../../applications/no-scheduler-example/src/no-scheduler-example.c **** #include <stdio.h>
  55:../../applications/no-scheduler-example/src/no-scheduler-example.c **** #include "C:\Users\yvesk\Documents\Academiejaar 2019-2020\IOT\Practicum\octa-stack-students-master\
  56:../../applications/no-scheduler-example/src/no-scheduler-example.c **** #include "murata.h"
  57:../../applications/no-scheduler-example/src/no-scheduler-example.c **** //#include "C:\Users\yvesk\Documents\Academiejaar 2019-2020\IOT\Practicum\octa-stack-students-maste
  58:../../applications/no-scheduler-example/src/no-scheduler-example.c **** //#include "C:\Users\yvesk\Documents\Academiejaar 2019-2020\IOT\Practicum\octa-stack-students-maste
  59:../../applications/no-scheduler-example/src/no-scheduler-example.c **** /* Private includes ----------------------------------------------------------*/
  60:../../applications/no-scheduler-example/src/no-scheduler-example.c **** /* USER CODE BEGIN Includes */
  61:../../applications/no-scheduler-example/src/no-scheduler-example.c **** 
  62:../../applications/no-scheduler-example/src/no-scheduler-example.c **** 
  63:../../applications/no-scheduler-example/src/no-scheduler-example.c **** /* USER CODE END Includes */
  64:../../applications/no-scheduler-example/src/no-scheduler-example.c **** 
  65:../../applications/no-scheduler-example/src/no-scheduler-example.c **** /* Private typedef -----------------------------------------------------------*/
  66:../../applications/no-scheduler-example/src/no-scheduler-example.c **** /* USER CODE BEGIN PTD */
  67:../../applications/no-scheduler-example/src/no-scheduler-example.c **** 
  68:../../applications/no-scheduler-example/src/no-scheduler-example.c **** /* USER CODE END PTD */
  69:../../applications/no-scheduler-example/src/no-scheduler-example.c **** 
  70:../../applications/no-scheduler-example/src/no-scheduler-example.c **** /* Private define ------------------------------------------------------------*/
  71:../../applications/no-scheduler-example/src/no-scheduler-example.c **** /* USER CODE BEGIN PD */
  72:../../applications/no-scheduler-example/src/no-scheduler-example.c **** #define HAL_EXTI_MODULE_ENABLED
  73:../../applications/no-scheduler-example/src/no-scheduler-example.c **** #define temp_hum_timer    3
  74:../../applications/no-scheduler-example/src/no-scheduler-example.c **** /* USER CODE END PD */
  75:../../applications/no-scheduler-example/src/no-scheduler-example.c **** 
  76:../../applications/no-scheduler-example/src/no-scheduler-example.c **** /* Private macro -------------------------------------------------------------*/
  77:../../applications/no-scheduler-example/src/no-scheduler-example.c **** /* USER CODE BEGIN PM */
  78:../../applications/no-scheduler-example/src/no-scheduler-example.c **** 
  79:../../applications/no-scheduler-example/src/no-scheduler-example.c **** /* USER CODE END PM */
  80:../../applications/no-scheduler-example/src/no-scheduler-example.c **** 
  81:../../applications/no-scheduler-example/src/no-scheduler-example.c **** /* Private user code ---------------------------------------------------------*/
  82:../../applications/no-scheduler-example/src/no-scheduler-example.c **** /* USER CODE BEGIN 0 */
  83:../../applications/no-scheduler-example/src/no-scheduler-example.c **** osTimerId temp_hum_timer_id;
  84:../../applications/no-scheduler-example/src/no-scheduler-example.c **** float SHTData[2];
  85:../../applications/no-scheduler-example/src/no-scheduler-example.c **** volatile _Bool temperatureflag=0; 
  86:../../applications/no-scheduler-example/src/no-scheduler-example.c **** uint16_t LoRaWAN_Counter = 0;
  87:../../applications/no-scheduler-example/src/no-scheduler-example.c **** uint8_t lora_init = 0;
ARM GAS  C:\Users\yvesk\AppData\Local\Temp\ccvS5mkS.s 			page 3


  88:../../applications/no-scheduler-example/src/no-scheduler-example.c **** uint64_t short_UID;
  89:../../applications/no-scheduler-example/src/no-scheduler-example.c **** uint16_t rep_counter = 0; 
  90:../../applications/no-scheduler-example/src/no-scheduler-example.c **** /* USER CODE END 0 */
  91:../../applications/no-scheduler-example/src/no-scheduler-example.c **** 
  92:../../applications/no-scheduler-example/src/no-scheduler-example.c **** /**
  93:../../applications/no-scheduler-example/src/no-scheduler-example.c ****   * @brief  The application entry point.
  94:../../applications/no-scheduler-example/src/no-scheduler-example.c ****   * @retval int
  95:../../applications/no-scheduler-example/src/no-scheduler-example.c ****   */
  96:../../applications/no-scheduler-example/src/no-scheduler-example.c **** int main(void)
  97:../../applications/no-scheduler-example/src/no-scheduler-example.c **** {
  98:../../applications/no-scheduler-example/src/no-scheduler-example.c ****   /* USER CODE BEGIN 1 */
  99:../../applications/no-scheduler-example/src/no-scheduler-example.c **** #if USE_BOOTLOADER
 100:../../applications/no-scheduler-example/src/no-scheduler-example.c ****   bootloader_SetVTOR();
 101:../../applications/no-scheduler-example/src/no-scheduler-example.c **** #endif
 102:../../applications/no-scheduler-example/src/no-scheduler-example.c **** 
 103:../../applications/no-scheduler-example/src/no-scheduler-example.c ****   /* USER CODE END 1 */
 104:../../applications/no-scheduler-example/src/no-scheduler-example.c **** 
 105:../../applications/no-scheduler-example/src/no-scheduler-example.c ****   /* MCU Configuration--------------------------------------------------------*/
 106:../../applications/no-scheduler-example/src/no-scheduler-example.c **** 
 107:../../applications/no-scheduler-example/src/no-scheduler-example.c ****   /* Reset of all peripherals, Initializes the Flash interface and the Systick. */
 108:../../applications/no-scheduler-example/src/no-scheduler-example.c ****   HAL_Init();
 109:../../applications/no-scheduler-example/src/no-scheduler-example.c ****  
 110:../../applications/no-scheduler-example/src/no-scheduler-example.c ****   /* USER CODE BEGIN Init */
 111:../../applications/no-scheduler-example/src/no-scheduler-example.c **** 
 112:../../applications/no-scheduler-example/src/no-scheduler-example.c ****   /* USER CODE END Init */
 113:../../applications/no-scheduler-example/src/no-scheduler-example.c **** 
 114:../../applications/no-scheduler-example/src/no-scheduler-example.c ****   /* Configure the system clock */
 115:../../applications/no-scheduler-example/src/no-scheduler-example.c ****   SystemClock_Config();
 116:../../applications/no-scheduler-example/src/no-scheduler-example.c **** 
 117:../../applications/no-scheduler-example/src/no-scheduler-example.c ****   /* USER CODE BEGIN SysInit */
 118:../../applications/no-scheduler-example/src/no-scheduler-example.c **** 
 119:../../applications/no-scheduler-example/src/no-scheduler-example.c ****   /* USER CODE END SysInit */
 120:../../applications/no-scheduler-example/src/no-scheduler-example.c **** 
 121:../../applications/no-scheduler-example/src/no-scheduler-example.c ****   /* Initialize theplatform */
 122:../../applications/no-scheduler-example/src/no-scheduler-example.c ****   Initialize_Platform();
 123:../../applications/no-scheduler-example/src/no-scheduler-example.c ****   /* USER CODE BEGIN 2 */
 124:../../applications/no-scheduler-example/src/no-scheduler-example.c **** 
 125:../../applications/no-scheduler-example/src/no-scheduler-example.c ****   // get Unique ID of Octa
 126:../../applications/no-scheduler-example/src/no-scheduler-example.c ****   short_UID = get_UID(); 
 127:../../applications/no-scheduler-example/src/no-scheduler-example.c **** 
 128:../../applications/no-scheduler-example/src/no-scheduler-example.c ****   //LORAWAN
 129:../../applications/no-scheduler-example/src/no-scheduler-example.c ****   lora_init=Murata_Initialize(short_UID);
 130:../../applications/no-scheduler-example/src/no-scheduler-example.c **** 
 131:../../applications/no-scheduler-example/src/no-scheduler-example.c ****   if (lora_init) {
 132:../../applications/no-scheduler-example/src/no-scheduler-example.c ****     printf("Lorawan module init ok\r\n\r\n");
 133:../../applications/no-scheduler-example/src/no-scheduler-example.c ****   }
 134:../../applications/no-scheduler-example/src/no-scheduler-example.c ****   
 135:../../applications/no-scheduler-example/src/no-scheduler-example.c ****   LSM303AGR_setI2CInterface(&common_I2C);
 136:../../applications/no-scheduler-example/src/no-scheduler-example.c ****   setI2CInterface_SHT31(&common_I2C);
 137:../../applications/no-scheduler-example/src/no-scheduler-example.c ****   SHT31_begin(); 
 138:../../applications/no-scheduler-example/src/no-scheduler-example.c ****   LSM303AGR_init();
 139:../../applications/no-scheduler-example/src/no-scheduler-example.c ****   printWelcome();
 140:../../applications/no-scheduler-example/src/no-scheduler-example.c ****   uint8_t data; 
 141:../../applications/no-scheduler-example/src/no-scheduler-example.c **** 
 142:../../applications/no-scheduler-example/src/no-scheduler-example.c **** // // TX MUTEX ensuring no transmits are happening at the same time
 143:../../applications/no-scheduler-example/src/no-scheduler-example.c **** //   osMutexDef(txMutex);
 144:../../applications/no-scheduler-example/src/no-scheduler-example.c **** //   txMutexId = osMutexCreate(osMutex(txMutex));
ARM GAS  C:\Users\yvesk\AppData\Local\Temp\ccvS5mkS.s 			page 4


 145:../../applications/no-scheduler-example/src/no-scheduler-example.c ****     
 146:../../applications/no-scheduler-example/src/no-scheduler-example.c **** //     // pass processing thread handle to murata driver
 147:../../applications/no-scheduler-example/src/no-scheduler-example.c **** //   Murata_SetProcessingThread(murata_rx_processing_handle);
 148:../../applications/no-scheduler-example/src/no-scheduler-example.c ****   /* USER CODE END 2 */
 149:../../applications/no-scheduler-example/src/no-scheduler-example.c **** 
 150:../../applications/no-scheduler-example/src/no-scheduler-example.c ****   /* We should never get here as control is now taken by the scheduler */
 151:../../applications/no-scheduler-example/src/no-scheduler-example.c **** 
 152:../../applications/no-scheduler-example/src/no-scheduler-example.c ****   /* Infinite loop */
 153:../../applications/no-scheduler-example/src/no-scheduler-example.c ****   /* USER CODE BEGIN WHILE */
 154:../../applications/no-scheduler-example/src/no-scheduler-example.c **** 
 155:../../applications/no-scheduler-example/src/no-scheduler-example.c **** 
 156:../../applications/no-scheduler-example/src/no-scheduler-example.c ****    
 157:../../applications/no-scheduler-example/src/no-scheduler-example.c **** 
 158:../../applications/no-scheduler-example/src/no-scheduler-example.c ****   while (1)
 159:../../applications/no-scheduler-example/src/no-scheduler-example.c ****   {
 160:../../applications/no-scheduler-example/src/no-scheduler-example.c **** 
 161:../../applications/no-scheduler-example/src/no-scheduler-example.c ****     uint8_t payload=5;
 162:../../applications/no-scheduler-example/src/no-scheduler-example.c ****     IWDG_feed(NULL); 
 163:../../applications/no-scheduler-example/src/no-scheduler-example.c ****     /* USER CODE END WHILE */
 164:../../applications/no-scheduler-example/src/no-scheduler-example.c ****     //LSM303AGR_readRegister(0x31, data, 0);
 165:../../applications/no-scheduler-example/src/no-scheduler-example.c **** 
 166:../../applications/no-scheduler-example/src/no-scheduler-example.c ****     //de interrupt zal zorgen dat de flag op 1 staat, dan doen we een measurement van temp
 167:../../applications/no-scheduler-example/src/no-scheduler-example.c ****     if (temperatureflag==1) {
 168:../../applications/no-scheduler-example/src/no-scheduler-example.c ****       // Request to enter SLEEP mode
 169:../../applications/no-scheduler-example/src/no-scheduler-example.c **** 
 170:../../applications/no-scheduler-example/src/no-scheduler-example.c ****       rep_counter++; 
 171:../../applications/no-scheduler-example/src/no-scheduler-example.c ****       printf("%d,\r\n\r\n",rep_counter);
 172:../../applications/no-scheduler-example/src/no-scheduler-example.c **** 
 173:../../applications/no-scheduler-example/src/no-scheduler-example.c **** 
 174:../../applications/no-scheduler-example/src/no-scheduler-example.c ****       if (rep_counter==4) {
 175:../../applications/no-scheduler-example/src/no-scheduler-example.c ****         printf("going into sleepmode\r\n"); 
 176:../../applications/no-scheduler-example/src/no-scheduler-example.c ****       HAL_PWR_EnterSLEEPMode(PWR_MAINREGULATOR_ON, PWR_SLEEPENTRY_WFI);
 177:../../applications/no-scheduler-example/src/no-scheduler-example.c ****       printf(" into sleepmode gegaan\r\n"); 
 178:../../applications/no-scheduler-example/src/no-scheduler-example.c ****       }
 179:../../applications/no-scheduler-example/src/no-scheduler-example.c **** 
 180:../../applications/no-scheduler-example/src/no-scheduler-example.c **** lora_init=Murata_Initialize(short_UID);
 181:../../applications/no-scheduler-example/src/no-scheduler-example.c **** 
 182:../../applications/no-scheduler-example/src/no-scheduler-example.c ****   if (lora_init) {
 183:../../applications/no-scheduler-example/src/no-scheduler-example.c ****     printf("Lorawan module init ok\r\n\r\n");
 184:../../applications/no-scheduler-example/src/no-scheduler-example.c ****   
 185:../../applications/no-scheduler-example/src/no-scheduler-example.c ****       temp_hum_measurement();
 186:../../applications/no-scheduler-example/src/no-scheduler-example.c ****       //LoRaWAN_send(&payload);
 187:../../applications/no-scheduler-example/src/no-scheduler-example.c ****     //LoRaWAN_send_self();
 188:../../applications/no-scheduler-example/src/no-scheduler-example.c ****   }
 189:../../applications/no-scheduler-example/src/no-scheduler-example.c ****     //hier zitten we vast, want wel melding dat het bericht aan het zenden is, maar dit is nooit ef
 190:../../applications/no-scheduler-example/src/no-scheduler-example.c ****     //wat doen we fout of kan er worden uitgelegd hoe wat waar?
 191:../../applications/no-scheduler-example/src/no-scheduler-example.c ****     
 192:../../applications/no-scheduler-example/src/no-scheduler-example.c ****     //murata_process_rx_response();
 193:../../applications/no-scheduler-example/src/no-scheduler-example.c ****       temperatureflag=0; 
 194:../../applications/no-scheduler-example/src/no-scheduler-example.c ****  //     lora_init=Murata_Initialize(short_UID);
 195:../../applications/no-scheduler-example/src/no-scheduler-example.c ****     }
 196:../../applications/no-scheduler-example/src/no-scheduler-example.c ****  
 197:../../applications/no-scheduler-example/src/no-scheduler-example.c **** 
 198:../../applications/no-scheduler-example/src/no-scheduler-example.c ****     /* HAL_GPIO_TogglePin(OCTA_RLED_GPIO_Port, OCTA_RLED_Pin);
 199:../../applications/no-scheduler-example/src/no-scheduler-example.c ****     HAL_Delay(1000);
 200:../../applications/no-scheduler-example/src/no-scheduler-example.c ****     HAL_GPIO_TogglePin(OCTA_RLED_GPIO_Port, OCTA_RLED_Pin);
 201:../../applications/no-scheduler-example/src/no-scheduler-example.c ****     HAL_GPIO_TogglePin(OCTA_GLED_GPIO_Port, OCTA_GLED_Pin);
ARM GAS  C:\Users\yvesk\AppData\Local\Temp\ccvS5mkS.s 			page 5


 202:../../applications/no-scheduler-example/src/no-scheduler-example.c ****     HAL_Delay(1000);
 203:../../applications/no-scheduler-example/src/no-scheduler-example.c ****     HAL_GPIO_TogglePin(OCTA_GLED_GPIO_Port, OCTA_GLED_Pin);
 204:../../applications/no-scheduler-example/src/no-scheduler-example.c ****     HAL_GPIO_TogglePin(OCTA_BLED_GPIO_Port, OCTA_BLED_Pin);
 205:../../applications/no-scheduler-example/src/no-scheduler-example.c ****     HAL_Delay(1000);
 206:../../applications/no-scheduler-example/src/no-scheduler-example.c ****     HAL_GPIO_TogglePin(OCTA_BLED_GPIO_Port, OCTA_BLED_Pin); */
 207:../../applications/no-scheduler-example/src/no-scheduler-example.c **** 
 208:../../applications/no-scheduler-example/src/no-scheduler-example.c ****     /* USER CODE BEGIN 3 */
 209:../../applications/no-scheduler-example/src/no-scheduler-example.c ****   }
 210:../../applications/no-scheduler-example/src/no-scheduler-example.c ****   /* USER CODE END 3 */
 211:../../applications/no-scheduler-example/src/no-scheduler-example.c **** }
 212:../../applications/no-scheduler-example/src/no-scheduler-example.c **** 
 213:../../applications/no-scheduler-example/src/no-scheduler-example.c **** void printWelcome(void)
 214:../../applications/no-scheduler-example/src/no-scheduler-example.c **** {
  29              		.loc 1 214 1 view -0
  30              		.cfi_startproc
  31              		@ args = 0, pretend = 0, frame = 0
  32              		@ frame_needed = 0, uses_anonymous_args = 0
  33 0000 38B5     		push	{r3, r4, r5, lr}
  34              	.LCFI0:
  35              		.cfi_def_cfa_offset 16
  36              		.cfi_offset 3, -16
  37              		.cfi_offset 4, -12
  38              		.cfi_offset 5, -8
  39              		.cfi_offset 14, -4
 215:../../applications/no-scheduler-example/src/no-scheduler-example.c ****   printf("\r\n");
  40              		.loc 1 215 3 view .LVU1
  41 0002 104C     		ldr	r4, .L3
  42 0004 2046     		mov	r0, r4
  43 0006 FFF7FEFF 		bl	puts
  44              	.LVL0:
 216:../../applications/no-scheduler-example/src/no-scheduler-example.c ****   printf("*****************************************\r\n");
  45              		.loc 1 216 3 view .LVU2
  46 000a 0F4D     		ldr	r5, .L3+4
  47 000c 2846     		mov	r0, r5
  48 000e FFF7FEFF 		bl	puts
  49              	.LVL1:
 217:../../applications/no-scheduler-example/src/no-scheduler-example.c ****   printf("no scheduler example\r\n");
  50              		.loc 1 217 3 view .LVU3
  51 0012 0E48     		ldr	r0, .L3+8
  52 0014 FFF7FEFF 		bl	puts
  53              	.LVL2:
 218:../../applications/no-scheduler-example/src/no-scheduler-example.c ****   printf("*****************************************\r\n");
  54              		.loc 1 218 3 view .LVU4
  55 0018 2846     		mov	r0, r5
  56 001a FFF7FEFF 		bl	puts
  57              	.LVL3:
 219:../../applications/no-scheduler-example/src/no-scheduler-example.c ****   printf("\r\n");
  58              		.loc 1 219 3 view .LVU5
  59 001e 2046     		mov	r0, r4
  60 0020 FFF7FEFF 		bl	puts
  61              	.LVL4:
 220:../../applications/no-scheduler-example/src/no-scheduler-example.c ****   HAL_GPIO_TogglePin(OCTA_BLED_GPIO_Port, OCTA_BLED_Pin);
  62              		.loc 1 220 3 view .LVU6
  63 0024 0A4C     		ldr	r4, .L3+12
  64 0026 4FF40041 		mov	r1, #32768
  65 002a 2046     		mov	r0, r4
  66 002c FFF7FEFF 		bl	HAL_GPIO_TogglePin
ARM GAS  C:\Users\yvesk\AppData\Local\Temp\ccvS5mkS.s 			page 6


  67              	.LVL5:
 221:../../applications/no-scheduler-example/src/no-scheduler-example.c ****   HAL_Delay(2000);
  68              		.loc 1 221 3 view .LVU7
  69 0030 4FF4FA60 		mov	r0, #2000
  70 0034 FFF7FEFF 		bl	HAL_Delay
  71              	.LVL6:
 222:../../applications/no-scheduler-example/src/no-scheduler-example.c ****   HAL_GPIO_TogglePin(OCTA_BLED_GPIO_Port, OCTA_BLED_Pin);
  72              		.loc 1 222 3 view .LVU8
  73 0038 4FF40041 		mov	r1, #32768
  74 003c 2046     		mov	r0, r4
  75 003e FFF7FEFF 		bl	HAL_GPIO_TogglePin
  76              	.LVL7:
 223:../../applications/no-scheduler-example/src/no-scheduler-example.c **** }
  77              		.loc 1 223 1 is_stmt 0 view .LVU9
  78 0042 38BD     		pop	{r3, r4, r5, pc}
  79              	.L4:
  80              		.align	2
  81              	.L3:
  82 0044 00000000 		.word	.LC0
  83 0048 04000000 		.word	.LC1
  84 004c 30000000 		.word	.LC2
  85 0050 000C0048 		.word	1207962624
  86              		.cfi_endproc
  87              	.LFE133:
  89              		.section	.text.HAL_TIM_PeriodElapsedCallback,"ax",%progbits
  90              		.align	1
  91              		.global	HAL_TIM_PeriodElapsedCallback
  92              		.syntax unified
  93              		.thumb
  94              		.thumb_func
  95              		.fpu fpv4-sp-d16
  97              	HAL_TIM_PeriodElapsedCallback:
  98              	.LVL8:
  99              	.LFB134:
 224:../../applications/no-scheduler-example/src/no-scheduler-example.c **** 
 225:../../applications/no-scheduler-example/src/no-scheduler-example.c **** 
 226:../../applications/no-scheduler-example/src/no-scheduler-example.c **** 
 227:../../applications/no-scheduler-example/src/no-scheduler-example.c **** void HAL_TIM_PeriodElapsedCallback(TIM_HandleTypeDef *htim)
 228:../../applications/no-scheduler-example/src/no-scheduler-example.c **** {
 100              		.loc 1 228 1 is_stmt 1 view -0
 101              		.cfi_startproc
 102              		@ args = 0, pretend = 0, frame = 0
 103              		@ frame_needed = 0, uses_anonymous_args = 0
 104              		.loc 1 228 1 is_stmt 0 view .LVU11
 105 0000 08B5     		push	{r3, lr}
 106              	.LCFI1:
 107              		.cfi_def_cfa_offset 8
 108              		.cfi_offset 3, -8
 109              		.cfi_offset 14, -4
 229:../../applications/no-scheduler-example/src/no-scheduler-example.c ****   /* USER CODE BEGIN Callback 0 */
 230:../../applications/no-scheduler-example/src/no-scheduler-example.c **** 
 231:../../applications/no-scheduler-example/src/no-scheduler-example.c ****   /* USER CODE END Callback 0 */
 232:../../applications/no-scheduler-example/src/no-scheduler-example.c ****   if (htim->Instance == TIM1)
 110              		.loc 1 232 3 is_stmt 1 view .LVU12
 111              		.loc 1 232 11 is_stmt 0 view .LVU13
 112 0002 0268     		ldr	r2, [r0]
 113              		.loc 1 232 6 view .LVU14
ARM GAS  C:\Users\yvesk\AppData\Local\Temp\ccvS5mkS.s 			page 7


 114 0004 034B     		ldr	r3, .L9
 115 0006 9A42     		cmp	r2, r3
 116 0008 00D0     		beq	.L8
 117              	.LVL9:
 118              	.L5:
 233:../../applications/no-scheduler-example/src/no-scheduler-example.c ****   {
 234:../../applications/no-scheduler-example/src/no-scheduler-example.c ****     HAL_IncTick();
 235:../../applications/no-scheduler-example/src/no-scheduler-example.c ****   }
 236:../../applications/no-scheduler-example/src/no-scheduler-example.c ****   /* USER CODE BEGIN Callback 1 */
 237:../../applications/no-scheduler-example/src/no-scheduler-example.c **** 
 238:../../applications/no-scheduler-example/src/no-scheduler-example.c ****   /* USER CODE END Callback 1 */
 239:../../applications/no-scheduler-example/src/no-scheduler-example.c **** }
 119              		.loc 1 239 1 view .LVU15
 120 000a 08BD     		pop	{r3, pc}
 121              	.LVL10:
 122              	.L8:
 234:../../applications/no-scheduler-example/src/no-scheduler-example.c ****   }
 123              		.loc 1 234 5 is_stmt 1 view .LVU16
 124 000c FFF7FEFF 		bl	HAL_IncTick
 125              	.LVL11:
 126              		.loc 1 239 1 is_stmt 0 view .LVU17
 127 0010 FBE7     		b	.L5
 128              	.L10:
 129 0012 00BF     		.align	2
 130              	.L9:
 131 0014 002C0140 		.word	1073818624
 132              		.cfi_endproc
 133              	.LFE134:
 135              		.global	__aeabi_f2d
 136              		.section	.text.print_temp_hum,"ax",%progbits
 137              		.align	1
 138              		.global	print_temp_hum
 139              		.syntax unified
 140              		.thumb
 141              		.thumb_func
 142              		.fpu fpv4-sp-d16
 144              	print_temp_hum:
 145              	.LFB135:
 240:../../applications/no-scheduler-example/src/no-scheduler-example.c **** 
 241:../../applications/no-scheduler-example/src/no-scheduler-example.c **** void print_temp_hum(void){
 146              		.loc 1 241 26 is_stmt 1 view -0
 147              		.cfi_startproc
 148              		@ args = 0, pretend = 0, frame = 0
 149              		@ frame_needed = 0, uses_anonymous_args = 0
 150 0000 38B5     		push	{r3, r4, r5, lr}
 151              	.LCFI2:
 152              		.cfi_def_cfa_offset 16
 153              		.cfi_offset 3, -16
 154              		.cfi_offset 4, -12
 155              		.cfi_offset 5, -8
 156              		.cfi_offset 14, -4
 242:../../applications/no-scheduler-example/src/no-scheduler-example.c ****   printf("\r\n");
 157              		.loc 1 242 3 view .LVU19
 158 0002 0C4C     		ldr	r4, .L13
 159 0004 2046     		mov	r0, r4
 160 0006 FFF7FEFF 		bl	puts
 161              	.LVL12:
ARM GAS  C:\Users\yvesk\AppData\Local\Temp\ccvS5mkS.s 			page 8


 243:../../applications/no-scheduler-example/src/no-scheduler-example.c ****   printf("Temperature: %.2f °C  \r\n", SHTData[0]);
 162              		.loc 1 243 3 view .LVU20
 163              		.loc 1 243 48 is_stmt 0 view .LVU21
 164 000a 0B4D     		ldr	r5, .L13+4
 165              		.loc 1 243 3 view .LVU22
 166 000c 2868     		ldr	r0, [r5]	@ float
 167 000e FFF7FEFF 		bl	__aeabi_f2d
 168              	.LVL13:
 169 0012 0246     		mov	r2, r0
 170 0014 0B46     		mov	r3, r1
 171 0016 0948     		ldr	r0, .L13+8
 172 0018 FFF7FEFF 		bl	printf
 173              	.LVL14:
 244:../../applications/no-scheduler-example/src/no-scheduler-example.c ****   printf("Humidity: %.2f %% \r\n", SHTData[1]);
 174              		.loc 1 244 3 is_stmt 1 view .LVU23
 175 001c 6868     		ldr	r0, [r5, #4]	@ float
 176 001e FFF7FEFF 		bl	__aeabi_f2d
 177              	.LVL15:
 178 0022 0246     		mov	r2, r0
 179 0024 0B46     		mov	r3, r1
 180 0026 0648     		ldr	r0, .L13+12
 181 0028 FFF7FEFF 		bl	printf
 182              	.LVL16:
 245:../../applications/no-scheduler-example/src/no-scheduler-example.c ****   printf("\r\n");
 183              		.loc 1 245 3 view .LVU24
 184 002c 2046     		mov	r0, r4
 185 002e FFF7FEFF 		bl	puts
 186              	.LVL17:
 246:../../applications/no-scheduler-example/src/no-scheduler-example.c **** }
 187              		.loc 1 246 1 is_stmt 0 view .LVU25
 188 0032 38BD     		pop	{r3, r4, r5, pc}
 189              	.L14:
 190              		.align	2
 191              	.L13:
 192 0034 00000000 		.word	.LC0
 193 0038 00000000 		.word	SHTData
 194 003c 00000000 		.word	.LC3
 195 0040 1C000000 		.word	.LC4
 196              		.cfi_endproc
 197              	.LFE135:
 199              		.section	.text.temp_hum_measurement,"ax",%progbits
 200              		.align	1
 201              		.global	temp_hum_measurement
 202              		.syntax unified
 203              		.thumb
 204              		.thumb_func
 205              		.fpu fpv4-sp-d16
 207              	temp_hum_measurement:
 208              	.LFB136:
 247:../../applications/no-scheduler-example/src/no-scheduler-example.c **** 
 248:../../applications/no-scheduler-example/src/no-scheduler-example.c **** void temp_hum_measurement(void){
 209              		.loc 1 248 32 is_stmt 1 view -0
 210              		.cfi_startproc
 211              		@ args = 0, pretend = 0, frame = 0
 212              		@ frame_needed = 0, uses_anonymous_args = 0
 213 0000 08B5     		push	{r3, lr}
 214              	.LCFI3:
ARM GAS  C:\Users\yvesk\AppData\Local\Temp\ccvS5mkS.s 			page 9


 215              		.cfi_def_cfa_offset 8
 216              		.cfi_offset 3, -8
 217              		.cfi_offset 14, -4
 249:../../applications/no-scheduler-example/src/no-scheduler-example.c **** 
 250:../../applications/no-scheduler-example/src/no-scheduler-example.c ****   SHT31_get_temp_hum(SHTData);
 218              		.loc 1 250 3 view .LVU27
 219 0002 0348     		ldr	r0, .L17
 220 0004 FFF7FEFF 		bl	SHT31_get_temp_hum
 221              	.LVL18:
 251:../../applications/no-scheduler-example/src/no-scheduler-example.c ****   print_temp_hum();
 222              		.loc 1 251 3 view .LVU28
 223 0008 FFF7FEFF 		bl	print_temp_hum
 224              	.LVL19:
 252:../../applications/no-scheduler-example/src/no-scheduler-example.c **** }
 225              		.loc 1 252 1 is_stmt 0 view .LVU29
 226 000c 08BD     		pop	{r3, pc}
 227              	.L18:
 228 000e 00BF     		.align	2
 229              	.L17:
 230 0010 00000000 		.word	SHTData
 231              		.cfi_endproc
 232              	.LFE136:
 234              		.section	.text.main,"ax",%progbits
 235              		.align	1
 236              		.global	main
 237              		.syntax unified
 238              		.thumb
 239              		.thumb_func
 240              		.fpu fpv4-sp-d16
 242              	main:
 243              	.LFB132:
  97:../../applications/no-scheduler-example/src/no-scheduler-example.c ****   /* USER CODE BEGIN 1 */
 244              		.loc 1 97 1 is_stmt 1 view -0
 245              		.cfi_startproc
 246              		@ args = 0, pretend = 0, frame = 0
 247              		@ frame_needed = 0, uses_anonymous_args = 0
 248 0000 10B5     		push	{r4, lr}
 249              	.LCFI4:
 250              		.cfi_def_cfa_offset 8
 251              		.cfi_offset 4, -8
 252              		.cfi_offset 14, -4
 108:../../applications/no-scheduler-example/src/no-scheduler-example.c ****  
 253              		.loc 1 108 3 view .LVU31
 254 0002 FFF7FEFF 		bl	HAL_Init
 255              	.LVL20:
 115:../../applications/no-scheduler-example/src/no-scheduler-example.c **** 
 256              		.loc 1 115 3 view .LVU32
 257 0006 FFF7FEFF 		bl	SystemClock_Config
 258              	.LVL21:
 122:../../applications/no-scheduler-example/src/no-scheduler-example.c ****   /* USER CODE BEGIN 2 */
 259              		.loc 1 122 3 view .LVU33
 260 000a FFF7FEFF 		bl	Initialize_Platform
 261              	.LVL22:
 126:../../applications/no-scheduler-example/src/no-scheduler-example.c **** 
 262              		.loc 1 126 3 view .LVU34
 126:../../applications/no-scheduler-example/src/no-scheduler-example.c **** 
 263              		.loc 1 126 15 is_stmt 0 view .LVU35
ARM GAS  C:\Users\yvesk\AppData\Local\Temp\ccvS5mkS.s 			page 10


 264 000e FFF7FEFF 		bl	get_UID
 265              	.LVL23:
 126:../../applications/no-scheduler-example/src/no-scheduler-example.c **** 
 266              		.loc 1 126 13 view .LVU36
 267 0012 244B     		ldr	r3, .L28
 268 0014 C3E90001 		strd	r0, [r3]
 129:../../applications/no-scheduler-example/src/no-scheduler-example.c **** 
 269              		.loc 1 129 3 is_stmt 1 view .LVU37
 129:../../applications/no-scheduler-example/src/no-scheduler-example.c **** 
 270              		.loc 1 129 13 is_stmt 0 view .LVU38
 271 0018 FFF7FEFF 		bl	Murata_Initialize
 272              	.LVL24:
 129:../../applications/no-scheduler-example/src/no-scheduler-example.c **** 
 273              		.loc 1 129 12 view .LVU39
 274 001c 224B     		ldr	r3, .L28+4
 275 001e 1870     		strb	r0, [r3]
 131:../../applications/no-scheduler-example/src/no-scheduler-example.c ****     printf("Lorawan module init ok\r\n\r\n");
 276              		.loc 1 131 3 is_stmt 1 view .LVU40
 131:../../applications/no-scheduler-example/src/no-scheduler-example.c ****     printf("Lorawan module init ok\r\n\r\n");
 277              		.loc 1 131 6 is_stmt 0 view .LVU41
 278 0020 68B9     		cbnz	r0, .L26
 279              	.L20:
 135:../../applications/no-scheduler-example/src/no-scheduler-example.c ****   setI2CInterface_SHT31(&common_I2C);
 280              		.loc 1 135 3 is_stmt 1 view .LVU42
 281 0022 224C     		ldr	r4, .L28+8
 282 0024 2046     		mov	r0, r4
 283 0026 FFF7FEFF 		bl	LSM303AGR_setI2CInterface
 284              	.LVL25:
 136:../../applications/no-scheduler-example/src/no-scheduler-example.c ****   SHT31_begin(); 
 285              		.loc 1 136 3 view .LVU43
 286 002a 2046     		mov	r0, r4
 287 002c FFF7FEFF 		bl	setI2CInterface_SHT31
 288              	.LVL26:
 137:../../applications/no-scheduler-example/src/no-scheduler-example.c ****   LSM303AGR_init();
 289              		.loc 1 137 3 view .LVU44
 290 0030 FFF7FEFF 		bl	SHT31_begin
 291              	.LVL27:
 138:../../applications/no-scheduler-example/src/no-scheduler-example.c ****   printWelcome();
 292              		.loc 1 138 3 view .LVU45
 293 0034 FFF7FEFF 		bl	LSM303AGR_init
 294              	.LVL28:
 139:../../applications/no-scheduler-example/src/no-scheduler-example.c ****   uint8_t data; 
 295              		.loc 1 139 3 view .LVU46
 296 0038 FFF7FEFF 		bl	printWelcome
 297              	.LVL29:
 298 003c 11E0     		b	.L21
 299              	.L26:
 132:../../applications/no-scheduler-example/src/no-scheduler-example.c ****   }
 300              		.loc 1 132 5 view .LVU47
 301 003e 1C48     		ldr	r0, .L28+12
 302 0040 FFF7FEFF 		bl	puts
 303              	.LVL30:
 304 0044 EDE7     		b	.L20
 305              	.LVL31:
 306              	.L27:
 307              	.LBB2:
 175:../../applications/no-scheduler-example/src/no-scheduler-example.c ****       HAL_PWR_EnterSLEEPMode(PWR_MAINREGULATOR_ON, PWR_SLEEPENTRY_WFI);
ARM GAS  C:\Users\yvesk\AppData\Local\Temp\ccvS5mkS.s 			page 11


 308              		.loc 1 175 9 view .LVU48
 309 0046 1B48     		ldr	r0, .L28+16
 310 0048 FFF7FEFF 		bl	puts
 311              	.LVL32:
 176:../../applications/no-scheduler-example/src/no-scheduler-example.c ****       printf(" into sleepmode gegaan\r\n"); 
 312              		.loc 1 176 7 view .LVU49
 313 004c 0121     		movs	r1, #1
 314 004e 0020     		movs	r0, #0
 315 0050 FFF7FEFF 		bl	HAL_PWR_EnterSLEEPMode
 316              	.LVL33:
 177:../../applications/no-scheduler-example/src/no-scheduler-example.c ****       }
 317              		.loc 1 177 7 view .LVU50
 318 0054 1848     		ldr	r0, .L28+20
 319 0056 FFF7FEFF 		bl	puts
 320              	.LVL34:
 321 005a 14E0     		b	.L22
 322              	.L23:
 193:../../applications/no-scheduler-example/src/no-scheduler-example.c ****  //     lora_init=Murata_Initialize(short_UID);
 323              		.loc 1 193 7 view .LVU51
 193:../../applications/no-scheduler-example/src/no-scheduler-example.c ****  //     lora_init=Murata_Initialize(short_UID);
 324              		.loc 1 193 22 is_stmt 0 view .LVU52
 325 005c 174B     		ldr	r3, .L28+24
 326 005e 0022     		movs	r2, #0
 327 0060 1A70     		strb	r2, [r3]
 328              	.LVL35:
 329              	.L21:
 193:../../applications/no-scheduler-example/src/no-scheduler-example.c ****  //     lora_init=Murata_Initialize(short_UID);
 330              		.loc 1 193 22 view .LVU53
 331              	.LBE2:
 140:../../applications/no-scheduler-example/src/no-scheduler-example.c **** 
 332              		.loc 1 140 3 is_stmt 1 view .LVU54
 158:../../applications/no-scheduler-example/src/no-scheduler-example.c ****   {
 333              		.loc 1 158 3 view .LVU55
 334              	.LBB3:
 161:../../applications/no-scheduler-example/src/no-scheduler-example.c ****     IWDG_feed(NULL); 
 335              		.loc 1 161 5 view .LVU56
 162:../../applications/no-scheduler-example/src/no-scheduler-example.c ****     /* USER CODE END WHILE */
 336              		.loc 1 162 5 view .LVU57
 337 0062 0020     		movs	r0, #0
 338 0064 FFF7FEFF 		bl	IWDG_feed
 339              	.LVL36:
 167:../../applications/no-scheduler-example/src/no-scheduler-example.c ****       // Request to enter SLEEP mode
 340              		.loc 1 167 5 view .LVU58
 167:../../applications/no-scheduler-example/src/no-scheduler-example.c ****       // Request to enter SLEEP mode
 341              		.loc 1 167 24 is_stmt 0 view .LVU59
 342 0068 144B     		ldr	r3, .L28+24
 343 006a 1B78     		ldrb	r3, [r3]	@ zero_extendqisi2
 167:../../applications/no-scheduler-example/src/no-scheduler-example.c ****       // Request to enter SLEEP mode
 344              		.loc 1 167 8 view .LVU60
 345 006c 002B     		cmp	r3, #0
 346 006e F8D0     		beq	.L21
 170:../../applications/no-scheduler-example/src/no-scheduler-example.c ****       printf("%d,\r\n\r\n",rep_counter);
 347              		.loc 1 170 7 is_stmt 1 view .LVU61
 170:../../applications/no-scheduler-example/src/no-scheduler-example.c ****       printf("%d,\r\n\r\n",rep_counter);
 348              		.loc 1 170 18 is_stmt 0 view .LVU62
 349 0070 134C     		ldr	r4, .L28+28
 350 0072 2188     		ldrh	r1, [r4]
ARM GAS  C:\Users\yvesk\AppData\Local\Temp\ccvS5mkS.s 			page 12


 351 0074 0131     		adds	r1, r1, #1
 352 0076 89B2     		uxth	r1, r1
 353 0078 2180     		strh	r1, [r4]	@ movhi
 171:../../applications/no-scheduler-example/src/no-scheduler-example.c **** 
 354              		.loc 1 171 7 is_stmt 1 view .LVU63
 355 007a 1248     		ldr	r0, .L28+32
 356 007c FFF7FEFF 		bl	printf
 357              	.LVL37:
 174:../../applications/no-scheduler-example/src/no-scheduler-example.c ****         printf("going into sleepmode\r\n"); 
 358              		.loc 1 174 7 view .LVU64
 174:../../applications/no-scheduler-example/src/no-scheduler-example.c ****         printf("going into sleepmode\r\n"); 
 359              		.loc 1 174 22 is_stmt 0 view .LVU65
 360 0080 2388     		ldrh	r3, [r4]
 174:../../applications/no-scheduler-example/src/no-scheduler-example.c ****         printf("going into sleepmode\r\n"); 
 361              		.loc 1 174 10 view .LVU66
 362 0082 042B     		cmp	r3, #4
 363 0084 DFD0     		beq	.L27
 364              	.L22:
 180:../../applications/no-scheduler-example/src/no-scheduler-example.c **** 
 365              		.loc 1 180 1 is_stmt 1 view .LVU67
 180:../../applications/no-scheduler-example/src/no-scheduler-example.c **** 
 366              		.loc 1 180 11 is_stmt 0 view .LVU68
 367 0086 074B     		ldr	r3, .L28
 368 0088 D3E90001 		ldrd	r0, [r3]
 369 008c FFF7FEFF 		bl	Murata_Initialize
 370              	.LVL38:
 180:../../applications/no-scheduler-example/src/no-scheduler-example.c **** 
 371              		.loc 1 180 10 view .LVU69
 372 0090 054B     		ldr	r3, .L28+4
 373 0092 1870     		strb	r0, [r3]
 182:../../applications/no-scheduler-example/src/no-scheduler-example.c ****     printf("Lorawan module init ok\r\n\r\n");
 374              		.loc 1 182 3 is_stmt 1 view .LVU70
 182:../../applications/no-scheduler-example/src/no-scheduler-example.c ****     printf("Lorawan module init ok\r\n\r\n");
 375              		.loc 1 182 6 is_stmt 0 view .LVU71
 376 0094 0028     		cmp	r0, #0
 377 0096 E1D0     		beq	.L23
 183:../../applications/no-scheduler-example/src/no-scheduler-example.c ****   
 378              		.loc 1 183 5 is_stmt 1 view .LVU72
 379 0098 0548     		ldr	r0, .L28+12
 380 009a FFF7FEFF 		bl	puts
 381              	.LVL39:
 185:../../applications/no-scheduler-example/src/no-scheduler-example.c ****       //LoRaWAN_send(&payload);
 382              		.loc 1 185 7 view .LVU73
 383 009e FFF7FEFF 		bl	temp_hum_measurement
 384              	.LVL40:
 385 00a2 DBE7     		b	.L23
 386              	.L29:
 387              		.align	2
 388              	.L28:
 389 00a4 00000000 		.word	short_UID
 390 00a8 00000000 		.word	.LANCHOR0
 391 00ac 00000000 		.word	common_I2C
 392 00b0 00000000 		.word	.LC5
 393 00b4 24000000 		.word	.LC7
 394 00b8 3C000000 		.word	.LC8
 395 00bc 00000000 		.word	.LANCHOR1
 396 00c0 00000000 		.word	.LANCHOR2
ARM GAS  C:\Users\yvesk\AppData\Local\Temp\ccvS5mkS.s 			page 13


 397 00c4 1C000000 		.word	.LC6
 398              	.LBE3:
 399              		.cfi_endproc
 400              	.LFE132:
 402              		.section	.text.HAL_UART_RxCpltCallback,"ax",%progbits
 403              		.align	1
 404              		.global	HAL_UART_RxCpltCallback
 405              		.syntax unified
 406              		.thumb
 407              		.thumb_func
 408              		.fpu fpv4-sp-d16
 410              	HAL_UART_RxCpltCallback:
 411              	.LVL41:
 412              	.LFB137:
 253:../../applications/no-scheduler-example/src/no-scheduler-example.c **** 
 254:../../applications/no-scheduler-example/src/no-scheduler-example.c **** 
 255:../../applications/no-scheduler-example/src/no-scheduler-example.c **** /* USER CODE END 4 */
 256:../../applications/no-scheduler-example/src/no-scheduler-example.c **** 
 257:../../applications/no-scheduler-example/src/no-scheduler-example.c **** void HAL_UART_RxCpltCallback(UART_HandleTypeDef *huart)
 258:../../applications/no-scheduler-example/src/no-scheduler-example.c **** {
 413              		.loc 1 258 1 view -0
 414              		.cfi_startproc
 415              		@ args = 0, pretend = 0, frame = 0
 416              		@ frame_needed = 0, uses_anonymous_args = 0
 417              		@ link register save eliminated.
 259:../../applications/no-scheduler-example/src/no-scheduler-example.c **** 	#if USE_BOOTLOADER
 260:../../applications/no-scheduler-example/src/no-scheduler-example.c ****     if(huart == &BLE_UART);
 261:../../applications/no-scheduler-example/src/no-scheduler-example.c ****     {
 262:../../applications/no-scheduler-example/src/no-scheduler-example.c ****           printf("BLE UART INTERRUPT\r\n");
 263:../../applications/no-scheduler-example/src/no-scheduler-example.c ****           bootloader_parse_data();        
 264:../../applications/no-scheduler-example/src/no-scheduler-example.c ****     }
 265:../../applications/no-scheduler-example/src/no-scheduler-example.c ****   #endif
 266:../../applications/no-scheduler-example/src/no-scheduler-example.c **** }
 418              		.loc 1 266 1 view .LVU75
 419 0000 7047     		bx	lr
 420              		.cfi_endproc
 421              	.LFE137:
 423              		.section	.text.HAL_GPIO_EXTI_Callback,"ax",%progbits
 424              		.align	1
 425              		.global	HAL_GPIO_EXTI_Callback
 426              		.syntax unified
 427              		.thumb
 428              		.thumb_func
 429              		.fpu fpv4-sp-d16
 431              	HAL_GPIO_EXTI_Callback:
 432              	.LVL42:
 433              	.LFB138:
 267:../../applications/no-scheduler-example/src/no-scheduler-example.c **** 
 268:../../applications/no-scheduler-example/src/no-scheduler-example.c **** //See platform>octa>stm32l4xx_it.c there we placed exti15_10 function to capture interrupts on one 
 269:../../applications/no-scheduler-example/src/no-scheduler-example.c **** // (see slides of Mr weyn for the exact function name). In this function we call the "HAL_GPIO_EXTI
 270:../../applications/no-scheduler-example/src/no-scheduler-example.c **** // file. In this function the "HAL_GPIO_EXTI_Callback" is called, which we define below 
 271:../../applications/no-scheduler-example/src/no-scheduler-example.c **** void HAL_GPIO_EXTI_Callback(uint16_t GPIO_Pin) {
 434              		.loc 1 271 48 view -0
 435              		.cfi_startproc
 436              		@ args = 0, pretend = 0, frame = 0
 437              		@ frame_needed = 0, uses_anonymous_args = 0
 272:../../applications/no-scheduler-example/src/no-scheduler-example.c ****   if (GPIO_Pin==GPIO_Pin_13) {
ARM GAS  C:\Users\yvesk\AppData\Local\Temp\ccvS5mkS.s 			page 14


 438              		.loc 1 272 3 view .LVU77
 439              		.loc 1 272 6 is_stmt 0 view .LVU78
 440 0000 B0F5005F 		cmp	r0, #8192
 441 0004 00D0     		beq	.L37
 442 0006 7047     		bx	lr
 443              	.L37:
 271:../../applications/no-scheduler-example/src/no-scheduler-example.c ****   if (GPIO_Pin==GPIO_Pin_13) {
 444              		.loc 1 271 48 view .LVU79
 445 0008 08B5     		push	{r3, lr}
 446              	.LCFI5:
 447              		.cfi_def_cfa_offset 8
 448              		.cfi_offset 3, -8
 449              		.cfi_offset 14, -4
 273:../../applications/no-scheduler-example/src/no-scheduler-example.c ****   temperatureflag = 1; 
 450              		.loc 1 273 3 is_stmt 1 view .LVU80
 451              		.loc 1 273 19 is_stmt 0 view .LVU81
 452 000a 034B     		ldr	r3, .L38
 453 000c 0122     		movs	r2, #1
 454 000e 1A70     		strb	r2, [r3]
 274:../../applications/no-scheduler-example/src/no-scheduler-example.c ****   printf("interrupt accelerometer! \r\n");
 455              		.loc 1 274 3 is_stmt 1 view .LVU82
 456 0010 0248     		ldr	r0, .L38+4
 457              	.LVL43:
 458              		.loc 1 274 3 is_stmt 0 view .LVU83
 459 0012 FFF7FEFF 		bl	puts
 460              	.LVL44:
 275:../../applications/no-scheduler-example/src/no-scheduler-example.c ****   // we work with a flag so as to make sure that we don't stay in the callback for too long. This w
 276:../../applications/no-scheduler-example/src/no-scheduler-example.c ****   // the flag will call the measurement function in de while loop
 277:../../applications/no-scheduler-example/src/no-scheduler-example.c ****   } 
 278:../../applications/no-scheduler-example/src/no-scheduler-example.c **** }
 461              		.loc 1 278 1 view .LVU84
 462 0016 08BD     		pop	{r3, pc}
 463              	.L39:
 464              		.align	2
 465              	.L38:
 466 0018 00000000 		.word	.LANCHOR1
 467 001c 00000000 		.word	.LC9
 468              		.cfi_endproc
 469              	.LFE138:
 471              		.section	.text.LoRaWAN_send_self,"ax",%progbits
 472              		.align	1
 473              		.global	LoRaWAN_send_self
 474              		.syntax unified
 475              		.thumb
 476              		.thumb_func
 477              		.fpu fpv4-sp-d16
 479              	LoRaWAN_send_self:
 480              	.LFB139:
 279:../../applications/no-scheduler-example/src/no-scheduler-example.c **** 
 280:../../applications/no-scheduler-example/src/no-scheduler-example.c **** 
 281:../../applications/no-scheduler-example/src/no-scheduler-example.c **** void LoRaWAN_send_self()
 282:../../applications/no-scheduler-example/src/no-scheduler-example.c **** {
 481              		.loc 1 282 1 is_stmt 1 view -0
 482              		.cfi_startproc
 483              		@ args = 0, pretend = 0, frame = 8
 484              		@ frame_needed = 0, uses_anonymous_args = 0
 485 0000 00B5     		push	{lr}
ARM GAS  C:\Users\yvesk\AppData\Local\Temp\ccvS5mkS.s 			page 15


 486              	.LCFI6:
 487              		.cfi_def_cfa_offset 4
 488              		.cfi_offset 14, -4
 489 0002 83B0     		sub	sp, sp, #12
 490              	.LCFI7:
 491              		.cfi_def_cfa_offset 16
 283:../../applications/no-scheduler-example/src/no-scheduler-example.c ****   if (lora_init)
 492              		.loc 1 283 3 view .LVU86
 493              		.loc 1 283 7 is_stmt 0 view .LVU87
 494 0004 194B     		ldr	r3, .L47
 495 0006 1B78     		ldrb	r3, [r3]	@ zero_extendqisi2
 496              		.loc 1 283 6 view .LVU88
 497 0008 63B3     		cbz	r3, .L41
 498              	.LBB4:
 284:../../applications/no-scheduler-example/src/no-scheduler-example.c ****   {
 285:../../applications/no-scheduler-example/src/no-scheduler-example.c ****     uint8_t loraMessage[5];
 499              		.loc 1 285 5 is_stmt 1 view .LVU89
 286:../../applications/no-scheduler-example/src/no-scheduler-example.c ****     uint8_t i = 0;
 500              		.loc 1 286 5 view .LVU90
 501              	.LVL45:
 287:../../applications/no-scheduler-example/src/no-scheduler-example.c ****     //uint16 counter to uint8 array (little endian)
 288:../../applications/no-scheduler-example/src/no-scheduler-example.c ****     //counter (large) type byte
 289:../../applications/no-scheduler-example/src/no-scheduler-example.c **** 
 290:../../applications/no-scheduler-example/src/no-scheduler-example.c ****     //first data transfer works, but afterwards it stays in a kind of 'transmitted' loop. Find wher
 291:../../applications/no-scheduler-example/src/no-scheduler-example.c ****     loraMessage[i++] = SHTData[0];
 502              		.loc 1 291 5 view .LVU91
 503              		.loc 1 291 31 is_stmt 0 view .LVU92
 504 000a 194A     		ldr	r2, .L47+4
 505 000c D2ED007A 		vldr.32	s15, [r2]
 506              	.LVL46:
 507              		.loc 1 291 22 view .LVU93
 508 0010 FCEEE77A 		vcvt.u32.f32	s15, s15
 509 0014 17EE903A 		vmov	r3, s15	@ int
 510 0018 8DF80030 		strb	r3, [sp]
 292:../../applications/no-scheduler-example/src/no-scheduler-example.c ****     loraMessage[i++] = SHTData[1];
 511              		.loc 1 292 5 is_stmt 1 view .LVU94
 512              		.loc 1 292 31 is_stmt 0 view .LVU95
 513 001c D2ED017A 		vldr.32	s15, [r2, #4]
 514              	.LVL47:
 515              		.loc 1 292 22 view .LVU96
 516 0020 FCEEE77A 		vcvt.u32.f32	s15, s15
 517 0024 17EE903A 		vmov	r3, s15	@ int
 518 0028 8DF80130 		strb	r3, [sp, #1]
 293:../../applications/no-scheduler-example/src/no-scheduler-example.c ****     loraMessage[i++] = LoRaWAN_Counter >> 8;
 519              		.loc 1 293 5 is_stmt 1 view .LVU97
 520              	.LVL48:
 521              		.loc 1 293 22 is_stmt 0 view .LVU98
 522 002c 114B     		ldr	r3, .L47+8
 523 002e 1B88     		ldrh	r3, [r3]
 524 0030 1B0A     		lsrs	r3, r3, #8
 525 0032 8DF80230 		strb	r3, [sp, #2]
 294:../../applications/no-scheduler-example/src/no-scheduler-example.c ****    // osMutexWait(txMutexId, osWaitForever);
 295:../../applications/no-scheduler-example/src/no-scheduler-example.c ****     if(!Murata_LoRaWAN_Send((uint8_t *)loraMessage, i))
 526              		.loc 1 295 5 is_stmt 1 view .LVU99
 527              		.loc 1 295 9 is_stmt 0 view .LVU100
 528 0036 0321     		movs	r1, #3
 529 0038 6846     		mov	r0, sp
ARM GAS  C:\Users\yvesk\AppData\Local\Temp\ccvS5mkS.s 			page 16


 530 003a FFF7FEFF 		bl	Murata_LoRaWAN_Send
 531              	.LVL49:
 532              		.loc 1 295 7 view .LVU101
 533 003e 48B1     		cbz	r0, .L46
 296:../../applications/no-scheduler-example/src/no-scheduler-example.c ****     {
 297:../../applications/no-scheduler-example/src/no-scheduler-example.c ****       printf("tis ni gelukt :( ");
 298:../../applications/no-scheduler-example/src/no-scheduler-example.c ****       lora_init++;
 299:../../applications/no-scheduler-example/src/no-scheduler-example.c ****       if(lora_init == 10)
 300:../../applications/no-scheduler-example/src/no-scheduler-example.c ****         lora_init == 0;
 301:../../applications/no-scheduler-example/src/no-scheduler-example.c ****     }
 302:../../applications/no-scheduler-example/src/no-scheduler-example.c ****     else
 303:../../applications/no-scheduler-example/src/no-scheduler-example.c ****     {
 304:../../applications/no-scheduler-example/src/no-scheduler-example.c ****       lora_init = 1;
 534              		.loc 1 304 7 is_stmt 1 view .LVU102
 535              		.loc 1 304 17 is_stmt 0 view .LVU103
 536 0040 0A4B     		ldr	r3, .L47
 537 0042 0122     		movs	r2, #1
 538 0044 1A70     		strb	r2, [r3]
 539              	.L43:
 305:../../applications/no-scheduler-example/src/no-scheduler-example.c ****     }
 306:../../applications/no-scheduler-example/src/no-scheduler-example.c ****     //BLOCK TX MUTEX FOR 3s
 307:../../applications/no-scheduler-example/src/no-scheduler-example.c ****     // osDelay(3000);
 308:../../applications/no-scheduler-example/src/no-scheduler-example.c ****     // osMutexRelease(txMutexId);
 309:../../applications/no-scheduler-example/src/no-scheduler-example.c ****     LoRaWAN_Counter++;
 540              		.loc 1 309 5 is_stmt 1 discriminator 1 view .LVU104
 541              		.loc 1 309 20 is_stmt 0 discriminator 1 view .LVU105
 542 0046 0B4A     		ldr	r2, .L47+8
 543 0048 1388     		ldrh	r3, [r2]
 544 004a 0133     		adds	r3, r3, #1
 545 004c 1380     		strh	r3, [r2]	@ movhi
 546              	.LVL50:
 547              	.L40:
 548              		.loc 1 309 20 discriminator 1 view .LVU106
 549              	.LBE4:
 310:../../applications/no-scheduler-example/src/no-scheduler-example.c ****   }
 311:../../applications/no-scheduler-example/src/no-scheduler-example.c ****   else{
 312:../../applications/no-scheduler-example/src/no-scheduler-example.c ****     printf("murata not initialized, not sending\r\n");
 313:../../applications/no-scheduler-example/src/no-scheduler-example.c ****   }
 314:../../applications/no-scheduler-example/src/no-scheduler-example.c **** }
 550              		.loc 1 314 1 view .LVU107
 551 004e 03B0     		add	sp, sp, #12
 552              	.LCFI8:
 553              		.cfi_remember_state
 554              		.cfi_def_cfa_offset 4
 555              		@ sp needed
 556 0050 5DF804FB 		ldr	pc, [sp], #4
 557              	.LVL51:
 558              	.L46:
 559              	.LCFI9:
 560              		.cfi_restore_state
 561              	.LBB5:
 297:../../applications/no-scheduler-example/src/no-scheduler-example.c ****       lora_init++;
 562              		.loc 1 297 7 is_stmt 1 view .LVU108
 563 0054 0848     		ldr	r0, .L47+12
 564 0056 FFF7FEFF 		bl	printf
 565              	.LVL52:
 298:../../applications/no-scheduler-example/src/no-scheduler-example.c ****       if(lora_init == 10)
ARM GAS  C:\Users\yvesk\AppData\Local\Temp\ccvS5mkS.s 			page 17


 566              		.loc 1 298 7 view .LVU109
 298:../../applications/no-scheduler-example/src/no-scheduler-example.c ****       if(lora_init == 10)
 567              		.loc 1 298 16 is_stmt 0 view .LVU110
 568 005a 044A     		ldr	r2, .L47
 569 005c 1378     		ldrb	r3, [r2]	@ zero_extendqisi2
 570 005e 0133     		adds	r3, r3, #1
 571 0060 1370     		strb	r3, [r2]
 299:../../applications/no-scheduler-example/src/no-scheduler-example.c ****         lora_init == 0;
 572              		.loc 1 299 7 is_stmt 1 view .LVU111
 573 0062 F0E7     		b	.L43
 574              	.LVL53:
 575              	.L41:
 299:../../applications/no-scheduler-example/src/no-scheduler-example.c ****         lora_init == 0;
 576              		.loc 1 299 7 is_stmt 0 view .LVU112
 577              	.LBE5:
 312:../../applications/no-scheduler-example/src/no-scheduler-example.c ****   }
 578              		.loc 1 312 5 is_stmt 1 view .LVU113
 579 0064 0548     		ldr	r0, .L47+16
 580 0066 FFF7FEFF 		bl	puts
 581              	.LVL54:
 582              		.loc 1 314 1 is_stmt 0 view .LVU114
 583 006a F0E7     		b	.L40
 584              	.L48:
 585              		.align	2
 586              	.L47:
 587 006c 00000000 		.word	.LANCHOR0
 588 0070 00000000 		.word	SHTData
 589 0074 00000000 		.word	.LANCHOR3
 590 0078 00000000 		.word	.LC10
 591 007c 14000000 		.word	.LC11
 592              		.cfi_endproc
 593              	.LFE139:
 595              		.section	.text.Error_Handler,"ax",%progbits
 596              		.align	1
 597              		.global	Error_Handler
 598              		.syntax unified
 599              		.thumb
 600              		.thumb_func
 601              		.fpu fpv4-sp-d16
 603              	Error_Handler:
 604              	.LFB140:
 315:../../applications/no-scheduler-example/src/no-scheduler-example.c **** 
 316:../../applications/no-scheduler-example/src/no-scheduler-example.c **** 
 317:../../applications/no-scheduler-example/src/no-scheduler-example.c **** 
 318:../../applications/no-scheduler-example/src/no-scheduler-example.c **** /**
 319:../../applications/no-scheduler-example/src/no-scheduler-example.c ****   * @brief  This function is executed in case of error occurrence.
 320:../../applications/no-scheduler-example/src/no-scheduler-example.c ****   * @retval None
 321:../../applications/no-scheduler-example/src/no-scheduler-example.c ****   */
 322:../../applications/no-scheduler-example/src/no-scheduler-example.c **** void Error_Handler(void)
 323:../../applications/no-scheduler-example/src/no-scheduler-example.c **** {
 605              		.loc 1 323 1 is_stmt 1 view -0
 606              		.cfi_startproc
 607              		@ args = 0, pretend = 0, frame = 0
 608              		@ frame_needed = 0, uses_anonymous_args = 0
 609              		@ link register save eliminated.
 324:../../applications/no-scheduler-example/src/no-scheduler-example.c ****   /* USER CODE BEGIN Error_Handler_Debug */
 325:../../applications/no-scheduler-example/src/no-scheduler-example.c ****   /* User can add his own implementation to report the HAL error return state */
ARM GAS  C:\Users\yvesk\AppData\Local\Temp\ccvS5mkS.s 			page 18


 326:../../applications/no-scheduler-example/src/no-scheduler-example.c **** 
 327:../../applications/no-scheduler-example/src/no-scheduler-example.c ****   /* USER CODE END Error_Handler_Debug */
 328:../../applications/no-scheduler-example/src/no-scheduler-example.c **** }
 610              		.loc 1 328 1 view .LVU116
 611 0000 7047     		bx	lr
 612              		.cfi_endproc
 613              	.LFE140:
 615              		.section	.text.murata_process_rx_response,"ax",%progbits
 616              		.align	1
 617              		.global	murata_process_rx_response
 618              		.syntax unified
 619              		.thumb
 620              		.thumb_func
 621              		.fpu fpv4-sp-d16
 623              	murata_process_rx_response:
 624              	.LFB141:
 329:../../applications/no-scheduler-example/src/no-scheduler-example.c **** 
 330:../../applications/no-scheduler-example/src/no-scheduler-example.c **** void murata_process_rx_response(void)
 331:../../applications/no-scheduler-example/src/no-scheduler-example.c **** {
 625              		.loc 1 331 1 view -0
 626              		.cfi_startproc
 627              		@ args = 0, pretend = 0, frame = 0
 628              		@ frame_needed = 0, uses_anonymous_args = 0
 629 0000 08B5     		push	{r3, lr}
 630              	.LCFI10:
 631              		.cfi_def_cfa_offset 8
 632              		.cfi_offset 3, -8
 633              		.cfi_offset 14, -4
 634 0002 02E0     		b	.L52
 635              	.LVL55:
 636              	.L51:
 332:../../applications/no-scheduler-example/src/no-scheduler-example.c ****   uint32_t startProcessing;
 333:../../applications/no-scheduler-example/src/no-scheduler-example.c ****   while (1)
 334:../../applications/no-scheduler-example/src/no-scheduler-example.c ****   {
 335:../../applications/no-scheduler-example/src/no-scheduler-example.c ****     // Wait to be notified that the transmission is complete.  Note the first
 336:../../applications/no-scheduler-example/src/no-scheduler-example.c ****     //parameter is pdTRUE, which has the effect of clearing the task's notification
 337:../../applications/no-scheduler-example/src/no-scheduler-example.c ****     //value back to 0, making the notification value act like a binary (rather than
 338:../../applications/no-scheduler-example/src/no-scheduler-example.c ****     //a counting) semaphore.
 339:../../applications/no-scheduler-example/src/no-scheduler-example.c ****     startProcessing = ulTaskNotifyTake(pdTRUE, osWaitForever);
 340:../../applications/no-scheduler-example/src/no-scheduler-example.c ****     if (startProcessing == 1)
 341:../../applications/no-scheduler-example/src/no-scheduler-example.c ****     {
 342:../../applications/no-scheduler-example/src/no-scheduler-example.c ****       // The transmission ended as expected.
 343:../../applications/no-scheduler-example/src/no-scheduler-example.c ****       Murata_process_fifo();
 344:../../applications/no-scheduler-example/src/no-scheduler-example.c ****     }
 345:../../applications/no-scheduler-example/src/no-scheduler-example.c ****     else
 346:../../applications/no-scheduler-example/src/no-scheduler-example.c ****     {
 347:../../applications/no-scheduler-example/src/no-scheduler-example.c ****     }
 637              		.loc 1 347 5 view .LVU118
 348:../../applications/no-scheduler-example/src/no-scheduler-example.c ****     osDelay(1);
 638              		.loc 1 348 5 view .LVU119
 639 0004 0120     		movs	r0, #1
 640 0006 FFF7FEFF 		bl	osDelay
 641              	.LVL56:
 642              	.L52:
 332:../../applications/no-scheduler-example/src/no-scheduler-example.c ****   uint32_t startProcessing;
 643              		.loc 1 332 3 view .LVU120
 333:../../applications/no-scheduler-example/src/no-scheduler-example.c ****   {
ARM GAS  C:\Users\yvesk\AppData\Local\Temp\ccvS5mkS.s 			page 19


 644              		.loc 1 333 3 view .LVU121
 339:../../applications/no-scheduler-example/src/no-scheduler-example.c ****     if (startProcessing == 1)
 645              		.loc 1 339 5 view .LVU122
 339:../../applications/no-scheduler-example/src/no-scheduler-example.c ****     if (startProcessing == 1)
 646              		.loc 1 339 23 is_stmt 0 view .LVU123
 647 000a 4FF0FF31 		mov	r1, #-1
 648 000e 0120     		movs	r0, #1
 649 0010 FFF7FEFF 		bl	ulTaskNotifyTake
 650              	.LVL57:
 340:../../applications/no-scheduler-example/src/no-scheduler-example.c ****     {
 651              		.loc 1 340 5 is_stmt 1 view .LVU124
 340:../../applications/no-scheduler-example/src/no-scheduler-example.c ****     {
 652              		.loc 1 340 8 is_stmt 0 view .LVU125
 653 0014 0128     		cmp	r0, #1
 654 0016 F5D1     		bne	.L51
 343:../../applications/no-scheduler-example/src/no-scheduler-example.c ****     }
 655              		.loc 1 343 7 is_stmt 1 view .LVU126
 656 0018 FFF7FEFF 		bl	Murata_process_fifo
 657              	.LVL58:
 343:../../applications/no-scheduler-example/src/no-scheduler-example.c ****     }
 658              		.loc 1 343 7 is_stmt 0 view .LVU127
 659 001c F2E7     		b	.L51
 660              		.cfi_endproc
 661              	.LFE141:
 663              		.global	rep_counter
 664              		.comm	short_UID,8,8
 665              		.global	lora_init
 666              		.global	LoRaWAN_Counter
 667              		.global	temperatureflag
 668              		.comm	SHTData,8,4
 669              		.comm	temp_hum_timer_id,4,4
 670              		.comm	threadToNotify,4,4
 671              		.comm	murata_reset_pin,4,4
 672              		.comm	murata_wakeup_pin,4,4
 673              		.comm	temp,4,4
 674              		.comm	humidity,4,4
 675              		.comm	_i2caddr,1,1
 676              		.comm	SHThi2cLib,4,4
 677              		.comm	magRawData,6,4
 678              		.comm	magRegisterData,6,4
 679              		.comm	accRawData,6,4
 680              		.comm	accRegisterData,6,4
 681              		.comm	LSM303AGR_hi2c,4,4
 682              		.comm	LSM303AGR_setting,1,1
 683              		.comm	murata_rx_process_mutex_id,4,4
 684              		.comm	txMutexId,4,4
 685              		.comm	moduleCheckTimId,4,4
 686              		.comm	loraWANTimId,4,4
 687              		.comm	murata_rx_processing_handle,4,4
 688              		.comm	defaultTaskHandle,4,4
 689              		.comm	iwdgTimId,4,4
 690              		.comm	P3_header,44,4
 691              		.comm	P2_header,44,4
 692              		.comm	P1_header,44,4
 693              		.comm	FLASH_SPI,100,4
 694              		.comm	P3_SPI,100,4
 695              		.comm	P2_SPI,100,4
ARM GAS  C:\Users\yvesk\AppData\Local\Temp\ccvS5mkS.s 			page 20


 696              		.comm	P1_SPI,100,4
 697              		.comm	P3_I2C,76,4
 698              		.comm	P2_I2C,76,4
 699              		.comm	P1_I2C,76,4
 700              		.comm	common_I2C,76,4
 701              		.comm	P3_UART,120,4
 702              		.comm	P2_UART,120,4
 703              		.comm	P1_UART,120,4
 704              		.comm	BLE_UART,120,4
 705              		.comm	USB_UART,120,4
 706              		.comm	hiwdg,16,4
 707              		.comm	P3_DIO6,8,4
 708              		.comm	P3_DIO5,8,4
 709              		.comm	P3_DIO4,8,4
 710              		.comm	P3_DIO3,8,4
 711              		.comm	P3_DIO2,8,4
 712              		.comm	P3_DIO1,8,4
 713              		.comm	P2_DIO6,8,4
 714              		.comm	P2_DIO5,8,4
 715              		.comm	P2_DIO4,8,4
 716              		.comm	P2_DIO3,8,4
 717              		.comm	P2_DIO2,8,4
 718              		.comm	P2_DIO1,8,4
 719              		.comm	P1_DIO6,8,4
 720              		.comm	P1_DIO5,8,4
 721              		.comm	P1_DIO4,8,4
 722              		.comm	P1_DIO3,8,4
 723              		.comm	P1_DIO2,8,4
 724              		.comm	P1_DIO1,8,4
 725              		.section	.bss.LoRaWAN_Counter,"aw",%nobits
 726              		.align	1
 727              		.set	.LANCHOR3,. + 0
 730              	LoRaWAN_Counter:
 731 0000 0000     		.space	2
 732              		.section	.bss.lora_init,"aw",%nobits
 733              		.set	.LANCHOR0,. + 0
 736              	lora_init:
 737 0000 00       		.space	1
 738              		.section	.bss.rep_counter,"aw",%nobits
 739              		.align	1
 740              		.set	.LANCHOR2,. + 0
 743              	rep_counter:
 744 0000 0000     		.space	2
 745              		.section	.bss.temperatureflag,"aw",%nobits
 746              		.set	.LANCHOR1,. + 0
 749              	temperatureflag:
 750 0000 00       		.space	1
 751              		.section	.rodata.HAL_GPIO_EXTI_Callback.str1.4,"aMS",%progbits,1
 752              		.align	2
 753              	.LC9:
 754 0000 696E7465 		.ascii	"interrupt accelerometer! \015\000"
 754      72727570 
 754      74206163 
 754      63656C65 
 754      726F6D65 
 755              		.section	.rodata.LoRaWAN_send_self.str1.4,"aMS",%progbits,1
 756              		.align	2
ARM GAS  C:\Users\yvesk\AppData\Local\Temp\ccvS5mkS.s 			page 21


 757              	.LC10:
 758 0000 74697320 		.ascii	"tis ni gelukt :( \000"
 758      6E692067 
 758      656C756B 
 758      74203A28 
 758      2000
 759 0012 0000     		.space	2
 760              	.LC11:
 761 0014 6D757261 		.ascii	"murata not initialized, not sending\015\000"
 761      7461206E 
 761      6F742069 
 761      6E697469 
 761      616C697A 
 762              		.section	.rodata.main.str1.4,"aMS",%progbits,1
 763              		.align	2
 764              	.LC5:
 765 0000 4C6F7261 		.ascii	"Lorawan module init ok\015\012\015\000"
 765      77616E20 
 765      6D6F6475 
 765      6C652069 
 765      6E697420 
 766 001a 0000     		.space	2
 767              	.LC6:
 768 001c 25642C0D 		.ascii	"%d,\015\012\015\012\000"
 768      0A0D0A00 
 769              	.LC7:
 770 0024 676F696E 		.ascii	"going into sleepmode\015\000"
 770      6720696E 
 770      746F2073 
 770      6C656570 
 770      6D6F6465 
 771 003a 0000     		.space	2
 772              	.LC8:
 773 003c 20696E74 		.ascii	" into sleepmode gegaan\015\000"
 773      6F20736C 
 773      6565706D 
 773      6F646520 
 773      67656761 
 774              		.section	.rodata.printWelcome.str1.4,"aMS",%progbits,1
 775              		.align	2
 776              	.LC0:
 777 0000 0D00     		.ascii	"\015\000"
 778 0002 0000     		.space	2
 779              	.LC1:
 780 0004 2A2A2A2A 		.ascii	"*****************************************\015\000"
 780      2A2A2A2A 
 780      2A2A2A2A 
 780      2A2A2A2A 
 780      2A2A2A2A 
 781 002f 00       		.space	1
 782              	.LC2:
 783 0030 6E6F2073 		.ascii	"no scheduler example\015\000"
 783      63686564 
 783      756C6572 
 783      20657861 
 783      6D706C65 
 784              		.section	.rodata.print_temp_hum.str1.4,"aMS",%progbits,1
ARM GAS  C:\Users\yvesk\AppData\Local\Temp\ccvS5mkS.s 			page 22


 785              		.align	2
 786              	.LC3:
 787 0000 54656D70 		.ascii	"Temperature: %.2f \302\260C  \015\012\000"
 787      65726174 
 787      7572653A 
 787      20252E32 
 787      6620C2B0 
 788 001a 0000     		.space	2
 789              	.LC4:
 790 001c 48756D69 		.ascii	"Humidity: %.2f %% \015\012\000"
 790      64697479 
 790      3A20252E 
 790      32662025 
 790      25200D0A 
 791              		.weak	SystemClock_Config
 792              		.text
 793              	.Letext0:
 794              		.file 2 "c:\\program files (x86)\\gnu tools arm embedded\\8 2019-q3-update\\arm-none-eabi\\include
 795              		.file 3 "c:\\program files (x86)\\gnu tools arm embedded\\8 2019-q3-update\\arm-none-eabi\\include
 796              		.file 4 "../../core/ST/CMSIS/Include/core_cm4.h"
 797              		.file 5 "../../core/ST/CMSIS/Device/ST/STM32L4xx/Include/system_stm32l4xx.h"
 798              		.file 6 "../../core/ST/CMSIS/Device/ST/STM32L4xx/Include/stm32l496xx.h"
 799              		.file 7 "../../core/ST/STM32L4xx_HAL_Driver/Inc/stm32l4xx_hal_def.h"
 800              		.file 8 "../../core/ST/STM32L4xx_HAL_Driver/Inc/stm32l4xx_hal_dma.h"
 801              		.file 9 "../../core/ST/STM32L4xx_HAL_Driver/Inc/stm32l4xx_hal_i2c.h"
 802              		.file 10 "../../core/ST/STM32L4xx_HAL_Driver/Inc/stm32l4xx_hal_iwdg.h"
 803              		.file 11 "../../core/ST/STM32L4xx_HAL_Driver/Inc/stm32l4xx_hal_spi.h"
 804              		.file 12 "../../core/ST/STM32L4xx_HAL_Driver/Inc/stm32l4xx_hal_tim.h"
 805              		.file 13 "../../core/ST/STM32L4xx_HAL_Driver/Inc/stm32l4xx_hal_uart.h"
 806              		.file 14 "../../core/ST/STM32L4xx_HAL_Driver/Inc/stm32l4xx_hal.h"
 807              		.file 15 "../../core/ST/Middlewares/Third_Party/FreeRTOS/Source/portable/GCC/ARM_CM4F/portmacro.h"
 808              		.file 16 "../../core/ST/Middlewares/Third_Party/FreeRTOS/Source/include/task.h"
 809              		.file 17 "../../core/ST/Middlewares/Third_Party/FreeRTOS/Source/include/timers.h"
 810              		.file 18 "../../core/ST/Middlewares/Third_Party/FreeRTOS/Source/include/queue.h"
 811              		.file 19 "../../core/ST/Middlewares/Third_Party/FreeRTOS/Source/include/semphr.h"
 812              		.file 20 "../../core/ST/Middlewares/Third_Party/FreeRTOS/Source/CMSIS_RTOS/cmsis_os.h"
 813              		.file 21 "../../core/platform/octa/inc/gpio.h"
 814              		.file 22 "../../core/platform/octa/inc/iwdg.h"
 815              		.file 23 "../../core/platform/octa/inc/uart.h"
 816              		.file 24 "../../core/platform/octa/inc/i2c.h"
 817              		.file 25 "../../core/platform/octa/inc/spi.h"
 818              		.file 26 "../../core/platform/octa/inc/octa.h"
 819              		.file 27 "../../applications/no-scheduler-example/inc/no-scheduler-example.h"
 820              		.file 28 "C:\\Users\\yvesk\\Documents\\Academiejaar 2019-2020\\IOT\\Practicum\\octa-stack-students
 821              		.file 29 "c:\\program files (x86)\\gnu tools arm embedded\\8 2019-q3-update\\lib\\gcc\\arm-none-ea
 822              		.file 30 "c:\\program files (x86)\\gnu tools arm embedded\\8 2019-q3-update\\arm-none-eabi\\includ
 823              		.file 31 "c:\\program files (x86)\\gnu tools arm embedded\\8 2019-q3-update\\arm-none-eabi\\includ
 824              		.file 32 "c:\\program files (x86)\\gnu tools arm embedded\\8 2019-q3-update\\arm-none-eabi\\includ
 825              		.file 33 "C:\\Users\\yvesk\\Documents\\Academiejaar 2019-2020\\IOT\\Practicum\\octa-stack-students
 826              		.file 34 "../../shields/Murata/inc/murata.h"
 827              		.file 35 "c:\\program files (x86)\\gnu tools arm embedded\\8 2019-q3-update\\arm-none-eabi\\includ
 828              		.file 36 "../../core/ST/STM32L4xx_HAL_Driver/Inc/stm32l4xx_hal_gpio.h"
 829              		.file 37 "../../core/ST/STM32L4xx_HAL_Driver/Inc/stm32l4xx_hal_pwr.h"
 830              		.file 38 "../../core/platform/octa/inc/sysclock.h"
 831              		.file 39 "../../core/platform/common/inc/platform.h"
 832              		.file 40 "<built-in>"
ARM GAS  C:\Users\yvesk\AppData\Local\Temp\ccvS5mkS.s 			page 23


DEFINED SYMBOLS
                            *ABS*:00000000 no-scheduler-example.c
C:\Users\yvesk\AppData\Local\Temp\ccvS5mkS.s:18     .text.printWelcome:00000000 $t
C:\Users\yvesk\AppData\Local\Temp\ccvS5mkS.s:26     .text.printWelcome:00000000 printWelcome
C:\Users\yvesk\AppData\Local\Temp\ccvS5mkS.s:82     .text.printWelcome:00000044 $d
C:\Users\yvesk\AppData\Local\Temp\ccvS5mkS.s:90     .text.HAL_TIM_PeriodElapsedCallback:00000000 $t
C:\Users\yvesk\AppData\Local\Temp\ccvS5mkS.s:97     .text.HAL_TIM_PeriodElapsedCallback:00000000 HAL_TIM_PeriodElapsedCallback
C:\Users\yvesk\AppData\Local\Temp\ccvS5mkS.s:131    .text.HAL_TIM_PeriodElapsedCallback:00000014 $d
C:\Users\yvesk\AppData\Local\Temp\ccvS5mkS.s:137    .text.print_temp_hum:00000000 $t
C:\Users\yvesk\AppData\Local\Temp\ccvS5mkS.s:144    .text.print_temp_hum:00000000 print_temp_hum
C:\Users\yvesk\AppData\Local\Temp\ccvS5mkS.s:192    .text.print_temp_hum:00000034 $d
                            *COM*:00000008 SHTData
C:\Users\yvesk\AppData\Local\Temp\ccvS5mkS.s:200    .text.temp_hum_measurement:00000000 $t
C:\Users\yvesk\AppData\Local\Temp\ccvS5mkS.s:207    .text.temp_hum_measurement:00000000 temp_hum_measurement
C:\Users\yvesk\AppData\Local\Temp\ccvS5mkS.s:230    .text.temp_hum_measurement:00000010 $d
C:\Users\yvesk\AppData\Local\Temp\ccvS5mkS.s:235    .text.main:00000000 $t
C:\Users\yvesk\AppData\Local\Temp\ccvS5mkS.s:242    .text.main:00000000 main
C:\Users\yvesk\AppData\Local\Temp\ccvS5mkS.s:389    .text.main:000000a4 $d
                            *COM*:00000008 short_UID
                            *COM*:0000004c common_I2C
C:\Users\yvesk\AppData\Local\Temp\ccvS5mkS.s:403    .text.HAL_UART_RxCpltCallback:00000000 $t
C:\Users\yvesk\AppData\Local\Temp\ccvS5mkS.s:410    .text.HAL_UART_RxCpltCallback:00000000 HAL_UART_RxCpltCallback
C:\Users\yvesk\AppData\Local\Temp\ccvS5mkS.s:424    .text.HAL_GPIO_EXTI_Callback:00000000 $t
C:\Users\yvesk\AppData\Local\Temp\ccvS5mkS.s:431    .text.HAL_GPIO_EXTI_Callback:00000000 HAL_GPIO_EXTI_Callback
C:\Users\yvesk\AppData\Local\Temp\ccvS5mkS.s:466    .text.HAL_GPIO_EXTI_Callback:00000018 $d
C:\Users\yvesk\AppData\Local\Temp\ccvS5mkS.s:472    .text.LoRaWAN_send_self:00000000 $t
C:\Users\yvesk\AppData\Local\Temp\ccvS5mkS.s:479    .text.LoRaWAN_send_self:00000000 LoRaWAN_send_self
C:\Users\yvesk\AppData\Local\Temp\ccvS5mkS.s:587    .text.LoRaWAN_send_self:0000006c $d
C:\Users\yvesk\AppData\Local\Temp\ccvS5mkS.s:596    .text.Error_Handler:00000000 $t
C:\Users\yvesk\AppData\Local\Temp\ccvS5mkS.s:603    .text.Error_Handler:00000000 Error_Handler
C:\Users\yvesk\AppData\Local\Temp\ccvS5mkS.s:616    .text.murata_process_rx_response:00000000 $t
C:\Users\yvesk\AppData\Local\Temp\ccvS5mkS.s:623    .text.murata_process_rx_response:00000000 murata_process_rx_response
C:\Users\yvesk\AppData\Local\Temp\ccvS5mkS.s:743    .bss.rep_counter:00000000 rep_counter
C:\Users\yvesk\AppData\Local\Temp\ccvS5mkS.s:736    .bss.lora_init:00000000 lora_init
C:\Users\yvesk\AppData\Local\Temp\ccvS5mkS.s:730    .bss.LoRaWAN_Counter:00000000 LoRaWAN_Counter
C:\Users\yvesk\AppData\Local\Temp\ccvS5mkS.s:749    .bss.temperatureflag:00000000 temperatureflag
                            *COM*:00000004 temp_hum_timer_id
                            *COM*:00000004 threadToNotify
                            *COM*:00000004 murata_reset_pin
                            *COM*:00000004 murata_wakeup_pin
                            *COM*:00000004 temp
                            *COM*:00000004 humidity
                            *COM*:00000001 _i2caddr
                            *COM*:00000004 SHThi2cLib
                            *COM*:00000006 magRawData
                            *COM*:00000006 magRegisterData
                            *COM*:00000006 accRawData
                            *COM*:00000006 accRegisterData
                            *COM*:00000004 LSM303AGR_hi2c
                            *COM*:00000001 LSM303AGR_setting
                            *COM*:00000004 murata_rx_process_mutex_id
                            *COM*:00000004 txMutexId
                            *COM*:00000004 moduleCheckTimId
                            *COM*:00000004 loraWANTimId
                            *COM*:00000004 murata_rx_processing_handle
                            *COM*:00000004 defaultTaskHandle
                            *COM*:00000004 iwdgTimId
ARM GAS  C:\Users\yvesk\AppData\Local\Temp\ccvS5mkS.s 			page 24


                            *COM*:0000002c P3_header
                            *COM*:0000002c P2_header
                            *COM*:0000002c P1_header
                            *COM*:00000064 FLASH_SPI
                            *COM*:00000064 P3_SPI
                            *COM*:00000064 P2_SPI
                            *COM*:00000064 P1_SPI
                            *COM*:0000004c P3_I2C
                            *COM*:0000004c P2_I2C
                            *COM*:0000004c P1_I2C
                            *COM*:00000078 P3_UART
                            *COM*:00000078 P2_UART
                            *COM*:00000078 P1_UART
                            *COM*:00000078 BLE_UART
                            *COM*:00000078 USB_UART
                            *COM*:00000010 hiwdg
                            *COM*:00000008 P3_DIO6
                            *COM*:00000008 P3_DIO5
                            *COM*:00000008 P3_DIO4
                            *COM*:00000008 P3_DIO3
                            *COM*:00000008 P3_DIO2
                            *COM*:00000008 P3_DIO1
                            *COM*:00000008 P2_DIO6
                            *COM*:00000008 P2_DIO5
                            *COM*:00000008 P2_DIO4
                            *COM*:00000008 P2_DIO3
                            *COM*:00000008 P2_DIO2
                            *COM*:00000008 P2_DIO1
                            *COM*:00000008 P1_DIO6
                            *COM*:00000008 P1_DIO5
                            *COM*:00000008 P1_DIO4
                            *COM*:00000008 P1_DIO3
                            *COM*:00000008 P1_DIO2
                            *COM*:00000008 P1_DIO1
C:\Users\yvesk\AppData\Local\Temp\ccvS5mkS.s:726    .bss.LoRaWAN_Counter:00000000 $d
C:\Users\yvesk\AppData\Local\Temp\ccvS5mkS.s:737    .bss.lora_init:00000000 $d
C:\Users\yvesk\AppData\Local\Temp\ccvS5mkS.s:739    .bss.rep_counter:00000000 $d
C:\Users\yvesk\AppData\Local\Temp\ccvS5mkS.s:750    .bss.temperatureflag:00000000 $d
C:\Users\yvesk\AppData\Local\Temp\ccvS5mkS.s:752    .rodata.HAL_GPIO_EXTI_Callback.str1.4:00000000 $d
C:\Users\yvesk\AppData\Local\Temp\ccvS5mkS.s:756    .rodata.LoRaWAN_send_self.str1.4:00000000 $d
C:\Users\yvesk\AppData\Local\Temp\ccvS5mkS.s:763    .rodata.main.str1.4:00000000 $d
C:\Users\yvesk\AppData\Local\Temp\ccvS5mkS.s:775    .rodata.printWelcome.str1.4:00000000 $d
C:\Users\yvesk\AppData\Local\Temp\ccvS5mkS.s:785    .rodata.print_temp_hum.str1.4:00000000 $d

UNDEFINED SYMBOLS
puts
HAL_GPIO_TogglePin
HAL_Delay
HAL_IncTick
__aeabi_f2d
printf
SHT31_get_temp_hum
HAL_Init
SystemClock_Config
Initialize_Platform
get_UID
Murata_Initialize
ARM GAS  C:\Users\yvesk\AppData\Local\Temp\ccvS5mkS.s 			page 25


LSM303AGR_setI2CInterface
setI2CInterface_SHT31
SHT31_begin
LSM303AGR_init
HAL_PWR_EnterSLEEPMode
IWDG_feed
Murata_LoRaWAN_Send
osDelay
ulTaskNotifyTake
Murata_process_fifo
