ARM GAS  C:\Users\RUBENJ~1\AppData\Local\Temp\ccbNLWSG.s 			page 1


   1              		.cpu cortex-m4
   2              		.eabi_attribute 27, 1
   3              		.eabi_attribute 28, 1
   4              		.eabi_attribute 20, 1
   5              		.eabi_attribute 21, 1
   6              		.eabi_attribute 23, 3
   7              		.eabi_attribute 24, 1
   8              		.eabi_attribute 25, 1
   9              		.eabi_attribute 26, 1
  10              		.eabi_attribute 30, 1
  11              		.eabi_attribute 34, 1
  12              		.eabi_attribute 18, 4
  13              		.file	"stm32l4xx_hal_i2c_ex.c"
  14              		.text
  15              	.Ltext0:
  16              		.cfi_sections	.debug_frame
  17              		.section	.text.HAL_I2CEx_ConfigAnalogFilter,"ax",%progbits
  18              		.align	1
  19              		.global	HAL_I2CEx_ConfigAnalogFilter
  20              		.arch armv7e-m
  21              		.syntax unified
  22              		.thumb
  23              		.thumb_func
  24              		.fpu fpv4-sp-d16
  26              	HAL_I2CEx_ConfigAnalogFilter:
  27              	.LVL0:
  28              	.LFB123:
  29              		.file 1 "../../core/ST/STM32L4xx_HAL_Driver/Src/stm32l4xx_hal_i2c_ex.c"
   1:../../core/ST/STM32L4xx_HAL_Driver/Src/stm32l4xx_hal_i2c_ex.c **** /**
   2:../../core/ST/STM32L4xx_HAL_Driver/Src/stm32l4xx_hal_i2c_ex.c ****   ******************************************************************************
   3:../../core/ST/STM32L4xx_HAL_Driver/Src/stm32l4xx_hal_i2c_ex.c ****   * @file    stm32l4xx_hal_i2c_ex.c
   4:../../core/ST/STM32L4xx_HAL_Driver/Src/stm32l4xx_hal_i2c_ex.c ****   * @author  MCD Application Team
   5:../../core/ST/STM32L4xx_HAL_Driver/Src/stm32l4xx_hal_i2c_ex.c ****   * @brief   I2C Extended HAL module driver.
   6:../../core/ST/STM32L4xx_HAL_Driver/Src/stm32l4xx_hal_i2c_ex.c ****   *          This file provides firmware functions to manage the following
   7:../../core/ST/STM32L4xx_HAL_Driver/Src/stm32l4xx_hal_i2c_ex.c ****   *          functionalities of I2C Extended peripheral:
   8:../../core/ST/STM32L4xx_HAL_Driver/Src/stm32l4xx_hal_i2c_ex.c ****   *           + Extended features functions
   9:../../core/ST/STM32L4xx_HAL_Driver/Src/stm32l4xx_hal_i2c_ex.c ****   *
  10:../../core/ST/STM32L4xx_HAL_Driver/Src/stm32l4xx_hal_i2c_ex.c ****   @verbatim
  11:../../core/ST/STM32L4xx_HAL_Driver/Src/stm32l4xx_hal_i2c_ex.c ****   ==============================================================================
  12:../../core/ST/STM32L4xx_HAL_Driver/Src/stm32l4xx_hal_i2c_ex.c ****                ##### I2C peripheral Extended features  #####
  13:../../core/ST/STM32L4xx_HAL_Driver/Src/stm32l4xx_hal_i2c_ex.c ****   ==============================================================================
  14:../../core/ST/STM32L4xx_HAL_Driver/Src/stm32l4xx_hal_i2c_ex.c **** 
  15:../../core/ST/STM32L4xx_HAL_Driver/Src/stm32l4xx_hal_i2c_ex.c ****   [..] Comparing to other previous devices, the I2C interface for STM32L4xx
  16:../../core/ST/STM32L4xx_HAL_Driver/Src/stm32l4xx_hal_i2c_ex.c ****        devices contains the following additional features
  17:../../core/ST/STM32L4xx_HAL_Driver/Src/stm32l4xx_hal_i2c_ex.c **** 
  18:../../core/ST/STM32L4xx_HAL_Driver/Src/stm32l4xx_hal_i2c_ex.c ****        (+) Possibility to disable or enable Analog Noise Filter
  19:../../core/ST/STM32L4xx_HAL_Driver/Src/stm32l4xx_hal_i2c_ex.c ****        (+) Use of a configured Digital Noise Filter
  20:../../core/ST/STM32L4xx_HAL_Driver/Src/stm32l4xx_hal_i2c_ex.c ****        (+) Disable or enable wakeup from Stop mode(s)
  21:../../core/ST/STM32L4xx_HAL_Driver/Src/stm32l4xx_hal_i2c_ex.c ****        (+) Disable or enable Fast Mode Plus
  22:../../core/ST/STM32L4xx_HAL_Driver/Src/stm32l4xx_hal_i2c_ex.c **** 
  23:../../core/ST/STM32L4xx_HAL_Driver/Src/stm32l4xx_hal_i2c_ex.c ****                      ##### How to use this driver #####
  24:../../core/ST/STM32L4xx_HAL_Driver/Src/stm32l4xx_hal_i2c_ex.c ****   ==============================================================================
  25:../../core/ST/STM32L4xx_HAL_Driver/Src/stm32l4xx_hal_i2c_ex.c ****   [..] This driver provides functions to configure Noise Filter and Wake Up Feature
  26:../../core/ST/STM32L4xx_HAL_Driver/Src/stm32l4xx_hal_i2c_ex.c ****     (#) Configure I2C Analog noise filter using the function HAL_I2CEx_ConfigAnalogFilter()
  27:../../core/ST/STM32L4xx_HAL_Driver/Src/stm32l4xx_hal_i2c_ex.c ****     (#) Configure I2C Digital noise filter using the function HAL_I2CEx_ConfigDigitalFilter()
  28:../../core/ST/STM32L4xx_HAL_Driver/Src/stm32l4xx_hal_i2c_ex.c ****     (#) Configure the enable or disable of I2C Wake Up Mode using the functions :
  29:../../core/ST/STM32L4xx_HAL_Driver/Src/stm32l4xx_hal_i2c_ex.c ****           (++) HAL_I2CEx_EnableWakeUp()
ARM GAS  C:\Users\RUBENJ~1\AppData\Local\Temp\ccbNLWSG.s 			page 2


  30:../../core/ST/STM32L4xx_HAL_Driver/Src/stm32l4xx_hal_i2c_ex.c ****           (++) HAL_I2CEx_DisableWakeUp()
  31:../../core/ST/STM32L4xx_HAL_Driver/Src/stm32l4xx_hal_i2c_ex.c ****     (#) Configure the enable or disable of fast mode plus driving capability using the functions :
  32:../../core/ST/STM32L4xx_HAL_Driver/Src/stm32l4xx_hal_i2c_ex.c ****           (++) HAL_I2CEx_EnableFastModePlus()
  33:../../core/ST/STM32L4xx_HAL_Driver/Src/stm32l4xx_hal_i2c_ex.c ****           (++) HAL_I2CEx_DisableFastModePlus()
  34:../../core/ST/STM32L4xx_HAL_Driver/Src/stm32l4xx_hal_i2c_ex.c ****   @endverbatim
  35:../../core/ST/STM32L4xx_HAL_Driver/Src/stm32l4xx_hal_i2c_ex.c ****   ******************************************************************************
  36:../../core/ST/STM32L4xx_HAL_Driver/Src/stm32l4xx_hal_i2c_ex.c ****   * @attention
  37:../../core/ST/STM32L4xx_HAL_Driver/Src/stm32l4xx_hal_i2c_ex.c ****   *
  38:../../core/ST/STM32L4xx_HAL_Driver/Src/stm32l4xx_hal_i2c_ex.c ****   * <h2><center>&copy; COPYRIGHT(c) 2017 STMicroelectronics</center></h2>
  39:../../core/ST/STM32L4xx_HAL_Driver/Src/stm32l4xx_hal_i2c_ex.c ****   *
  40:../../core/ST/STM32L4xx_HAL_Driver/Src/stm32l4xx_hal_i2c_ex.c ****   * Redistribution and use in source and binary forms, with or without modification,
  41:../../core/ST/STM32L4xx_HAL_Driver/Src/stm32l4xx_hal_i2c_ex.c ****   * are permitted provided that the following conditions are met:
  42:../../core/ST/STM32L4xx_HAL_Driver/Src/stm32l4xx_hal_i2c_ex.c ****   *   1. Redistributions of source code must retain the above copyright notice,
  43:../../core/ST/STM32L4xx_HAL_Driver/Src/stm32l4xx_hal_i2c_ex.c ****   *      this list of conditions and the following disclaimer.
  44:../../core/ST/STM32L4xx_HAL_Driver/Src/stm32l4xx_hal_i2c_ex.c ****   *   2. Redistributions in binary form must reproduce the above copyright notice,
  45:../../core/ST/STM32L4xx_HAL_Driver/Src/stm32l4xx_hal_i2c_ex.c ****   *      this list of conditions and the following disclaimer in the documentation
  46:../../core/ST/STM32L4xx_HAL_Driver/Src/stm32l4xx_hal_i2c_ex.c ****   *      and/or other materials provided with the distribution.
  47:../../core/ST/STM32L4xx_HAL_Driver/Src/stm32l4xx_hal_i2c_ex.c ****   *   3. Neither the name of STMicroelectronics nor the names of its contributors
  48:../../core/ST/STM32L4xx_HAL_Driver/Src/stm32l4xx_hal_i2c_ex.c ****   *      may be used to endorse or promote products derived from this software
  49:../../core/ST/STM32L4xx_HAL_Driver/Src/stm32l4xx_hal_i2c_ex.c ****   *      without specific prior written permission.
  50:../../core/ST/STM32L4xx_HAL_Driver/Src/stm32l4xx_hal_i2c_ex.c ****   *
  51:../../core/ST/STM32L4xx_HAL_Driver/Src/stm32l4xx_hal_i2c_ex.c ****   * THIS SOFTWARE IS PROVIDED BY THE COPYRIGHT HOLDERS AND CONTRIBUTORS "AS IS"
  52:../../core/ST/STM32L4xx_HAL_Driver/Src/stm32l4xx_hal_i2c_ex.c ****   * AND ANY EXPRESS OR IMPLIED WARRANTIES, INCLUDING, BUT NOT LIMITED TO, THE
  53:../../core/ST/STM32L4xx_HAL_Driver/Src/stm32l4xx_hal_i2c_ex.c ****   * IMPLIED WARRANTIES OF MERCHANTABILITY AND FITNESS FOR A PARTICULAR PURPOSE ARE
  54:../../core/ST/STM32L4xx_HAL_Driver/Src/stm32l4xx_hal_i2c_ex.c ****   * DISCLAIMED. IN NO EVENT SHALL THE COPYRIGHT HOLDER OR CONTRIBUTORS BE LIABLE
  55:../../core/ST/STM32L4xx_HAL_Driver/Src/stm32l4xx_hal_i2c_ex.c ****   * FOR ANY DIRECT, INDIRECT, INCIDENTAL, SPECIAL, EXEMPLARY, OR CONSEQUENTIAL
  56:../../core/ST/STM32L4xx_HAL_Driver/Src/stm32l4xx_hal_i2c_ex.c ****   * DAMAGES (INCLUDING, BUT NOT LIMITED TO, PROCUREMENT OF SUBSTITUTE GOODS OR
  57:../../core/ST/STM32L4xx_HAL_Driver/Src/stm32l4xx_hal_i2c_ex.c ****   * SERVICES; LOSS OF USE, DATA, OR PROFITS; OR BUSINESS INTERRUPTION) HOWEVER
  58:../../core/ST/STM32L4xx_HAL_Driver/Src/stm32l4xx_hal_i2c_ex.c ****   * CAUSED AND ON ANY THEORY OF LIABILITY, WHETHER IN CONTRACT, STRICT LIABILITY,
  59:../../core/ST/STM32L4xx_HAL_Driver/Src/stm32l4xx_hal_i2c_ex.c ****   * OR TORT (INCLUDING NEGLIGENCE OR OTHERWISE) ARISING IN ANY WAY OUT OF THE USE
  60:../../core/ST/STM32L4xx_HAL_Driver/Src/stm32l4xx_hal_i2c_ex.c ****   * OF THIS SOFTWARE, EVEN IF ADVISED OF THE POSSIBILITY OF SUCH DAMAGE.
  61:../../core/ST/STM32L4xx_HAL_Driver/Src/stm32l4xx_hal_i2c_ex.c ****   *
  62:../../core/ST/STM32L4xx_HAL_Driver/Src/stm32l4xx_hal_i2c_ex.c ****   ******************************************************************************
  63:../../core/ST/STM32L4xx_HAL_Driver/Src/stm32l4xx_hal_i2c_ex.c ****   */
  64:../../core/ST/STM32L4xx_HAL_Driver/Src/stm32l4xx_hal_i2c_ex.c **** 
  65:../../core/ST/STM32L4xx_HAL_Driver/Src/stm32l4xx_hal_i2c_ex.c **** /* Includes ------------------------------------------------------------------*/
  66:../../core/ST/STM32L4xx_HAL_Driver/Src/stm32l4xx_hal_i2c_ex.c **** #include "stm32l4xx_hal.h"
  67:../../core/ST/STM32L4xx_HAL_Driver/Src/stm32l4xx_hal_i2c_ex.c **** 
  68:../../core/ST/STM32L4xx_HAL_Driver/Src/stm32l4xx_hal_i2c_ex.c **** /** @addtogroup STM32L4xx_HAL_Driver
  69:../../core/ST/STM32L4xx_HAL_Driver/Src/stm32l4xx_hal_i2c_ex.c ****   * @{
  70:../../core/ST/STM32L4xx_HAL_Driver/Src/stm32l4xx_hal_i2c_ex.c ****   */
  71:../../core/ST/STM32L4xx_HAL_Driver/Src/stm32l4xx_hal_i2c_ex.c **** 
  72:../../core/ST/STM32L4xx_HAL_Driver/Src/stm32l4xx_hal_i2c_ex.c **** /** @defgroup I2CEx I2CEx
  73:../../core/ST/STM32L4xx_HAL_Driver/Src/stm32l4xx_hal_i2c_ex.c ****   * @brief I2C Extended HAL module driver
  74:../../core/ST/STM32L4xx_HAL_Driver/Src/stm32l4xx_hal_i2c_ex.c ****   * @{
  75:../../core/ST/STM32L4xx_HAL_Driver/Src/stm32l4xx_hal_i2c_ex.c ****   */
  76:../../core/ST/STM32L4xx_HAL_Driver/Src/stm32l4xx_hal_i2c_ex.c **** 
  77:../../core/ST/STM32L4xx_HAL_Driver/Src/stm32l4xx_hal_i2c_ex.c **** #ifdef HAL_I2C_MODULE_ENABLED
  78:../../core/ST/STM32L4xx_HAL_Driver/Src/stm32l4xx_hal_i2c_ex.c **** 
  79:../../core/ST/STM32L4xx_HAL_Driver/Src/stm32l4xx_hal_i2c_ex.c **** /* Private typedef -----------------------------------------------------------*/
  80:../../core/ST/STM32L4xx_HAL_Driver/Src/stm32l4xx_hal_i2c_ex.c **** /* Private define ------------------------------------------------------------*/
  81:../../core/ST/STM32L4xx_HAL_Driver/Src/stm32l4xx_hal_i2c_ex.c **** /* Private macro -------------------------------------------------------------*/
  82:../../core/ST/STM32L4xx_HAL_Driver/Src/stm32l4xx_hal_i2c_ex.c **** /* Private variables ---------------------------------------------------------*/
  83:../../core/ST/STM32L4xx_HAL_Driver/Src/stm32l4xx_hal_i2c_ex.c **** /* Private function prototypes -----------------------------------------------*/
  84:../../core/ST/STM32L4xx_HAL_Driver/Src/stm32l4xx_hal_i2c_ex.c **** /* Private functions ---------------------------------------------------------*/
  85:../../core/ST/STM32L4xx_HAL_Driver/Src/stm32l4xx_hal_i2c_ex.c **** 
  86:../../core/ST/STM32L4xx_HAL_Driver/Src/stm32l4xx_hal_i2c_ex.c **** /** @defgroup I2CEx_Exported_Functions I2C Extended Exported Functions
ARM GAS  C:\Users\RUBENJ~1\AppData\Local\Temp\ccbNLWSG.s 			page 3


  87:../../core/ST/STM32L4xx_HAL_Driver/Src/stm32l4xx_hal_i2c_ex.c ****   * @{
  88:../../core/ST/STM32L4xx_HAL_Driver/Src/stm32l4xx_hal_i2c_ex.c ****   */
  89:../../core/ST/STM32L4xx_HAL_Driver/Src/stm32l4xx_hal_i2c_ex.c **** 
  90:../../core/ST/STM32L4xx_HAL_Driver/Src/stm32l4xx_hal_i2c_ex.c **** /** @defgroup I2CEx_Exported_Functions_Group1 Extended features functions
  91:../../core/ST/STM32L4xx_HAL_Driver/Src/stm32l4xx_hal_i2c_ex.c ****   * @brief    Extended features functions
  92:../../core/ST/STM32L4xx_HAL_Driver/Src/stm32l4xx_hal_i2c_ex.c ****  *
  93:../../core/ST/STM32L4xx_HAL_Driver/Src/stm32l4xx_hal_i2c_ex.c **** @verbatim
  94:../../core/ST/STM32L4xx_HAL_Driver/Src/stm32l4xx_hal_i2c_ex.c ****  ===============================================================================
  95:../../core/ST/STM32L4xx_HAL_Driver/Src/stm32l4xx_hal_i2c_ex.c ****                       ##### Extended features functions #####
  96:../../core/ST/STM32L4xx_HAL_Driver/Src/stm32l4xx_hal_i2c_ex.c ****  ===============================================================================
  97:../../core/ST/STM32L4xx_HAL_Driver/Src/stm32l4xx_hal_i2c_ex.c ****     [..] This section provides functions allowing to:
  98:../../core/ST/STM32L4xx_HAL_Driver/Src/stm32l4xx_hal_i2c_ex.c ****       (+) Configure Noise Filters
  99:../../core/ST/STM32L4xx_HAL_Driver/Src/stm32l4xx_hal_i2c_ex.c ****       (+) Configure Wake Up Feature
 100:../../core/ST/STM32L4xx_HAL_Driver/Src/stm32l4xx_hal_i2c_ex.c ****       (+) Configure Fast Mode Plus
 101:../../core/ST/STM32L4xx_HAL_Driver/Src/stm32l4xx_hal_i2c_ex.c **** 
 102:../../core/ST/STM32L4xx_HAL_Driver/Src/stm32l4xx_hal_i2c_ex.c **** @endverbatim
 103:../../core/ST/STM32L4xx_HAL_Driver/Src/stm32l4xx_hal_i2c_ex.c ****   * @{
 104:../../core/ST/STM32L4xx_HAL_Driver/Src/stm32l4xx_hal_i2c_ex.c ****   */
 105:../../core/ST/STM32L4xx_HAL_Driver/Src/stm32l4xx_hal_i2c_ex.c **** 
 106:../../core/ST/STM32L4xx_HAL_Driver/Src/stm32l4xx_hal_i2c_ex.c **** /**
 107:../../core/ST/STM32L4xx_HAL_Driver/Src/stm32l4xx_hal_i2c_ex.c ****   * @brief  Configure I2C Analog noise filter.
 108:../../core/ST/STM32L4xx_HAL_Driver/Src/stm32l4xx_hal_i2c_ex.c ****   * @param  hi2c Pointer to a I2C_HandleTypeDef structure that contains
 109:../../core/ST/STM32L4xx_HAL_Driver/Src/stm32l4xx_hal_i2c_ex.c ****   *                the configuration information for the specified I2Cx peripheral.
 110:../../core/ST/STM32L4xx_HAL_Driver/Src/stm32l4xx_hal_i2c_ex.c ****   * @param  AnalogFilter New state of the Analog filter.
 111:../../core/ST/STM32L4xx_HAL_Driver/Src/stm32l4xx_hal_i2c_ex.c ****   * @retval HAL status
 112:../../core/ST/STM32L4xx_HAL_Driver/Src/stm32l4xx_hal_i2c_ex.c ****   */
 113:../../core/ST/STM32L4xx_HAL_Driver/Src/stm32l4xx_hal_i2c_ex.c **** HAL_StatusTypeDef HAL_I2CEx_ConfigAnalogFilter(I2C_HandleTypeDef *hi2c, uint32_t AnalogFilter)
 114:../../core/ST/STM32L4xx_HAL_Driver/Src/stm32l4xx_hal_i2c_ex.c **** {
  30              		.loc 1 114 1 view -0
  31              		.cfi_startproc
  32              		@ args = 0, pretend = 0, frame = 0
  33              		@ frame_needed = 0, uses_anonymous_args = 0
  34              		@ link register save eliminated.
 115:../../core/ST/STM32L4xx_HAL_Driver/Src/stm32l4xx_hal_i2c_ex.c ****   /* Check the parameters */
 116:../../core/ST/STM32L4xx_HAL_Driver/Src/stm32l4xx_hal_i2c_ex.c ****   assert_param(IS_I2C_ALL_INSTANCE(hi2c->Instance));
  35              		.loc 1 116 3 view .LVU1
 117:../../core/ST/STM32L4xx_HAL_Driver/Src/stm32l4xx_hal_i2c_ex.c ****   assert_param(IS_I2C_ANALOG_FILTER(AnalogFilter));
  36              		.loc 1 117 3 view .LVU2
 118:../../core/ST/STM32L4xx_HAL_Driver/Src/stm32l4xx_hal_i2c_ex.c **** 
 119:../../core/ST/STM32L4xx_HAL_Driver/Src/stm32l4xx_hal_i2c_ex.c ****   if (hi2c->State == HAL_I2C_STATE_READY)
  37              		.loc 1 119 3 view .LVU3
  38              		.loc 1 119 11 is_stmt 0 view .LVU4
  39 0000 90F84130 		ldrb	r3, [r0, #65]	@ zero_extendqisi2
  40 0004 DBB2     		uxtb	r3, r3
  41              		.loc 1 119 6 view .LVU5
  42 0006 202B     		cmp	r3, #32
  43 0008 27D1     		bne	.L3
 120:../../core/ST/STM32L4xx_HAL_Driver/Src/stm32l4xx_hal_i2c_ex.c ****   {
 121:../../core/ST/STM32L4xx_HAL_Driver/Src/stm32l4xx_hal_i2c_ex.c ****     /* Process Locked */
 122:../../core/ST/STM32L4xx_HAL_Driver/Src/stm32l4xx_hal_i2c_ex.c ****     __HAL_LOCK(hi2c);
  44              		.loc 1 122 5 is_stmt 1 view .LVU6
  45              		.loc 1 122 5 view .LVU7
  46 000a 90F84030 		ldrb	r3, [r0, #64]	@ zero_extendqisi2
  47 000e 012B     		cmp	r3, #1
  48 0010 25D0     		beq	.L4
 114:../../core/ST/STM32L4xx_HAL_Driver/Src/stm32l4xx_hal_i2c_ex.c ****   /* Check the parameters */
  49              		.loc 1 114 1 is_stmt 0 discriminator 2 view .LVU8
ARM GAS  C:\Users\RUBENJ~1\AppData\Local\Temp\ccbNLWSG.s 			page 4


  50 0012 10B4     		push	{r4}
  51              	.LCFI0:
  52              		.cfi_def_cfa_offset 4
  53              		.cfi_offset 4, -4
  54              		.loc 1 122 5 is_stmt 1 discriminator 2 view .LVU9
  55 0014 0123     		movs	r3, #1
  56 0016 80F84030 		strb	r3, [r0, #64]
 123:../../core/ST/STM32L4xx_HAL_Driver/Src/stm32l4xx_hal_i2c_ex.c **** 
 124:../../core/ST/STM32L4xx_HAL_Driver/Src/stm32l4xx_hal_i2c_ex.c ****     hi2c->State = HAL_I2C_STATE_BUSY;
  57              		.loc 1 124 5 discriminator 2 view .LVU10
  58              		.loc 1 124 17 is_stmt 0 discriminator 2 view .LVU11
  59 001a 2423     		movs	r3, #36
  60 001c 80F84130 		strb	r3, [r0, #65]
 125:../../core/ST/STM32L4xx_HAL_Driver/Src/stm32l4xx_hal_i2c_ex.c **** 
 126:../../core/ST/STM32L4xx_HAL_Driver/Src/stm32l4xx_hal_i2c_ex.c ****     /* Disable the selected I2C peripheral */
 127:../../core/ST/STM32L4xx_HAL_Driver/Src/stm32l4xx_hal_i2c_ex.c ****     __HAL_I2C_DISABLE(hi2c);
  61              		.loc 1 127 5 is_stmt 1 discriminator 2 view .LVU12
  62 0020 0468     		ldr	r4, [r0]
  63 0022 2268     		ldr	r2, [r4]
  64 0024 22F00102 		bic	r2, r2, #1
  65 0028 2260     		str	r2, [r4]
 128:../../core/ST/STM32L4xx_HAL_Driver/Src/stm32l4xx_hal_i2c_ex.c **** 
 129:../../core/ST/STM32L4xx_HAL_Driver/Src/stm32l4xx_hal_i2c_ex.c ****     /* Reset I2Cx ANOFF bit */
 130:../../core/ST/STM32L4xx_HAL_Driver/Src/stm32l4xx_hal_i2c_ex.c ****     hi2c->Instance->CR1 &= ~(I2C_CR1_ANFOFF);
  66              		.loc 1 130 5 discriminator 2 view .LVU13
  67              		.loc 1 130 9 is_stmt 0 discriminator 2 view .LVU14
  68 002a 0468     		ldr	r4, [r0]
  69              		.loc 1 130 25 discriminator 2 view .LVU15
  70 002c 2268     		ldr	r2, [r4]
  71 002e 22F48052 		bic	r2, r2, #4096
  72 0032 2260     		str	r2, [r4]
 131:../../core/ST/STM32L4xx_HAL_Driver/Src/stm32l4xx_hal_i2c_ex.c **** 
 132:../../core/ST/STM32L4xx_HAL_Driver/Src/stm32l4xx_hal_i2c_ex.c ****     /* Set analog filter bit*/
 133:../../core/ST/STM32L4xx_HAL_Driver/Src/stm32l4xx_hal_i2c_ex.c ****     hi2c->Instance->CR1 |= AnalogFilter;
  73              		.loc 1 133 5 is_stmt 1 discriminator 2 view .LVU16
  74              		.loc 1 133 9 is_stmt 0 discriminator 2 view .LVU17
  75 0034 0268     		ldr	r2, [r0]
  76              		.loc 1 133 25 discriminator 2 view .LVU18
  77 0036 1368     		ldr	r3, [r2]
  78 0038 0B43     		orrs	r3, r3, r1
  79 003a 1360     		str	r3, [r2]
 134:../../core/ST/STM32L4xx_HAL_Driver/Src/stm32l4xx_hal_i2c_ex.c **** 
 135:../../core/ST/STM32L4xx_HAL_Driver/Src/stm32l4xx_hal_i2c_ex.c ****     __HAL_I2C_ENABLE(hi2c);
  80              		.loc 1 135 5 is_stmt 1 discriminator 2 view .LVU19
  81 003c 0268     		ldr	r2, [r0]
  82 003e 1368     		ldr	r3, [r2]
  83 0040 43F00103 		orr	r3, r3, #1
  84 0044 1360     		str	r3, [r2]
 136:../../core/ST/STM32L4xx_HAL_Driver/Src/stm32l4xx_hal_i2c_ex.c **** 
 137:../../core/ST/STM32L4xx_HAL_Driver/Src/stm32l4xx_hal_i2c_ex.c ****     hi2c->State = HAL_I2C_STATE_READY;
  85              		.loc 1 137 5 discriminator 2 view .LVU20
  86              		.loc 1 137 17 is_stmt 0 discriminator 2 view .LVU21
  87 0046 2023     		movs	r3, #32
  88 0048 80F84130 		strb	r3, [r0, #65]
 138:../../core/ST/STM32L4xx_HAL_Driver/Src/stm32l4xx_hal_i2c_ex.c **** 
 139:../../core/ST/STM32L4xx_HAL_Driver/Src/stm32l4xx_hal_i2c_ex.c ****     /* Process Unlocked */
 140:../../core/ST/STM32L4xx_HAL_Driver/Src/stm32l4xx_hal_i2c_ex.c ****     __HAL_UNLOCK(hi2c);
ARM GAS  C:\Users\RUBENJ~1\AppData\Local\Temp\ccbNLWSG.s 			page 5


  89              		.loc 1 140 5 is_stmt 1 discriminator 2 view .LVU22
  90              		.loc 1 140 5 discriminator 2 view .LVU23
  91 004c 0023     		movs	r3, #0
  92 004e 80F84030 		strb	r3, [r0, #64]
 141:../../core/ST/STM32L4xx_HAL_Driver/Src/stm32l4xx_hal_i2c_ex.c **** 
 142:../../core/ST/STM32L4xx_HAL_Driver/Src/stm32l4xx_hal_i2c_ex.c ****     return HAL_OK;
  93              		.loc 1 142 5 discriminator 2 view .LVU24
  94              		.loc 1 142 12 is_stmt 0 discriminator 2 view .LVU25
  95 0052 1846     		mov	r0, r3
  96              	.LVL1:
 143:../../core/ST/STM32L4xx_HAL_Driver/Src/stm32l4xx_hal_i2c_ex.c ****   }
 144:../../core/ST/STM32L4xx_HAL_Driver/Src/stm32l4xx_hal_i2c_ex.c ****   else
 145:../../core/ST/STM32L4xx_HAL_Driver/Src/stm32l4xx_hal_i2c_ex.c ****   {
 146:../../core/ST/STM32L4xx_HAL_Driver/Src/stm32l4xx_hal_i2c_ex.c ****     return HAL_BUSY;
 147:../../core/ST/STM32L4xx_HAL_Driver/Src/stm32l4xx_hal_i2c_ex.c ****   }
 148:../../core/ST/STM32L4xx_HAL_Driver/Src/stm32l4xx_hal_i2c_ex.c **** }
  97              		.loc 1 148 1 discriminator 2 view .LVU26
  98 0054 5DF8044B 		ldr	r4, [sp], #4
  99              	.LCFI1:
 100              		.cfi_restore 4
 101              		.cfi_def_cfa_offset 0
 102 0058 7047     		bx	lr
 103              	.LVL2:
 104              	.L3:
 146:../../core/ST/STM32L4xx_HAL_Driver/Src/stm32l4xx_hal_i2c_ex.c ****   }
 105              		.loc 1 146 12 view .LVU27
 106 005a 0220     		movs	r0, #2
 107              	.LVL3:
 146:../../core/ST/STM32L4xx_HAL_Driver/Src/stm32l4xx_hal_i2c_ex.c ****   }
 108              		.loc 1 146 12 view .LVU28
 109 005c 7047     		bx	lr
 110              	.LVL4:
 111              	.L4:
 122:../../core/ST/STM32L4xx_HAL_Driver/Src/stm32l4xx_hal_i2c_ex.c **** 
 112              		.loc 1 122 5 view .LVU29
 113 005e 0220     		movs	r0, #2
 114              	.LVL5:
 115              		.loc 1 148 1 view .LVU30
 116 0060 7047     		bx	lr
 117              		.cfi_endproc
 118              	.LFE123:
 120              		.section	.text.HAL_I2CEx_ConfigDigitalFilter,"ax",%progbits
 121              		.align	1
 122              		.global	HAL_I2CEx_ConfigDigitalFilter
 123              		.syntax unified
 124              		.thumb
 125              		.thumb_func
 126              		.fpu fpv4-sp-d16
 128              	HAL_I2CEx_ConfigDigitalFilter:
 129              	.LVL6:
 130              	.LFB124:
 149:../../core/ST/STM32L4xx_HAL_Driver/Src/stm32l4xx_hal_i2c_ex.c **** 
 150:../../core/ST/STM32L4xx_HAL_Driver/Src/stm32l4xx_hal_i2c_ex.c **** /**
 151:../../core/ST/STM32L4xx_HAL_Driver/Src/stm32l4xx_hal_i2c_ex.c ****   * @brief  Configure I2C Digital noise filter.
 152:../../core/ST/STM32L4xx_HAL_Driver/Src/stm32l4xx_hal_i2c_ex.c ****   * @param  hi2c Pointer to a I2C_HandleTypeDef structure that contains
 153:../../core/ST/STM32L4xx_HAL_Driver/Src/stm32l4xx_hal_i2c_ex.c ****   *                the configuration information for the specified I2Cx peripheral.
 154:../../core/ST/STM32L4xx_HAL_Driver/Src/stm32l4xx_hal_i2c_ex.c ****   * @param  DigitalFilter Coefficient of digital noise filter between Min_Data=0x00 and Max_Data=0x
ARM GAS  C:\Users\RUBENJ~1\AppData\Local\Temp\ccbNLWSG.s 			page 6


 155:../../core/ST/STM32L4xx_HAL_Driver/Src/stm32l4xx_hal_i2c_ex.c ****   * @retval HAL status
 156:../../core/ST/STM32L4xx_HAL_Driver/Src/stm32l4xx_hal_i2c_ex.c ****   */
 157:../../core/ST/STM32L4xx_HAL_Driver/Src/stm32l4xx_hal_i2c_ex.c **** HAL_StatusTypeDef HAL_I2CEx_ConfigDigitalFilter(I2C_HandleTypeDef *hi2c, uint32_t DigitalFilter)
 158:../../core/ST/STM32L4xx_HAL_Driver/Src/stm32l4xx_hal_i2c_ex.c **** {
 131              		.loc 1 158 1 is_stmt 1 view -0
 132              		.cfi_startproc
 133              		@ args = 0, pretend = 0, frame = 0
 134              		@ frame_needed = 0, uses_anonymous_args = 0
 135              		@ link register save eliminated.
 159:../../core/ST/STM32L4xx_HAL_Driver/Src/stm32l4xx_hal_i2c_ex.c ****   uint32_t tmpreg;
 136              		.loc 1 159 3 view .LVU32
 160:../../core/ST/STM32L4xx_HAL_Driver/Src/stm32l4xx_hal_i2c_ex.c **** 
 161:../../core/ST/STM32L4xx_HAL_Driver/Src/stm32l4xx_hal_i2c_ex.c ****   /* Check the parameters */
 162:../../core/ST/STM32L4xx_HAL_Driver/Src/stm32l4xx_hal_i2c_ex.c ****   assert_param(IS_I2C_ALL_INSTANCE(hi2c->Instance));
 137              		.loc 1 162 3 view .LVU33
 163:../../core/ST/STM32L4xx_HAL_Driver/Src/stm32l4xx_hal_i2c_ex.c ****   assert_param(IS_I2C_DIGITAL_FILTER(DigitalFilter));
 138              		.loc 1 163 3 view .LVU34
 164:../../core/ST/STM32L4xx_HAL_Driver/Src/stm32l4xx_hal_i2c_ex.c **** 
 165:../../core/ST/STM32L4xx_HAL_Driver/Src/stm32l4xx_hal_i2c_ex.c ****   if (hi2c->State == HAL_I2C_STATE_READY)
 139              		.loc 1 165 3 view .LVU35
 140              		.loc 1 165 11 is_stmt 0 view .LVU36
 141 0000 90F84130 		ldrb	r3, [r0, #65]	@ zero_extendqisi2
 142 0004 DBB2     		uxtb	r3, r3
 143              		.loc 1 165 6 view .LVU37
 144 0006 202B     		cmp	r3, #32
 145 0008 25D1     		bne	.L11
 166:../../core/ST/STM32L4xx_HAL_Driver/Src/stm32l4xx_hal_i2c_ex.c ****   {
 167:../../core/ST/STM32L4xx_HAL_Driver/Src/stm32l4xx_hal_i2c_ex.c ****     /* Process Locked */
 168:../../core/ST/STM32L4xx_HAL_Driver/Src/stm32l4xx_hal_i2c_ex.c ****     __HAL_LOCK(hi2c);
 146              		.loc 1 168 5 is_stmt 1 view .LVU38
 147              		.loc 1 168 5 view .LVU39
 148 000a 90F84030 		ldrb	r3, [r0, #64]	@ zero_extendqisi2
 149 000e 012B     		cmp	r3, #1
 150 0010 23D0     		beq	.L12
 158:../../core/ST/STM32L4xx_HAL_Driver/Src/stm32l4xx_hal_i2c_ex.c ****   uint32_t tmpreg;
 151              		.loc 1 158 1 is_stmt 0 discriminator 2 view .LVU40
 152 0012 10B4     		push	{r4}
 153              	.LCFI2:
 154              		.cfi_def_cfa_offset 4
 155              		.cfi_offset 4, -4
 156              		.loc 1 168 5 is_stmt 1 discriminator 2 view .LVU41
 157 0014 0123     		movs	r3, #1
 158 0016 80F84030 		strb	r3, [r0, #64]
 169:../../core/ST/STM32L4xx_HAL_Driver/Src/stm32l4xx_hal_i2c_ex.c **** 
 170:../../core/ST/STM32L4xx_HAL_Driver/Src/stm32l4xx_hal_i2c_ex.c ****     hi2c->State = HAL_I2C_STATE_BUSY;
 159              		.loc 1 170 5 discriminator 2 view .LVU42
 160              		.loc 1 170 17 is_stmt 0 discriminator 2 view .LVU43
 161 001a 2423     		movs	r3, #36
 162 001c 80F84130 		strb	r3, [r0, #65]
 171:../../core/ST/STM32L4xx_HAL_Driver/Src/stm32l4xx_hal_i2c_ex.c **** 
 172:../../core/ST/STM32L4xx_HAL_Driver/Src/stm32l4xx_hal_i2c_ex.c ****     /* Disable the selected I2C peripheral */
 173:../../core/ST/STM32L4xx_HAL_Driver/Src/stm32l4xx_hal_i2c_ex.c ****     __HAL_I2C_DISABLE(hi2c);
 163              		.loc 1 173 5 is_stmt 1 discriminator 2 view .LVU44
 164 0020 0468     		ldr	r4, [r0]
 165 0022 2268     		ldr	r2, [r4]
 166 0024 22F00102 		bic	r2, r2, #1
 167 0028 2260     		str	r2, [r4]
ARM GAS  C:\Users\RUBENJ~1\AppData\Local\Temp\ccbNLWSG.s 			page 7


 174:../../core/ST/STM32L4xx_HAL_Driver/Src/stm32l4xx_hal_i2c_ex.c **** 
 175:../../core/ST/STM32L4xx_HAL_Driver/Src/stm32l4xx_hal_i2c_ex.c ****     /* Get the old register value */
 176:../../core/ST/STM32L4xx_HAL_Driver/Src/stm32l4xx_hal_i2c_ex.c ****     tmpreg = hi2c->Instance->CR1;
 168              		.loc 1 176 5 discriminator 2 view .LVU45
 169              		.loc 1 176 18 is_stmt 0 discriminator 2 view .LVU46
 170 002a 0268     		ldr	r2, [r0]
 171              		.loc 1 176 12 discriminator 2 view .LVU47
 172 002c 1368     		ldr	r3, [r2]
 173              	.LVL7:
 177:../../core/ST/STM32L4xx_HAL_Driver/Src/stm32l4xx_hal_i2c_ex.c **** 
 178:../../core/ST/STM32L4xx_HAL_Driver/Src/stm32l4xx_hal_i2c_ex.c ****     /* Reset I2Cx DNF bits [11:8] */
 179:../../core/ST/STM32L4xx_HAL_Driver/Src/stm32l4xx_hal_i2c_ex.c ****     tmpreg &= ~(I2C_CR1_DNF);
 174              		.loc 1 179 5 is_stmt 1 discriminator 2 view .LVU48
 175              		.loc 1 179 12 is_stmt 0 discriminator 2 view .LVU49
 176 002e 23F47063 		bic	r3, r3, #3840
 177              	.LVL8:
 180:../../core/ST/STM32L4xx_HAL_Driver/Src/stm32l4xx_hal_i2c_ex.c **** 
 181:../../core/ST/STM32L4xx_HAL_Driver/Src/stm32l4xx_hal_i2c_ex.c ****     /* Set I2Cx DNF coefficient */
 182:../../core/ST/STM32L4xx_HAL_Driver/Src/stm32l4xx_hal_i2c_ex.c ****     tmpreg |= DigitalFilter << 8U;
 178              		.loc 1 182 5 is_stmt 1 discriminator 2 view .LVU50
 179              		.loc 1 182 12 is_stmt 0 discriminator 2 view .LVU51
 180 0032 43EA0123 		orr	r3, r3, r1, lsl #8
 181              	.LVL9:
 183:../../core/ST/STM32L4xx_HAL_Driver/Src/stm32l4xx_hal_i2c_ex.c **** 
 184:../../core/ST/STM32L4xx_HAL_Driver/Src/stm32l4xx_hal_i2c_ex.c ****     /* Store the new register value */
 185:../../core/ST/STM32L4xx_HAL_Driver/Src/stm32l4xx_hal_i2c_ex.c ****     hi2c->Instance->CR1 = tmpreg;
 182              		.loc 1 185 5 is_stmt 1 discriminator 2 view .LVU52
 183              		.loc 1 185 25 is_stmt 0 discriminator 2 view .LVU53
 184 0036 1360     		str	r3, [r2]
 186:../../core/ST/STM32L4xx_HAL_Driver/Src/stm32l4xx_hal_i2c_ex.c **** 
 187:../../core/ST/STM32L4xx_HAL_Driver/Src/stm32l4xx_hal_i2c_ex.c ****     __HAL_I2C_ENABLE(hi2c);
 185              		.loc 1 187 5 is_stmt 1 discriminator 2 view .LVU54
 186 0038 0268     		ldr	r2, [r0]
 187 003a 1368     		ldr	r3, [r2]
 188              	.LVL10:
 189              		.loc 1 187 5 is_stmt 0 discriminator 2 view .LVU55
 190 003c 43F00103 		orr	r3, r3, #1
 191 0040 1360     		str	r3, [r2]
 188:../../core/ST/STM32L4xx_HAL_Driver/Src/stm32l4xx_hal_i2c_ex.c **** 
 189:../../core/ST/STM32L4xx_HAL_Driver/Src/stm32l4xx_hal_i2c_ex.c ****     hi2c->State = HAL_I2C_STATE_READY;
 192              		.loc 1 189 5 is_stmt 1 discriminator 2 view .LVU56
 193              		.loc 1 189 17 is_stmt 0 discriminator 2 view .LVU57
 194 0042 2023     		movs	r3, #32
 195 0044 80F84130 		strb	r3, [r0, #65]
 190:../../core/ST/STM32L4xx_HAL_Driver/Src/stm32l4xx_hal_i2c_ex.c **** 
 191:../../core/ST/STM32L4xx_HAL_Driver/Src/stm32l4xx_hal_i2c_ex.c ****     /* Process Unlocked */
 192:../../core/ST/STM32L4xx_HAL_Driver/Src/stm32l4xx_hal_i2c_ex.c ****     __HAL_UNLOCK(hi2c);
 196              		.loc 1 192 5 is_stmt 1 discriminator 2 view .LVU58
 197              		.loc 1 192 5 discriminator 2 view .LVU59
 198 0048 0023     		movs	r3, #0
 199 004a 80F84030 		strb	r3, [r0, #64]
 193:../../core/ST/STM32L4xx_HAL_Driver/Src/stm32l4xx_hal_i2c_ex.c **** 
 194:../../core/ST/STM32L4xx_HAL_Driver/Src/stm32l4xx_hal_i2c_ex.c ****     return HAL_OK;
 200              		.loc 1 194 5 discriminator 2 view .LVU60
 201              		.loc 1 194 12 is_stmt 0 discriminator 2 view .LVU61
 202 004e 1846     		mov	r0, r3
 203              	.LVL11:
ARM GAS  C:\Users\RUBENJ~1\AppData\Local\Temp\ccbNLWSG.s 			page 8


 195:../../core/ST/STM32L4xx_HAL_Driver/Src/stm32l4xx_hal_i2c_ex.c ****   }
 196:../../core/ST/STM32L4xx_HAL_Driver/Src/stm32l4xx_hal_i2c_ex.c ****   else
 197:../../core/ST/STM32L4xx_HAL_Driver/Src/stm32l4xx_hal_i2c_ex.c ****   {
 198:../../core/ST/STM32L4xx_HAL_Driver/Src/stm32l4xx_hal_i2c_ex.c ****     return HAL_BUSY;
 199:../../core/ST/STM32L4xx_HAL_Driver/Src/stm32l4xx_hal_i2c_ex.c ****   }
 200:../../core/ST/STM32L4xx_HAL_Driver/Src/stm32l4xx_hal_i2c_ex.c **** }
 204              		.loc 1 200 1 discriminator 2 view .LVU62
 205 0050 5DF8044B 		ldr	r4, [sp], #4
 206              	.LCFI3:
 207              		.cfi_restore 4
 208              		.cfi_def_cfa_offset 0
 209 0054 7047     		bx	lr
 210              	.LVL12:
 211              	.L11:
 198:../../core/ST/STM32L4xx_HAL_Driver/Src/stm32l4xx_hal_i2c_ex.c ****   }
 212              		.loc 1 198 12 view .LVU63
 213 0056 0220     		movs	r0, #2
 214              	.LVL13:
 198:../../core/ST/STM32L4xx_HAL_Driver/Src/stm32l4xx_hal_i2c_ex.c ****   }
 215              		.loc 1 198 12 view .LVU64
 216 0058 7047     		bx	lr
 217              	.LVL14:
 218              	.L12:
 168:../../core/ST/STM32L4xx_HAL_Driver/Src/stm32l4xx_hal_i2c_ex.c **** 
 219              		.loc 1 168 5 view .LVU65
 220 005a 0220     		movs	r0, #2
 221              	.LVL15:
 222              		.loc 1 200 1 view .LVU66
 223 005c 7047     		bx	lr
 224              		.cfi_endproc
 225              	.LFE124:
 227              		.section	.text.HAL_I2CEx_EnableWakeUp,"ax",%progbits
 228              		.align	1
 229              		.global	HAL_I2CEx_EnableWakeUp
 230              		.syntax unified
 231              		.thumb
 232              		.thumb_func
 233              		.fpu fpv4-sp-d16
 235              	HAL_I2CEx_EnableWakeUp:
 236              	.LVL16:
 237              	.LFB125:
 201:../../core/ST/STM32L4xx_HAL_Driver/Src/stm32l4xx_hal_i2c_ex.c **** 
 202:../../core/ST/STM32L4xx_HAL_Driver/Src/stm32l4xx_hal_i2c_ex.c **** /**
 203:../../core/ST/STM32L4xx_HAL_Driver/Src/stm32l4xx_hal_i2c_ex.c ****   * @brief  Enable I2C wakeup from Stop mode(s).
 204:../../core/ST/STM32L4xx_HAL_Driver/Src/stm32l4xx_hal_i2c_ex.c ****   * @param  hi2c Pointer to a I2C_HandleTypeDef structure that contains
 205:../../core/ST/STM32L4xx_HAL_Driver/Src/stm32l4xx_hal_i2c_ex.c ****   *                the configuration information for the specified I2Cx peripheral.
 206:../../core/ST/STM32L4xx_HAL_Driver/Src/stm32l4xx_hal_i2c_ex.c ****   * @retval HAL status
 207:../../core/ST/STM32L4xx_HAL_Driver/Src/stm32l4xx_hal_i2c_ex.c ****   */
 208:../../core/ST/STM32L4xx_HAL_Driver/Src/stm32l4xx_hal_i2c_ex.c **** HAL_StatusTypeDef HAL_I2CEx_EnableWakeUp(I2C_HandleTypeDef *hi2c)
 209:../../core/ST/STM32L4xx_HAL_Driver/Src/stm32l4xx_hal_i2c_ex.c **** {
 238              		.loc 1 209 1 is_stmt 1 view -0
 239              		.cfi_startproc
 240              		@ args = 0, pretend = 0, frame = 0
 241              		@ frame_needed = 0, uses_anonymous_args = 0
 242              		@ link register save eliminated.
 210:../../core/ST/STM32L4xx_HAL_Driver/Src/stm32l4xx_hal_i2c_ex.c ****   /* Check the parameters */
 211:../../core/ST/STM32L4xx_HAL_Driver/Src/stm32l4xx_hal_i2c_ex.c ****   assert_param(IS_I2C_WAKEUP_FROMSTOP_INSTANCE(hi2c->Instance));
ARM GAS  C:\Users\RUBENJ~1\AppData\Local\Temp\ccbNLWSG.s 			page 9


 243              		.loc 1 211 3 view .LVU68
 212:../../core/ST/STM32L4xx_HAL_Driver/Src/stm32l4xx_hal_i2c_ex.c **** 
 213:../../core/ST/STM32L4xx_HAL_Driver/Src/stm32l4xx_hal_i2c_ex.c ****   if (hi2c->State == HAL_I2C_STATE_READY)
 244              		.loc 1 213 3 view .LVU69
 245              		.loc 1 213 11 is_stmt 0 view .LVU70
 246 0000 90F84130 		ldrb	r3, [r0, #65]	@ zero_extendqisi2
 247 0004 DBB2     		uxtb	r3, r3
 248              		.loc 1 213 6 view .LVU71
 249 0006 202B     		cmp	r3, #32
 250 0008 20D1     		bne	.L19
 214:../../core/ST/STM32L4xx_HAL_Driver/Src/stm32l4xx_hal_i2c_ex.c ****   {
 215:../../core/ST/STM32L4xx_HAL_Driver/Src/stm32l4xx_hal_i2c_ex.c ****     /* Process Locked */
 216:../../core/ST/STM32L4xx_HAL_Driver/Src/stm32l4xx_hal_i2c_ex.c ****     __HAL_LOCK(hi2c);
 251              		.loc 1 216 5 is_stmt 1 view .LVU72
 252              		.loc 1 216 5 view .LVU73
 253 000a 90F84030 		ldrb	r3, [r0, #64]	@ zero_extendqisi2
 254 000e 012B     		cmp	r3, #1
 255 0010 1ED0     		beq	.L20
 256              		.loc 1 216 5 discriminator 2 view .LVU74
 257 0012 0123     		movs	r3, #1
 258 0014 80F84030 		strb	r3, [r0, #64]
 217:../../core/ST/STM32L4xx_HAL_Driver/Src/stm32l4xx_hal_i2c_ex.c **** 
 218:../../core/ST/STM32L4xx_HAL_Driver/Src/stm32l4xx_hal_i2c_ex.c ****     hi2c->State = HAL_I2C_STATE_BUSY;
 259              		.loc 1 218 5 discriminator 2 view .LVU75
 260              		.loc 1 218 17 is_stmt 0 discriminator 2 view .LVU76
 261 0018 2423     		movs	r3, #36
 262 001a 80F84130 		strb	r3, [r0, #65]
 219:../../core/ST/STM32L4xx_HAL_Driver/Src/stm32l4xx_hal_i2c_ex.c **** 
 220:../../core/ST/STM32L4xx_HAL_Driver/Src/stm32l4xx_hal_i2c_ex.c ****     /* Disable the selected I2C peripheral */
 221:../../core/ST/STM32L4xx_HAL_Driver/Src/stm32l4xx_hal_i2c_ex.c ****     __HAL_I2C_DISABLE(hi2c);
 263              		.loc 1 221 5 is_stmt 1 discriminator 2 view .LVU77
 264 001e 0268     		ldr	r2, [r0]
 265 0020 1368     		ldr	r3, [r2]
 266 0022 23F00103 		bic	r3, r3, #1
 267 0026 1360     		str	r3, [r2]
 222:../../core/ST/STM32L4xx_HAL_Driver/Src/stm32l4xx_hal_i2c_ex.c **** 
 223:../../core/ST/STM32L4xx_HAL_Driver/Src/stm32l4xx_hal_i2c_ex.c ****     /* Enable wakeup from stop mode */
 224:../../core/ST/STM32L4xx_HAL_Driver/Src/stm32l4xx_hal_i2c_ex.c ****     hi2c->Instance->CR1 |= I2C_CR1_WUPEN;
 268              		.loc 1 224 5 discriminator 2 view .LVU78
 269              		.loc 1 224 9 is_stmt 0 discriminator 2 view .LVU79
 270 0028 0268     		ldr	r2, [r0]
 271              		.loc 1 224 25 discriminator 2 view .LVU80
 272 002a 1368     		ldr	r3, [r2]
 273 002c 43F48023 		orr	r3, r3, #262144
 274 0030 1360     		str	r3, [r2]
 225:../../core/ST/STM32L4xx_HAL_Driver/Src/stm32l4xx_hal_i2c_ex.c **** 
 226:../../core/ST/STM32L4xx_HAL_Driver/Src/stm32l4xx_hal_i2c_ex.c ****     __HAL_I2C_ENABLE(hi2c);
 275              		.loc 1 226 5 is_stmt 1 discriminator 2 view .LVU81
 276 0032 0268     		ldr	r2, [r0]
 277 0034 1368     		ldr	r3, [r2]
 278 0036 43F00103 		orr	r3, r3, #1
 279 003a 1360     		str	r3, [r2]
 227:../../core/ST/STM32L4xx_HAL_Driver/Src/stm32l4xx_hal_i2c_ex.c **** 
 228:../../core/ST/STM32L4xx_HAL_Driver/Src/stm32l4xx_hal_i2c_ex.c ****     hi2c->State = HAL_I2C_STATE_READY;
 280              		.loc 1 228 5 discriminator 2 view .LVU82
 281              		.loc 1 228 17 is_stmt 0 discriminator 2 view .LVU83
 282 003c 2023     		movs	r3, #32
ARM GAS  C:\Users\RUBENJ~1\AppData\Local\Temp\ccbNLWSG.s 			page 10


 283 003e 80F84130 		strb	r3, [r0, #65]
 229:../../core/ST/STM32L4xx_HAL_Driver/Src/stm32l4xx_hal_i2c_ex.c **** 
 230:../../core/ST/STM32L4xx_HAL_Driver/Src/stm32l4xx_hal_i2c_ex.c ****     /* Process Unlocked */
 231:../../core/ST/STM32L4xx_HAL_Driver/Src/stm32l4xx_hal_i2c_ex.c ****     __HAL_UNLOCK(hi2c);
 284              		.loc 1 231 5 is_stmt 1 discriminator 2 view .LVU84
 285              		.loc 1 231 5 discriminator 2 view .LVU85
 286 0042 0023     		movs	r3, #0
 287 0044 80F84030 		strb	r3, [r0, #64]
 232:../../core/ST/STM32L4xx_HAL_Driver/Src/stm32l4xx_hal_i2c_ex.c **** 
 233:../../core/ST/STM32L4xx_HAL_Driver/Src/stm32l4xx_hal_i2c_ex.c ****     return HAL_OK;
 288              		.loc 1 233 5 discriminator 2 view .LVU86
 289              		.loc 1 233 12 is_stmt 0 discriminator 2 view .LVU87
 290 0048 1846     		mov	r0, r3
 291              	.LVL17:
 292              		.loc 1 233 12 discriminator 2 view .LVU88
 293 004a 7047     		bx	lr
 294              	.LVL18:
 295              	.L19:
 234:../../core/ST/STM32L4xx_HAL_Driver/Src/stm32l4xx_hal_i2c_ex.c ****   }
 235:../../core/ST/STM32L4xx_HAL_Driver/Src/stm32l4xx_hal_i2c_ex.c ****   else
 236:../../core/ST/STM32L4xx_HAL_Driver/Src/stm32l4xx_hal_i2c_ex.c ****   {
 237:../../core/ST/STM32L4xx_HAL_Driver/Src/stm32l4xx_hal_i2c_ex.c ****     return HAL_BUSY;
 296              		.loc 1 237 12 view .LVU89
 297 004c 0220     		movs	r0, #2
 298              	.LVL19:
 299              		.loc 1 237 12 view .LVU90
 300 004e 7047     		bx	lr
 301              	.LVL20:
 302              	.L20:
 216:../../core/ST/STM32L4xx_HAL_Driver/Src/stm32l4xx_hal_i2c_ex.c **** 
 303              		.loc 1 216 5 view .LVU91
 304 0050 0220     		movs	r0, #2
 305              	.LVL21:
 238:../../core/ST/STM32L4xx_HAL_Driver/Src/stm32l4xx_hal_i2c_ex.c ****   }
 239:../../core/ST/STM32L4xx_HAL_Driver/Src/stm32l4xx_hal_i2c_ex.c **** }
 306              		.loc 1 239 1 view .LVU92
 307 0052 7047     		bx	lr
 308              		.cfi_endproc
 309              	.LFE125:
 311              		.section	.text.HAL_I2CEx_DisableWakeUp,"ax",%progbits
 312              		.align	1
 313              		.global	HAL_I2CEx_DisableWakeUp
 314              		.syntax unified
 315              		.thumb
 316              		.thumb_func
 317              		.fpu fpv4-sp-d16
 319              	HAL_I2CEx_DisableWakeUp:
 320              	.LVL22:
 321              	.LFB126:
 240:../../core/ST/STM32L4xx_HAL_Driver/Src/stm32l4xx_hal_i2c_ex.c **** 
 241:../../core/ST/STM32L4xx_HAL_Driver/Src/stm32l4xx_hal_i2c_ex.c **** /**
 242:../../core/ST/STM32L4xx_HAL_Driver/Src/stm32l4xx_hal_i2c_ex.c ****   * @brief  Disable I2C wakeup from Stop mode(s).
 243:../../core/ST/STM32L4xx_HAL_Driver/Src/stm32l4xx_hal_i2c_ex.c ****   * @param  hi2c Pointer to a I2C_HandleTypeDef structure that contains
 244:../../core/ST/STM32L4xx_HAL_Driver/Src/stm32l4xx_hal_i2c_ex.c ****   *                the configuration information for the specified I2Cx peripheral.
 245:../../core/ST/STM32L4xx_HAL_Driver/Src/stm32l4xx_hal_i2c_ex.c ****   * @retval HAL status
 246:../../core/ST/STM32L4xx_HAL_Driver/Src/stm32l4xx_hal_i2c_ex.c ****   */
 247:../../core/ST/STM32L4xx_HAL_Driver/Src/stm32l4xx_hal_i2c_ex.c **** HAL_StatusTypeDef HAL_I2CEx_DisableWakeUp(I2C_HandleTypeDef *hi2c)
ARM GAS  C:\Users\RUBENJ~1\AppData\Local\Temp\ccbNLWSG.s 			page 11


 248:../../core/ST/STM32L4xx_HAL_Driver/Src/stm32l4xx_hal_i2c_ex.c **** {
 322              		.loc 1 248 1 is_stmt 1 view -0
 323              		.cfi_startproc
 324              		@ args = 0, pretend = 0, frame = 0
 325              		@ frame_needed = 0, uses_anonymous_args = 0
 326              		@ link register save eliminated.
 249:../../core/ST/STM32L4xx_HAL_Driver/Src/stm32l4xx_hal_i2c_ex.c ****   /* Check the parameters */
 250:../../core/ST/STM32L4xx_HAL_Driver/Src/stm32l4xx_hal_i2c_ex.c ****   assert_param(IS_I2C_WAKEUP_FROMSTOP_INSTANCE(hi2c->Instance));
 327              		.loc 1 250 3 view .LVU94
 251:../../core/ST/STM32L4xx_HAL_Driver/Src/stm32l4xx_hal_i2c_ex.c **** 
 252:../../core/ST/STM32L4xx_HAL_Driver/Src/stm32l4xx_hal_i2c_ex.c ****   if (hi2c->State == HAL_I2C_STATE_READY)
 328              		.loc 1 252 3 view .LVU95
 329              		.loc 1 252 11 is_stmt 0 view .LVU96
 330 0000 90F84130 		ldrb	r3, [r0, #65]	@ zero_extendqisi2
 331 0004 DBB2     		uxtb	r3, r3
 332              		.loc 1 252 6 view .LVU97
 333 0006 202B     		cmp	r3, #32
 334 0008 20D1     		bne	.L23
 253:../../core/ST/STM32L4xx_HAL_Driver/Src/stm32l4xx_hal_i2c_ex.c ****   {
 254:../../core/ST/STM32L4xx_HAL_Driver/Src/stm32l4xx_hal_i2c_ex.c ****     /* Process Locked */
 255:../../core/ST/STM32L4xx_HAL_Driver/Src/stm32l4xx_hal_i2c_ex.c ****     __HAL_LOCK(hi2c);
 335              		.loc 1 255 5 is_stmt 1 view .LVU98
 336              		.loc 1 255 5 view .LVU99
 337 000a 90F84030 		ldrb	r3, [r0, #64]	@ zero_extendqisi2
 338 000e 012B     		cmp	r3, #1
 339 0010 1ED0     		beq	.L24
 340              		.loc 1 255 5 discriminator 2 view .LVU100
 341 0012 0123     		movs	r3, #1
 342 0014 80F84030 		strb	r3, [r0, #64]
 256:../../core/ST/STM32L4xx_HAL_Driver/Src/stm32l4xx_hal_i2c_ex.c **** 
 257:../../core/ST/STM32L4xx_HAL_Driver/Src/stm32l4xx_hal_i2c_ex.c ****     hi2c->State = HAL_I2C_STATE_BUSY;
 343              		.loc 1 257 5 discriminator 2 view .LVU101
 344              		.loc 1 257 17 is_stmt 0 discriminator 2 view .LVU102
 345 0018 2423     		movs	r3, #36
 346 001a 80F84130 		strb	r3, [r0, #65]
 258:../../core/ST/STM32L4xx_HAL_Driver/Src/stm32l4xx_hal_i2c_ex.c **** 
 259:../../core/ST/STM32L4xx_HAL_Driver/Src/stm32l4xx_hal_i2c_ex.c ****     /* Disable the selected I2C peripheral */
 260:../../core/ST/STM32L4xx_HAL_Driver/Src/stm32l4xx_hal_i2c_ex.c ****     __HAL_I2C_DISABLE(hi2c);
 347              		.loc 1 260 5 is_stmt 1 discriminator 2 view .LVU103
 348 001e 0268     		ldr	r2, [r0]
 349 0020 1368     		ldr	r3, [r2]
 350 0022 23F00103 		bic	r3, r3, #1
 351 0026 1360     		str	r3, [r2]
 261:../../core/ST/STM32L4xx_HAL_Driver/Src/stm32l4xx_hal_i2c_ex.c **** 
 262:../../core/ST/STM32L4xx_HAL_Driver/Src/stm32l4xx_hal_i2c_ex.c ****     /* Enable wakeup from stop mode */
 263:../../core/ST/STM32L4xx_HAL_Driver/Src/stm32l4xx_hal_i2c_ex.c ****     hi2c->Instance->CR1 &= ~(I2C_CR1_WUPEN);
 352              		.loc 1 263 5 discriminator 2 view .LVU104
 353              		.loc 1 263 9 is_stmt 0 discriminator 2 view .LVU105
 354 0028 0268     		ldr	r2, [r0]
 355              		.loc 1 263 25 discriminator 2 view .LVU106
 356 002a 1368     		ldr	r3, [r2]
 357 002c 23F48023 		bic	r3, r3, #262144
 358 0030 1360     		str	r3, [r2]
 264:../../core/ST/STM32L4xx_HAL_Driver/Src/stm32l4xx_hal_i2c_ex.c **** 
 265:../../core/ST/STM32L4xx_HAL_Driver/Src/stm32l4xx_hal_i2c_ex.c ****     __HAL_I2C_ENABLE(hi2c);
 359              		.loc 1 265 5 is_stmt 1 discriminator 2 view .LVU107
 360 0032 0268     		ldr	r2, [r0]
ARM GAS  C:\Users\RUBENJ~1\AppData\Local\Temp\ccbNLWSG.s 			page 12


 361 0034 1368     		ldr	r3, [r2]
 362 0036 43F00103 		orr	r3, r3, #1
 363 003a 1360     		str	r3, [r2]
 266:../../core/ST/STM32L4xx_HAL_Driver/Src/stm32l4xx_hal_i2c_ex.c **** 
 267:../../core/ST/STM32L4xx_HAL_Driver/Src/stm32l4xx_hal_i2c_ex.c ****     hi2c->State = HAL_I2C_STATE_READY;
 364              		.loc 1 267 5 discriminator 2 view .LVU108
 365              		.loc 1 267 17 is_stmt 0 discriminator 2 view .LVU109
 366 003c 2023     		movs	r3, #32
 367 003e 80F84130 		strb	r3, [r0, #65]
 268:../../core/ST/STM32L4xx_HAL_Driver/Src/stm32l4xx_hal_i2c_ex.c **** 
 269:../../core/ST/STM32L4xx_HAL_Driver/Src/stm32l4xx_hal_i2c_ex.c ****     /* Process Unlocked */
 270:../../core/ST/STM32L4xx_HAL_Driver/Src/stm32l4xx_hal_i2c_ex.c ****     __HAL_UNLOCK(hi2c);
 368              		.loc 1 270 5 is_stmt 1 discriminator 2 view .LVU110
 369              		.loc 1 270 5 discriminator 2 view .LVU111
 370 0042 0023     		movs	r3, #0
 371 0044 80F84030 		strb	r3, [r0, #64]
 271:../../core/ST/STM32L4xx_HAL_Driver/Src/stm32l4xx_hal_i2c_ex.c **** 
 272:../../core/ST/STM32L4xx_HAL_Driver/Src/stm32l4xx_hal_i2c_ex.c ****     return HAL_OK;
 372              		.loc 1 272 5 discriminator 2 view .LVU112
 373              		.loc 1 272 12 is_stmt 0 discriminator 2 view .LVU113
 374 0048 1846     		mov	r0, r3
 375              	.LVL23:
 376              		.loc 1 272 12 discriminator 2 view .LVU114
 377 004a 7047     		bx	lr
 378              	.LVL24:
 379              	.L23:
 273:../../core/ST/STM32L4xx_HAL_Driver/Src/stm32l4xx_hal_i2c_ex.c ****   }
 274:../../core/ST/STM32L4xx_HAL_Driver/Src/stm32l4xx_hal_i2c_ex.c ****   else
 275:../../core/ST/STM32L4xx_HAL_Driver/Src/stm32l4xx_hal_i2c_ex.c ****   {
 276:../../core/ST/STM32L4xx_HAL_Driver/Src/stm32l4xx_hal_i2c_ex.c ****     return HAL_BUSY;
 380              		.loc 1 276 12 view .LVU115
 381 004c 0220     		movs	r0, #2
 382              	.LVL25:
 383              		.loc 1 276 12 view .LVU116
 384 004e 7047     		bx	lr
 385              	.LVL26:
 386              	.L24:
 255:../../core/ST/STM32L4xx_HAL_Driver/Src/stm32l4xx_hal_i2c_ex.c **** 
 387              		.loc 1 255 5 view .LVU117
 388 0050 0220     		movs	r0, #2
 389              	.LVL27:
 277:../../core/ST/STM32L4xx_HAL_Driver/Src/stm32l4xx_hal_i2c_ex.c ****   }
 278:../../core/ST/STM32L4xx_HAL_Driver/Src/stm32l4xx_hal_i2c_ex.c **** }
 390              		.loc 1 278 1 view .LVU118
 391 0052 7047     		bx	lr
 392              		.cfi_endproc
 393              	.LFE126:
 395              		.section	.text.HAL_I2CEx_EnableFastModePlus,"ax",%progbits
 396              		.align	1
 397              		.global	HAL_I2CEx_EnableFastModePlus
 398              		.syntax unified
 399              		.thumb
 400              		.thumb_func
 401              		.fpu fpv4-sp-d16
 403              	HAL_I2CEx_EnableFastModePlus:
 404              	.LVL28:
 405              	.LFB127:
ARM GAS  C:\Users\RUBENJ~1\AppData\Local\Temp\ccbNLWSG.s 			page 13


 279:../../core/ST/STM32L4xx_HAL_Driver/Src/stm32l4xx_hal_i2c_ex.c **** 
 280:../../core/ST/STM32L4xx_HAL_Driver/Src/stm32l4xx_hal_i2c_ex.c **** /**
 281:../../core/ST/STM32L4xx_HAL_Driver/Src/stm32l4xx_hal_i2c_ex.c ****   * @brief Enable the I2C fast mode plus driving capability.
 282:../../core/ST/STM32L4xx_HAL_Driver/Src/stm32l4xx_hal_i2c_ex.c ****   * @param ConfigFastModePlus Selects the pin.
 283:../../core/ST/STM32L4xx_HAL_Driver/Src/stm32l4xx_hal_i2c_ex.c ****   *   This parameter can be one of the @ref I2CEx_FastModePlus values
 284:../../core/ST/STM32L4xx_HAL_Driver/Src/stm32l4xx_hal_i2c_ex.c ****   * @note  For I2C1, fast mode plus driving capability can be enabled on all selected
 285:../../core/ST/STM32L4xx_HAL_Driver/Src/stm32l4xx_hal_i2c_ex.c ****   *        I2C1 pins using I2C_FASTMODEPLUS_I2C1 parameter or independently
 286:../../core/ST/STM32L4xx_HAL_Driver/Src/stm32l4xx_hal_i2c_ex.c ****   *        on each one of the following pins PB6, PB7, PB8 and PB9.
 287:../../core/ST/STM32L4xx_HAL_Driver/Src/stm32l4xx_hal_i2c_ex.c ****   * @note  For remaining I2C1 pins (PA14, PA15...) fast mode plus driving capability
 288:../../core/ST/STM32L4xx_HAL_Driver/Src/stm32l4xx_hal_i2c_ex.c ****   *        can be enabled only by using I2C_FASTMODEPLUS_I2C1 parameter.
 289:../../core/ST/STM32L4xx_HAL_Driver/Src/stm32l4xx_hal_i2c_ex.c ****   * @note  For all I2C2 pins fast mode plus driving capability can be enabled
 290:../../core/ST/STM32L4xx_HAL_Driver/Src/stm32l4xx_hal_i2c_ex.c ****   *        only by using I2C_FASTMODEPLUS_I2C2 parameter.
 291:../../core/ST/STM32L4xx_HAL_Driver/Src/stm32l4xx_hal_i2c_ex.c ****   * @note  For all I2C3 pins fast mode plus driving capability can be enabled
 292:../../core/ST/STM32L4xx_HAL_Driver/Src/stm32l4xx_hal_i2c_ex.c ****   *        only by using I2C_FASTMODEPLUS_I2C3 parameter.
 293:../../core/ST/STM32L4xx_HAL_Driver/Src/stm32l4xx_hal_i2c_ex.c ****   * @note  For all I2C4 pins fast mode plus driving capability can be enabled
 294:../../core/ST/STM32L4xx_HAL_Driver/Src/stm32l4xx_hal_i2c_ex.c ****   *        only by using I2C_FASTMODEPLUS_I2C4 parameter.
 295:../../core/ST/STM32L4xx_HAL_Driver/Src/stm32l4xx_hal_i2c_ex.c ****   * @retval None
 296:../../core/ST/STM32L4xx_HAL_Driver/Src/stm32l4xx_hal_i2c_ex.c ****   */
 297:../../core/ST/STM32L4xx_HAL_Driver/Src/stm32l4xx_hal_i2c_ex.c **** void HAL_I2CEx_EnableFastModePlus(uint32_t ConfigFastModePlus)
 298:../../core/ST/STM32L4xx_HAL_Driver/Src/stm32l4xx_hal_i2c_ex.c **** {
 406              		.loc 1 298 1 is_stmt 1 view -0
 407              		.cfi_startproc
 408              		@ args = 0, pretend = 0, frame = 8
 409              		@ frame_needed = 0, uses_anonymous_args = 0
 410              		@ link register save eliminated.
 411              		.loc 1 298 1 is_stmt 0 view .LVU120
 412 0000 82B0     		sub	sp, sp, #8
 413              	.LCFI4:
 414              		.cfi_def_cfa_offset 8
 299:../../core/ST/STM32L4xx_HAL_Driver/Src/stm32l4xx_hal_i2c_ex.c ****   /* Check the parameter */
 300:../../core/ST/STM32L4xx_HAL_Driver/Src/stm32l4xx_hal_i2c_ex.c ****   assert_param(IS_I2C_FASTMODEPLUS(ConfigFastModePlus));
 415              		.loc 1 300 3 is_stmt 1 view .LVU121
 301:../../core/ST/STM32L4xx_HAL_Driver/Src/stm32l4xx_hal_i2c_ex.c **** 
 302:../../core/ST/STM32L4xx_HAL_Driver/Src/stm32l4xx_hal_i2c_ex.c ****   /* Enable SYSCFG clock */
 303:../../core/ST/STM32L4xx_HAL_Driver/Src/stm32l4xx_hal_i2c_ex.c ****   __HAL_RCC_SYSCFG_CLK_ENABLE();
 416              		.loc 1 303 3 view .LVU122
 417              	.LBB2:
 418              		.loc 1 303 3 view .LVU123
 419              		.loc 1 303 3 view .LVU124
 420 0002 084B     		ldr	r3, .L27
 421 0004 1A6E     		ldr	r2, [r3, #96]
 422 0006 42F00102 		orr	r2, r2, #1
 423 000a 1A66     		str	r2, [r3, #96]
 424              		.loc 1 303 3 view .LVU125
 425 000c 1B6E     		ldr	r3, [r3, #96]
 426 000e 03F00103 		and	r3, r3, #1
 427 0012 0193     		str	r3, [sp, #4]
 428              		.loc 1 303 3 view .LVU126
 429 0014 019B     		ldr	r3, [sp, #4]
 430              	.LBE2:
 304:../../core/ST/STM32L4xx_HAL_Driver/Src/stm32l4xx_hal_i2c_ex.c **** 
 305:../../core/ST/STM32L4xx_HAL_Driver/Src/stm32l4xx_hal_i2c_ex.c ****   /* Enable fast mode plus driving capability for selected pin */
 306:../../core/ST/STM32L4xx_HAL_Driver/Src/stm32l4xx_hal_i2c_ex.c ****   SET_BIT(SYSCFG->CFGR1, (uint32_t)ConfigFastModePlus);
 431              		.loc 1 306 3 view .LVU127
 432 0016 044A     		ldr	r2, .L27+4
 433 0018 5368     		ldr	r3, [r2, #4]
 434 001a 1843     		orrs	r0, r0, r3
ARM GAS  C:\Users\RUBENJ~1\AppData\Local\Temp\ccbNLWSG.s 			page 14


 435              	.LVL29:
 436              		.loc 1 306 3 is_stmt 0 view .LVU128
 437 001c 5060     		str	r0, [r2, #4]
 307:../../core/ST/STM32L4xx_HAL_Driver/Src/stm32l4xx_hal_i2c_ex.c **** }
 438              		.loc 1 307 1 view .LVU129
 439 001e 02B0     		add	sp, sp, #8
 440              	.LCFI5:
 441              		.cfi_def_cfa_offset 0
 442              		@ sp needed
 443 0020 7047     		bx	lr
 444              	.L28:
 445 0022 00BF     		.align	2
 446              	.L27:
 447 0024 00100240 		.word	1073876992
 448 0028 00000140 		.word	1073807360
 449              		.cfi_endproc
 450              	.LFE127:
 452              		.section	.text.HAL_I2CEx_DisableFastModePlus,"ax",%progbits
 453              		.align	1
 454              		.global	HAL_I2CEx_DisableFastModePlus
 455              		.syntax unified
 456              		.thumb
 457              		.thumb_func
 458              		.fpu fpv4-sp-d16
 460              	HAL_I2CEx_DisableFastModePlus:
 461              	.LVL30:
 462              	.LFB128:
 308:../../core/ST/STM32L4xx_HAL_Driver/Src/stm32l4xx_hal_i2c_ex.c **** 
 309:../../core/ST/STM32L4xx_HAL_Driver/Src/stm32l4xx_hal_i2c_ex.c **** /**
 310:../../core/ST/STM32L4xx_HAL_Driver/Src/stm32l4xx_hal_i2c_ex.c ****   * @brief Disable the I2C fast mode plus driving capability.
 311:../../core/ST/STM32L4xx_HAL_Driver/Src/stm32l4xx_hal_i2c_ex.c ****   * @param ConfigFastModePlus Selects the pin.
 312:../../core/ST/STM32L4xx_HAL_Driver/Src/stm32l4xx_hal_i2c_ex.c ****   *   This parameter can be one of the @ref I2CEx_FastModePlus values
 313:../../core/ST/STM32L4xx_HAL_Driver/Src/stm32l4xx_hal_i2c_ex.c ****   * @note  For I2C1, fast mode plus driving capability can be disabled on all selected
 314:../../core/ST/STM32L4xx_HAL_Driver/Src/stm32l4xx_hal_i2c_ex.c ****   *        I2C1 pins using I2C_FASTMODEPLUS_I2C1 parameter or independently
 315:../../core/ST/STM32L4xx_HAL_Driver/Src/stm32l4xx_hal_i2c_ex.c ****   *        on each one of the following pins PB6, PB7, PB8 and PB9.
 316:../../core/ST/STM32L4xx_HAL_Driver/Src/stm32l4xx_hal_i2c_ex.c ****   * @note  For remaining I2C1 pins (PA14, PA15...) fast mode plus driving capability
 317:../../core/ST/STM32L4xx_HAL_Driver/Src/stm32l4xx_hal_i2c_ex.c ****   *        can be disabled only by using I2C_FASTMODEPLUS_I2C1 parameter.
 318:../../core/ST/STM32L4xx_HAL_Driver/Src/stm32l4xx_hal_i2c_ex.c ****   * @note  For all I2C2 pins fast mode plus driving capability can be disabled
 319:../../core/ST/STM32L4xx_HAL_Driver/Src/stm32l4xx_hal_i2c_ex.c ****   *        only by using I2C_FASTMODEPLUS_I2C2 parameter.
 320:../../core/ST/STM32L4xx_HAL_Driver/Src/stm32l4xx_hal_i2c_ex.c ****   * @note  For all I2C3 pins fast mode plus driving capability can be disabled
 321:../../core/ST/STM32L4xx_HAL_Driver/Src/stm32l4xx_hal_i2c_ex.c ****   *        only by using I2C_FASTMODEPLUS_I2C3 parameter.
 322:../../core/ST/STM32L4xx_HAL_Driver/Src/stm32l4xx_hal_i2c_ex.c ****   * @note  For all I2C4 pins fast mode plus driving capability can be disabled
 323:../../core/ST/STM32L4xx_HAL_Driver/Src/stm32l4xx_hal_i2c_ex.c ****   *        only by using I2C_FASTMODEPLUS_I2C4 parameter.
 324:../../core/ST/STM32L4xx_HAL_Driver/Src/stm32l4xx_hal_i2c_ex.c ****   * @retval None
 325:../../core/ST/STM32L4xx_HAL_Driver/Src/stm32l4xx_hal_i2c_ex.c ****   */
 326:../../core/ST/STM32L4xx_HAL_Driver/Src/stm32l4xx_hal_i2c_ex.c **** void HAL_I2CEx_DisableFastModePlus(uint32_t ConfigFastModePlus)
 327:../../core/ST/STM32L4xx_HAL_Driver/Src/stm32l4xx_hal_i2c_ex.c **** {
 463              		.loc 1 327 1 is_stmt 1 view -0
 464              		.cfi_startproc
 465              		@ args = 0, pretend = 0, frame = 8
 466              		@ frame_needed = 0, uses_anonymous_args = 0
 467              		@ link register save eliminated.
 468              		.loc 1 327 1 is_stmt 0 view .LVU131
 469 0000 82B0     		sub	sp, sp, #8
 470              	.LCFI6:
 471              		.cfi_def_cfa_offset 8
 328:../../core/ST/STM32L4xx_HAL_Driver/Src/stm32l4xx_hal_i2c_ex.c ****   /* Check the parameter */
ARM GAS  C:\Users\RUBENJ~1\AppData\Local\Temp\ccbNLWSG.s 			page 15


 329:../../core/ST/STM32L4xx_HAL_Driver/Src/stm32l4xx_hal_i2c_ex.c ****   assert_param(IS_I2C_FASTMODEPLUS(ConfigFastModePlus));
 472              		.loc 1 329 3 is_stmt 1 view .LVU132
 330:../../core/ST/STM32L4xx_HAL_Driver/Src/stm32l4xx_hal_i2c_ex.c **** 
 331:../../core/ST/STM32L4xx_HAL_Driver/Src/stm32l4xx_hal_i2c_ex.c ****   /* Enable SYSCFG clock */
 332:../../core/ST/STM32L4xx_HAL_Driver/Src/stm32l4xx_hal_i2c_ex.c ****   __HAL_RCC_SYSCFG_CLK_ENABLE();
 473              		.loc 1 332 3 view .LVU133
 474              	.LBB3:
 475              		.loc 1 332 3 view .LVU134
 476              		.loc 1 332 3 view .LVU135
 477 0002 084B     		ldr	r3, .L31
 478 0004 1A6E     		ldr	r2, [r3, #96]
 479 0006 42F00102 		orr	r2, r2, #1
 480 000a 1A66     		str	r2, [r3, #96]
 481              		.loc 1 332 3 view .LVU136
 482 000c 1B6E     		ldr	r3, [r3, #96]
 483 000e 03F00103 		and	r3, r3, #1
 484 0012 0193     		str	r3, [sp, #4]
 485              		.loc 1 332 3 view .LVU137
 486 0014 019B     		ldr	r3, [sp, #4]
 487              	.LBE3:
 333:../../core/ST/STM32L4xx_HAL_Driver/Src/stm32l4xx_hal_i2c_ex.c **** 
 334:../../core/ST/STM32L4xx_HAL_Driver/Src/stm32l4xx_hal_i2c_ex.c ****   /* Disable fast mode plus driving capability for selected pin */
 335:../../core/ST/STM32L4xx_HAL_Driver/Src/stm32l4xx_hal_i2c_ex.c ****   CLEAR_BIT(SYSCFG->CFGR1, (uint32_t)ConfigFastModePlus);
 488              		.loc 1 335 3 view .LVU138
 489 0016 044A     		ldr	r2, .L31+4
 490 0018 5368     		ldr	r3, [r2, #4]
 491 001a 23EA0000 		bic	r0, r3, r0
 492              	.LVL31:
 493              		.loc 1 335 3 is_stmt 0 view .LVU139
 494 001e 5060     		str	r0, [r2, #4]
 336:../../core/ST/STM32L4xx_HAL_Driver/Src/stm32l4xx_hal_i2c_ex.c **** }
 495              		.loc 1 336 1 view .LVU140
 496 0020 02B0     		add	sp, sp, #8
 497              	.LCFI7:
 498              		.cfi_def_cfa_offset 0
 499              		@ sp needed
 500 0022 7047     		bx	lr
 501              	.L32:
 502              		.align	2
 503              	.L31:
 504 0024 00100240 		.word	1073876992
 505 0028 00000140 		.word	1073807360
 506              		.cfi_endproc
 507              	.LFE128:
 509              		.text
 510              	.Letext0:
 511              		.file 2 "c:\\program files (x86)\\gnu tools arm embedded\\8 2019-q3-update\\arm-none-eabi\\include
 512              		.file 3 "c:\\program files (x86)\\gnu tools arm embedded\\8 2019-q3-update\\arm-none-eabi\\include
 513              		.file 4 "../../core/ST/CMSIS/Include/core_cm4.h"
 514              		.file 5 "../../core/ST/CMSIS/Device/ST/STM32L4xx/Include/system_stm32l4xx.h"
 515              		.file 6 "../../core/ST/CMSIS/Device/ST/STM32L4xx/Include/stm32l496xx.h"
 516              		.file 7 "../../core/ST/STM32L4xx_HAL_Driver/Inc/stm32l4xx_hal_def.h"
 517              		.file 8 "../../core/ST/STM32L4xx_HAL_Driver/Inc/stm32l4xx_hal_dma.h"
 518              		.file 9 "../../core/ST/STM32L4xx_HAL_Driver/Inc/stm32l4xx_hal_i2c.h"
 519              		.file 10 "../../core/ST/STM32L4xx_HAL_Driver/Inc/stm32l4xx_hal.h"
ARM GAS  C:\Users\RUBENJ~1\AppData\Local\Temp\ccbNLWSG.s 			page 16


DEFINED SYMBOLS
                            *ABS*:00000000 stm32l4xx_hal_i2c_ex.c
C:\Users\RUBENJ~1\AppData\Local\Temp\ccbNLWSG.s:18     .text.HAL_I2CEx_ConfigAnalogFilter:00000000 $t
C:\Users\RUBENJ~1\AppData\Local\Temp\ccbNLWSG.s:26     .text.HAL_I2CEx_ConfigAnalogFilter:00000000 HAL_I2CEx_ConfigAnalogFilter
C:\Users\RUBENJ~1\AppData\Local\Temp\ccbNLWSG.s:121    .text.HAL_I2CEx_ConfigDigitalFilter:00000000 $t
C:\Users\RUBENJ~1\AppData\Local\Temp\ccbNLWSG.s:128    .text.HAL_I2CEx_ConfigDigitalFilter:00000000 HAL_I2CEx_ConfigDigitalFilter
C:\Users\RUBENJ~1\AppData\Local\Temp\ccbNLWSG.s:228    .text.HAL_I2CEx_EnableWakeUp:00000000 $t
C:\Users\RUBENJ~1\AppData\Local\Temp\ccbNLWSG.s:235    .text.HAL_I2CEx_EnableWakeUp:00000000 HAL_I2CEx_EnableWakeUp
C:\Users\RUBENJ~1\AppData\Local\Temp\ccbNLWSG.s:312    .text.HAL_I2CEx_DisableWakeUp:00000000 $t
C:\Users\RUBENJ~1\AppData\Local\Temp\ccbNLWSG.s:319    .text.HAL_I2CEx_DisableWakeUp:00000000 HAL_I2CEx_DisableWakeUp
C:\Users\RUBENJ~1\AppData\Local\Temp\ccbNLWSG.s:396    .text.HAL_I2CEx_EnableFastModePlus:00000000 $t
C:\Users\RUBENJ~1\AppData\Local\Temp\ccbNLWSG.s:403    .text.HAL_I2CEx_EnableFastModePlus:00000000 HAL_I2CEx_EnableFastModePlus
C:\Users\RUBENJ~1\AppData\Local\Temp\ccbNLWSG.s:447    .text.HAL_I2CEx_EnableFastModePlus:00000024 $d
C:\Users\RUBENJ~1\AppData\Local\Temp\ccbNLWSG.s:453    .text.HAL_I2CEx_DisableFastModePlus:00000000 $t
C:\Users\RUBENJ~1\AppData\Local\Temp\ccbNLWSG.s:460    .text.HAL_I2CEx_DisableFastModePlus:00000000 HAL_I2CEx_DisableFastModePlus
C:\Users\RUBENJ~1\AppData\Local\Temp\ccbNLWSG.s:504    .text.HAL_I2CEx_DisableFastModePlus:00000024 $d

NO UNDEFINED SYMBOLS
