ARM GAS  C:\Users\yvesk\AppData\Local\Temp\ccQI7dgB.s 			page 1


   1              		.cpu cortex-m4
   2              		.eabi_attribute 27, 1
   3              		.eabi_attribute 28, 1
   4              		.eabi_attribute 20, 1
   5              		.eabi_attribute 21, 1
   6              		.eabi_attribute 23, 3
   7              		.eabi_attribute 24, 1
   8              		.eabi_attribute 25, 1
   9              		.eabi_attribute 26, 1
  10              		.eabi_attribute 30, 1
  11              		.eabi_attribute 34, 1
  12              		.eabi_attribute 18, 4
  13              		.file	"uart.c"
  14              		.text
  15              	.Ltext0:
  16              		.cfi_sections	.debug_frame
  17              		.section	.text.USB_UART_Init,"ax",%progbits
  18              		.align	1
  19              		.global	USB_UART_Init
  20              		.arch armv7e-m
  21              		.syntax unified
  22              		.thumb
  23              		.thumb_func
  24              		.fpu fpv4-sp-d16
  26              	USB_UART_Init:
  27              	.LVL0:
  28              	.LFB123:
  29              		.file 1 "../../core/platform/octa/src/uart.c"
   1:../../core/platform/octa/src/uart.c **** #include "uart.h"
   2:../../core/platform/octa/src/uart.c **** 
   3:../../core/platform/octa/src/uart.c **** /**
   4:../../core/platform/octa/src/uart.c ****   * @brief LPUART1 Initialization Function
   5:../../core/platform/octa/src/uart.c ****   * @param None
   6:../../core/platform/octa/src/uart.c ****   * @retval None
   7:../../core/platform/octa/src/uart.c ****   */
   8:../../core/platform/octa/src/uart.c **** void USB_UART_Init(uint32_t aBaudRate)
   9:../../core/platform/octa/src/uart.c **** {
  30              		.loc 1 9 1 view -0
  31              		.cfi_startproc
  32              		@ args = 0, pretend = 0, frame = 0
  33              		@ frame_needed = 0, uses_anonymous_args = 0
  34              		.loc 1 9 1 is_stmt 0 view .LVU1
  35 0000 08B5     		push	{r3, lr}
  36              	.LCFI0:
  37              		.cfi_def_cfa_offset 8
  38              		.cfi_offset 3, -8
  39              		.cfi_offset 14, -4
  10:../../core/platform/octa/src/uart.c **** 
  11:../../core/platform/octa/src/uart.c ****   /* USER CODE BEGIN LPUART1_Init 0 */
  12:../../core/platform/octa/src/uart.c **** 
  13:../../core/platform/octa/src/uart.c ****   /* USER CODE END LPUART1_Init 0 */
  14:../../core/platform/octa/src/uart.c **** 
  15:../../core/platform/octa/src/uart.c ****   /* USER CODE BEGIN LPUART1_Init 1 */
  16:../../core/platform/octa/src/uart.c **** 
  17:../../core/platform/octa/src/uart.c ****   /* USER CODE END LPUART1_Init 1 */
  18:../../core/platform/octa/src/uart.c ****   USB_UART.Instance = LPUART1;
  40              		.loc 1 18 3 is_stmt 1 view .LVU2
ARM GAS  C:\Users\yvesk\AppData\Local\Temp\ccQI7dgB.s 			page 2


  41              		.loc 1 18 21 is_stmt 0 view .LVU3
  42 0002 0A4B     		ldr	r3, .L5
  43 0004 0A4A     		ldr	r2, .L5+4
  44 0006 1A60     		str	r2, [r3]
  19:../../core/platform/octa/src/uart.c ****   USB_UART.Init.BaudRate = aBaudRate;
  45              		.loc 1 19 3 is_stmt 1 view .LVU4
  46              		.loc 1 19 26 is_stmt 0 view .LVU5
  47 0008 5860     		str	r0, [r3, #4]
  20:../../core/platform/octa/src/uart.c ****   USB_UART.Init.WordLength = UART_WORDLENGTH_8B;
  48              		.loc 1 20 3 is_stmt 1 view .LVU6
  49              		.loc 1 20 28 is_stmt 0 view .LVU7
  50 000a 0022     		movs	r2, #0
  51 000c 9A60     		str	r2, [r3, #8]
  21:../../core/platform/octa/src/uart.c ****   USB_UART.Init.StopBits = UART_STOPBITS_1;
  52              		.loc 1 21 3 is_stmt 1 view .LVU8
  53              		.loc 1 21 26 is_stmt 0 view .LVU9
  54 000e DA60     		str	r2, [r3, #12]
  22:../../core/platform/octa/src/uart.c ****   USB_UART.Init.Parity = UART_PARITY_NONE;
  55              		.loc 1 22 3 is_stmt 1 view .LVU10
  56              		.loc 1 22 24 is_stmt 0 view .LVU11
  57 0010 1A61     		str	r2, [r3, #16]
  23:../../core/platform/octa/src/uart.c ****   USB_UART.Init.Mode = UART_MODE_TX_RX;
  58              		.loc 1 23 3 is_stmt 1 view .LVU12
  59              		.loc 1 23 22 is_stmt 0 view .LVU13
  60 0012 0C21     		movs	r1, #12
  61 0014 5961     		str	r1, [r3, #20]
  24:../../core/platform/octa/src/uart.c ****   USB_UART.Init.HwFlowCtl = UART_HWCONTROL_NONE;
  62              		.loc 1 24 3 is_stmt 1 view .LVU14
  63              		.loc 1 24 27 is_stmt 0 view .LVU15
  64 0016 9A61     		str	r2, [r3, #24]
  25:../../core/platform/octa/src/uart.c ****   USB_UART.Init.OneBitSampling = UART_ONE_BIT_SAMPLE_DISABLE;
  65              		.loc 1 25 3 is_stmt 1 view .LVU16
  66              		.loc 1 25 32 is_stmt 0 view .LVU17
  67 0018 1A62     		str	r2, [r3, #32]
  26:../../core/platform/octa/src/uart.c ****   USB_UART.AdvancedInit.AdvFeatureInit = UART_ADVFEATURE_NO_INIT;
  68              		.loc 1 26 3 is_stmt 1 view .LVU18
  69              		.loc 1 26 40 is_stmt 0 view .LVU19
  70 001a 5A62     		str	r2, [r3, #36]
  27:../../core/platform/octa/src/uart.c ****   if (HAL_UART_Init(&USB_UART) != HAL_OK)
  71              		.loc 1 27 3 is_stmt 1 view .LVU20
  72              		.loc 1 27 7 is_stmt 0 view .LVU21
  73 001c 1846     		mov	r0, r3
  74              	.LVL1:
  75              		.loc 1 27 7 view .LVU22
  76 001e FFF7FEFF 		bl	HAL_UART_Init
  77              	.LVL2:
  78              		.loc 1 27 6 view .LVU23
  79 0022 00B9     		cbnz	r0, .L4
  80              	.L1:
  28:../../core/platform/octa/src/uart.c ****   {
  29:../../core/platform/octa/src/uart.c ****     Error_Handler();
  30:../../core/platform/octa/src/uart.c ****   }
  31:../../core/platform/octa/src/uart.c ****   /* USER CODE BEGIN LPUART1_Init 2 */
  32:../../core/platform/octa/src/uart.c **** 
  33:../../core/platform/octa/src/uart.c ****   /* USER CODE END LPUART1_Init 2 */
  34:../../core/platform/octa/src/uart.c **** 
  35:../../core/platform/octa/src/uart.c **** }
ARM GAS  C:\Users\yvesk\AppData\Local\Temp\ccQI7dgB.s 			page 3


  81              		.loc 1 35 1 view .LVU24
  82 0024 08BD     		pop	{r3, pc}
  83              	.L4:
  84              	.LBB2:
  29:../../core/platform/octa/src/uart.c ****   }
  85              		.loc 1 29 5 is_stmt 1 view .LVU25
  86 0026 FFF7FEFF 		bl	Error_Handler
  87              	.LVL3:
  88              	.LBE2:
  89              		.loc 1 35 1 is_stmt 0 view .LVU26
  90 002a FBE7     		b	.L1
  91              	.L6:
  92              		.align	2
  93              	.L5:
  94 002c 00000000 		.word	USB_UART
  95 0030 00800040 		.word	1073774592
  96              		.cfi_endproc
  97              	.LFE123:
  99              		.section	.text.P1_UART_Init,"ax",%progbits
 100              		.align	1
 101              		.global	P1_UART_Init
 102              		.syntax unified
 103              		.thumb
 104              		.thumb_func
 105              		.fpu fpv4-sp-d16
 107              	P1_UART_Init:
 108              	.LVL4:
 109              	.LFB124:
  36:../../core/platform/octa/src/uart.c **** 
  37:../../core/platform/octa/src/uart.c **** /**
  38:../../core/platform/octa/src/uart.c ****   * @brief UART5 Initialization Function
  39:../../core/platform/octa/src/uart.c ****   * @param None
  40:../../core/platform/octa/src/uart.c ****   * @retval None
  41:../../core/platform/octa/src/uart.c ****   */
  42:../../core/platform/octa/src/uart.c **** void P1_UART_Init(uint32_t aBaudRate)
  43:../../core/platform/octa/src/uart.c **** {
 110              		.loc 1 43 1 is_stmt 1 view -0
 111              		.cfi_startproc
 112              		@ args = 0, pretend = 0, frame = 0
 113              		@ frame_needed = 0, uses_anonymous_args = 0
 114              		.loc 1 43 1 is_stmt 0 view .LVU28
 115 0000 08B5     		push	{r3, lr}
 116              	.LCFI1:
 117              		.cfi_def_cfa_offset 8
 118              		.cfi_offset 3, -8
 119              		.cfi_offset 14, -4
  44:../../core/platform/octa/src/uart.c **** 
  45:../../core/platform/octa/src/uart.c ****   /* USER CODE BEGIN UART5_Init 0 */
  46:../../core/platform/octa/src/uart.c **** 
  47:../../core/platform/octa/src/uart.c ****   /* USER CODE END UART5_Init 0 */
  48:../../core/platform/octa/src/uart.c **** 
  49:../../core/platform/octa/src/uart.c ****   /* USER CODE BEGIN UART5_Init 1 */
  50:../../core/platform/octa/src/uart.c **** 
  51:../../core/platform/octa/src/uart.c ****   /* USER CODE END UART5_Init 1 */
  52:../../core/platform/octa/src/uart.c ****   P1_UART.Instance = UART5;
 120              		.loc 1 52 3 is_stmt 1 view .LVU29
 121              		.loc 1 52 20 is_stmt 0 view .LVU30
ARM GAS  C:\Users\yvesk\AppData\Local\Temp\ccQI7dgB.s 			page 4


 122 0002 0F4B     		ldr	r3, .L11
 123 0004 0F4A     		ldr	r2, .L11+4
 124 0006 1A60     		str	r2, [r3]
  53:../../core/platform/octa/src/uart.c ****   P1_UART.Init.BaudRate = aBaudRate;
 125              		.loc 1 53 3 is_stmt 1 view .LVU31
 126              		.loc 1 53 25 is_stmt 0 view .LVU32
 127 0008 5860     		str	r0, [r3, #4]
  54:../../core/platform/octa/src/uart.c ****   P1_UART.Init.WordLength = UART_WORDLENGTH_8B;
 128              		.loc 1 54 3 is_stmt 1 view .LVU33
 129              		.loc 1 54 27 is_stmt 0 view .LVU34
 130 000a 0022     		movs	r2, #0
 131 000c 9A60     		str	r2, [r3, #8]
  55:../../core/platform/octa/src/uart.c ****   P1_UART.Init.StopBits = UART_STOPBITS_1;
 132              		.loc 1 55 3 is_stmt 1 view .LVU35
 133              		.loc 1 55 25 is_stmt 0 view .LVU36
 134 000e DA60     		str	r2, [r3, #12]
  56:../../core/platform/octa/src/uart.c ****   P1_UART.Init.Parity = UART_PARITY_NONE;
 135              		.loc 1 56 3 is_stmt 1 view .LVU37
 136              		.loc 1 56 23 is_stmt 0 view .LVU38
 137 0010 1A61     		str	r2, [r3, #16]
  57:../../core/platform/octa/src/uart.c ****   P1_UART.Init.Mode = UART_MODE_TX_RX;
 138              		.loc 1 57 3 is_stmt 1 view .LVU39
 139              		.loc 1 57 21 is_stmt 0 view .LVU40
 140 0012 0C21     		movs	r1, #12
 141 0014 5961     		str	r1, [r3, #20]
  58:../../core/platform/octa/src/uart.c ****   P1_UART.Init.HwFlowCtl = UART_HWCONTROL_NONE;
 142              		.loc 1 58 3 is_stmt 1 view .LVU41
 143              		.loc 1 58 26 is_stmt 0 view .LVU42
 144 0016 9A61     		str	r2, [r3, #24]
  59:../../core/platform/octa/src/uart.c ****   P1_UART.Init.OverSampling = UART_OVERSAMPLING_16;
 145              		.loc 1 59 3 is_stmt 1 view .LVU43
 146              		.loc 1 59 29 is_stmt 0 view .LVU44
 147 0018 DA61     		str	r2, [r3, #28]
  60:../../core/platform/octa/src/uart.c ****   P1_UART.Init.OneBitSampling = UART_ONE_BIT_SAMPLE_DISABLE;
 148              		.loc 1 60 3 is_stmt 1 view .LVU45
 149              		.loc 1 60 31 is_stmt 0 view .LVU46
 150 001a 1A62     		str	r2, [r3, #32]
  61:../../core/platform/octa/src/uart.c ****   P1_UART.AdvancedInit.AdvFeatureInit = UART_ADVFEATURE_NO_INIT;
 151              		.loc 1 61 3 is_stmt 1 view .LVU47
 152              		.loc 1 61 39 is_stmt 0 view .LVU48
 153 001c 5A62     		str	r2, [r3, #36]
  62:../../core/platform/octa/src/uart.c ****   if (HAL_UART_Init(&P1_UART) != HAL_OK)
 154              		.loc 1 62 3 is_stmt 1 view .LVU49
 155              		.loc 1 62 7 is_stmt 0 view .LVU50
 156 001e 1846     		mov	r0, r3
 157              	.LVL5:
 158              		.loc 1 62 7 view .LVU51
 159 0020 FFF7FEFF 		bl	HAL_UART_Init
 160              	.LVL6:
 161              		.loc 1 62 6 view .LVU52
 162 0024 40B9     		cbnz	r0, .L10
 163              	.L8:
  63:../../core/platform/octa/src/uart.c ****   {
  64:../../core/platform/octa/src/uart.c ****     Error_Handler();
  65:../../core/platform/octa/src/uart.c ****   }
  66:../../core/platform/octa/src/uart.c ****   /* USER CODE BEGIN UART5_Init 2 */
  67:../../core/platform/octa/src/uart.c ****   HAL_NVIC_SetPriority(UART5_IRQn, 7, 0);
ARM GAS  C:\Users\yvesk\AppData\Local\Temp\ccQI7dgB.s 			page 5


 164              		.loc 1 67 3 is_stmt 1 view .LVU53
 165 0026 0022     		movs	r2, #0
 166 0028 0721     		movs	r1, #7
 167 002a 3520     		movs	r0, #53
 168 002c FFF7FEFF 		bl	HAL_NVIC_SetPriority
 169              	.LVL7:
  68:../../core/platform/octa/src/uart.c ****   HAL_NVIC_EnableIRQ(UART5_IRQn);
 170              		.loc 1 68 3 view .LVU54
 171 0030 3520     		movs	r0, #53
 172 0032 FFF7FEFF 		bl	HAL_NVIC_EnableIRQ
 173              	.LVL8:
  69:../../core/platform/octa/src/uart.c **** 
  70:../../core/platform/octa/src/uart.c ****   /* USER CODE END UART5_Init 2 */
  71:../../core/platform/octa/src/uart.c **** 
  72:../../core/platform/octa/src/uart.c **** }
 174              		.loc 1 72 1 is_stmt 0 view .LVU55
 175 0036 08BD     		pop	{r3, pc}
 176              	.L10:
 177              	.LBB3:
  64:../../core/platform/octa/src/uart.c ****   }
 178              		.loc 1 64 5 is_stmt 1 view .LVU56
 179 0038 FFF7FEFF 		bl	Error_Handler
 180              	.LVL9:
 181 003c F3E7     		b	.L8
 182              	.L12:
 183 003e 00BF     		.align	2
 184              	.L11:
 185 0040 00000000 		.word	P1_UART
 186 0044 00500040 		.word	1073762304
 187              	.LBE3:
 188              		.cfi_endproc
 189              	.LFE124:
 191              		.section	.text.P2_UART_Init,"ax",%progbits
 192              		.align	1
 193              		.global	P2_UART_Init
 194              		.syntax unified
 195              		.thumb
 196              		.thumb_func
 197              		.fpu fpv4-sp-d16
 199              	P2_UART_Init:
 200              	.LVL10:
 201              	.LFB125:
  73:../../core/platform/octa/src/uart.c **** 
  74:../../core/platform/octa/src/uart.c **** /**
  75:../../core/platform/octa/src/uart.c ****   * @brief USART2 Initialization Function
  76:../../core/platform/octa/src/uart.c ****   * @param None
  77:../../core/platform/octa/src/uart.c ****   * @retval None
  78:../../core/platform/octa/src/uart.c ****   */
  79:../../core/platform/octa/src/uart.c **** void P2_UART_Init(uint32_t aBaudRate)
  80:../../core/platform/octa/src/uart.c **** {
 202              		.loc 1 80 1 view -0
 203              		.cfi_startproc
 204              		@ args = 0, pretend = 0, frame = 0
 205              		@ frame_needed = 0, uses_anonymous_args = 0
 206              		.loc 1 80 1 is_stmt 0 view .LVU58
 207 0000 08B5     		push	{r3, lr}
 208              	.LCFI2:
ARM GAS  C:\Users\yvesk\AppData\Local\Temp\ccQI7dgB.s 			page 6


 209              		.cfi_def_cfa_offset 8
 210              		.cfi_offset 3, -8
 211              		.cfi_offset 14, -4
  81:../../core/platform/octa/src/uart.c **** 
  82:../../core/platform/octa/src/uart.c ****   /* USER CODE BEGIN USART2_Init 0 */
  83:../../core/platform/octa/src/uart.c **** 
  84:../../core/platform/octa/src/uart.c ****   /* USER CODE END USART2_Init 0 */
  85:../../core/platform/octa/src/uart.c **** 
  86:../../core/platform/octa/src/uart.c ****   /* USER CODE BEGIN USART2_Init 1 */
  87:../../core/platform/octa/src/uart.c ****   /* USER CODE END USART2_Init 1 */
  88:../../core/platform/octa/src/uart.c ****   P2_UART.Instance = USART2;
 212              		.loc 1 88 3 is_stmt 1 view .LVU59
 213              		.loc 1 88 20 is_stmt 0 view .LVU60
 214 0002 104B     		ldr	r3, .L17
 215 0004 104A     		ldr	r2, .L17+4
 216 0006 1A60     		str	r2, [r3]
  89:../../core/platform/octa/src/uart.c ****   P2_UART.Init.BaudRate = aBaudRate;
 217              		.loc 1 89 3 is_stmt 1 view .LVU61
 218              		.loc 1 89 25 is_stmt 0 view .LVU62
 219 0008 5860     		str	r0, [r3, #4]
  90:../../core/platform/octa/src/uart.c ****   P2_UART.Init.WordLength = UART_WORDLENGTH_8B;
 220              		.loc 1 90 3 is_stmt 1 view .LVU63
 221              		.loc 1 90 27 is_stmt 0 view .LVU64
 222 000a 0022     		movs	r2, #0
 223 000c 9A60     		str	r2, [r3, #8]
  91:../../core/platform/octa/src/uart.c ****   P2_UART.Init.StopBits = UART_STOPBITS_1;
 224              		.loc 1 91 3 is_stmt 1 view .LVU65
 225              		.loc 1 91 25 is_stmt 0 view .LVU66
 226 000e DA60     		str	r2, [r3, #12]
  92:../../core/platform/octa/src/uart.c ****   P2_UART.Init.Parity = UART_PARITY_EVEN;
 227              		.loc 1 92 3 is_stmt 1 view .LVU67
 228              		.loc 1 92 23 is_stmt 0 view .LVU68
 229 0010 4FF48061 		mov	r1, #1024
 230 0014 1961     		str	r1, [r3, #16]
  93:../../core/platform/octa/src/uart.c ****   P2_UART.Init.Mode = UART_MODE_TX_RX;
 231              		.loc 1 93 3 is_stmt 1 view .LVU69
 232              		.loc 1 93 21 is_stmt 0 view .LVU70
 233 0016 0C21     		movs	r1, #12
 234 0018 5961     		str	r1, [r3, #20]
  94:../../core/platform/octa/src/uart.c ****   P2_UART.Init.HwFlowCtl = UART_HWCONTROL_NONE;
 235              		.loc 1 94 3 is_stmt 1 view .LVU71
 236              		.loc 1 94 26 is_stmt 0 view .LVU72
 237 001a 9A61     		str	r2, [r3, #24]
  95:../../core/platform/octa/src/uart.c ****   P2_UART.Init.OverSampling = UART_OVERSAMPLING_16;
 238              		.loc 1 95 3 is_stmt 1 view .LVU73
 239              		.loc 1 95 29 is_stmt 0 view .LVU74
 240 001c DA61     		str	r2, [r3, #28]
  96:../../core/platform/octa/src/uart.c ****   P2_UART.Init.OneBitSampling = UART_ONE_BIT_SAMPLE_DISABLE;
 241              		.loc 1 96 3 is_stmt 1 view .LVU75
 242              		.loc 1 96 31 is_stmt 0 view .LVU76
 243 001e 1A62     		str	r2, [r3, #32]
  97:../../core/platform/octa/src/uart.c ****   P2_UART.AdvancedInit.AdvFeatureInit = UART_ADVFEATURE_NO_INIT;
 244              		.loc 1 97 3 is_stmt 1 view .LVU77
 245              		.loc 1 97 39 is_stmt 0 view .LVU78
 246 0020 5A62     		str	r2, [r3, #36]
  98:../../core/platform/octa/src/uart.c ****   if (HAL_UART_Init(&P2_UART) != HAL_OK)
 247              		.loc 1 98 3 is_stmt 1 view .LVU79
ARM GAS  C:\Users\yvesk\AppData\Local\Temp\ccQI7dgB.s 			page 7


 248              		.loc 1 98 7 is_stmt 0 view .LVU80
 249 0022 1846     		mov	r0, r3
 250              	.LVL11:
 251              		.loc 1 98 7 view .LVU81
 252 0024 FFF7FEFF 		bl	HAL_UART_Init
 253              	.LVL12:
 254              		.loc 1 98 6 view .LVU82
 255 0028 40B9     		cbnz	r0, .L16
 256              	.L14:
  99:../../core/platform/octa/src/uart.c ****   {
 100:../../core/platform/octa/src/uart.c ****     Error_Handler();
 101:../../core/platform/octa/src/uart.c ****   }
 102:../../core/platform/octa/src/uart.c **** 
 103:../../core/platform/octa/src/uart.c ****   /* USER CODE BEGIN USART2_Init 2 */
 104:../../core/platform/octa/src/uart.c ****   HAL_NVIC_SetPriority(USART2_IRQn, 7, 0);
 257              		.loc 1 104 3 is_stmt 1 view .LVU83
 258 002a 0022     		movs	r2, #0
 259 002c 0721     		movs	r1, #7
 260 002e 2620     		movs	r0, #38
 261 0030 FFF7FEFF 		bl	HAL_NVIC_SetPriority
 262              	.LVL13:
 105:../../core/platform/octa/src/uart.c ****   HAL_NVIC_EnableIRQ(USART2_IRQn);
 263              		.loc 1 105 3 view .LVU84
 264 0034 2620     		movs	r0, #38
 265 0036 FFF7FEFF 		bl	HAL_NVIC_EnableIRQ
 266              	.LVL14:
 106:../../core/platform/octa/src/uart.c **** 
 107:../../core/platform/octa/src/uart.c ****   /* USER CODE END USART2_Init 2 */
 108:../../core/platform/octa/src/uart.c **** 
 109:../../core/platform/octa/src/uart.c **** }
 267              		.loc 1 109 1 is_stmt 0 view .LVU85
 268 003a 08BD     		pop	{r3, pc}
 269              	.L16:
 270              	.LBB4:
 100:../../core/platform/octa/src/uart.c ****   }
 271              		.loc 1 100 5 is_stmt 1 view .LVU86
 272 003c FFF7FEFF 		bl	Error_Handler
 273              	.LVL15:
 274 0040 F3E7     		b	.L14
 275              	.L18:
 276 0042 00BF     		.align	2
 277              	.L17:
 278 0044 00000000 		.word	P2_UART
 279 0048 00440040 		.word	1073759232
 280              	.LBE4:
 281              		.cfi_endproc
 282              	.LFE125:
 284              		.section	.text.P3_UART_Init,"ax",%progbits
 285              		.align	1
 286              		.global	P3_UART_Init
 287              		.syntax unified
 288              		.thumb
 289              		.thumb_func
 290              		.fpu fpv4-sp-d16
 292              	P3_UART_Init:
 293              	.LVL16:
 294              	.LFB126:
ARM GAS  C:\Users\yvesk\AppData\Local\Temp\ccQI7dgB.s 			page 8


 110:../../core/platform/octa/src/uart.c **** 
 111:../../core/platform/octa/src/uart.c **** /**
 112:../../core/platform/octa/src/uart.c ****   * @brief USART3 Initialization Function
 113:../../core/platform/octa/src/uart.c ****   * @param None
 114:../../core/platform/octa/src/uart.c ****   * @retval None
 115:../../core/platform/octa/src/uart.c ****   */
 116:../../core/platform/octa/src/uart.c **** void P3_UART_Init(uint32_t aBaudRate)
 117:../../core/platform/octa/src/uart.c **** {
 295              		.loc 1 117 1 view -0
 296              		.cfi_startproc
 297              		@ args = 0, pretend = 0, frame = 0
 298              		@ frame_needed = 0, uses_anonymous_args = 0
 299              		.loc 1 117 1 is_stmt 0 view .LVU88
 300 0000 08B5     		push	{r3, lr}
 301              	.LCFI3:
 302              		.cfi_def_cfa_offset 8
 303              		.cfi_offset 3, -8
 304              		.cfi_offset 14, -4
 118:../../core/platform/octa/src/uart.c **** 
 119:../../core/platform/octa/src/uart.c ****   /* USER CODE BEGIN USART3_Init 0 */
 120:../../core/platform/octa/src/uart.c **** 
 121:../../core/platform/octa/src/uart.c ****   /* USER CODE END USART3_Init 0 */
 122:../../core/platform/octa/src/uart.c **** 
 123:../../core/platform/octa/src/uart.c ****   /* USER CODE BEGIN USART3_Init 1 */
 124:../../core/platform/octa/src/uart.c **** 
 125:../../core/platform/octa/src/uart.c ****   /* USER CODE END USART3_Init 1 */
 126:../../core/platform/octa/src/uart.c ****   P3_UART.Instance = USART3;
 305              		.loc 1 126 3 is_stmt 1 view .LVU89
 306              		.loc 1 126 20 is_stmt 0 view .LVU90
 307 0002 0F4B     		ldr	r3, .L23
 308 0004 0F4A     		ldr	r2, .L23+4
 309 0006 1A60     		str	r2, [r3]
 127:../../core/platform/octa/src/uart.c ****   P3_UART.Init.BaudRate = aBaudRate;
 310              		.loc 1 127 3 is_stmt 1 view .LVU91
 311              		.loc 1 127 25 is_stmt 0 view .LVU92
 312 0008 5860     		str	r0, [r3, #4]
 128:../../core/platform/octa/src/uart.c ****   P3_UART.Init.WordLength = UART_WORDLENGTH_8B;
 313              		.loc 1 128 3 is_stmt 1 view .LVU93
 314              		.loc 1 128 27 is_stmt 0 view .LVU94
 315 000a 0022     		movs	r2, #0
 316 000c 9A60     		str	r2, [r3, #8]
 129:../../core/platform/octa/src/uart.c ****   P3_UART.Init.StopBits = UART_STOPBITS_1;
 317              		.loc 1 129 3 is_stmt 1 view .LVU95
 318              		.loc 1 129 25 is_stmt 0 view .LVU96
 319 000e DA60     		str	r2, [r3, #12]
 130:../../core/platform/octa/src/uart.c ****   P3_UART.Init.Parity = UART_PARITY_NONE;
 320              		.loc 1 130 3 is_stmt 1 view .LVU97
 321              		.loc 1 130 23 is_stmt 0 view .LVU98
 322 0010 1A61     		str	r2, [r3, #16]
 131:../../core/platform/octa/src/uart.c ****   P3_UART.Init.Mode = UART_MODE_TX_RX;
 323              		.loc 1 131 3 is_stmt 1 view .LVU99
 324              		.loc 1 131 21 is_stmt 0 view .LVU100
 325 0012 0C21     		movs	r1, #12
 326 0014 5961     		str	r1, [r3, #20]
 132:../../core/platform/octa/src/uart.c ****   P3_UART.Init.HwFlowCtl = UART_HWCONTROL_NONE;
 327              		.loc 1 132 3 is_stmt 1 view .LVU101
 328              		.loc 1 132 26 is_stmt 0 view .LVU102
ARM GAS  C:\Users\yvesk\AppData\Local\Temp\ccQI7dgB.s 			page 9


 329 0016 9A61     		str	r2, [r3, #24]
 133:../../core/platform/octa/src/uart.c ****   P3_UART.Init.OverSampling = UART_OVERSAMPLING_16;
 330              		.loc 1 133 3 is_stmt 1 view .LVU103
 331              		.loc 1 133 29 is_stmt 0 view .LVU104
 332 0018 DA61     		str	r2, [r3, #28]
 134:../../core/platform/octa/src/uart.c ****   P3_UART.Init.OneBitSampling = UART_ONE_BIT_SAMPLE_DISABLE;
 333              		.loc 1 134 3 is_stmt 1 view .LVU105
 334              		.loc 1 134 31 is_stmt 0 view .LVU106
 335 001a 1A62     		str	r2, [r3, #32]
 135:../../core/platform/octa/src/uart.c ****   P3_UART.AdvancedInit.AdvFeatureInit = UART_ADVFEATURE_NO_INIT;
 336              		.loc 1 135 3 is_stmt 1 view .LVU107
 337              		.loc 1 135 39 is_stmt 0 view .LVU108
 338 001c 5A62     		str	r2, [r3, #36]
 136:../../core/platform/octa/src/uart.c ****   if (HAL_UART_Init(&P3_UART) != HAL_OK)
 339              		.loc 1 136 3 is_stmt 1 view .LVU109
 340              		.loc 1 136 7 is_stmt 0 view .LVU110
 341 001e 1846     		mov	r0, r3
 342              	.LVL17:
 343              		.loc 1 136 7 view .LVU111
 344 0020 FFF7FEFF 		bl	HAL_UART_Init
 345              	.LVL18:
 346              		.loc 1 136 6 view .LVU112
 347 0024 40B9     		cbnz	r0, .L22
 348              	.L20:
 137:../../core/platform/octa/src/uart.c ****   {
 138:../../core/platform/octa/src/uart.c ****     Error_Handler();
 139:../../core/platform/octa/src/uart.c ****   }
 140:../../core/platform/octa/src/uart.c ****   /* USER CODE BEGIN USART3_Init 2 */
 141:../../core/platform/octa/src/uart.c ****   HAL_NVIC_SetPriority(USART3_IRQn, 7, 0);
 349              		.loc 1 141 3 is_stmt 1 view .LVU113
 350 0026 0022     		movs	r2, #0
 351 0028 0721     		movs	r1, #7
 352 002a 2720     		movs	r0, #39
 353 002c FFF7FEFF 		bl	HAL_NVIC_SetPriority
 354              	.LVL19:
 142:../../core/platform/octa/src/uart.c ****   HAL_NVIC_EnableIRQ(USART3_IRQn);
 355              		.loc 1 142 3 view .LVU114
 356 0030 2720     		movs	r0, #39
 357 0032 FFF7FEFF 		bl	HAL_NVIC_EnableIRQ
 358              	.LVL20:
 143:../../core/platform/octa/src/uart.c ****   /* USER CODE END USART3_Init 2 */
 144:../../core/platform/octa/src/uart.c **** 
 145:../../core/platform/octa/src/uart.c **** }
 359              		.loc 1 145 1 is_stmt 0 view .LVU115
 360 0036 08BD     		pop	{r3, pc}
 361              	.L22:
 362              	.LBB5:
 138:../../core/platform/octa/src/uart.c ****   }
 363              		.loc 1 138 5 is_stmt 1 view .LVU116
 364 0038 FFF7FEFF 		bl	Error_Handler
 365              	.LVL21:
 366 003c F3E7     		b	.L20
 367              	.L24:
 368 003e 00BF     		.align	2
 369              	.L23:
 370 0040 00000000 		.word	P3_UART
 371 0044 00480040 		.word	1073760256
ARM GAS  C:\Users\yvesk\AppData\Local\Temp\ccQI7dgB.s 			page 10


 372              	.LBE5:
 373              		.cfi_endproc
 374              	.LFE126:
 376              		.section	.text.BLE_UART_Init,"ax",%progbits
 377              		.align	1
 378              		.global	BLE_UART_Init
 379              		.syntax unified
 380              		.thumb
 381              		.thumb_func
 382              		.fpu fpv4-sp-d16
 384              	BLE_UART_Init:
 385              	.LVL22:
 386              	.LFB127:
 146:../../core/platform/octa/src/uart.c **** 
 147:../../core/platform/octa/src/uart.c **** 
 148:../../core/platform/octa/src/uart.c **** /**
 149:../../core/platform/octa/src/uart.c ****   * @brief USART2 Initialization Function
 150:../../core/platform/octa/src/uart.c ****   * @param None
 151:../../core/platform/octa/src/uart.c ****   * @retval None
 152:../../core/platform/octa/src/uart.c ****   */
 153:../../core/platform/octa/src/uart.c **** void BLE_UART_Init(uint32_t aBaudRate)
 154:../../core/platform/octa/src/uart.c **** {
 387              		.loc 1 154 1 view -0
 388              		.cfi_startproc
 389              		@ args = 0, pretend = 0, frame = 0
 390              		@ frame_needed = 0, uses_anonymous_args = 0
 391              		.loc 1 154 1 is_stmt 0 view .LVU118
 392 0000 08B5     		push	{r3, lr}
 393              	.LCFI4:
 394              		.cfi_def_cfa_offset 8
 395              		.cfi_offset 3, -8
 396              		.cfi_offset 14, -4
 155:../../core/platform/octa/src/uart.c **** 
 156:../../core/platform/octa/src/uart.c ****   /* USER CODE BEGIN USART2_Init 0 */
 157:../../core/platform/octa/src/uart.c **** 
 158:../../core/platform/octa/src/uart.c ****   /* USER CODE END USART2_Init 0 */
 159:../../core/platform/octa/src/uart.c **** 
 160:../../core/platform/octa/src/uart.c ****   /* USER CODE BEGIN USART2_Init 1 */
 161:../../core/platform/octa/src/uart.c **** 
 162:../../core/platform/octa/src/uart.c ****   /* USER CODE END USART2_Init 1 */
 163:../../core/platform/octa/src/uart.c ****   BLE_UART.Instance = USART2;
 397              		.loc 1 163 3 is_stmt 1 view .LVU119
 398              		.loc 1 163 21 is_stmt 0 view .LVU120
 399 0002 0F4B     		ldr	r3, .L29
 400 0004 0F4A     		ldr	r2, .L29+4
 401 0006 1A60     		str	r2, [r3]
 164:../../core/platform/octa/src/uart.c ****   BLE_UART.Init.BaudRate = aBaudRate;
 402              		.loc 1 164 3 is_stmt 1 view .LVU121
 403              		.loc 1 164 26 is_stmt 0 view .LVU122
 404 0008 5860     		str	r0, [r3, #4]
 165:../../core/platform/octa/src/uart.c ****   BLE_UART.Init.WordLength = UART_WORDLENGTH_8B;
 405              		.loc 1 165 3 is_stmt 1 view .LVU123
 406              		.loc 1 165 28 is_stmt 0 view .LVU124
 407 000a 0022     		movs	r2, #0
 408 000c 9A60     		str	r2, [r3, #8]
 166:../../core/platform/octa/src/uart.c ****   BLE_UART.Init.StopBits = UART_STOPBITS_1;
 409              		.loc 1 166 3 is_stmt 1 view .LVU125
ARM GAS  C:\Users\yvesk\AppData\Local\Temp\ccQI7dgB.s 			page 11


 410              		.loc 1 166 26 is_stmt 0 view .LVU126
 411 000e DA60     		str	r2, [r3, #12]
 167:../../core/platform/octa/src/uart.c ****   BLE_UART.Init.Parity = UART_PARITY_NONE;
 412              		.loc 1 167 3 is_stmt 1 view .LVU127
 413              		.loc 1 167 24 is_stmt 0 view .LVU128
 414 0010 1A61     		str	r2, [r3, #16]
 168:../../core/platform/octa/src/uart.c ****   BLE_UART.Init.Mode = UART_MODE_TX_RX;
 415              		.loc 1 168 3 is_stmt 1 view .LVU129
 416              		.loc 1 168 22 is_stmt 0 view .LVU130
 417 0012 0C21     		movs	r1, #12
 418 0014 5961     		str	r1, [r3, #20]
 169:../../core/platform/octa/src/uart.c ****   BLE_UART.Init.HwFlowCtl = UART_HWCONTROL_NONE;
 419              		.loc 1 169 3 is_stmt 1 view .LVU131
 420              		.loc 1 169 27 is_stmt 0 view .LVU132
 421 0016 9A61     		str	r2, [r3, #24]
 170:../../core/platform/octa/src/uart.c ****   BLE_UART.Init.OverSampling = UART_OVERSAMPLING_16;
 422              		.loc 1 170 3 is_stmt 1 view .LVU133
 423              		.loc 1 170 30 is_stmt 0 view .LVU134
 424 0018 DA61     		str	r2, [r3, #28]
 171:../../core/platform/octa/src/uart.c ****   BLE_UART.Init.OneBitSampling = UART_ONE_BIT_SAMPLE_DISABLE;
 425              		.loc 1 171 3 is_stmt 1 view .LVU135
 426              		.loc 1 171 32 is_stmt 0 view .LVU136
 427 001a 1A62     		str	r2, [r3, #32]
 172:../../core/platform/octa/src/uart.c ****   BLE_UART.AdvancedInit.AdvFeatureInit = UART_ADVFEATURE_NO_INIT;
 428              		.loc 1 172 3 is_stmt 1 view .LVU137
 429              		.loc 1 172 40 is_stmt 0 view .LVU138
 430 001c 5A62     		str	r2, [r3, #36]
 173:../../core/platform/octa/src/uart.c ****   if (HAL_UART_Init(&BLE_UART) != HAL_OK)
 431              		.loc 1 173 3 is_stmt 1 view .LVU139
 432              		.loc 1 173 7 is_stmt 0 view .LVU140
 433 001e 1846     		mov	r0, r3
 434              	.LVL23:
 435              		.loc 1 173 7 view .LVU141
 436 0020 FFF7FEFF 		bl	HAL_UART_Init
 437              	.LVL24:
 438              		.loc 1 173 6 view .LVU142
 439 0024 40B9     		cbnz	r0, .L28
 440              	.L26:
 174:../../core/platform/octa/src/uart.c ****   {
 175:../../core/platform/octa/src/uart.c ****     Error_Handler();
 176:../../core/platform/octa/src/uart.c ****   }
 177:../../core/platform/octa/src/uart.c **** 
 178:../../core/platform/octa/src/uart.c ****   /* USER CODE BEGIN USART2_Init 2 */
 179:../../core/platform/octa/src/uart.c ****   HAL_NVIC_SetPriority(USART2_IRQn, 7, 0);
 441              		.loc 1 179 3 is_stmt 1 view .LVU143
 442 0026 0022     		movs	r2, #0
 443 0028 0721     		movs	r1, #7
 444 002a 2620     		movs	r0, #38
 445 002c FFF7FEFF 		bl	HAL_NVIC_SetPriority
 446              	.LVL25:
 180:../../core/platform/octa/src/uart.c ****   HAL_NVIC_EnableIRQ(USART2_IRQn);
 447              		.loc 1 180 3 view .LVU144
 448 0030 2620     		movs	r0, #38
 449 0032 FFF7FEFF 		bl	HAL_NVIC_EnableIRQ
 450              	.LVL26:
 181:../../core/platform/octa/src/uart.c ****   /* USER CODE END USART2_Init 2 */
 182:../../core/platform/octa/src/uart.c **** 
ARM GAS  C:\Users\yvesk\AppData\Local\Temp\ccQI7dgB.s 			page 12


 183:../../core/platform/octa/src/uart.c **** }
 451              		.loc 1 183 1 is_stmt 0 view .LVU145
 452 0036 08BD     		pop	{r3, pc}
 453              	.L28:
 454              	.LBB6:
 175:../../core/platform/octa/src/uart.c ****   }
 455              		.loc 1 175 5 is_stmt 1 view .LVU146
 456 0038 FFF7FEFF 		bl	Error_Handler
 457              	.LVL27:
 458 003c F3E7     		b	.L26
 459              	.L30:
 460 003e 00BF     		.align	2
 461              	.L29:
 462 0040 00000000 		.word	BLE_UART
 463 0044 00440040 		.word	1073759232
 464              	.LBE6:
 465              		.cfi_endproc
 466              	.LFE127:
 468              		.section	.text.HAL_UART_RxCpltCallback,"ax",%progbits
 469              		.align	1
 470              		.weak	HAL_UART_RxCpltCallback
 471              		.syntax unified
 472              		.thumb
 473              		.thumb_func
 474              		.fpu fpv4-sp-d16
 476              	HAL_UART_RxCpltCallback:
 477              	.LVL28:
 478              	.LFB128:
 184:../../core/platform/octa/src/uart.c **** 
 185:../../core/platform/octa/src/uart.c **** // WEAK UART RX CALLBACK
 186:../../core/platform/octa/src/uart.c **** __weak void HAL_UART_RxCpltCallback(UART_HandleTypeDef *huart)
 187:../../core/platform/octa/src/uart.c **** {
 479              		.loc 1 187 1 view -0
 480              		.cfi_startproc
 481              		@ args = 0, pretend = 0, frame = 0
 482              		@ frame_needed = 0, uses_anonymous_args = 0
 483              		.loc 1 187 1 is_stmt 0 view .LVU148
 484 0000 08B5     		push	{r3, lr}
 485              	.LCFI5:
 486              		.cfi_def_cfa_offset 8
 487              		.cfi_offset 3, -8
 488              		.cfi_offset 14, -4
 188:../../core/platform/octa/src/uart.c ****   printf("uart interrupt callback not implemented in application\r\n");
 489              		.loc 1 188 3 is_stmt 1 view .LVU149
 490 0002 0248     		ldr	r0, .L33
 491              	.LVL29:
 492              		.loc 1 188 3 is_stmt 0 view .LVU150
 493 0004 FFF7FEFF 		bl	puts
 494              	.LVL30:
 189:../../core/platform/octa/src/uart.c **** }
 495              		.loc 1 189 1 view .LVU151
 496 0008 08BD     		pop	{r3, pc}
 497              	.L34:
 498 000a 00BF     		.align	2
 499              	.L33:
 500 000c 00000000 		.word	.LC0
 501              		.cfi_endproc
ARM GAS  C:\Users\yvesk\AppData\Local\Temp\ccQI7dgB.s 			page 13


 502              	.LFE128:
 504              		.section	.text.__io_putchar,"ax",%progbits
 505              		.align	1
 506              		.global	__io_putchar
 507              		.syntax unified
 508              		.thumb
 509              		.thumb_func
 510              		.fpu fpv4-sp-d16
 512              	__io_putchar:
 513              	.LVL31:
 514              	.LFB130:
 190:../../core/platform/octa/src/uart.c **** 
 191:../../core/platform/octa/src/uart.c **** /*******************************************
 192:../../core/platform/octa/src/uart.c **** PRINTF TO SERIAL REDIRECT FUNCTION PROTOTYPE 
 193:../../core/platform/octa/src/uart.c **** ********************************************/
 194:../../core/platform/octa/src/uart.c **** #ifdef __GNUC__
 195:../../core/platform/octa/src/uart.c **** 
 196:../../core/platform/octa/src/uart.c **** #define PUTCHAR_PROTOTYPE int __io_putchar(int ch)
 197:../../core/platform/octa/src/uart.c **** #else
 198:../../core/platform/octa/src/uart.c **** #define PUTCHAR_PROTOTYPE int fputc(int ch, FILE *f)
 199:../../core/platform/octa/src/uart.c **** 
 200:../../core/platform/octa/src/uart.c **** #endif
 201:../../core/platform/octa/src/uart.c **** 
 202:../../core/platform/octa/src/uart.c **** /* required for printf to work */
 203:../../core/platform/octa/src/uart.c **** int _write(int file, char *ptr, int len)
 204:../../core/platform/octa/src/uart.c **** {
 205:../../core/platform/octa/src/uart.c ****   int DataIdx;
 206:../../core/platform/octa/src/uart.c **** 
 207:../../core/platform/octa/src/uart.c ****   for (DataIdx = 0; DataIdx < len; DataIdx++)
 208:../../core/platform/octa/src/uart.c ****   {
 209:../../core/platform/octa/src/uart.c ****     __io_putchar(*ptr++);
 210:../../core/platform/octa/src/uart.c ****   }
 211:../../core/platform/octa/src/uart.c ****   return len;
 212:../../core/platform/octa/src/uart.c **** }
 213:../../core/platform/octa/src/uart.c **** 
 214:../../core/platform/octa/src/uart.c **** /**
 215:../../core/platform/octa/src/uart.c ****   * @brief  Retargets the C library printf function to the USART.
 216:../../core/platform/octa/src/uart.c ****   * @param  None
 217:../../core/platform/octa/src/uart.c ****   * @retval None
 218:../../core/platform/octa/src/uart.c ****   */
 219:../../core/platform/octa/src/uart.c **** PUTCHAR_PROTOTYPE
 220:../../core/platform/octa/src/uart.c **** {
 515              		.loc 1 220 1 is_stmt 1 view -0
 516              		.cfi_startproc
 517              		@ args = 0, pretend = 0, frame = 8
 518              		@ frame_needed = 0, uses_anonymous_args = 0
 519              		.loc 1 220 1 is_stmt 0 view .LVU153
 520 0000 00B5     		push	{lr}
 521              	.LCFI6:
 522              		.cfi_def_cfa_offset 4
 523              		.cfi_offset 14, -4
 524 0002 83B0     		sub	sp, sp, #12
 525              	.LCFI7:
 526              		.cfi_def_cfa_offset 16
 527 0004 0190     		str	r0, [sp, #4]
 221:../../core/platform/octa/src/uart.c ****   HAL_UART_Transmit(&USB_UART, (uint8_t *)&ch, 1, 0xFFFF);
 528              		.loc 1 221 3 is_stmt 1 view .LVU154
ARM GAS  C:\Users\yvesk\AppData\Local\Temp\ccQI7dgB.s 			page 14


 529 0006 4FF6FF73 		movw	r3, #65535
 530 000a 0122     		movs	r2, #1
 531 000c 01A9     		add	r1, sp, #4
 532 000e 0348     		ldr	r0, .L37
 533              	.LVL32:
 534              		.loc 1 221 3 is_stmt 0 view .LVU155
 535 0010 FFF7FEFF 		bl	HAL_UART_Transmit
 536              	.LVL33:
 222:../../core/platform/octa/src/uart.c ****   return ch;
 537              		.loc 1 222 3 is_stmt 1 view .LVU156
 223:../../core/platform/octa/src/uart.c **** }...
 538              		.loc 1 223 1 is_stmt 0 view .LVU157
 539 0014 0198     		ldr	r0, [sp, #4]
 540 0016 03B0     		add	sp, sp, #12
 541              	.LCFI8:
 542              		.cfi_def_cfa_offset 4
 543              		@ sp needed
 544 0018 5DF804FB 		ldr	pc, [sp], #4
 545              	.L38:
 546              		.align	2
 547              	.L37:
 548 001c 00000000 		.word	USB_UART
 549              		.cfi_endproc
 550              	.LFE130:
 552              		.section	.text._write,"ax",%progbits
 553              		.align	1
 554              		.global	_write
 555              		.syntax unified
 556              		.thumb
 557              		.thumb_func
 558              		.fpu fpv4-sp-d16
 560              	_write:
 561              	.LVL34:
 562              	.LFB129:
 204:../../core/platform/octa/src/uart.c **** {
 563              		.loc 1 204 1 is_stmt 1 view -0
 564              		.cfi_startproc
 565              		@ args = 0, pretend = 0, frame = 0
 566              		@ frame_needed = 0, uses_anonymous_args = 0
 204:../../core/platform/octa/src/uart.c **** {
 567              		.loc 1 204 1 is_stmt 0 view .LVU159
 568 0000 70B5     		push	{r4, r5, r6, lr}
 569              	.LCFI9:
 570              		.cfi_def_cfa_offset 16
 571              		.cfi_offset 4, -16
 572              		.cfi_offset 5, -12
 573              		.cfi_offset 6, -8
 574              		.cfi_offset 14, -4
 575 0002 0C46     		mov	r4, r1
 576 0004 1646     		mov	r6, r2
 205:../../core/platform/octa/src/uart.c ****   int DataIdx;
 577              		.loc 1 205 3 is_stmt 1 view .LVU160
 207:../../core/platform/octa/src/uart.c ****   for (DataIdx = 0; DataIdx < len; DataIdx++)
 578              		.loc 1 207 3 view .LVU161
 579              	.LVL35:
 207:../../core/platform/octa/src/uart.c ****   for (DataIdx = 0; DataIdx < len; DataIdx++)
 580              		.loc 1 207 16 is_stmt 0 view .LVU162
ARM GAS  C:\Users\yvesk\AppData\Local\Temp\ccQI7dgB.s 			page 15


 581 0006 0025     		movs	r5, #0
 582              	.LVL36:
 583              	.L40:
 207:../../core/platform/octa/src/uart.c ****   for (DataIdx = 0; DataIdx < len; DataIdx++)
 584              		.loc 1 207 3 discriminator 1 view .LVU163
 585 0008 B542     		cmp	r5, r6
 586 000a 05DA     		bge	.L43
 587              	.LBB7:
 209:../../core/platform/octa/src/uart.c ****     __io_putchar(*ptr++);
 588              		.loc 1 209 5 is_stmt 1 discriminator 3 view .LVU164
 209:../../core/platform/octa/src/uart.c ****     __io_putchar(*ptr++);
 589              		.loc 1 209 5 is_stmt 0 discriminator 3 view .LVU165
 590 000c 14F8010B 		ldrb	r0, [r4], #1	@ zero_extendqisi2
 591              	.LVL37:
 209:../../core/platform/octa/src/uart.c ****     __io_putchar(*ptr++);
 592              		.loc 1 209 5 discriminator 3 view .LVU166
 593 0010 FFF7FEFF 		bl	__io_putchar
 594              	.LVL38:
 595              	.LBE7:
 207:../../core/platform/octa/src/uart.c ****   for (DataIdx = 0; DataIdx < len; DataIdx++)
 596              		.loc 1 207 43 discriminator 3 view .LVU167
 597 0014 0135     		adds	r5, r5, #1
 598              	.LVL39:
 207:../../core/platform/octa/src/uart.c ****   for (DataIdx = 0; DataIdx < len; DataIdx++)
 599              		.loc 1 207 43 discriminator 3 view .LVU168
 600 0016 F7E7     		b	.L40
 601              	.LVL40:
 602              	.L43:
 211:../../core/platform/octa/src/uart.c ****   return len;
 603              		.loc 1 211 3 is_stmt 1 view .LVU169
 212:../../core/platform/octa/src/uart.c **** }
 604              		.loc 1 212 1 is_stmt 0 view .LVU170
 605 0018 3046     		mov	r0, r6
 606 001a 70BD     		pop	{r4, r5, r6, pc}
 212:../../core/platform/octa/src/uart.c **** }
 607              		.loc 1 212 1 view .LVU171
 608              		.cfi_endproc
 609              	.LFE129:
 611              		.comm	P3_UART,120,4
 612              		.comm	P2_UART,120,4
 613              		.comm	P1_UART,120,4
 614              		.comm	BLE_UART,120,4
 615              		.comm	USB_UART,120,4
 616              		.section	.rodata.HAL_UART_RxCpltCallback.str1.4,"aMS",%progbits,1
 617              		.align	2
 618              	.LC0:
 619 0000 75617274 		.ascii	"uart interrupt callback not implemented in applicat"
 619      20696E74 
 619      65727275 
 619      70742063 
 619      616C6C62 
 620 0033 696F6E0D 		.ascii	"ion\015\000"
 620      00
 621              		.text
 622              	.Letext0:
 623              		.file 2 "c:\\program files (x86)\\gnu tools arm embedded\\8 2019-q3-update\\arm-none-eabi\\include
 624              		.file 3 "c:\\program files (x86)\\gnu tools arm embedded\\8 2019-q3-update\\arm-none-eabi\\include
ARM GAS  C:\Users\yvesk\AppData\Local\Temp\ccQI7dgB.s 			page 16


 625              		.file 4 "../../core/ST/CMSIS/Include/core_cm4.h"
 626              		.file 5 "../../core/ST/CMSIS/Device/ST/STM32L4xx/Include/system_stm32l4xx.h"
 627              		.file 6 "../../core/ST/CMSIS/Device/ST/STM32L4xx/Include/stm32l496xx.h"
 628              		.file 7 "../../core/ST/STM32L4xx_HAL_Driver/Inc/stm32l4xx_hal_def.h"
 629              		.file 8 "../../core/ST/STM32L4xx_HAL_Driver/Inc/stm32l4xx_hal_dma.h"
 630              		.file 9 "../../core/ST/STM32L4xx_HAL_Driver/Inc/stm32l4xx_hal_uart.h"
 631              		.file 10 "../../core/ST/STM32L4xx_HAL_Driver/Inc/stm32l4xx_hal.h"
 632              		.file 11 "../../core/platform/octa/inc/uart.h"
 633              		.file 12 "<built-in>"
 634              		.file 13 "../../core/ST/STM32L4xx_HAL_Driver/Inc/stm32l4xx_hal_cortex.h"
ARM GAS  C:\Users\yvesk\AppData\Local\Temp\ccQI7dgB.s 			page 17


DEFINED SYMBOLS
                            *ABS*:00000000 uart.c
C:\Users\yvesk\AppData\Local\Temp\ccQI7dgB.s:18     .text.USB_UART_Init:00000000 $t
C:\Users\yvesk\AppData\Local\Temp\ccQI7dgB.s:26     .text.USB_UART_Init:00000000 USB_UART_Init
C:\Users\yvesk\AppData\Local\Temp\ccQI7dgB.s:94     .text.USB_UART_Init:0000002c $d
                            *COM*:00000078 USB_UART
C:\Users\yvesk\AppData\Local\Temp\ccQI7dgB.s:100    .text.P1_UART_Init:00000000 $t
C:\Users\yvesk\AppData\Local\Temp\ccQI7dgB.s:107    .text.P1_UART_Init:00000000 P1_UART_Init
C:\Users\yvesk\AppData\Local\Temp\ccQI7dgB.s:185    .text.P1_UART_Init:00000040 $d
                            *COM*:00000078 P1_UART
C:\Users\yvesk\AppData\Local\Temp\ccQI7dgB.s:192    .text.P2_UART_Init:00000000 $t
C:\Users\yvesk\AppData\Local\Temp\ccQI7dgB.s:199    .text.P2_UART_Init:00000000 P2_UART_Init
C:\Users\yvesk\AppData\Local\Temp\ccQI7dgB.s:278    .text.P2_UART_Init:00000044 $d
                            *COM*:00000078 P2_UART
C:\Users\yvesk\AppData\Local\Temp\ccQI7dgB.s:285    .text.P3_UART_Init:00000000 $t
C:\Users\yvesk\AppData\Local\Temp\ccQI7dgB.s:292    .text.P3_UART_Init:00000000 P3_UART_Init
C:\Users\yvesk\AppData\Local\Temp\ccQI7dgB.s:370    .text.P3_UART_Init:00000040 $d
                            *COM*:00000078 P3_UART
C:\Users\yvesk\AppData\Local\Temp\ccQI7dgB.s:377    .text.BLE_UART_Init:00000000 $t
C:\Users\yvesk\AppData\Local\Temp\ccQI7dgB.s:384    .text.BLE_UART_Init:00000000 BLE_UART_Init
C:\Users\yvesk\AppData\Local\Temp\ccQI7dgB.s:462    .text.BLE_UART_Init:00000040 $d
                            *COM*:00000078 BLE_UART
C:\Users\yvesk\AppData\Local\Temp\ccQI7dgB.s:469    .text.HAL_UART_RxCpltCallback:00000000 $t
C:\Users\yvesk\AppData\Local\Temp\ccQI7dgB.s:476    .text.HAL_UART_RxCpltCallback:00000000 HAL_UART_RxCpltCallback
C:\Users\yvesk\AppData\Local\Temp\ccQI7dgB.s:500    .text.HAL_UART_RxCpltCallback:0000000c $d
C:\Users\yvesk\AppData\Local\Temp\ccQI7dgB.s:505    .text.__io_putchar:00000000 $t
C:\Users\yvesk\AppData\Local\Temp\ccQI7dgB.s:512    .text.__io_putchar:00000000 __io_putchar
C:\Users\yvesk\AppData\Local\Temp\ccQI7dgB.s:548    .text.__io_putchar:0000001c $d
C:\Users\yvesk\AppData\Local\Temp\ccQI7dgB.s:553    .text._write:00000000 $t
C:\Users\yvesk\AppData\Local\Temp\ccQI7dgB.s:560    .text._write:00000000 _write
C:\Users\yvesk\AppData\Local\Temp\ccQI7dgB.s:617    .rodata.HAL_UART_RxCpltCallback.str1.4:00000000 $d

UNDEFINED SYMBOLS
HAL_UART_Init
Error_Handler
HAL_NVIC_SetPriority
HAL_NVIC_EnableIRQ
puts
HAL_UART_Transmit
